469
948
1405
1861
2317
2774
3230
3686
4143
4607
5064
5520
5976
6432
6890
7348
7807
8265
8733
8997
9218
9436
9654
9871
10087
10314
10529
10744
10959
11174
11395
11604
11812
12020
12228
12437
12854
13310
13767
14223
14679
15136
15592
16048
16520
16852
17184
17516
17848
18180
339
670
1002
1333
1664
2012
2362
2618
2856
3062
3265
3481
3696
3910
4125
4340
4554
4768
4982
5197
5413
5628
5847
6071
6286
6502
6718
7007
7238
7440
7642
7845
8048
8250
8452
8655
8857
9060
9263
9466
9668
9870
10100
10343
10586
10829
11072
11315
11558
11802
244
482
721
960
1199
1438
1677
1916
2162
2400
2639
2878
3117
3356
3595
3834
4073
4312
4551
4790
5029
5268
5507
5745
5983
6243
6497
6756
7013
7239
7438
7679
7918
8157
8396
8635
8874
9113
9352
9591
9830
10082
10313
10544
10775
11006
11237
11469
11700
11931
237
469
702
934
1166
1398
1630
1863
2101
2333
2565
2797
3029
3261
3494
3726
3958
4190
4423
4655
4887
5119
5351
5584
5816
6053
6286
6518
6751
6983
7215
7447
7679
7911
8144
8376
8608
8840
9072
9304
9536
9768
10011
10236
10461
10686
10911
11136
11361
11586
230
455
680
906
1132
1358
1584
1810
2036
2266
2492
2718
2943
3169
3394
3619
3845
4070
4296
4522
4747
4973
5199
5425
5651
5877
6103
6334
6559
6784
7009
7234
7460
7686
7911
8136
8361
8589
8814
9040
9266
9492
9718
9944
10183
10402
10621
10840
11059
11278
224
443
662
881
1100
1319
1538
1757
1976
2195
2414
2633
2856
3074
3293
3512
3731
3950
4169
4389
4608
4827
5046
5265
5484
5703
5922
6141
6360
6579
6802
7021
7240
7459
7677
7896
8115
8334
8553
8771
8990
9209
9428
9647
9866
10085
10304
10523
10754
10966
216
427
638
849
1060
1271
1482
1693
1904
2115
2325
2536
2747
2958
3169
3379
3595
3806
4017
4228
4439
4650
4861
5072
5283
5494
5705
5916
6127
6338
6549
6760
6971
7182
7393
7608
7818
8029
8240
8451
8662
8873
9084
9295
9506
9717
9927
10137
10348
10559
216
428
639
857
1070
1276
1482
1687
1892
2098
2304
2509
2714
2919
3125
3331
3536
3741
3947
4153
4358
4564
4770
4981
5187
5392
5598
5804
6009
6214
6420
6626
6832
7037
7242
7448
7654
7859
8065
8271
8476
8681
8893
9099
9304
9509
9715
9920
10125
10331
210
417
623
829
1035
1241
1447
1653
1860
2066
2273
2493
2694
2895
3112
3312
3513
3714
3915
4131
4377
4578
4780
4990
5225
5425
5626
5827
6038
6244
6459
6665
6871
7077
7283
7489
7696
7902
8109
8315
8522
8729
8936
9143
9375
9579
9781
9983
10225
10446
204
404
604
804
1004
1204
1404
1604
1804
2004
2204
2404
2604
2804
3004
3204
3404
3604
3827
4027
4227
4427
4626
4826
5026
5226
5426
5626
5826
6026
6226
6427
6627
6827
7027
7227
7427
7627
7860
8060
8260
8460
8660
8860
9060
9260
9460
9661
9862
10062
871
1700
2514
3319
4124
4945
5759
6558
7340
8123
8905
9693
10557
11366
12171
12976
13787
14586
15390
16245
17026
17818
18680
19462
20244
21068
21912
22716
23534
24347
25177
26000
26819
27624
28428
29240
30044
30836
31620
32445
33250
34032
34814
35698
36480
37293
38101
38910
39717
40593
791
1576
2360
3145
3934
4718
5503
6288
7123
7913
8698
9482
10266
11129
11918
12700
13515
14372
15154
15943
16726
17509
18292
19080
19846
20608
21386
22187
23018
23819
24603
25387
26170
26953
27889
28671
29454
30269
31130
31937
32720
33503
34286
35069
35860
36622
37400
38184
39012
39796
794
1582
2370
3159
4050
4816
5601
6419
7244
8040
8827
9614
10402
11183
11961
12744
13527
14318
15148
15947
16734
17522
18310
19093
19864
20739
21520
22307
23126
23985
24791
25572
26360
27147
27940
28728
29567
30355
31142
31935
32729
33495
34261
35027
35797
36563
37443
38230
39017
39839
786
1579
2362
3153
3936
4735
5542
6325
7114
7898
8679
9442
10205
10972
11735
12498
13316
14128
14906
15689
16582
17392
18197
19008
19814
20609
21443
22206
22985
23769
24552
25336
26120
26898
27661
28423
29186
29977
30819
31606
32389
33275
34058
34847
35637
36422
37206
38043
38821
39616
791
1577
2363
3132
3895
4659
5423
6186
7055
7840
8625
9440
10303
11105
11890
12674
13459
14297
15079
15863
16647
17431
18222
18990
19754
20517
21281
22044
22830
23695
24458
25244
26029
26851
27704
28490
29277
30061
30916
31701
32486
33270
34054
34833
35597
36361
37125
37888
38652
39419
858
1644
2430
3222
4038
4907
5692
6478
7271
8057
8848
9612
10377
11147
11912
12677
13442
14207
14976
15741
16507
17368
18132
18913
19699
20485
21272
22058
22840
23605
24370
25151
25915
26684
27449
28214
28979
29744
30509
31279
32044
32809
33574
34339
35109
35874
36640
37405
38170
38939
774
1541
2308
3076
3851
4619
5387
6155
6923
7695
8463
9231
9998
10765
11537
12305
13073
13841
14609
15382
16149
16917
17684
18452
19224
19992
20760
21527
22295
23063
23835
24603
25370
26137
26904
27676
28460
29227
29995
30763
31535
32302
33069
33842
34609
35382
36150
36918
37685
38452
777
1541
2304
3068
3832
4599
5363
6127
6891
7655
8423
9187
9951
10715
11479
12248
13012
13777
14541
15305
16070
16837
17600
18363
19126
19890
20658
21421
22202
22966
23730
24499
25263
26027
26791
27555
28323
29087
29851
30615
31379
32148
32912
33677
34441
35206
35970
36739
37503
38267
767
1534
2295
3057
3818
4578
5343
6105
6866
7627
8388
9150
9916
10677
11439
12200
12961
13726
14487
15249
16010
16772
17570
18332
19094
19856
20618
21385
22147
22908
23669
24430
25192
25958
26720
27482
28243
29004
29792
30554
31315
32077
32839
33606
34367
35128
35889
36650
37416
38178
770
1533
2296
3064
3826
4588
5351
6113
6881
7644
8407
9170
9933
10719
11482
12245
13008
13771
14538
15317
16081
16844
17607
18370
19138
19901
20664
21426
22189
22956
23720
24483
25246
26009
26776
27540
28303
29066
29829
30597
31360
32123
32886
33649
34412
35180
35943
36707
37470
38234
1750
3499
5243
6990
8733
10651
12510
14352
16178
17948
19695
21438
23308
25170
27030
28821
30575
32338
34081
35828
37571
39319
41062
42864
44741
46532
48328
50095
51843
53586
55349
57220
59022
60765
62507
64270
66012
67758
69501
71265
73007
74750
76569
78360
80174
81965
83750
85493
87258
89002
1851
3671
5503
7285
9071
10804
12538
14275
16129
17934
19697
21437
23187
24925
26659
28411
30148
31881
33620
35354
37092
38826
40564
42298
44032
45788
47522
49260
50993
52731
54464
56197
57935
59668
61405
63156
64893
66626
68359
70097
71831
73568
75301
77039
78790
80524
82262
83995
85733
87467
1739
3470
5208
6957
8693
10425
12161
13893
15624
17361
19093
20828
22569
24313
26045
27788
29519
31251
32987
34719
36455
38187
39943
41675
43407
45143
46875
48611
50343
52080
53812
55544
57297
59029
60781
62512
64250
65981
67712
69447
71178
72922
74662
76399
78131
79867
81599
83330
85066
86798
1740
3471
5209
6941
8677
10409
12146
13877
15613
17363
19095
20831
22563
24300
26032
27768
29500
31232
32968
34717
36454
38186
39922
41654
43386
45122
46854
48591
50340
52076
53808
55544
57276
59008
60778
62511
64247
65979
67715
69447
71179
72916
74648
76384
78116
79852
81584
83316
85070
86802
1750
3498
5241
6984
8734
10476
12241
13984
15732
17475
19218
20966
22708
24455
26197
27944
29704
31452
33195
34939
36686
38429
40177
41919
43667
45410
47153
48900
50643
52390
54133
55881
57624
59372
61115
62858
64606
66349
68098
69841
71588
73359
75101
76849
78608
80357
82115
83890
85633
87397
1741
3497
5230
6984
8717
10450
12203
13936
15675
17409
19150
20884
22617
24355
26089
27827
29561
31298
33031
34768
36501
38234
39993
41726
43464
45197
46934
48667
50550
52389
54229
56064
57890
59734
61656
63499
65332
67118
68866
70599
72353
74087
75843
77576
79329
81062
82817
84550
86283
88022
1744
3475
5206
6941
8673
10442
12174
13910
15659
17397
19128
20859
22596
24328
26064
27796
29532
31264
32995
34731
36463
38199
39931
41667
43446
45185
46938
48670
50422
52154
53945
55676
57430
59162
60893
62646
64377
66113
67844
69616
71374
73105
74842
76573
78309
80041
81785
83525
85287
87026
1762
3495
5251
6984
8717
10471
12204
13975
15804
17633
19481
21323
23151
25012
26993
28884
30787
32674
34646
36526
38446
40324
42226
44089
45957
47804
49665
51513
53430
55278
57150
59068
60981
62876
64723
66593
68455
70393
72261
74129
75991
77866
79729
81622
83555
85499
87371
89237
91069
92948
1845
3764
5673
7566
9411
11262
13151
15074
16995
18883
20773
22656
24501
26349
28167
29990
31819
33612
35435
37228
39027
40820
42636
44396
46141
47908
49653
51420
53165
54915
56660
58405
60154
61907
63664
65426
67176
68921
70669
72414
74159
75908
77653
79420
81165
82914
84676
86421
88170
89915
1741
3497
5231
6982
8720
10454
12193
13927
15665
17399
19133
20888
22622
24360
26093
27831
29564
31302
33036
34769
36525
38259
39997
41731
43470
45204
46938
48677
50411
52166
53899
55637
57370
59121
60860
62594
64332
66066
67811
69553
71292
73043
74777
76515
78249
79987
81721
83460
85211
86945
3099
6188
9441
12779
16052
19235
22323
25532
28681
31754
35011
38170
41294
44403
47613
50757
53824
56929
60018
63089
66162
69246
72318
75390
78488
81555
84627
87699
90773
93873
96961
100049
103160
106255
109387
112475
115548
118619
121686
124776
127849
130921
133992
137060
140132
143221
146293
149360
152433
155505
3080
6166
9252
12338
15420
18508
21595
24747
27813
30910
34004
37091
40179
43262
46332
49418
52488
55553
58623
61724
64829
67894
70981
74068
77156
80244
83390
86560
89669
92769
95851
98949
102037
105121
108207
111290
114378
117465
120535
123600
126670
129740
132810
135875
138946
142015
145085
148156
151221
154291
3098
6196
9290
12384
15475
18569
21667
24777
27890
30979
34090
37202
40314
43419
46530
49625
52738
55831
58919
62013
65108
68203
71545
74835
77982
81076
84312
87556
90702
93815
96926
100039
103127
106239
109333
112428
115529
118645
121755
124865
127976
131064
134158
137270
140381
143470
146634
149749
152861
155955
3084
6153
9218
12307
15379
18449
21518
24584
27673
30743
33813
36880
39951
43038
46109
49177
52249
55320
58392
61520
64619
67707
70794
73866
76950
80022
83093
86165
89232
92319
95389
98461
101532
104599
107669
110757
113827
116894
119994
123084
126189
129272
132353
135469
138591
141679
144746
147819
150891
153962
3081
6149
9217
12281
15351
18419
21488
24551
27620
30704
33773
36837
39906
42974
46042
49112
52193
55393
58517
61621
64686
67772
70857
73927
76991
80059
83126
86195
89264
92329
95397
98467
101587
104651
107735
110823
113908
116972
120057
123126
126195
129263
132327
135395
138463
141532
144595
147664
150749
153817
3081
6150
9219
12284
15354
18423
21492
24557
27627
30696
33781
36846
39916
42985
46055
49125
52191
55260
58329
61420
64484
67553
70622
73691
76756
79825
82895
85965
89034
92099
95169
98238
101307
104372
107441
110511
113580
116645
119714
122784
125853
128922
131986
135056
138125
141194
144259
147329
150398
153467
3101
6207
9295
12379
15469
18558
21647
24731
27820
30909
33998
37090
40192
43281
46632
49905
53038
56127
59215
62484
65607
68707
71795
74892
78006
81090
84178
87267
90355
93444
96528
99618
102739
105844
108927
112015
115103
118191
121280
124381
127469
130557
133647
136748
139837
142925
146014
149097
152185
155273
3077
6157
9230
12320
15388
18477
21565
24638
27711
30779
33851
36924
39996
43064
46136
49209
52282
55349
58422
61495
64567
67656
70723
73795
76868
79958
83026
86153
89241
92329
95396
98495
101593
104683
107757
110825
113898
116971
120043
123110
126182
129253
132326
135394
138467
141539
144612
147685
150752
153824
3073
6142
9228
12298
15362
18431
21499
24568
27637
30701
33769
36839
39908
42989
46057
49127
52195
55259
58327
61397
64465
67534
70598
73668
76737
79806
82870
85972
89040
92108
95172
98242
101310
104397
107490
110561
113647
116733
119821
122885
125971
129058
132145
135209
138278
141364
144433
147502
150566
153634
3072
6142
9209
12277
15340
18407
21491
24559
27627
30690
33774
36842
39910
42973
46058
49127
52212
55275
58344
61429
64497
67565
70629
73698
76765
79833
82897
85966
89034
92102
95165
98234
101302
104370
107434
110503
113571
116639
119708
122794
125878
128947
132048
135111
138179
141247
144316
147379
150464
153532
4836
10089
15062
20055
25140
30046
34870
39765
44803
49667
54659
59591
64429
69253
74132
78984
83836
88685
93542
98389
103211
108053
112876
117755
122618
127477
132318
137155
141994
146822
151646
156469
161308
166134
170955
175793
180618
185441
190319
195160
199982
204807
209648
214474
219297
224127
228961
233785
238614
243454
4828
9642
14456
19276
24090
28922
33735
38550
43370
48185
52999
57818
62631
67450
72264
77079
81892
86710
91541
96355
101169
105980
110798
115611
120424
125238
130049
134868
139680
144492
149305
154117
158935
163788
168602
173416
178229
183048
187860
192690
197504
202318
207137
211948
216761
221575
226389
231226
236039
240851
4831
9650
14493
19312
24132
28949
33767
38593
43411
48230
53048
57866
62690
67512
72333
77152
81975
86794
91611
96430
101248
106071
110908
115744
120562
125435
130643
135660
140496
145350
150507
155377
160196
165015
169835
174658
179477
184295
189114
193933
198774
203593
208411
213246
218070
222889
227707
232541
237359
242182
4823
9634
14443
19254
24068
28880
33707
38552
43366
48217
53065
57893
62720
67548
72397
77216
82027
86854
91665
96496
101307
106116
110925
115735
120549
125377
130186
134994
139822
144655
149482
154348
159178
163998
168810
173640
178450
183259
188091
192900
197711
202520
207329
212143
216952
221761
226593
231418
236251
241086
4836
9662
14487
19316
24173
29015
33856
38730
43576
48419
53243
58066
62891
67719
72544
77368
82192
87025
91850
96674
101498
106338
111168
115991
120830
125654
130477
135379
140220
145079
149936
154776
159607
164430
169254
174077
178900
183774
188613
193456
198321
203169
208010
212834
217657
222481
227311
232135
236990
242373
4867
9663
14459
19255
24068
28870
33666
38460
43256
48052
52854
57665
62460
67256
72068
76869
81663
86458
91271
96066
100875
105687
110482
115278
120071
124887
129682
134477
139290
144100
148936
153751
158581
163395
168192
173010
177852
182665
187480
192295
197116
201911
206723
211535
216347
221183
225997
230811
235608
240420
4853
9654
14455
19257
24057
28863
33665
38467
43269
48070
52877
57679
62499
67300
72102
76908
81710
86513
91314
96115
100921
105723
110529
115331
120132
124939
129740
134543
139345
144216
149043
153863
158702
163521
168329
173130
177933
182737
187538
192343
197144
201945
206748
211551
216356
221158
225977
230780
235581
240388
4817
9623
14429
19235
24064
28853
33642
38430
43217
48011
52798
57604
62391
67179
71973
76763
81570
86358
91146
95957
100745
105832
110972
115915
120764
125570
130377
135183
139995
144801
149589
154378
159183
163976
168782
173570
178376
183167
187981
192770
197561
202370
207159
211970
216759
221547
226337
231142
235935
240723
4826
9629
14450
19238
24064
28867
33655
38442
43230
48022
52810
57649
62452
67282
72101
76908
81713
86517
91310
96098
100885
105686
110472
115260
120051
124875
129661
134453
139241
144032
148820
153615
158469
163287
168100
172907
177714
182502
187294
192081
196869
201655
206442
211230
216022
220811
225598
230385
235173
239964
4815
9635
14437
19240
24047
28896
33701
38504
43306
48113
52915
57717
62519
67319
72125
76961
81761
86563
91363
96169
100970
105772
110590
115407
120249
125069
129888
134690
139495
144303
149103
153904
158707
163512
168314
173115
177943
182746
187552
192354
197156
201957
206759
211612
216534
221774
226844
231779
236612
241432
7138
14548
21908
29316
36604
43726
50816
57830
64829
71807
78823
85803
92802
99779
106761
113760
120741
127735
134716
141716
148698
155681
162681
169737
176787
183783
190783
197783
204764
211760
218742
225724
232706
239683
246665
253662
260676
267669
274702
281705
288688
295846
302899
309938
316976
323983
330999
337981
344964
351942
6981
13947
20936
27908
34880
41862
48834
55861
62848
69815
76787
83990
90968
97937
104923
111919
118892
125859
132831
139820
146809
153800
160838
167828
174800
181783
188754
195724
202697
209664
217258
224480
231543
238511
245498
252469
259440
266405
273392
280395
287366
294350
301339
308372
315392
322377
329381
336354
343325
350306
7222
14435
21440
28452
35460
42450
49454
56462
63452
70442
77428
84419
91409
98400
105403
112412
119403
126393
133380
140371
147379
154370
161355
168345
175334
182324
189309
196300
203307
210298
217289
224279
231269
238254
245263
252255
259245
266230
273219
280209
287200
294185
301174
308212
315202
322186
329176
336167
343156
350141
6975
13935
20902
27868
34833
41793
48757
55740
62705
69665
76631
83595
90559
97576
105099
112332
119567
126547
133507
140473
147438
154415
161380
168362
175328
182287
189270
196235
203216
210175
217155
224120
231085
238059
245023
252038
259002
265978
272943
279907
286887
293864
300845
307809
314783
321751
328716
335696
342678
349639
6982
13981
20978
27976
34951
41947
48926
55904
62877
69856
76833
83810
90821
97832
104810
111787
118761
125739
132718
139697
146686
153666
160644
167622
174626
181654
188667
195680
202701
209729
216741
223739
230713
237692
244750
251763
258754
265754
272733
279710
286685
293662
300640
307635
314608
321602
328579
335557
342563
350050
7273
14329
21309
28289
35268
42243
49270
56266
63245
70236
77246
84277
91290
98283
105279
112259
119256
126229
133207
140185
147164
154137
161116
168138
175133
182108
189103
196099
203095
210069
217048
224025
230999
237977
244973
251953
258926
265905
272900
279879
286853
293832
300810
307854
314847
321860
328840
335818
342791
349770
7020
14034
21048
28093
35261
42333
49416
56486
63512
70530
77544
84556
91567
98581
105595
112626
119640
126650
133664
140678
147691
154700
161714
168729
175759
182767
189812
196844
203891
210934
217979
224993
232008
239493
246644
253892
261052
268066
275093
282141
289171
296203
303270
310323
317358
324377
331405
338418
345482
352532
7009
13971
21029
28026
35004
41964
48919
55897
62857
69835
76791
83786
90747
97707
104681
111641
118602
125595
132567
139562
146539
153516
160472
167450
174439
181480
188466
195479
202440
209401
216357
223322
230316
237291
244251
251211
258172
265128
272105
279065
286025
292996
299957
306917
313875
320831
327791
334769
341746
348701
6972
13931
20892
27854
34810
41773
48735
55696
62652
69613
76575
83555
90544
97506
104467
111479
118452
125613
133058
140020
147282
154255
161218
168180
175173
182147
189109
196089
203052
210026
216988
223949
230927
237884
244863
251824
258781
265744
272705
279667
286623
293585
300564
307526
314500
321520
328555
335573
342547
349509
6964
13922
20888
27847
34800
41776
48733
55692
62675
69670
76680
83650
90626
97583
104541
111493
118467
125426
132383
139369
146362
153357
160334
167287
174263
181220
188198
195151
202109
209083
216056
223011
229968
236943
243920
250875
257834
264791
271748
278719
285712
292712
299686
306662
313635
320625
327578
334536
341513
348470
10537
20780
30607
40713
50689
60525
70296
80092
89845
99621
109394
119367
129154
138924
148700
158489
168317
178145
187904
197675
207434
217206
226960
236735
246489
256248
266003
275762
285548
295307
305076
314830
324636
334390
344149
353902
363666
373420
383179
392966
402770
412565
422318
432080
441835
451593
461379
471134
480896
490683
9742
19437
29134
38828
48526
58219
67929
77627
87320
97033
106725
116643
127119
136852
146546
156238
165953
175646
185362
195079
204793
214503
224197
233912
243606
253305
263068
272816
282527
292221
301920
311630
321349
331077
340776
350487
360196
369913
379661
389382
399075
408773
418482
428212
437911
447606
457395
467104
476802
486496
9713
19442
29152
38879
48585
58296
68001
77707
87449
97155
106866
116570
126369
136117
145840
155551
165255
174965
184689
194399
204103
213813
223718
234162
243885
253608
263318
273023
282751
292456
302183
311907
321612
331338
341059
350788
360494
370221
379942
389647
399374
409079
418806
428512
438239
447945
457650
467414
477119
486829
9713
19422
29125
38845
48554
58259
67968
77671
87379
97082
106786
116510
126269
136046
145784
155510
165214
174917
184674
194412
204155
213859
223622
233374
243098
252807
262511
272248
281950
291658
301380
311084
320809
330998
341231
350985
360728
370433
380176
389897
399640
409345
419067
428777
438498
448207
457912
467681
477418
487144
9764
19533
29288
39057
48813
58565
68319
78070
87838
97593
107345
117100
126868
136717
146519
156294
166046
175798
185553
195304
205060
214812
224645
234430
244209
253960
263713
273469
283221
292995
302746
312535
322321
332112
341863
351615
361372
371125
380918
390712
400469
410220
419971
429727
439478
449242
459003
468759
478527
488332
9776
19531
29274
38995
48703
58423
68130
77849
87570
97278
106998
116706
126426
136205
145960
155696
165405
175126
184834
194538
204246
213948
223652
233360
243081
252789
262527
272286
282055
291814
301572
311323
321115
330875
340633
350370
360129
369866
379605
389329
399085
408848
418554
428263
437968
447672
457380
467083
476879
486599
9793
19543
29261
39030
48776
58527
68240
78023
87767
97502
107231
116942
126676
136389
146200
155947
165683
175413
185126
194888
204616
214331
224059
233775
243505
253222
262934
272643
282362
292092
301824
311535
321268
330980
340693
350409
360120
369837
379549
389266
398978
408690
418407
428137
437853
447566
457282
466995
476705
486469
9717
19430
29139
38855
48564
58274
67986
77694
87408
97134
106846
116555
126280
135993
145702
155505
165247
174977
184685
194409
204122
213848
223578
233286
243015
252722
262447
272158
281881
291644
301353
311083
320791
330516
340246
349971
359809
369552
379317
389024
398753
408478
418188
427919
437627
447358
457086
466831
476573
486351
9759
19505
29257
39000
48769
58520
68265
78015
87759
97509
107254
117024
126770
136535
146280
156081
165881
175661
185411
195155
204903
214665
224431
234176
243938
253720
263500
273285
283031
292781
302524
312288
322037
331800
341551
351314
361081
370827
380594
390340
400086
409835
419580
429347
439091
448874
458647
468415
478161
487906
9734
19435
29157
38857
48562
58261
67978
77687
87386
97091
106790
116495
126196
135896
145600
155300
165109
174848
184569
194269
203969
213673
223374
233095
242844
252601
262317
272017
281722
291424
301128
310827
320547
330268
339968
349673
359371
369076
378777
388491
398216
407935
417684
427423
437130
446847
456551
466268
475968
485689
13709
27340
40455
53400
66320
79206
92116
105007
117893
130795
143682
156588
169564
182502
195389
208277
221169
234108
247063
259966
272858
285744
298630
311516
324419
337311
350200
363086
375972
388863
401749
414718
427655
440630
453584
466472
479358
492244
505167
518069
530972
543875
556766
569671
582575
595461
608875
621951
635066
648005
14433
27953
41923
55720
69194
83049
97040
110729
123995
137602
152217
165889
179676
193227
206533
219782
233030
246314
259568
273205
287105
300444
313769
326900
340056
353983
367345
380325
393226
406117
419002
431905
444788
457699
470632
483533
496416
509321
522325
535261
548162
561045
573950
586851
599752
612637
625542
638426
651327
664210
12965
25903
38846
51789
64726
77665
90635
103670
116658
129611
142549
155491
168445
181488
194461
207405
220342
233280
246218
259161
272114
285052
297992
310952
323957
336946
349974
362985
375922
388861
401816
414771
427730
440684
453622
466560
479554
492546
505533
518487
531447
544404
557339
570341
583377
596431
609439
622411
635353
648291
12956
25843
38818
51706
64615
77503
90390
103277
116180
129137
142062
154950
167854
180745
193741
206768
219820
233645
247012
260062
273135
286298
299517
312594
325665
338667
351712
364823
377875
390983
403976
416949
429855
442759
455645
468588
481493
494380
507289
520272
533182
546069
558956
571843
584802
597740
610691
624313
637331
650234
12918
25880
38820
51725
64616
77520
90425
103313
116204
129208
142206
155251
168303
181312
194961
208832
222756
236973
252088
265703
279378
293130
306825
320500
334146
347633
361053
374194
387170
400127
413032
425937
438841
451747
464659
477563
490468
503407
516320
529295
542251
555159
568050
580936
593822
606792
619772
632724
645628
658532
12883
25755
38628
51522
64395
77268
90141
103039
115954
128878
141881
154866
168186
181739
194867
207817
220800
233891
246946
259952
272888
285983
299095
312032
325013
338254
351496
364664
377711
390701
403769
416730
429722
442692
455638
468528
481401
494274
507147
520024
532912
545817
558705
571630
584626
597568
610555
623475
636413
649354
12965
26082
39106
52085
65041
78218
92108
105100
118556
131912
144885
157826
170800
183762
196798
209888
222846
235808
248748
262035
275118
288115
301057
313999
326958
339902
352842
365799
378739
391681
404632
417574
430515
443474
456423
469382
482323
495264
508209
521151
534140
547080
560024
572966
585941
598882
611828
624786
637726
650666
12914
25836
38802
52533
65722
78852
91810
104800
117706
130626
143536
156442
169383
182288
195198
208086
220991
233929
246866
259826
272744
285649
298557
311485
324422
337345
350290
363291
376178
389066
401954
414896
427785
440689
453591
466479
479390
492279
505184
518072
530996
543998
556937
569828
582733
595625
608530
621418
634307
647201
13424
26375
39279
52184
65073
77981
90886
103773
116661
129553
142523
155496
168461
181388
194276
207181
220068
232955
245863
258750
271689
284576
297468
310400
323287
336175
349063
361972
374877
387947
400886
413781
426672
439578
452465
465356
478311
491234
504150
517120
530082
543037
555943
568831
581723
595153
608427
621350
634378
647308
12912
25821
38745
51732
64634
77535
90439
103325
116232
129134
142073
154993
167882
180859
193796
206680
219565
232566
245487
258406
271291
284184
297086
309971
322855
335744
348628
361530
374413
387297
400186
413070
425953
438837
451725
464628
477529
490431
503315
516202
529089
542889
555967
568852
581770
594670
607570
620475
633359
646242
18420
35982
53079
70323
87446
104535
121553
138562
155663
172721
189737
206753
223760
240761
257796
274797
291851
308869
325947
343021
360125
377208
394303
411320
428328
445330
462333
479894
497356
514375
531393
548414
565491
582577
599612
616635
633695
650786
667809
684809
701811
718810
735834
752835
769835
786904
803946
820948
837967
854986
17034
34027
50980
67954
84906
101859
118812
135769
152738
169738
186708
203756
221803
238877
255852
272847
289895
306849
323855
340908
357930
374917
391890
408861
425849
442892
459921
476943
493897
510908
528013
544968
561920
578950
595960
612915
629867
646853
663811
680765
697832
714899
731908
748872
765824
782778
799804
817513
834868
851843
16974
33944
50910
67876
84843
101882
118902
135867
152834
169820
186776
203724
220706
237655
254608
271589
288538
305487
322458
339500
356500
373468
390438
407424
424425
441376
458358
475307
492274
509221
526226
543191
561146
578258
595241
612293
629261
646260
663274
680224
697198
714170
731119
748068
765073
782079
799143
816111
833060
850154
16959
33927
50882
67831
84780
101752
118705
135653
152601
169551
186503
203500
220518
237468
254420
271384
289115
306454
323419
340382
357352
374320
391283
408247
425212
442187
459152
476175
493256
510207
527158
544108
561075
578024
595166
612122
629141
646183
663199
680184
697136
714191
731143
748093
765045
782025
799008
816027
832979
849950
17026
34863
52235
69257
86280
103288
120427
137511
154514
171543
188564
205568
222572
239598
256607
273626
290650
307669
324671
341675
358729
375796
392832
409836
426877
443880
460899
477903
494992
512016
529019
546101
563206
580225
597227
614299
632112
649132
666152
683176
700195
717296
734350
751375
768403
785423
802443
819502
836520
853541
16979
33999
51009
68016
84969
101923
118895
135855
152816
169770
186743
203702
220655
237609
254676
271702
288656
305626
322580
339537
357103
374530
391498
408480
425450
442421
459373
476332
493302
510271
527242
544200
561171
578124
595094
612052
629023
645977
662934
679894
696846
713815
730854
747917
764921
781890
798860
815864
832817
849770
16961
33928
50876
67846
84834
102867
120018
136991
153957
170940
187917
204938
221961
238926
255958
272964
289914
306862
323832
340801
357751
374699
391744
408748
425697
442663
459610
476564
493514
510478
527427
544379
561328
578279
595227
612193
629146
646112
663060
680008
697512
714872
731838
748809
765776
782741
799689
816643
833631
850579
17024
34055
51020
67984
84936
101916
118927
135956
152909
169857
186821
203769
220762
237727
254707
271674
288644
305591
322562
339557
356526
373472
390420
407368
424337
442281
459386
476359
493321
510284
527365
544461
561426
578391
595355
612326
629272
646241
663187
680140
697086
714051
731002
747948
764900
781847
798812
815759
832726
849673
17014
34017
51020
68021
85028
102048
119057
136110
153118
170933
188413
205437
222455
239491
256494
273591
290610
307665
324738
341762
358796
375802
393006
410008
427027
444095
461181
478218
495266
512268
529367
546437
563440
580442
597467
614469
631627
648692
665811
682901
699902
716909
733925
750942
767945
784983
802002
819020
836039
853061
16995
33989
50963
67933
84886
101856
118863
135817
152771
169741
186699
203651
220605
237560
254517
271487
288443
305547
322524
339494
356447
373400
390358
407327
424279
441266
458308
475280
492268
509237
526259
543237
560225
577177
594162
611166
628135
645089
662140
679150
696183
713153
730108
747082
764035
780989
798016
815044
831995
848965
24012
46592
68100
89599
110994
132395
153821
175267
196726
218139
239553
261007
282422
303834
325267
346680
368115
389528
410940
432454
453904
475301
496720
518116
540060
561818
583295
604913
627124
648649
670117
691520
712924
734364
755797
777197
798613
820015
841529
862976
884392
905807
927281
948790
970185
991614
1013014
1034423
1055836
1077255
21395
42781
64162
85562
107841
129656
151091
172472
193857
215238
236620
258022
279420
300800
322221
343737
365189
386592
407989
429438
450870
472267
493680
515083
536516
557935
579339
600737
622126
643651
665089
686477
708429
730154
751538
772955
794343
815724
837164
858652
880039
901529
922934
944314
965714
987134
1008533
1029937
1051320
1072702
21496
42971
64461
85958
107424
128914
150379
171844
193348
215126
237697
259291
280797
302321
323801
345272
366815
388425
409974
431440
453007
474566
496117
517619
539102
560657
582159
603666
625240
646808
668399
689867
711434
732941
754501
776069
797558
819536
841503
863004
884544
906044
927508
948977
970476
991978
1013449
1034946
1056518
1078008
21423
42828
64214
85605
106990
128376
149748
171265
192650
214024
235417
256787
278175
299575
321061
343532
364983
386487
407892
429285
450685
472148
493543
514927
536295
557718
579123
600508
621914
643330
664979
686422
707806
729214
750665
772133
793541
814908
836277
857650
879020
900404
921826
944128
965536
986904
1008291
1029714
1051135
1072540
21456
42866
64263
85854
107279
128691
150100
171516
192930
214321
235749
257162
278568
300057
321499
342892
364330
385738
407148
428567
451074
472486
493911
515304
536718
558110
579705
601200
622591
643987
665396
686808
708219
729628
751054
772551
793978
815472
836921
858314
879752
901181
922572
943987
965393
986785
1008197
1029606
1051967
1073608
21481
42858
64235
85650
107053
128516
149934
171447
192901
214405
235893
257329
278844
300286
321666
343079
364495
385878
407273
428668
450050
471428
492959
514357
535752
558022
579618
601028
622503
643881
665263
686640
708035
729417
750795
772187
793602
815005
836442
857843
879240
900651
922065
943456
964834
986324
1007771
1029150
1050548
1071926
21523
43076
65349
87099
108616
130067
151505
172998
194505
215962
237407
258866
280308
301776
323234
344716
366157
387650
409338
430812
452290
473736
495192
516653
538113
559556
581001
602441
623883
645344
667423
689176
710635
732075
753521
774961
796445
817903
839444
860906
882363
903945
925440
946932
968412
989886
1011360
1032821
1054281
1075738
21402
42810
64235
85647
107141
128534
149940
172239
194035
215443
236844
258336
279746
301208
322681
344127
365630
387021
408449
429837
451259
472654
494105
515578
536989
558392
579782
601204
622606
644015
665419
686808
708201
729591
751011
773257
794717
816306
837744
859130
880523
901928
923315
944706
966109
987518
1008978
1030449
1051868
1073291
21458
42920
64330
85745
107137
128560
149980
171389
192781
214261
235719
257127
278824
301113
322530
343921
365313
386708
408105
429531
450942
472334
493729
515188
536676
558143
579553
600945
622356
643780
665175
686588
707981
729561
750979
772421
793817
815244
836638
858034
879757
901879
923343
944769
966164
987555
1009022
1030465
1051875
1073269
21439
42817
64235
85656
107151
128848
150313
171697
193177
214590
235992
257372
278752
300152
321563
342945
364429
385826
408376
429769
451164
472548
493928
515308
536690
558088
579489
600874
622284
643819
665215
686628
708027
729530
750944
772415
793846
815239
836715
858167
879619
901000
922441
943890
965302
986700
1009225
1030603
1052003
1073383
27710
54203
80356
106583
132737
158913
185089
211243
237434
263605
289785
315955
342128
368281
394440
420575
446716
472886
499041
525185
551477
577768
604517
631106
657265
683420
709579
735766
761979
788155
814343
840556
866732
892909
919074
945304
971440
997598
1023751
1050042
1076273
1102469
1128605
1154763
1180905
1207886
1234027
1260183
1286323
1312516
26179
52344
78451
104546
130633
156744
182834
209136
235251
261344
287446
313658
339768
365871
391982
418168
444247
471531
497731
523826
549992
576105
602295
628468
654575
680667
706840
733004
759180
785354
811530
837626
863701
889774
915851
941940
968050
994228
1020321
1046389
1073461
1099574
1125647
1151722
1177809
1203995
1230136
1256251
1282359
1308499
26119
52232
78369
104470
130566
156682
182848
208940
235020
261096
287193
313268
340160
366611
392846
418943
445025
471187
497314
523410
549502
575632
601841
628006
654082
680232
706325
732405
758485
784562
810659
836734
862815
889072
915200
941844
968288
994363
1020586
1046732
1072875
1099065
1125226
1151407
1177548
1203664
1229737
1255855
1281947
1308046
26177
52491
78627
104689
130761
156840
182904
209753
236237
262400
288546
314608
340733
366826
392891
418991
445067
471166
497243
523323
549443
575609
601691
627752
653837
679896
706046
732174
758394
784547
811231
837842
863973
890046
916124
942308
968400
994479
1020558
1046707
1072899
1098999
1125061
1151127
1177205
1203270
1229327
1255394
1281468
1307546
26244
52397
78652
106089
132225
158385
184537
210678
236977
263169
289323
315479
341643
367813
393973
420181
446360
472562
498803
524954
551096
577250
603477
629670
655804
682482
708929
735360
761520
787655
813811
839988
866210
892415
918663
944832
971004
997155
1023325
1049466
1075619
1101762
1127900
1154041
1180191
1206332
1232587
1258828
1285665
1312125
26101
52189
78313
104473
130600
156676
182883
208975
235083
261213
287339
313415
339502
365577
391736
418015
444122
470197
496286
522364
548547
575672
601852
627939
654118
680204
706312
732418
758591
784775
810866
836976
863066
889143
915358
941454
967526
993626
1019751
1045975
1072079
1098270
1124359
1150731
1177560
1203650
1229743
1255813
1281937
1308050
26125
52289
78522
104659
130784
156884
182995
209079
235166
261267
287364
313447
339526
365658
391737
417822
444919
471016
497105
523201
549317
575664
601826
627980
654111
680212
706307
732424
758557
784693
810788
837034
863192
889307
915387
941544
967679
993767
1019851
1046925
1073119
1099265
1125365
1151478
1177578
1203674
1229773
1255880
1282074
1308189
26109
52198
78331
104439
130505
156592
182729
208852
234916
261152
287223
314379
340565
366719
392790
418941
445117
471207
497306
523468
549550
575659
601742
627828
653912
679984
706054
732125
758348
784421
810488
836622
862687
888759
915700
941824
967919
994051
1020207
1046306
1072375
1098474
1124542
1150658
1176746
1202813
1228984
1255341
1281442
1307529
26152
52316
78492
104687
130893
157033
183994
210491
236638
262784
288963
315161
341321
367484
393666
419951
446241
472407
498565
524712
550876
577019
603166
629311
655479
681625
708474
735364
762232
789104
815993
842866
869751
896628
923729
950665
977556
1003904
1030368
1056672
1082856
1109077
1135229
1161523
1187722
1213864
1240084
1266278
1292426
1318585
26085
52201
78389
104540
130634
156711
182821
209059
235170
261370
287517
313710
339829
365937
392034
418129
444207
470282
496479
522572
548654
574800
600987
627064
653162
679256
705354
731447
757594
783831
809975
836270
862460
888538
914722
940855
966967
993066
1019176
1045255
1071330
1097677
1123758
1149833
1175932
1202009
1228088
1254164
1280262
1306339
33228
64899
96570
128359
160030
191682
223330
255065
286774
318429
350066
381719
413473
445219
476873
508558
540234
571904
604456
636178
667852
699502
731190
763132
794795
826447
858099
889735
921370
953134
984853
1016590
1048247
1079885
1111522
1143202
1174907
1207451
1239124
1270937
1302615
1334318
1365990
1397642
1429347
1461038
1492691
1524453
1556203
1587867
31667
63282
94892
126521
158367
191098
222838
254487
286120
317753
349400
381015
412665
444311
476017
507733
539366
571081
602709
634323
666086
697698
729369
761020
793493
825441
857091
888765
920451
952101
983743
1015360
1047093
1078703
1110351
1142061
1173743
1205375
1236992
1268607
1300223
1331855
1363633
1395977
1427917
1459687
1491326
1522979
1554625
1586271
31816
63596
95321
127023
158734
190461
222274
254022
285771
317576
349270
381886
414005
445736
477566
509294
541148
572893
604588
636304
667998
699686
731395
763106
794816
826526
858219
889917
921625
953387
985984
1017694
1049654
1081383
1113093
1144811
1176555
1208339
1240066
1271774
1303525
1335220
1367013
1398744
1430475
1462169
1493880
1525589
1557415
1590018
31673
63342
95035
126676
158336
190078
221703
253346
284971
316600
348242
379868
411513
443345
475004
506646
538357
571156
602900
634579
666253
697991
729668
761431
793084
824781
856423
888049
919776
951510
983152
1014812
1046436
1078066
1109773
1141468
1174189
1205866
1237523
1269185
1300841
1332509
1364150
1395773
1427511
1459190
1490988
1522681
1554428
1586106
31720
63414
95069
126741
159441
191345
223024
254679
286368
318239
349907
381561
413217
444854
476493
508151
539789
571465
603114
634814
666450
698101
729751
762268
794169
825966
857669
889368
921038
952710
984400
1016107
1047745
1079506
1111158
1142813
1174450
1206136
1237772
1269409
1301079
1332886
1365336
1397154
1428825
1460479
1492133
1523809
1555450
1587121
31630
63245
94880
126494
158131
189746
221516
253150
284848
316482
349004
381113
412790
444481
476161
507873
539576
571300
602992
634607
666218
697913
729628
761260
792875
824490
856103
887735
919366
951786
983435
1015150
1046818
1078592
1110321
1141968
1173587
1205404
1237087
1268883
1300498
1332131
1363813
1395466
1427103
1458849
1490481
1522091
1554579
1586224
31739
63467
95286
127087
158785
190498
222191
253886
285641
317335
349069
380764
412558
444269
475983
507779
540650
572413
604314
636103
667875
699586
731416
763205
794937
826651
858410
890207
921920
953613
985409
1017157
1048880
1080591
1112462
1145131
1176877
1208607
1240373
1272189
1303986
1335681
1367432
1399123
1430834
1462530
1494270
1525983
1557680
1589527
31652
63309
94964
126616
158328
190000
221683
253406
285057
316682
348320
379961
411631
443305
474923
506717
538338
569977
601598
633287
664959
696580
728236
759891
791549
823207
854861
886516
918153
949773
981465
1013191
1044810
1076431
1108070
1139755
1172036
1204640
1237196
1269711
1302233
1334734
1367285
1399820
1432336
1464851
1497613
1529373
1561012
1592646
31649
63301
94941
126629
158266
189908
221565
253199
284893
316636
348301
380124
411828
443500
475171
506843
538528
570205
601897
633569
665223
696862
728517
760154
791790
823499
855197
887153
918808
950483
982138
1013809
1045444
1077117
1108890
1140542
1172195
1203868
1235499
1267152
1298789
1330442
1362080
1393857
1425546
1457188
1488914
1520650
1552368
1584053
31711
63361
95018
126628
158259
189924
221644
253275
285048
316697
348312
379930
411564
443214
474830
506490
538138
569787
601450
633087
664720
696352
727967
759806
791570
823200
854815
886460
918126
949775
981408
1013100
1044733
1076346
1107998
1139651
1171282
1202934
1234579
1266320
1298005
1329622
1361256
1392875
1424492
1456229
1487844
1519493
1551125
1582739
38622
76109
113616
151304
188923
226465
263966
301489
338947
376424
414063
451570
489036
526543
563998
602850
640319
677923
715391
752930
790429
827900
865371
902859
940327
977785
1015219
1052722
1090179
1127632
1165284
1204071
1241557
1279051
1316596
1354126
1391768
1429292
1466798
1504234
1541742
1579183
1616636
1654296
1691783
1729285
1766861
1805174
1842620
1880252
37417
74798
112183
149670
187145
224496
262017
299416
336936
374434
411902
449257
488074
525451
562928
600315
637699
675071
712474
750003
787445
824830
862178
899525
936897
974243
1011638
1048988
1087343
1124719
1162082
1199537
1236956
1274658
1312072
1349503
1386934
1424357
1461809
1499280
1536650
1573998
1611363
1648813
1687063
1724614
1762231
1799614
1837099
1874464
37427
74814
112190
149572
186929
224306
261671
299046
336408
374037
413016
450392
487941
525437
562931
600400
637957
675368
712768
750164
787640
825025
862702
900145
937561
975031
1013479
1050891
1088323
1125736
1163112
1200487
1237919
1275294
1312689
1350187
1387634
1425031
1462407
1499884
1537318
1574778
1613270
1650678
1688071
1725504
1762896
1800291
1837710
1875238
37509
74848
112204
149652
187025
224425
261834
300639
338013
375369
412747
450321
487770
525145
562600
600101
637601
675043
712394
749951
787362
824778
862290
900712
938053
975585
1013081
1050488
1087963
1125459
1162906
1200471
1237865
1275205
1312718
1350176
1387516
1424978
1462502
1500914
1538343
1575734
1613213
1650637
1688135
1725520
1762878
1800276
1837650
1874988
37594
75222
112793
150315
189534
227039
264597
302106
339587
377163
414652
452143
489603
527058
564669
602144
639729
677291
714748
752224
790740
828201
865644
903286
940832
978303
1015877
1053469
1090938
1128417
1165855
1203311
1240769
1278273
1315728
1353187
1391669
1429109
1466629
1504152
1541719
1579388
1616919
1654408
1692011
1729585
1767280
1804876
1842350
1879809
37411
76117
113705
151205
188585
225973
263341
300805
338188
375573
412935
450369
487727
525091
562436
599802
637232
675741
713500
750968
788471
825956
863421
900804
938184
975660
1013027
1050374
1087790
1125152
1162647
1200014
1237360
1275479
1313196
1350542
1387960
1425342
1462721
1500164
1537510
1574875
1612344
1649920
1687308
1724671
1762089
1799564
1836969
1874471
37477
74892
112301
149696
187109
224623
262146
299526
336895
374276
411658
449051
486464
523829
561226
598607
635977
673372
710768
748310
785762
823210
860656
898056
935539
972978
1010418
1047851
1085243
1122604
1159975
1197354
1234777
1272247
1309659
1347069
1384589
1422054
1459448
1496829
1534210
1571576
1608955
1646319
1683701
1721064
1758630
1796030
1833493
1870932
37413
74863
112292
149765
187261
224643
262003
299346
336796
374204
411567
448907
486264
523716
561158
598530
635907
673298
710672
748050
785391
822751
860262
897653
935027
972660
1010020
1047406
1084779
1122170
1159569
1196942
1234316
1271747
1309107
1346573
1383986
1421442
1458782
1496211
1533588
1570981
1608325
1645663
1683019
1720365
1757723
1795099
1832493
1870024
37547
75141
112628
150122
187583
225050
262479
299973
337406
374851
412304
449856
487353
524818
562263
599725
637275
674816
712366
749793
787219
824667
862132
899627
937062
974783
1012283
1049847
1087345
1125007
1162587
1200150
1237689
1275148
1312601
1350029
1387457
1424910
1462478
1499924
1537355
1574798
1612248
1649676
1687176
1724645
1762208
1799669
1837101
1874545
37567
75043
112472
149885
187278
224812
262375
299720
337138
374513
411889
449333
486708
524066
561574
598935
636300
673647
711038
748401
785862
823237
860602
897960
935303
972700
1010108
1047587
1085036
1122430
1159928
1197313
1234873
1272323
1309759
1347207
1384599
1422228
1459614
1496997
1534341
1571880
1609262
1646657
1684049
1721446
1758819
1796178
1833527
1870868
45080
88822
132628
176713
220440
264230
308089
352000
395759
439541
483286
527060
570875
616491
669621
713751
757779
801723
845485
889261
933439
977456
1021246
1065368
1109193
1153817
1199226
1243120
1286888
1330613
1374618
1418467
1462434
1506240
1550157
1593895
1637739
1681601
1725345
1769073
1814282
1858033
1901777
1945500
1989264
2033006
2076782
2120575
2164560
2208439
43793
87494
131315
176732
220558
264322
308115
351895
395772
439560
483286
527012
570730
614453
659390
703204
748255
792043
835747
879433
923466
967277
1011115
1054889
1098658
1142482
1186315
1230003
1273715
1317515
1362505
1406294
1450033
1493725
1537637
1581361
1625279
1669257
1713151
1756875
1800566
1844319
1888025
1932352
1977149
2020991
2064710
2108607
2152571
2196378
44307
88586
132535
176555
220480
264516
308559
354372
400185
444162
488123
531942
575786
619620
663923
707987
752019
796005
840110
884279
936240
992942
1053364
1103103
1147877
1192120
1236522
1282106
1326356
1371410
1420073
1465933
1511251
1558670
1602520
1646348
1690430
1734246
1778154
1822016
1865897
1909771
1953594
1997416
2041239
2085023
2130234
2174487
2218391
2262328
43851
87626
131389
175151
218930
264239
309458
355817
400150
445710
489843
533791
577808
621788
665596
709651
755118
799447
844311
889244
933186
977496
1022144
1066542
1110981
1155024
1199290
1243218
1287405
1331455
1375421
1420066
1463877
1507846
1551641
1595475
1640456
1684201
1728031
1771757
1815771
1859689
1906207
1950186
1993974
2037721
2081748
2125555
2169334
2213042
44699
88436
132460
176332
220118
263921
307804
351789
395597
439348
483116
526854
570604
615903
659833
703571
747340
791092
834972
878761
922617
966372
1010144
1053997
1097753
1141759
1186464
1230663
1274477
1318251
1362070
1405835
1449608
1493379
1537186
1580956
1624727
1668693
1712469
1756220
1801221
1844994
1888729
1932534
1976340
2020077
2063881
2107687
2151685
2195444
44466
88197
132035
175831
219651
263344
307091
350798
394509
438471
482202
525946
569707
613432
657143
700834
744630
788359
832066
875760
919613
963410
1007331
1051079
1095027
1138748
1182475
1226211
1269923
1313630
1357480
1401190
1445046
1488744
1532572
1576297
1620068
1663830
1707558
1751390
1795136
1838828
1882569
1926406
1970280
2014045
2057761
2101529
2145285
2189146
43864
87779
131607
175389
219347
263164
307035
350832
394679
438528
482345
526143
569947
613933
657939
701987
745917
789947
833932
877920
921720
965600
1009414
1053250
1097149
1141066
1184892
1228894
1272710
1316632
1360481
1404331
1448192
1491991
1535792
1579609
1623426
1667240
1711203
1755002
1799032
1843025
1886911
1930797
1974627
2018406
2062205
2106064
2149862
2193880
44014
87837
131618
175407
219151
262890
306676
350476
394214
438054
482018
525844
569648
613372
657285
701021
744761
788519
832295
876055
919808
963616
1007420
1051124
1094847
1138617
1182357
1226064
1269866
1313585
1357327
1401160
1444911
1488876
1532598
1576355
1620109
1664005
1707798
1751530
1795268
1838988
1882710
1926419
1970346
2014151
2057906
2101644
2145414
2189138
43764
87505
131280
175016
218755
262828
306569
350462
394259
438100
481858
525632
569448
613245
656970
700739
744686
788500
832234
875990
919747
963556
1007402
1051214
1095089
1138832
1182732
1226502
1270405
1314193
1358071
1401797
1445590
1489370
1533094
1576852
1620627
1664419
1708179
1752126
1795921
1839663
1883423
1927178
1970922
2014646
2058435
2102211
2145999
2189775
44172
87925
131738
175491
219252
262975
306661
350367
394048
437767
481469
525389
569160
612860
656715
700412
744114
787821
831555
875309
919167
962857
1006618
1050521
1094239
1137995
1181732
1225537
1269253
1313007
1356711
1400391
1444073
1487771
1531563
1575305
1619006
1662810
1706653
1750422
1794128
1837846
1881584
1925474
1969179
2012912
2056761
2100474
2144324
2188126
56807
112378
167934
223595
279192
334882
390415
445944
501488
557001
614215
669852
725531
781394
837335
893083
948645
1004289
1059930
1115458
1171007
1228110
1283668
1339493
1395050
1450713
1506373
1561898
1617446
1672976
1728484
1785374
1841093
1897230
1952806
2008600
2064143
2119662
2175208
2230750
2286274
2342112
2399227
2454843
2510436
2566098
2621663
2677213
2732743
2788510
55713
111122
168341
223773
279219
334657
390089
445497
501101
556494
611995
667424
722904
779622
835030
890443
945926
1001711
1057262
1112691
1168203
1223666
1279083
1334505
1391262
1446661
1502266
1557667
1613112
1668528
1723924
1779304
1834700
1890106
1945523
2002388
2058011
2113658
2169217
2224669
2280062
2335557
2390988
2446375
2501929
2558216
2613958
2669426
2724862
2780262
55339
110585
166083
221455
277144
332686
389412
444714
499988
555231
610500
665841
721099
776375
831751
886955
943379
998621
1053861
1109131
1164488
1219782
1275089
1330468
1385748
1441036
1496234
1552737
1608101
1663452
1718763
1774076
1829347
1884596
1939802
1995044
2050280
2105554
2162025
2217409
2272702
2328143
2383482
2438741
2493979
2549201
2604421
2659688
2715051
2771664
55612
111078
166497
221927
277406
332987
388720
444278
499768
557154
612564
667997
723461
779001
834464
890061
945519
1000982
1056499
1112080
1168919
1224338
1279787
1335229
1390937
1446608
1502084
1557532
1612978
1668383
1723765
1780666
1836085
1891678
1947087
2002517
2057934
2113453
2168884
2224299
2279677
2336099
2392207
2447784
2503280
2558802
2614335
2669761
2725136
2780638
55694
111224
166661
222123
277566
333105
388523
444046
499479
555136
610688
666108
721667
777217
832682
888234
943718
999125
1054688
1110094
1165534
1221044
1276563
1332045
1387501
1443051
1498519
1554292
1609855
1665394
1720845
1776308
1831740
1887149
1942602
1998025
2054149
2109701
2165248
2220691
2276145
2331548
2387186
2442758
2498292
2553919
2609484
2665075
2720644
2776094
55583
110982
166413
221821
277432
332863
388319
443764
499225
554667
610160
665568
720975
776554
832024
887587
942995
998857
1054314
1109757
1165161
1220669
1276320
1331764
1387221
1442627
1498046
1553439
1608950
1664439
1720005
1775602
1831072
1886557
1941976
1997379
2052789
2108297
2163810
2219419
2275023
2330444
2385884
2441309
2496803
2552353
2607828
2663337
2718879
2774441
55790
111267
166709
222158
277582
333021
388420
444010
499469
554867
610342
665781
721221
776618
832025
887597
943282
998787
1054196
1109679
1165186
1220648
1276084
1331537
1386946
1442490
1498092
1553547
1609087
1664470
1719891
1775292
1830726
1886398
1942032
1997506
2052931
2108346
2163756
2219218
2274701
2330214
2385635
2441230
2496677
2552141
2607789
2663215
2718629
2774030
55605
111251
167003
222476
277995
333414
388831
444237
499706
555190
610803
666301
721698
777238
832680
888111
943541
999050
1054484
1110149
1166023
1221515
1276984
1332615
1388073
1443522
1499056
1554486
1610058
1665526
1720930
1776364
1831750
1887182
1942601
1998035
2053506
2109102
2164646
2220121
2275637
2331039
2386482
2441885
2497432
2552847
2608289
2663940
2719398
2774833
54491
108977
163452
217807
272291
326967
381444
436133
490536
544920
599305
653801
708171
762824
817303
871742
926162
980595
1034982
1089366
1143894
1198263
1252641
1307233
1361729
1416107
1470642
1525006
1579522
1633930
1688362
1742908
1797567
1852072
1906448
1960828
2015178
2069548
2123913
2178321
2232700
2287170
2341715
2396216
2450703
2505237
2559645
2614011
2668536
2723143
54982
109623
164281
218964
273628
328185
382724
437306
491882
546613
601378
655987
710750
765516
820126
874682
929425
984146
1038785
1093585
1148163
1202792
1257389
1312003
1366591
1421159
1475808
1530484
1585215
1639777
1694589
1749267
1803864
1858518
1913236
1967932
2022494
2077364
2131943
2186538
2241098
2295762
2350295
2404890
2459507
2514218
2568972
2623668
2678454
2733078
59142
117140
175165
233180
291496
349638
407671
465696
523758
582693
640974
699070
757161
815377
873516
931620
989743
1047738
1105772
1163786
1222859
1280967
1339157
1397184
1455240
1513252
1571288
1629298
1687296
1745310
1804560
1862613
1920853
1978863
2036913
2095038
2153157
2211235
2269287
2327590
2386369
2444519
2502526
2560644
2618678
2676709
2734834
2793098
2851246
2909426
59451
117415
175411
233377
291394
349648
407810
465934
524040
582009
641081
699122
757169
815256
873505
931538
989593
1047574
1105591
1163549
1221784
1280463
1338694
1396669
1454800
1512881
1570920
1628928
1686925
1745101
1803354
1862625
1920694
1978768
2036811
2094835
2152891
2210939
2268928
2327009
2385128
2444128
2502154
2560145
2618219
2676250
2734294
2792448
2850657
2908719
58305
117500
175624
233799
291985
350107
408358
466482
524578
582667
640765
699826
758003
816086
874316
932600
990853
1049043
1107171
1165259
1223326
1282076
1340558
1398903
1457119
1515233
1573418
1631535
1689730
1747945
1806046
1864130
1923292
1981401
2039549
2097685
2155833
2213973
2272072
2330173
2388454
2446578
2505778
2563965
2622050
2680145
2738273
2796421
2854527
2912872
58302
116439
175817
233796
291996
350094
408170
466490
524504
582497
640474
698501
757493
815458
873454
931703
989867
1047963
1106081
1164076
1222090
1280047
1338972
1398779
1456954
1515030
1573188
1631230
1689359
1747531
1805531
1864307
1922464
1981779
2039847
2097887
2155927
2213960
2271934
2329934
2387927
2446199
2504178
2562211
2620169
2678183
2736222
2794442
2852571
2910603
58294
116476
174485
232504
290653
348770
406796
464837
523064
581080
639106
697367
755375
813407
871394
929446
987857
1045990
1104176
1162341
1220348
1278349
1336370
1394366
1452476
1510640
1568645
1626733
1684790
1742844
1800926
1858931
1916933
1975048
2033175
2091269
2149252
2207298
2265348
2323404
2381437
2439481
2497672
2555745
2613948
2671936
2729938
2787959
2846009
2904051
58341
116420
174563
232526
290521
348603
406575
464636
522663
581033
639055
697032
754992
812975
870948
928957
987007
1045283
1103362
1161430
1219438
1277459
1335503
1393466
1451439
1509451
1567627
1625634
1683679
1741685
1799719
1857694
1915777
1973764
2031843
2089904
2148226
2206370
2264367
2322395
2380426
2438414
2496409
2554521
2612498
2670519
2728597
2786570
2844568
2902572
58269
116582
174675
232836
290960
349044
407170
465300
523609
581861
640144
698230
756325
814395
872545
930688
988872
1046991
1105362
1163508
1221694
1279966
1338069
1396155
1454243
1512339
1570425
1628656
1686782
1744894
1803012
1861111
1919197
1977280
2035397
2093706
2151892
2210052
2268132
2326236
2384384
2442506
2500605
2558692
2616932
2675090
2733206
2791278
2849375
2907461
58346
116366
174550
232663
290658
348634
406590
464617
522625
580637
638659
696811
754926
812901
870855
928847
986818
1044799
1102788
1161055
1219063
1277149
1335137
1393135
1451111
1509299
1567333
1625289
1683574
1741565
1799597
1857602
1915613
1973691
2031688
2089674
2147838
2205967
2263997
2322100
2380180
2438216
2496228
2554186
2612291
2670406
2728384
2786385
2844352
2902425
58154
116250
174292
232524
290640
348661
406757
464754
522761
580781
638824
696944
755127
813210
871251
929242
987400
1045398
1103420
1161422
1219647
1277811
1335900
1394031
1452134
1510264
1568263
1626269
1684359
1742610
1800645
1858805
1916828
1974850
2032850
2090872
2148902
2207033
2265096
2323214
2381217
2439264
2497328
2555378
2613489
2671498
2729648
2787668
2845692
2903778
58086
116119
174119
232187
290468
348608
406615
464624
522583
580560
638565
696593
754653
812812
870835
928837
986792
1044783
1102907
1161052
1219057
1277249
1335390
1393430
1451470
1509476
1567438
1625423
1683416
1741402
1799521
1857525
1915552
1973575
2031586
2089538
2147542
2205615
2263726
2321828
2379927
2437911
2495936
2553960
2612087
2670072
2728064
2786284
2844297
2902266
81945
162925
243956
325066
406191
487113
569457
650444
731431
812491
893548
974570
1055597
1136524
1218836
1299873
1381148
1462184
1543214
1624138
1705156
1787208
1868293
1949431
2030411
2111385
2192372
2273327
2354666
2436891
2517871
2599054
2680275
2761395
2842534
2923525
3005801
3086759
3167823
3249158
3330358
3411695
3492784
3574601
3656122
3737108
3818240
3899337
3980266
4061294
82653
163621
244918
325943
407075
488144
569200
650131
732520
813540
894701
975708
1056654
1137760
1218890
1301143
1382101
1463116
1544135
1625247
1706288
1787518
1869711
1950708
2031825
2112833
2193938
2275266
2356270
2437215
2519329
2600353
2681309
2762530
2843508
2924451
3005388
3087451
3168472
3249652
3330889
3411870
3492860
3573803
3654746
3737144
3818192
3899162
3980166
4061127
81471
163758
244948
325991
406967
487927
568821
649857
730758
812781
893671
974608
1055546
1137449
1218553
1299493
1381606
1462503
1543454
1624700
1705714
1786604
1867495
1948368
2030254
2111441
2192518
2273448
2354381
2435284
2516259
2598286
2679451
2760463
2841388
2922309
3003362
3084395
3165616
3246545
3327612
3408559
3489442
3570329
3651362
3732328
3813289
3894180
3975148
4056112
81572
162453
243299
324300
405245
486287
567455
648337
729307
810133
891107
972152
1053296
1134346
1215286
1296149
1377034
1457973
1538985
1619918
1700823
1781718
1862588
1943443
2024592
2105533
2186568
2267536
2348441
2429379
2510456
2591380
2672266
2753181
2834067
2914992
2995911
3077514
3158430
3239266
3320170
3401087
3482074
3563392
3644375
3725364
3806462
3887407
3968412
4049536
81389
162315
243373
324305
405316
486407
567422
648494
729406
810415
891463
972753
1053646
1134695
1216005
1299363
1382506
1464172
1545109
1625998
1707001
1788026
1869056
1950191
2031239
2112182
2193118
2274286
2355324
2436574
2517569
2598476
2679393
2760320
2841360
2922655
3003816
3084773
3165783
3246708
3327638
3408658
3489846
3570900
3651849
3732790
3813688
3894656
3976013
4057005
81302
162113
242862
323896
404694
485557
566333
647186
728130
809186
890117
970946
1051712
1132528
1213338
1294171
1375127
1455920
1536711
1617498
1698409
1779259
1860438
1941461
2022249
2103001
2183924
2264720
2345702
2426530
2507417
2588203
2669106
2749989
2830912
2911976
2992830
3073640
3154439
3235212
3316154
3397027
3477776
3558526
3639629
3720504
3801411
3882507
3963442
4044328
81392
162373
243556
324510
405450
486401
567295
648292
729419
810737
891920
972863
1053767
1134652
1215982
1297163
1378264
1459253
1540165
1621198
1702203
1783292
1864266
1945270
2026321
2107384
2188417
2269612
2350516
2431401
2512358
2593426
2674600
2755774
2836854
2917836
2998781
3079700
3160821
3241929
3322959
3403876
3484787
3565696
3646730
3727886
3809054
3890029
3971125
4052284
84145
168012
251734
335452
419121
502920
586618
670603
754322
838219
921927
1005721
1090015
1174031
1257671
1341329
1425130
1508898
1592619
1676676
1760359
1844009
1927687
2011418
2095263
2179122
2262776
2346426
2430077
2513972
2597857
2682056
2765743
2849423
2933162
3016828
3100593
3184432
3268128
3351806
3435492
3519148
3602997
3686869
3770553
3854252
3938221
4021888
4105511
4189453
81419
162459
243486
324723
405994
487060
568047
649087
730170
811168
892241
973277
1054202
1135309
1216320
1297259
1378441
1459700
1540689
1621632
1702846
1783782
1864736
1945878
2026883
2107862
2188798
2269817
2350835
2432231
2513203
2594354
2675519
2756594
2837538
2918822
2999874
3080803
3161873
3243005
3324025
3405371
3486448
3567398
3648333
3729283
3810439
3891429
3972514
4053541
81147
161997
243080
324247
405115
486056
566981
647892
728716
809743
890766
971606
1052442
1133278
1214159
1295043
1375977
1456889
1537772
1618643
1699540
1780341
1861318
1942364
2023204
2104051
2184932
2265823
2347033
2428261
2509160
2590053
2670905
2751826
2833019
2913977
2994822
3075646
3156516
3237517
3318663
3399457
3480326
3561222
3644081
3725698
3806818
3888858
3970809
4054859
85892
169809
254047
337964
421883
505797
591523
675479
759524
843422
927442
1011388
1095324
1180759
1265048
1348895
1432887
1517005
1600887
1684846
1770310
1854407
1938259
2022249
2106234
2190406
2274685
2359295
2444023
2527869
2611819
2695813
2779765
2863646
2947513
3032701
3116622
3200747
3284727
3368747
3452684
3536564
3621624
3705648
3789499
3873366
3957268
4041340
4125340
4210860
84590
168371
252186
336103
420167
505839
589634
673415
757406
841552
925751
1009703
1094063
1179081
1262911
1346665
1430673
1514675
1598613
1682490
1767676
1851597
1935561
2019594
2103569
2187459
2271231
2356510
2440473
2524256
2608046
2691882
2775750
2859636
2945175
3028961
3112781
3196695
3280640
3364451
3448628
3533930
3617725
3701614
3785391
3869398
3953559
4037390
4122497
4206406
85548
169847
253963
338136
422166
507975
592070
676450
760736
844845
928951
1012982
1098562
1182793
1266830
1350868
1434940
1519163
1603318
1689072
1773164
1857178
1941295
2025431
2109519
2193753
2279195
2363270
2447294
2531346
2615513
2699873
2783947
2867983
2952141
3036156
3120176
3204432
3288570
3372757
3456795
3540896
3625072
3709341
3793623
3877786
3962052
4046135
4130152
4214345
84612
168802
252827
336755
420972
505085
588946
672854
756789
840682
924738
1008598
1092471
1176488
1260423
1344447
1428813
1512924
1596832
1680702
1764573
1848730
1933031
2017128
2101157
2185027
2268900
2352836
2436998
2521106
2605056
2689083
2772955
2856811
2940902
3024858
3108736
3192718
3276646
3360598
3444686
3528565
3612557
3696559
3780475
3864494
3948762
4032625
4116508
4200380
84856
169241
253290
337261
421196
505122
589039
673219
757247
841329
925246
1009195
1093291
1177682
1261768
1345751
1429737
1513724
1597655
1681822
1765759
1849695
1933794
2017785
2101869
2186131
2270060
2354077
2438011
2522107
2606175
2690367
2774283
2858218
2942207
3026285
3110306
3194639
3278597
3362622
3446613
3530515
3614471
3698662
3782689
3866628
3950595
4034603
4118693
4202860
84590
168653
252556
336510
420652
504524
588400
672354
756599
840617
924859
1008920
1092841
1176731
1260662
1344608
1428655
1512591
1596615
1680598
1764539
1848667
1932910
2016791
2100664
2184588
2268496
2352371
2436465
2520482
2604421
2688314
2772212
2856101
2940215
3024139
3108041
3191946
3275851
3359819
3443978
3527904
3611807
3695971
3780008
3863951
3948051
4031911
4115915
4199978
84792
169017
253044
337108
421260
505377
589498
673931
757964
841998
926016
1010080
1094185
1179378
1263548
1347785
1431836
1515884
1599939
1684183
1768265
1852332
1936406
2020437
2104440
2188601
2272621
2356671
2440739
2524946
2609037
2693322
2777362
2861363
2945431
3029532
3113628
3197829
3281987
3366048
3450100
3534185
3618425
3702604
3786670
3870771
3954976
4038979
4123138
4207430
84570
168610
252513
336418
420802
504738
588672
672550
756430
840298
925442
1009327
1093230
1177247
1261291
1345234
1429302
1513318
1597219
1681228
1765136
1849053
1933173
2017157
2101043
2184913
2269046
2353025
2437227
2521223
2605191
2689052
2772962
2856950
2941048
3024977
3108860
3192779
3276691
3360658
3444700
3528688
3612714
3696607
3780471
3864368
3948347
4032217
4116147
4200094
84699
168938
252890
336858
420705
504642
588660
672728
756578
840419
924264
1008270
1092327
1176382
1260236
1344140
1428024
1512104
1596034
1680149
1764185
1848014
1931952
2015855
2099725
2183728
2267652
2351567
2435421
2519561
2603567
2687620
2771491
2855403
2939404
3023415
3107327
3191314
3275179
3359034
3443059
3526940
3611036
3695118
3778950
3862850
3946752
4030681
4114768
4198932
84598
168430
252260
336086
420245
504082
587904
671811
755666
839676
923837
1007747
1091634
1175443
1259386
1343422
1427360
1511306
1595165
1679151
1763020
1846989
1931061
2014890
2098705
2182682
2266524
2350507
2434456
2518278
2602098
2685964
2769977
2853984
2938031
3021882
3105755
3189717
3273524
3357579
3441727
3525556
3609487
3693411
3777393
3861245
3945391
4029289
4113157
4196988
100138
198880
297359
395876
494495
599429
706576
813423
914770
1013307
1111903
1212736
1311251
1409727
1508435
1607092
1705956
1806156
1904631
2003127
2101925
2200781
2299403
2399739
2498412
2597031
2695938
2794473
2892972
2993344
3091997
3191034
3289661
3388337
3486881
3587287
3686254
3784755
3883411
3982138
4080733
4181238
4279770
4378408
4477013
4575718
4674643
4775187
4873755
4972241
99721
198722
297380
398307
497039
595888
694873
793647
892334
992934
1091608
1190504
1289175
1387932
1486818
1587482
1686311
1785053
1883845
1982660
2081345
2182018
2280666
2379486
2478280
2577108
2676067
2776636
2875273
2973897
3073511
3173458
3272101
3372445
3471159
3569887
3668742
3767441
3866525
3967080
4065861
4164653
4263312
4361996
4460886
4561256
4660217
4758857
4857547
4956261
97072
195369
291354
387525
483625
580248
676501
774508
870710
966715
1062845
1159114
1255132
1351200
1447325
1543433
1639751
1735823
1831852
1927963
2024225
2120567
2216614
2312686
2408762
2504902
2601017
2697439
2793587
2889648
2985705
3081763
3177929
3274180
3370230
3466457
3562570
3658820
3754849
3850841
3946817
4043543
4141408
4237602
4333654
4429840
4525995
4622177
4718687
4816901
99906
198382
297001
395566
494150
592622
691286
790524
889091
987873
1086808
1185444
1284338
1383121
1481767
1580550
1679243
1777964
1876408
1974961
2073637
2172290
2270991
2372981
2473070
2571719
2670496
2769156
2867638
2966329
3064730
3163195
3261770
3360337
3458892
3557457
3656253
3754866
3853315
3951886
4050478
4148994
4247527
4346049
4444498
4543076
4641759
4740560
4839050
4937492
100154
199240
298540
397556
496488
595519
694556
793729
892783
991710
1090762
1189731
1288845
1387828
1486749
1585779
1684748
1783838
1882743
1981745
2080911
2179933
2278992
2378006
2477090
2576442
2675530
2774644
2873597
2972596
3071652
3170696
3269879
3368847
3467955
3567050
3666048
3765555
3864596
3963540
4062456
4161450
4260525
4359442
4458460
4557570
4656725
4755820
4854806
4953989
98032
195066
292357
389263
486149
583143
680271
777560
874597
971499
1068475
1165492
1262556
1359568
1456483
1553437
1650434
1747640
1844614
1941511
2038417
2135588
2232646
2329715
2426797
2523779
2620849
2717856
2814894
2911822
3008759
3105691
3202608
3299754
3396665
3493587
3590627
3687646
3784722
3881654
3978676
4075573
4172496
4269606
4366588
4463463
4560539
4657565
4754919
4851868
99574
198046
296570
395359
494025
592584
691143
789909
888708
987260
1085768
1184342
1282852
1381583
1480090
1578751
1677340
1775969
1874775
1973284
2071758
2170402
2269055
2367716
2466203
2564680
2663269
2761840
2860557
2959127
3057610
3156107
3254751
3353419
3451969
3550534
3649071
3747790
3846464
3945067
4043666
4142320
4240859
4339462
4438022
4536546
4635115
4733698
4832282
4930976
99350
197910
296431
395177
493702
592169
690662
789169
887949
986500
1084923
1183365
1281798
1380558
1479056
1577678
1676175
1774680
1873431
1971863
2070369
2169153
2267610
2366186
2464782
2563331
2661938
2760516
2859228
2957644
3056098
3154501
3254247
3355727
3456931
3558031
3656515
3754990
3853624
3952277
4050838
4149281
4247821
4346306
4444930
4543715
4642310
4740845
4839484
4938152
99981
198872
297725
396835
495650
594569
693544
792487
891538
990472
1089300
1188130
1287035
1386203
1485014
1583847
1682714
1781681
1880738
1979605
2078438
2177355
2276285
2375253
2474130
2573057
2671942
2770848
2870008
2968899
3067759
3166625
3265481
3364442
3463420
3562262
3661187
3760126
3859294
3958334
4057157
4156092
4256501
4358215
4459813
4559811
4658714
4757606
4856594
4955576
99745
198547
297222
396210
494834
593540
692254
790812
889754
988317
1087001
1185920
1284563
1383317
1482093
1580814
1679604
1778253
1877106
1975716
2074299
2173046
2271639
2370648
2469259
2568090
2666784
2765442
2864358
2963129
3061804
3160346
3260976
3362464
3463825
3563042
3661734
3760383
3859207
3957851
4056540
4155172
4253841
4352693
4451335
4549901
4648707
4747474
4846281
4945074
106561
211411
316182
421298
526035
633200
738018
842977
947716
1052443
1159246
1263926
1368964
1473792
1578798
1683653
1790934
1895907
2000658
2105446
2210268
2314982
2422226
2526973
2631765
2736595
2841737
2947648
3053542
3158356
3263122
3368205
3472909
3579992
3684818
3789570
3894739
3999590
4104417
4211375
4316526
4421454
4526226
4631026
4735809
4842780
4947542
5052421
5157272
5261985
108893
213773
318692
423676
528914
635751
740723
845514
950279
1055296
1160220
1267226
1372044
1476966
1582122
1686899
1791678
1898629
2003434
2108331
2213230
2318145
2424812
2530524
2635250
2740082
2845090
2949807
3056970
3161707
3266592
3371482
3476229
3581328
3688320
3793049
3897835
4002562
4107577
4212310
4319417
4424435
4529553
4634544
4739322
4846258
4950966
5055994
5160853
5265697
108807
213903
318792
423755
528705
633604
738702
843620
948659
1053740
1158667
1263864
1368736
1473740
1579084
1684153
1789107
1894055
1999288
2104207
2209554
2314458
2419346
2524452
2629391
2734705
2839654
2944654
3049764
3154749
3259942
3364844
3469872
3575074
3680076
3785059
3889979
3995011
4099966
4205184
4310265
4415127
4520301
4625260
4730425
4835342
4940417
5045559
5150500
5255724
106006
210652
315297
420477
525186
629884
734619
839432
944478
1049225
1153994
1258642
1363341
1468025
1572836
1677632
1782307
1887752
1992545
2097172
2201837
2306589
2411489
2516113
2620791
2725482
2830266
2935274
3040081
3144817
3249432
3354047
3458864
3563520
3668318
3773066
3877843
3982498
4087150
4191799
4296401
4401334
4505984
4610682
4715513
4820145
4924920
5029660
5134284
5238997
106373
211155
315926
420743
525726
630829
735591
840404
945142
1049865
1154888
1259712
1364560
1469278
1574204
1679144
1783952
1888734
1993499
2098434
2203173
2307962
2412830
2517674
2622753
2727490
2832229
2937000
3041990
3146912
3251819
3356646
3461420
3566342
3671179
3775883
3880644
3985378
4090283
4195157
4299932
4404698
4510111
4615107
4719911
4824753
4929514
5034217
5139086
5243997
106342
211098
316207
420970
525906
630729
735551
844522
951101
1055989
1160771
1265810
1370690
1475492
1580283
1685028
1790156
1895001
1999894
2104926
2209829
2314815
2419702
2524603
2629404
2734168
2839099
2943986
3048989
3153918
3259081
3363891
3468620
3573455
3678262
3783245
3887994
3993080
4097921
4202861
4308040
4412828
4517645
4622453
4727303
4832347
4937290
5042159
5147038
5251934
106440
211545
316500
421338
526591
631798
736958
841880
947007
1051941
1156926
1261936
1367004
1472059
1576959
1681919
1786898
1891968
1997115
2102179
2207157
2312064
2416936
2522184
2627369
2732445
2837571
2942602
3047565
3152595
3257486
3362402
3467631
3572467
3677460
3782619
3887530
3992749
4097769
4202695
4307620
4412539
4517619
4622497
4727479
4832524
4937456
5042677
5147656
5252683
106199
211519
316361
421247
526026
631125
735941
840747
945657
1050517
1155468
1260335
1365331
1470231
1575030
1680177
1784936
1889677
1994630
2099444
2204337
2309170
2414132
2519097
2623883
2728888
2833613
2938399
3043125
3148088
3253024
3357872
3462861
3567607
3672660
3777549
3882518
3987408
4092153
4197278
4302097
4407026
4512011
4616886
4721789
4826516
4931482
5036359
5141240
5246022
106360
211113
316162
421109
525824
630586
735335
840438
945239
1049999
1154784
1259513
1364399
1469211
1574120
1678859
1783566
1888460
1993213
2098254
2203079
2307886
2412885
2517621
2622397
2727219
2832104
2936853
3041633
3146603
3251562
3356713
3461497
3566342
3671079
3775802
3880833
3985742
4090584
4195304
4300017
4404931
4509745
4614702
4719586
4824397
4929405
5034173
5139089
5243896
106193
210713
315302
419988
524714
629298
733864
838601
943183
1048203
1152870
1257389
1361939
1466493
1571476
1676545
1781292
1885946
1990612
2095446
2199997
2304566
2409083
2513684
2618388
2723137
2828055
2932607
3037414
3141977
3246609
3351289
3455896
3560644
3665239
3769839
3874564
3979205
4084079
4188633
4293304
4397842
4502406
4607286
4711994
4816600
4921134
5025833
5130489
5235149
120821
239929
358832
478056
599728
718954
837847
956665
1075604
1197191
1316373
1435249
1554399
1673413
1795479
1914406
2033269
2152046
2271250
2392614
2511519
2630464
2749649
2868531
2990252
3109192
3228253
3347106
3466338
3587693
3706611
3825684
3944783
4063843
4185474
4304830
4424117
4543107
4662099
4783887
4902739
5021560
5140380
5259965
5381452
5500662
5619606
5739135
5858044
5979642
122366
243201
363912
485379
608066
728868
849551
970128
1092645
1213905
1334445
1455150
1575750
1698914
1820056
1940705
2061230
2182202
2304717
2425819
2546282
2667210
2787943
2910990
3031457
3152027
3272888
3393656
3516794
3637232
3757996
3878433
3999323
4122533
4243254
4363981
4484627
4605146
4728392
4848839
4969370
5089834
5211388
5332063
5452718
5573150
5694114
5814730
5935392
6055850
122654
243484
364355
485123
606063
726741
847398
968104
1088935
1209567
1330227
1450985
1571825
1692423
1813146
1933726
2054520
2175510
2296438
2417259
2537915
2658847
2779501
2900080
3020644
3141420
3262368
3383042
3503611
3624725
3745334
3866145
3986757
4107639
4228495
4349301
4470123
4590967
4711571
4832293
4952863
5073707
5194365
5315026
5435733
5556479
5677209
5797915
5918492
6039060
119517
237191
354646
472486
589995
707716
825292
942947
1060460
1178215
1295697
1413347
1531044
1648479
1765975
1883497
2001316
2118957
2236499
2354081
2471873
2589418
2707042
2824486
2942071
3059782
3177551
3295073
3412543
3530301
3647890
3765504
3883010
4000640
4118138
4235707
4353286
4470953
4588432
4705898
4823498
4941263
5058982
5176506
5293947
5411387
5529057
5646656
5764097
5881610
123569
245165
366474
488299
609523
730793
852198
973517
1095087
1216569
1338193
1459948
1581703
1703058
1824322
1945606
2067195
2188663
2310092
2431510
2553137
2674521
2795762
2916969
3038486
3159810
3281281
3402568
3524175
3645389
3766735
3888103
4009737
4131106
4252440
4373880
4495626
4616948
4738336
4859595
4980903
5102466
5223844
5345051
5466258
5587802
5709109
5830363
5951604
6073273
122564
243284
364481
485140
605923
726621
847544
968295
1089270
1210140
1330954
1452065
1572872
1693663
1814441
1935572
2056370
2177225
2298399
2419510
2540307
2660957
2781728
2902633
3023466
3144352
3265206
3386197
3506958
3627809
3754555
3884456
4005788
4126841
4247758
4368993
4490195
4611577
4732275
4853448
4974355
5095383
5216288
5337365
5458596
5579420
5700193
5820857
5942022
6063027
122590
243615
364397
485134
605810
726662
847522
968313
1089052
1210118
1331270
1451996
1572976
1693754
1815399
1936331
2057436
2178446
2303069
2424084
2544964
2665689
2786742
2908108
3029464
3150631
3303474
3440905
3562720
3688482
3825278
3946274
4067102
4187985
4309002
4429776
4550434
4671219
4792330
4923942
5047234
5169324
5293218
5418213
5541491
5663701
5785686
5907632
6029545
6151339
122287
243060
367111
487635
608380
728790
849439
969903
1090492
1210868
1331209
1451593
1572431
1692949
1813264
1933953
2054698
2175109
2295548
2415872
2536493
2658270
2778773
2899073
3019961
3140416
3260879
3381240
3501781
3622224
3742788
3863150
3983511
4104046
4224560
4345048
4465494
4586078
4706478
4826782
4947068
5067626
5187961
5308371
5428657
5549164
5669657
5790002
5910480
6030962
122693
243676
364497
485653
606607
727462
848319
969445
1090250
1211149
1332088
1453125
1574115
1694912
1815771
1936873
2057845
2178617
2299453
2420474
2541382
2662293
2783238
2904270
3025226
3146128
3266974
3387781
3509123
3630112
3751015
3872089
3993104
4113933
4234906
4355833
4476912
4597865
4718701
4839481
4960696
5081601
5202427
5323206
5444541
5565573
5686418
5807322
5928555
6049446
122374
243144
364206
484933
605659
726605
847505
968115
1088838
1209498
1330779
1451665
1572388
1693141
1814224
1935065
2055697
2176297
2297157
2417945
2538610
2659317
2780328
2901204
3021972
3142645
3263251
3384461
3505217
3625890
3746534
3867432
3988161
4108862
4229587
4350662
4471325
4592024
4712798
4833695
4954368
5075029
5195730
5316552
5437379
5558046
5678861
5799646
5920261
6041086
131703
261621
391229
520747
653533
783315
912969
1042510
1175348
1305071
1434721
1564341
1694311
1826770
1956403
2085936
2216035
2348505
2478208
2607729
2737596
2867193
2999664
3129674
3259476
3389098
3518834
3651529
3781320
3910803
4040438
4173562
4303381
4432830
4562361
4692428
4825043
4954481
5084015
5213919
5346738
5476704
5606365
5736228
5865864
5998391
6127868
6257799
6387590
6517179
131076
259633
387995
516617
649752
778358
906694
1035314
1167124
1295470
1423786
1552500
1682466
1814388
1942795
2071620
2200185
2328721
2460058
2588670
2717228
2845698
2977161
3106082
3234410
3362687
3491101
3623345
3753052
3881515
4009861
4140250
4270241
4398626
4527185
4656010
4784618
4913192
5041647
5170597
5299049
5427536
5555860
5685477
5814257
5942983
6071613
6200364
6328724
6457371
131757
260911
390049
519177
648790
777905
906932
1036352
1166953
1296260
1426253
1555692
1684800
1814005
1943037
2072578
2201919
2331036
2460380
2589779
2718847
2847968
2977237
3106908
3237066
3366372
3495514
3624856
3753909
3883044
4012153
4141649
4270856
4399987
4529007
4658477
4787740
4916816
5046139
5176538
5305838
5435077
5564665
5693704
5822841
5951992
6081541
6210805
6339878
6469305
130474
258760
387298
516404
646076
774651
903054
1031932
1160278
1288658
1416958
1545685
1674306
1802672
1931096
2059863
2188306
2316770
2445194
2574588
2703552
2831869
2960191
3089019
3217473
3345766
3474564
3603446
3732029
3860519
3988772
4117681
4246078
4374473
4503049
4632906
4761619
4890427
5018970
5147330
5275743
5404194
5533044
5661766
5790211
5918586
6047583
6175914
6304236
6432692
132043
260282
388672
517523
645930
774262
902672
1031442
1159812
1288170
1416521
1545165
1673409
1801656
1930027
2059431
2188287
2316466
2444792
2573572
2701821
2830167
2958560
3087629
3215968
3344214
3472446
3601083
3729350
3857548
3985944
4115719
4244123
4372397
4500948
4629187
4757450
4886095
5014738
5143494
5272118
5400535
5529439
5657950
5786188
5914474
6043477
6172870
6301120
6429403
130770
264010
395717
524875
653572
782229
910808
1039805
1168403
1297041
1425745
1555803
1684832
1813442
1942439
2071284
2199977
2328889
2457673
2586965
2715801
2844624
2973174
3102142
3231008
3359554
3488510
3618249
3746911
3875497
4004442
4132995
4261639
4390307
4519245
4647945
4776561
4905209
5034197
5162759
5291390
5420037
5550196
5679146
5807828
5936394
6065291
6193962
6322709
6451435
131666
261170
391054
521058
650476
780008
909557
1040643
1170294
1299693
1429257
1559197
1688582
1818100
1947688
2077554
2207081
2336534
2466281
2595821
2725452
2854905
2984911
3114426
3243994
3373417
3503279
3632680
3762153
3892115
4022002
4151510
4281074
4410574
4540319
4669745
4799326
4928846
5058741
5188219
5318124
5447549
5577492
5707112
5836535
5966209
6096020
6225491
6355020
6484827
130543
259214
387778
516687
645188
773751
902697
1031144
1159585
1288021
1416832
1545499
1673901
1802567
1931577
2060154
2188647
2317317
2446135
2574574
2703064
2831465
2960297
3088675
3217245
3345671
3474615
3603039
3731401
3859861
3988579
4116932
4245406
4373934
4502765
4631177
4759511
4887914
5016609
5145050
5273444
5402107
5530651
5659153
5787784
5916542
6044928
6173317
6302166
6430980
130438
258919
388103
516599
644922
774101
903102
1032554
1161007
1289489
1418250
1546735
1675114
1803996
1932969
2061370
2189859
2318633
2447514
2575934
2704431
2833339
2962377
3090871
3219406
3347868
3476764
3605084
3733761
3862409
3991471
4119952
4248358
4376726
4505615
4634063
4762507
4891024
5019736
5148140
5276570
5405366
5533712
5662073
5790704
5919510
6047951
6176276
6304750
6433530
130273
258632
387441
516021
644418
772911
901573
1030000
1158327
1286760
1415701
1544149
1672546
1800902
1929728
2058037
2186373
2314829
2443594
2571887
2700171
2828621
2957447
3085885
3214189
3342628
3471670
3600111
3728373
3856750
3985395
4113791
4242398
4370899
4499692
4628159
4756737
4885420
5013912
5142361
5270726
5399326
5527749
5656023
5784714
5913585
6042092
6170413
6298994
6428025
162857
323291
484595
648649
809185
970601
1134596
1295103
1456009
1616496
1780762
1942386
2102939
2263566
2428435
2589063
2749527
2910884
3074925
3235391
3396398
3560412
3720845
3882191
4042807
4206868
4367499
4528597
4689099
4852985
5015154
5175688
5339428
5500400
5660838
5821761
5986517
6146984
6307632
6468915
6633052
6793512
6954903
7115780
7279894
7441030
7601510
7766080
7927625
8088065
152718
303822
452320
601073
752498
905427
1054423
1203347
1353746
1504355
1653194
1803106
1952959
2104060
2253207
2401741
2551060
2703373
2852115
3000734
3149275
3298401
3446828
3595328
3745104
3893622
4042097
4190789
4339976
4490457
4639118
4788508
4938500
5087096
5236170
5384806
5533431
5682097
5831427
5980025
6129149
6278428
6426899
6575703
6725604
6874197
7022698
7172176
7324094
7476298
155602
307988
458947
611124
764374
916308
1070116
1228882
1379348
1529784
1680966
1831080
1982374
2133052
2283602
2433450
2583454
2734160
2884524
3034665
3185148
3334874
3485298
3634852
3784844
3934832
4084695
4235466
4385049
4535041
4685351
4835057
4984488
5134661
5285103
5434657
5584268
5734293
5883909
6033673
6183764
6333506
6483268
6632786
6782707
6932510
7082047
7232298
7381882
7531452
152065
301437
451128
601570
750993
900330
1050087
1199548
1348920
1498407
1648554
1798067
1947414
2097065
2246460
2396048
2545983
2696044
2845593
2995133
3144972
3294517
3444000
3594356
3744037
3893472
4043566
4193439
4352541
4502942
4653033
4802554
4952181
5101927
5251477
5400999
5551335
5700727
5850517
6000175
6150166
6299665
6449457
6599966
6749434
6899084
7049483
7200715
7387421
7584423
152262
302072
452534
602182
751890
902292
1051996
1201538
1351272
1501185
1650834
1800821
1951130
2100724
2250250
2400178
2549777
2699313
2849139
2999157
3148818
3298369
3448260
3597810
3747377
3897480
4047060
4196688
4346384
4496251
4645739
4795388
4945589
5095229
5244727
5394682
5544234
5693780
5843454
5993659
6143463
6293060
6443052
6592646
6742768
6892855
7042419
7192124
7341693
7491691
151732
302306
451679
601475
750872
900905
1050281
1199687
1349980
1499649
1649059
1798841
1948398
2097996
2247657
2397511
2547237
2696835
2846556
2996040
3145635
3295499
3445224
3594709
3744163
3893970
4043467
4192908
4342826
4492267
4641696
4791093
4940728
5090314
5239959
5389781
5539107
5688581
5838373
5987690
6137077
6286777
6436588
6585904
6735285
6885201
7034580
7184025
7333817
7483413
151489
301363
450800
600183
750274
899514
1048916
1198241
1347801
1497671
1647126
1797299
1946431
2095544
2245130
2394374
2543506
2693005
2842602
2992413
3141528
3291075
3440414
3590177
3740273
3889556
4039104
4188380
4338037
4487353
4636632
4786412
4935563
5084668
5234207
5383721
5533012
5682348
5831972
5981150
6130371
6279878
6429167
6578460
6727794
6877260
7026433
7175910
7325462
7474691
152229
302481
452035
601512
751417
900852
1050422
1200581
1350208
1499684
1649146
1798961
1948526
2098197
2247970
2397561
2547150
2696885
2846303
2995823
3145632
3295452
3444849
3594542
3744455
3894152
4044116
4194024
4343711
4493243
4642674
4792441
4942060
5091632
5241529
5391209
5540882
5690676
5840093
5989580
6139448
6289508
6438918
6588366
6738300
6888072
7037665
7187651
7337260
7486698
151391
300135
448935
597839
747000
896044
1044826
1193777
1342379
1491117
1640323
1788908
1937536
2086180
2235187
2383757
2532595
2681764
2830391
2978950
3127891
3276506
3425250
3573969
3722902
3872057
4020760
4169671
4318279
4467135
4616442
4765170
4913881
5062574
5211639
5360207
5508945
5657977
5806794
5955415
6104165
6253137
6402150
6551253
6700375
6849171
6997878
7146788
7295403
7444162
152240
302077
451326
601376
750746
900146
1049986
1200023
1349528
1498875
1648610
1798086
1947629
2097449
2246765
2396210
2545528
2695106
2844483
2994094
3144178
3293561
3442964
3592621
3742114
3891510
4041090
4190888
4340266
4489520
4639098
4788470
4938038
5087545
5237287
5386818
5536317
5685958
5835275
5984834
6134813
6284482
6433784
6583311
6733146
6882609
7032207
7182297
7331870
7481175
138048
271614
405895
545507
679206
812650
946333
1080542
1220379
1353947
1488359
1622944
1762121
1895770
2030514
2164463
2298003
2436912
2571305
2705666
2839566
2977759
3112374
3246239
3380014
3516330
3652751
3786643
3920388
4054974
4192996
4326700
4460863
4595410
4734083
4867502
5001161
5135841
5269412
5408773
5543156
5676773
5810603
5949239
6083560
6217548
6351540
6485661
6624685
6758963
158436
318987
474834
630895
787227
947008
1102817
1259130
1414832
1575259
1731799
1887400
2042981
2203221
2359131
2514823
2675484
2831954
2988072
3143771
3304266
3459961
3615944
3772158
3931904
4087696
4249154
4408852
4565040
4721685
4877371
5032994
5189284
5344975
5500902
5656930
5813013
5969244
6124874
6281001
6436948
6593225
6749335
6905032
7060719
7217129
7372778
7528860
7685056
7840780
158030
314428
469957
625891
782181
937806
1093633
1249683
1405115
1560698
1716442
1872461
2027821
2183332
2339572
2495109
2651047
2807299
2962793
3118416
3274630
3430234
3585942
3741879
3897362
4052831
4208245
4364155
4519666
4675446
4831487
4986955
5142486
5298985
5454406
5610150
5766292
5921833
6077307
6232703
6389289
6544879
6700666
6856589
7012286
7168081
7324383
7479911
7635643
7791673
158261
314283
470912
626529
783162
939713
1095484
1251134
1407725
1563786
1719810
1876400
2032096
2187702
2343445
2499673
2655347
2811343
2967943
3123865
3279773
3436271
3592099
3747966
3904406
4060185
4215659
4371838
4527706
4683555
4839289
4995819
5151687
5307310
5463483
5619264
5775231
5931718
6087229
6242962
6399265
6554910
6710747
6866723
7022729
7178491
7334039
7490659
7646703
7802676
158148
313838
469737
625746
781555
937011
1093224
1248580
1403971
1560145
1715703
1871308
2027466
2183335
2338716
2494763
2651230
2807076
2963270
3119218
3275363
3430570
3586518
3742204
3897870
4054046
4209433
4364915
4521161
4676396
4831931
4988086
5143419
5299014
5454242
5610783
5766176
5921760
6077703
6233178
6388369
6544203
6699659
6855331
7011436
7166649
7322264
7477914
7633416
7788962
158864
313976
471219
630069
785318
941080
1096981
1252358
1407842
1563001
1718920
1874288
2030091
2186029
2341481
2496853
2652690
2808613
2964053
3120033
3275442
3430795
3585951
3742038
3897737
4053008
4209332
4364510
4519627
4675224
4830468
4986469
5142334
5297697
5453033
5608948
5764459
5919982
6075735
6231881
6387262
6542597
6698434
6853630
7009020
7164918
7320367
7475860
7631593
7786727
158206
314264
469713
625249
781537
936892
1092535
1248802
1404531
1559871
1715463
1871562
2027280
2182579
2338707
2494805
2650317
2806382
2961924
3117730
3273798
3429481
3585006
3741110
3896442
4052135
4207862
4363918
4519587
4674871
4831444
4986929
5142525
5298577
5454144
5609864
5765916
5921321
6077500
6233566
6389653
6545129
6700649
6856587
7012229
7168211
7324468
7480182
7635603
7791758
158291
313609
470005
625637
781188
937327
1092877
1248632
1404601
1560196
1715790
1872053
2027662
2183427
2339313
2495200
2650543
2805932
2962223
3118271
3274072
3430536
3586324
3741675
3897591
4053157
4209165
4365188
4520498
4675948
4831823
4987711
5143446
5298892
5455093
5610527
5765930
5922148
6077707
6233303
6389309
6544828
6700248
6856179
7012086
7167831
7323189
7479230
7634781
7790562
157778
313335
469840
625628
780663
935806
1091646
1247109
1402683
1558677
1713898
1869247
2025099
2180347
2335825
2491664
2646696
2801878
2957291
3113503
3269447
3424930
3580764
3736409
3891423
4047375
4202794
4358226
4514260
4669448
4824520
4980305
5135570
5291056
5446284
5602102
5757228
5912427
6068155
6223513
6378706
6534610
6689640
6844840
7000508
7155779
7311515
7467301
7623127
7778552
158557
313865
469483
625536
780794
936015
1107994
1301135
1466408
1622999
1778430
1933680
2088935
2245456
2401288
2556534
2713350
2868720
3023813
3179717
3335624
3491304
3647112
3802525
3957817
4113643
4268881
4424269
4579624
4735433
4890555
5045695
5201608
5357493
5512968
5668901
5824311
5979476
6135721
6291062
6446736
6601977
6757743
6913043
7068206
7224135
7379562
7534914
7690767
7846056
183408
362733
546659
726771
906003
1084972
1269698
1449810
1629039
1813896
1993523
2173880
2358141
2537806
2718325
2897701
3081771
3264080
3443798
3628167
3808474
3988007
4173705
4353671
4533550
4717742
4897995
5077585
5258068
5442459
5621937
5802035
5985578
6166286
6346136
6530399
6710529
6889703
7068682
7253543
7433771
7612899
7798380
7978100
8157207
8342871
8522847
8703544
8882540
9066599
165652
328220
497048
659197
821103
988028
1151040
1313617
1475234
1643183
1805253
1967327
2130864
2293116
2455297
2618929
2781291
2943232
3107062
3269585
3431412
3594289
3756252
3918285
4081703
4244367
4406162
4568885
4730748
4892621
5055412
5218028
5380893
5544082
5705939
5867993
6032020
6194640
6357202
6520123
6682333
6844077
7006959
7169061
7331726
7493294
7656033
7817918
7979896
8142734
164696
326924
488088
648920
811050
972905
1134016
1295824
1456850
1617735
1780034
1941231
2102176
2264065
2425192
2586210
2746984
2909150
3070359
3231249
3392826
3553703
3714500
3876316
4037401
4198136
4360050
4521169
4681857
4843611
5005079
5166153
5327625
5488669
5649510
5812157
5973225
6134155
6296016
6457032
6617944
6779883
6940982
7101896
7263953
7425650
7586303
7747288
7909291
8071671
174072
344732
515242
686827
857785
1028811
1199980
1370105
1540606
1712451
1883093
2053557
2225462
2396125
2566397
2738228
2909105
3079374
3250669
3421359
3591913
3763017
3933421
4104680
4275049
4445187
4616826
4787490
4957587
5129076
5299684
5470163
5641064
5811927
5982201
6153023
6323656
6494043
6665066
6835540
7006284
7177580
7348039
7518761
7690566
7861317
8031599
8203079
8373476
8544078
183394
362887
544310
723975
903190
1083838
1264083
1443418
1623733
1802698
1983034
2162811
2341941
2522222
2701397
2880320
3060555
3240530
3419519
3599892
3779342
3959309
4139261
4318476
4499011
4678121
4857469
5037801
5217626
5396763
5577653
5757386
5936336
6117094
6296406
6476672
6656078
6835668
7015943
7195844
7375416
7555723
7735291
7914712
8095063
8274498
8453675
8634186
8813419
8994150
184313
366583
548473
730297
912606
1094362
1276415
1459869
1641639
1823300
2006238
2188856
2371369
2553209
2734432
2917232
3099301
3281086
3463363
3645113
3826418
4009136
4190561
4372707
4554556
4736242
4919098
5100682
5281988
5464362
5645809
5827137
6010012
6191717
6373642
6555384
6736841
6919171
7100840
7282540
7464803
7646223
7827749
8010590
8193134
8375008
8557738
8739230
8922332
9104641
178217
352873
527437
707659
903058
1082905
1258667
1432872
1607533
1783976
1958199
2133600
2309286
2483445
2657856
2834319
3009425
3184555
3359681
3534048
3709716
3884529
4059047
4234295
4408650
4583680
4759632
4934261
5108628
5284589
5459084
5633700
5809972
5984903
6159130
6334860
6509508
6684980
6860267
7035183
7210639
7386045
7560580
7736468
7910929
8085083
8260714
8435092
8609524
8785526
153647
304707
455004
605059
755000
907653
1058005
1208613
1360033
1509985
1660308
1813290
1964061
2113895
2263995
2416144
2566008
2715812
2868047
3018879
3169003
3321240
3471848
3622046
3771720
3924828
4075967
4226960
4378396
4528934
4679390
4831366
4981673
5131878
5282250
5433884
5583848
5733805
5885899
6036433
6186578
6337832
6488528
6638501
6788328
6940096
7090490
7240998
7391730
7541530
194916
386339
577726
770577
961412
1153357
1345623
1536260
1728338
1920432
2111422
2304098
2495530
2687452
2878416
3069903
3262638
3453374
3645034
3837029
4027846
4220990
4413013
4603532
4795226
4986235
5178096
5370650
5562808
5754814
5947391
6139684
6333155
6524707
6717213
6908833
7100123
7292834
7483727
7675265
7866567
8057693
8250374
8442546
8633696
8826308
9018445
9211016
9402176
9594024
190960
379673
569984
758524
946684
1136068
1324550
1513685
1702331
1890815
2079459
2267515
2455803
2645543
2833660
3023021
3211020
3399061
3588742
3776751
3965371
4154543
4343536
4532667
4721126
4909665
5098721
5287013
5476294
5664541
5853134
6042447
6232087
6419948
6610198
6798523
6987025
7175348
7363687
7553094
7741686
7930001
8119065
8307348
8497164
8685737
8874090
9063550
9251562
9439508
