464
916
1367
1819
2271
2722
3173
3640
4092
4543
4994
5445
5896
6348
6799
7240
7721
8172
8623
9074
9525
9977
10429
10881
11363
11787
12212
12637
13062
13487
13912
14336
14761
15194
15619
16047
16476
16900
17325
17750
18176
18601
19025
19471
19896
20321
20746
21171
21596
22021
418
689
922
1189
1490
1794
2012
2232
2452
2672
2890
3109
3327
3545
3763
3981
4199
4416
4633
4938
5347
5747
6147
6546
6945
7345
7745
8145
8544
8954
9354
9753
10152
10551
10950
11350
11750
12149
12548
12941
13241
13541
13841
14169
14464
14682
14900
15118
15336
15640
306
606
906
1229
1528
1827
2126
2426
2726
3026
3326
3626
3926
4226
4526
4826
5149
5448
5747
6046
6346
6645
6944
7243
7542
7842
8142
8442
8742
9064
9351
9638
9926
10214
10502
10790
11078
11366
11654
11942
12230
12518
12806
13102
13389
13677
13965
14253
14541
14829
295
585
875
1165
1455
1745
2042
2331
2621
2911
3201
3491
3781
4070
4359
4649
4939
5228
5517
5806
6103
6382
6661
6940
7218
7496
7775
8053
8331
8609
8888
9166
9445
9724
10007
10285
10564
10843
11122
11401
11680
11959
12238
12517
12796
13075
13353
13631
13915
14193
283
560
837
1114
1392
1669
1946
2223
2500
2777
3055
3332
3620
3887
4154
4421
4688
4955
5222
5489
5756
6023
6290
6557
6824
7091
7358
7629
7896
8163
8430
8697
8964
9230
9497
9764
10031
10298
10565
10831
11098
11365
11636
11903
12170
12437
12704
12970
13237
13504
272
539
806
1073
1339
1605
1883
2140
2397
2653
2909
3166
3423
3680
3937
4194
4451
4708
4965
5222
5479
5736
5997
6254
6511
6767
7024
7281
7538
7795
8052
8309
8566
8823
9080
9337
9594
9856
10113
10369
10626
10883
11140
11397
11654
11911
12168
12425
12682
12939
262
519
787
1035
1283
1530
1777
2025
2273
2520
2767
3015
3262
3510
3757
4004
4252
4500
4753
5000
5247
5494
5742
5990
6238
6486
6734
6982
7230
7477
7724
7972
8221
8471
8729
8978
9226
9473
9720
9968
10216
10463
10710
10957
11205
11453
11702
11952
12201
12436
229
453
683
904
1125
1346
1567
1788
2009
2230
2451
2673
2894
3115
3336
3557
3778
4014
4257
4501
4744
4987
5230
5473
5716
5960
6203
6447
6690
6933
7176
7419
7662
7904
8167
8410
8653
8896
9139
9382
9625
9869
10112
10355
10598
10841
11084
11327
11570
11814
223
435
648
914
1156
1391
1617
1856
2089
2321
2554
2786
3019
3251
3483
3728
3969
4191
4419
4656
4902
5120
5338
5556
5774
5993
6211
6429
6648
6866
7084
7302
7520
7739
7962
8198
8430
8663
8895
9128
9360
9593
9825
10070
10302
10534
10766
10999
11231
11464
238
483
709
936
1162
1389
1615
1842
2068
2295
2521
2747
2973
3199
3426
3652
3878
4104
4342
4555
4768
4981
5194
5408
5634
5871
6128
6351
6587
6812
7038
7265
7491
7718
7944
8171
8421
8647
8875
9088
9302
9515
9745
9984
10208
10428
10647
10866
11086
11306
890
1748
2620
3479
4351
5216
6074
6931
7790
8669
9512
10354
11226
12090
12948
13782
14617
15468
16304
17149
17982
18822
19653
20506
21337
22168
23000
23831
24667
25476
26318
27140
27986
28802
29610
30421
31233
32048
32868
33678
34496
35304
36112
36920
37706
38492
39279
40065
40855
41641
795
1637
2519
3330
4140
4951
5777
6595
7382
8169
8956
9744
10535
11322
12130
12918
13705
14498
15285
16073
16878
17722
18514
19386
20174
20961
21781
22681
23474
24261
25048
25835
26627
27409
28175
28940
29705
30476
31241
32007
32789
33581
34409
35176
36050
36816
37609
38435
39298
40086
794
1589
2376
3163
3950
4715
5485
6251
7017
7783
8618
9388
10154
10947
11801
12601
13394
14211
15071
15864
16651
17443
18229
19016
19808
20589
21355
22125
22890
23656
24429
25242
26013
26779
27544
28386
29191
29968
30749
31618
32405
33192
34003
34790
35576
36354
37135
37923
38689
39454
852
1643
2426
3209
3993
4755
5616
6387
7170
7953
8768
9593
10376
11159
11942
12726
13516
14292
15054
15816
16650
17416
18179
18966
19749
20532
21315
22201
22989
23772
24587
25429
26208
26994
27776
28558
29345
30136
30905
31668
32515
33298
34086
34869
35652
36426
37188
37971
38823
39594
793
1686
2471
3256
4040
4825
5615
6388
7167
7930
8770
9559
10344
11129
11914
12677
13444
14207
14970
15834
16615
17407
18229
19076
19859
20643
21432
22215
23000
23789
24552
25319
26081
26843
27606
28369
29132
29900
30663
31426
32295
33079
33868
34653
35438
36217
36981
37750
38514
39278
789
1579
2346
3113
3880
4646
5417
6184
6950
7716
8483
9249
10020
10787
11554
12320
13087
13859
14626
15393
16159
16926
17697
18464
19231
19998
20765
21536
22303
23070
23837
24604
25376
26158
26925
27692
28458
29225
30013
30779
31546
32312
33078
33866
34633
35399
36165
36932
37721
38487
770
1542
2337
3100
3863
4626
5390
6154
6939
7703
8467
9231
9995
10765
11529
12293
13057
13821
14589
15353
16117
16881
17645
18413
19178
19942
20706
21470
22234
23003
23766
24530
25295
26059
26828
27592
28373
29136
29900
30669
31433
32197
32962
33726
34496
35260
36024
36788
37552
38321
768
1530
2293
3055
3823
4586
5348
6111
6873
7641
8404
9166
9928
10690
11456
12218
12981
13743
14505
15267
16034
16796
17559
18321
19084
19852
20615
21377
22157
22919
23686
24448
25211
25973
26735
27502
28264
29035
29806
30569
31331
32098
32861
33623
34386
35148
35915
36693
37456
38218
775
1537
2299
3061
3823
4585
5353
6116
6878
7640
8403
9170
9932
10694
11457
12219
12986
13748
14510
15272
16034
16801
17562
18324
19086
19848
20614
21376
22138
22900
23680
24442
25208
25970
26733
27495
28257
29024
29787
30549
31311
32090
32856
33618
34380
35142
35904
36670
37432
38194
774
1541
2315
3083
3851
4619
5388
6160
6928
7695
8463
9231
10008
10785
11560
12328
13096
13869
14637
15405
16173
16941
17709
18500
19268
20036
20804
21572
22344
23112
23881
24649
25417
26191
26959
27728
28496
29265
30037
30805
31573
32341
33109
33882
34650
35418
36186
36954
37722
38495
1743
3484
5236
6975
8710
10626
12477
14392
16252
18092
19902
21637
23394
25180
27009
28792
30545
32279
34077
35836
37683
39472
41257
42996
44748
46488
48321
50081
51865
53641
55408
57240
59029
60774
62514
64249
65988
67723
69575
71424
73269
75058
76842
78597
80331
82249
84084
85887
87627
89362
1741
3480
5213
7003
8758
10492
12263
13997
15753
17486
19227
20992
22726
24480
26213
27952
29686
31423
33157
34891
36628
38361
40100
41834
43571
45304
47038
48776
50509
52247
53980
55718
57451
59184
60922
62656
64394
66127
67864
69598
71336
73069
74802
76572
78322
80060
81793
83531
85264
86997
1742
3481
5215
6952
8686
10420
12159
13893
15631
17364
19102
20836
22569
24308
26042
27780
29514
31252
32985
34719
36458
38192
39930
41664
43402
45136
46870
48615
50348
52086
53820
55558
57292
59031
60765
62499
64237
65971
67709
69443
71182
72916
74650
76388
78122
79860
81594
83332
85066
86800
1767
3516
5259
7007
8750
10494
12242
13986
15733
17476
19224
20967
22711
24459
26202
27950
29694
31442
33185
34933
36677
38420
40168
41911
43659
45402
47149
48893
50636
52383
54127
55875
57618
59365
61109
62856
64599
66342
68107
69850
71597
73340
75087
76831
78574
80322
82065
83812
85556
87303
1743
3486
5222
6962
8699
10440
12209
13946
15705
17441
19198
20935
22693
24429
26188
27925
29662
31420
33157
34898
36634
38375
40112
41848
43589
45343
47083
48819
50560
52296
54032
55773
57510
59251
60987
62729
64465
66206
67943
69679
71420
73156
74897
76633
78409
80146
81882
83623
85360
87101
1749
3485
5221
6960
8695
10437
12172
13911
15647
17383
19138
20874
22650
24438
26334
28158
29990
31803
33616
35589
37513
39363
41167
42964
44700
46475
48211
49978
51713
53449
55206
56960
58719
60455
62196
63932
65668
67408
69144
70884
72619
74391
76127
77867
79603
81339
83079
84815
86555
88291
1746
3479
5217
6950
8688
10438
12176
13909
15643
17381
19114
20868
22601
24338
26071
27805
29579
31313
33067
34801
36554
38287
40020
41759
43509
45263
46996
48733
50466
52204
53937
55670
57409
59142
60913
62646
64456
66232
68013
69769
71502
73256
74989
76762
78533
80369
82170
84032
85852
87665
1897
3809
5787
7676
9604
11617
13513
15445
17351
19222
21095
22998
24856
26750
28619
30461
32362
34267
36206
38123
39974
41817
43664
45579
47495
49395
51284
53167
55046
56950
58972
60885
62797
64661
66521
68439
70300
72157
74111
76004
77846
79709
81592
83548
85457
87376
89219
91107
92957
94848
1859
3719
5554
7410
9194
11010
12794
14607
16391
18175
20012
21796
23600
25384
27172
28955
30743
32527
34305
36046
37782
39522
41258
42998
44734
46475
48211
49963
51702
53438
55178
56931
58672
60408
62144
63884
65619
67376
69112
70853
72589
74325
76065
77801
79541
81276
83034
84770
86510
88245
1747
3481
5220
6953
8686
10440
12173
13911
15645
17384
19118
20852
22591
24325
26081
27815
29554
31288
33026
34759
36493
38231
39965
41721
43455
45193
46927
48661
50399
52133
53872
55606
57361
59094
60827
62565
64299
66038
67772
69511
71260
73033
74767
76501
78257
79991
81747
83481
85236
86970
3073
6143
9388
12756
15976
19066
22379
25673
28915
32003
35067
38137
41304
44537
47679
50753
53918
57099
60219
63319
66387
69473
72543
75612
78677
81847
85004
88072
91136
94205
97299
100378
103450
106519
109589
112675
115744
118809
121895
124964
128050
131114
134201
137270
140339
143438
146507
149575
152643
155713
3112
6197
9278
12364
15449
18551
21637
24718
27803
30888
33991
37071
40156
43318
46420
49501
52624
55726
58958
62135
65216
68345
71461
74574
77706
80786
83891
87009
90111
93191
96277
99361
102445
105526
108611
111712
114796
117898
120978
124063
127148
130234
133314
136398
139482
142584
145668
148748
151850
154936
3084
6159
9235
12304
15378
18485
21561
24636
27723
30797
33873
36952
40022
43096
46500
49754
52903
55972
59261
62426
65516
68591
71661
74736
77811
80887
83956
87030
90105
93197
96266
99340
102414
105489
108563
111632
114706
117799
120891
123960
127033
130108
133183
136252
139326
142402
145511
148585
151654
154729
3070
6137
9204
12270
15336
18398
21465
24531
27615
30692
33776
36859
39943
43004
46088
49172
52276
55343
58405
61471
64553
67620
70683
73749
76816
79883
82945
86012
89095
92162
95256
98323
101389
104456
107522
110599
113700
116767
119833
122895
125979
129047
132113
135175
138247
141314
144381
147447
150509
153576
3071
6139
9207
12274
15336
18403
21470
24536
27618
30680
33747
36830
39913
42975
46069
49154
52238
55300
58367
61434
64503
67589
70651
73773
76856
79939
83000
86084
89168
92268
95330
98414
101514
104599
107683
110745
113812
116880
119947
123009
126076
129166
132250
135345
138411
141511
144578
147644
150706
153790
3089
6175
9277
12379
15463
18543
21628
24712
27796
30876
33961
37046
40132
43229
46349
49434
52518
55603
58700
61786
64871
67956
71036
74121
77222
80312
83397
86494
89579
92664
95765
98846
101930
105015
108099
111180
114265
117351
120435
123536
126616
129702
132787
135871
138951
142053
145154
148270
151374
154455
3102
6174
9252
12327
15403
18475
21843
25092
28250
31355
34600
37846
40946
44039
47114
50184
53259
56336
59411
62481
65572
68649
71724
74799
77870
80964
84057
87133
90204
93280
96355
99446
102517
105593
108668
111743
114819
117890
120965
124040
127116
130187
133279
136354
139430
142501
145576
148651
151727
154802
3079
6149
9214
12283
15352
18422
21496
24561
27630
30699
33768
36833
39902
42972
46041
49106
52174
55244
58313
61378
64446
67515
70583
73651
76715
79784
82853
85921
88985
92055
95124
98226
101290
104432
107537
110639
113726
116790
119875
122961
126031
129096
132165
135234
138304
141385
144453
147522
150592
153660
3078
6148
9212
12280
15381
18450
21514
24582
27650
30720
33788
36852
39920
43007
46076
49140
52225
55310
58378
61442
64510
67579
70648
73733
76798
79867
82935
86021
89085
92154
95222
98291
101355
104425
107493
110561
113631
116695
119764
122836
125905
128968
132036
135105
138175
141256
144324
147392
150479
153563
3103
6198
9288
12382
15475
18586
21680
24770
27880
30974
34067
37157
40250
43345
46438
49543
52636
55731
58825
61936
65026
68121
71232
74326
77415
80509
83620
86714
89808
92897
96007
99100
102194
105283
108397
111508
114635
117778
120866
123976
127105
130199
133288
136381
139475
142569
145657
148750
151990
155340
4865
10083
15201
20055
25054
30144
35193
39996
44944
49805
54661
59461
64272
69073
73873
78679
83478
88311
93111
97910
102750
107550
112369
117170
121987
126815
131675
136493
141313
146132
150974
155776
160576
165376
170182
174983
179783
184584
189408
194229
199061
203884
208704
213503
218307
223141
227941
232741
237542
242348
4799
9587
14374
19159
23944
28734
33520
38306
43109
47895
52685
57488
62273
67062
71849
76680
81467
86255
91044
95832
100624
105413
110218
115005
119793
124586
129376
134164
138952
143759
148552
153341
158161
162966
167773
172618
177425
182213
187000
191790
196582
201371
206177
210965
215754
220563
225351
230139
234927
239716
4849
9630
14410
19191
23971
28757
33554
38333
43121
47908
52694
57492
62271
67050
71828
76631
81409
86193
90972
95752
100537
105694
110716
115499
120280
125317
130179
134959
139739
144651
149506
154304
159116
163914
168697
173478
178274
183053
187833
192617
197398
202178
206959
211775
216559
221340
226119
230897
235678
240461
4854
9673
14493
19312
24137
28956
33775
38595
43413
48236
53054
57871
62689
67508
72332
77150
81968
86788
91621
96505
101356
106191
111029
115866
120709
125528
130364
135184
140003
144827
149645
154463
159283
164123
168941
173757
178575
183394
188235
193054
197872
202690
207509
212331
217167
222002
226820
231640
236461
241280
4804
9598
14390
19205
23997
28819
33630
38457
43289
48082
52873
57666
62459
67256
72064
76872
81665
86474
91271
96063
100855
105647
110461
115262
120090
124922
129737
134548
139363
144159
148971
153820
158629
163462
168272
173105
177903
182713
187512
192305
197099
201892
206685
211506
216595
221653
226470
231298
236321
241246
4813
9598
14387
19170
23953
28755
33541
38347
43147
47931
52716
57515
62337
67139
71940
76744
81529
86318
91134
95917
100703
105503
110325
115125
119934
124737
129538
134328
139111
143894
148679
153463
158251
163035
167818
172602
177386
182176
186960
191791
196593
201394
206218
211003
215804
220589
225373
230163
234947
239731
4794
9574
14378
19159
23940
28721
33502
38289
43134
47966
52764
57594
62415
67213
72012
76810
81625
86412
91193
95974
100755
105535
110320
115118
119901
124682
129463
134254
139037
143819
148618
153399
158201
162982
167831
172628
177427
182264
187045
191829
196609
201390
206172
210958
215739
220520
225300
230099
234918
239701
4852
9693
14533
19378
24218
29057
33899
38743
43601
48448
53297
58138
62983
67825
72663
77503
82373
87720
92919
97826
102706
107551
112391
117250
122091
126936
131776
136615
141456
146303
151164
156002
160841
165681
170518
175362
180199
185053
189891
194734
199573
204428
209268
214118
218967
223805
228644
233531
238388
243268
4828
9709
14510
19308
24113
28912
33710
38509
43340
48144
52942
57741
62556
67370
72209
77027
81843
86645
91445
96249
101065
105865
110682
115480
120285
125085
129901
134735
139555
144357
149288
154220
159022
163828
168647
173447
178319
183163
188019
192837
197652
202451
207250
212053
216852
221650
226448
231270
236162
240992
4804
9614
14403
19197
23986
28775
33565
38353
43164
47951
52740
57550
62339
67132
71920
76708
81497
86302
91096
95884
100673
105461
110267
115060
119866
124655
129444
134232
139025
143832
148621
153428
158217
163016
167806
172597
177389
182180
186992
191865
197153
202188
207076
211899
216688
221477
226266
231060
235851
240657
7130
14281
21454
28928
35949
43254
50233
57211
64187
71148
78111
85074
92078
99043
106005
112967
119923
126885
133847
140808
147766
154728
161708
168672
175637
182599
189635
196632
203606
210585
217548
224526
231484
238445
245407
252387
259362
266325
273287
280249
287207
294186
301148
308104
315066
322060
329075
336048
343028
349991
7044
14075
21091
28100
35132
42146
49159
56170
63184
70199
77219
84247
91261
98275
105289
112314
119330
126345
133359
140402
147451
154518
161549
168611
175622
182654
189701
197385
204790
211816
218896
225945
232994
240003
247018
254048
261063
268103
275117
282165
289179
296205
303263
310277
317310
324321
331401
338473
345545
352579
6980
13944
20913
27903
34904
41866
48834
55802
62769
69732
76699
83668
90655
97618
104587
111554
118522
125501
132469
139470
146455
153419
160386
167354
174322
181303
188271
195238
202202
209169
216137
223122
230090
237059
244083
251052
258015
264984
271953
278939
285903
292887
299856
306824
313786
320755
327741
334709
341688
348656
6984
13965
20962
27943
34935
41917
48899
55875
62856
69852
76833
84420
91720
98933
105971
112987
120063
127055
134090
141083
148060
155032
162008
168984
175959
182966
189958
196935
203911
210882
217858
224833
231805
238781
245757
252734
259705
266683
273658
280634
287621
294598
301575
308550
315522
322497
329473
336449
343420
350414
6964
13923
20882
27882
34837
41846
48839
55817
62789
69749
76728
83699
90694
97696
104656
111610
118570
125563
132520
139475
146449
153410
160387
167343
174302
181260
188219
195173
202133
209093
216123
223079
230053
237014
243993
250965
257968
265006
272001
278989
285970
292931
299889
306844
313843
320869
328484
335587
342921
349896
7010
14011
21030
28027
35029
42029
49064
56101
63129
70131
77131
84149
91162
98163
105163
112163
119159
126158
133158
140159
147154
154155
161155
168155
175151
182185
189228
196263
203261
210262
217264
224282
231295
238297
245297
252315
259310
266311
273328
280328
287324
294325
301326
308344
315355
322391
329427
336446
343442
350443
7015
14014
20996
27978
34955
41969
49002
56136
63183
70200
77201
84204
91180
98179
105160
112159
119136
126118
133117
140098
147093
154075
161074
168056
175033
182033
189013
196012
202990
209972
217568
224664
231881
238930
245911
252893
259887
266869
273850
280849
287824
294806
301788
308774
315752
322733
329715
336697
343688
350679
6972
13937
20904
27952
34912
41878
48842
55853
62844
69846
76848
83830
90808
97773
104740
111706
118667
125649
132630
139595
146573
153556
160579
167573
174540
181507
188492
195452
202489
209490
216490
223484
230496
237496
244502
251518
258518
265483
272482
279442
286425
293390
300354
307315
314281
321263
328229
335190
342173
349138
6962
13913
20896
27841
34792
41742
48705
55656
62623
69575
76520
83505
90455
97447
104624
112107
119077
126361
133329
140274
147250
154201
161151
168098
175050
182019
188987
195934
202886
209837
216806
223752
230704
237655
244601
251553
258504
265456
272401
279352
286303
293254
300200
307151
314103
321054
328000
334969
341920
349066
7061
14080
21093
28130
35148
42171
49217
56236
63254
70271
77311
84337
91356
98375
105389
112425
119442
126478
133492
140511
147529
154546
161561
168578
175613
182630
189668
196687
203705
210741
217754
224789
231808
238826
245839
252856
259892
266911
273962
280976
287995
295031
302052
309082
316099
323134
330152
337165
344184
351625
10575
20735
31077
40880
50828
60528
70233
79985
89704
99443
109143
118886
128632
138404
148140
157843
167549
177280
187083
196792
206498
216217
225937
235644
245347
255054
264755
274461
284180
293881
303619
313337
323043
332760
342464
352183
361883
371590
381310
391016
400719
410441
420158
429859
439566
449285
458994
468711
478485
488221
9689
19420
29151
38889
48568
58253
67946
77624
87306
97633
107494
117379
127251
137112
146867
156563
166262
175939
185616
195316
205012
214700
224378
234061
243738
253432
263116
272792
282475
292154
301831
311530
321208
330908
340585
350268
359964
369658
379341
389019
398703
408396
418096
427774
437453
447152
456829
466531
476209
485892
9915
19720
29431
39136
48828
58596
68372
78060
87764
97471
107234
116926
126666
136445
146201
155943
165674
175380
185085
194835
205156
215310
225006
234722
244450
254217
263943
273694
283399
293094
302785
312481
322189
331879
341573
351265
360958
370682
380430
390153
399844
409574
419281
429008
438732
448464
458156
467847
477541
487251
9764
19532
29288
39040
48792
58566
68318
78073
87840
97596
107348
117102
126869
136620
146434
156237
166046
175815
185570
195322
205109
214860
224611
234367
244134
253895
263647
273420
283171
292926
302693
313163
323295
333050
342820
352571
362327
372096
381853
391603
401359
411127
420884
430651
440403
450157
459927
469734
479521
489277
9737
19445
29157
38898
48610
58316
68027
77750
87458
97238
106962
116690
126414
136145
145853
155674
165415
175157
184868
194598
204427
214133
223862
233570
243311
253055
262816
272580
282288
291999
301724
311431
321162
330869
340615
350323
360051
369775
379484
389195
398902
408647
418353
428066
437774
447481
457210
466916
476646
486354
9709
19405
29124
38825
48519
58218
67912
77611
87305
96999
106696
116390
126107
135802
145502
155204
164978
174731
184426
194161
203880
213595
223308
233005
242703
252400
262118
271814
281516
291229
300925
310624
320316
330048
339742
349441
359153
368848
378548
388244
397944
407654
417369
427063
436774
446472
456168
465868
475580
485274
9716
19453
29161
38881
48611
58315
68018
77726
87446
97153
106872
116614
126362
136086
145826
155531
165314
175050
184793
194514
204240
213982
223701
233407
243127
252885
262589
272295
282015
291719
301461
311172
320888
330607
340330
350034
359738
369480
379200
388908
398611
408318
418038
427759
437467
447171
456877
466616
476356
486090
9752
19517
29261
39028
48789
58543
68305
78069
87845
97590
107339
117100
126847
136591
146341
156135
165930
175774
185568
195334
205080
214829
224642
234407
244151
253896
263642
273387
283136
292880
302629
312374
322125
331887
341630
351378
361123
370872
380616
390397
400192
409971
419720
429483
439232
448976
458741
468502
478250
487994
9711
19416
29150
38872
48571
58276
67994
77700
87406
97106
106812
116529
126269
135969
145670
155394
165096
174847
184607
194363
204062
213763
223524
233279
242983
252700
262404
272104
281805
291528
301228
310932
320649
330355
340055
349754
359476
369176
378882
388583
398288
407988
417689
427394
437094
446800
456500
466206
475907
485626
9702
19391
29101
38808
48495
58188
67878
77588
87277
96976
106664
116351
126063
135752
145463
155151
164845
174552
184294
194056
203776
213471
223175
232905
242630
252351
262063
271816
281508
291213
300906
310594
320300
329993
339682
349379
359067
368778
378467
388172
397866
407552
417245
426934
436642
446331
456020
465713
475403
485096
13974
27761
41006
53951
66843
79733
92624
105537
118435
131343
144303
157212
170110
183055
196039
208996
221892
234825
247782
260672
273585
286477
299367
312276
325183
338079
350969
363860
376770
389748
402691
415583
428507
441435
454327
467236
480158
493116
506029
518936
531874
544814
557743
570634
583526
596417
609890
623126
636034
648924
12932
25853
38896
51859
64840
77812
90770
103707
116646
129567
142494
155449
168388
181309
194235
207157
220102
233041
245997
258924
271863
284784
297721
310665
323602
336540
349527
362534
375457
388395
401316
414241
427179
440101
453040
465981
478979
491919
504846
517804
530784
543860
557537
570897
583890
596813
609755
622686
635612
648536
12911
25832
38735
51660
64580
77489
90409
103311
116237
129140
142043
154962
167886
180807
193708
206626
219533
232435
245336
258239
271158
284064
296964
309879
322779
335701
348647
361597
374575
387538
400481
413380
426297
439214
452118
465054
477952
491672
504720
518039
530938
543842
556742
569658
582560
595481
608403
621303
634219
647151
12929
25834
38743
51647
64534
77453
90361
103266
116170
129088
141991
154898
167837
180776
193687
206579
219609
232597
245519
258450
271352
284238
297122
310043
322955
335858
348743
361629
374519
387437
400323
413242
426210
440173
453076
465962
478851
491773
504660
517545
530435
543321
556224
569107
582027
595003
607888
620791
633678
646569
12898
25828
38723
51615
64587
77551
90457
103347
116268
129158
142053
154960
167851
180742
193655
206561
219469
232358
245253
258165
271056
283964
296857
309753
322677
335567
348475
361366
374375
388282
401188
414116
427006
439912
452821
465716
478658
491618
504542
517448
530361
543270
556163
569144
582124
595042
608028
620917
633844
646752
12955
25945
38938
51897
64876
77833
90789
103747
116798
129807
142748
155695
168640
181597
194555
207512
220454
233415
246356
259313
272273
285219
298160
311101
324890
338236
351175
364132
377123
390129
403086
416122
429137
442078
455035
467991
480934
493874
506831
519771
532732
545670
558608
571568
584553
597516
610456
623413
636354
649299
12916
25823
38743
51663
64582
77488
90464
103452
116355
129280
142182
155099
168018
180937
193918
206839
219742
232644
245550
258576
272590
285659
298577
311479
324382
337307
350211
363130
376032
388933
401857
414758
427659
440578
453503
466424
479326
492228
505187
518095
531018
543937
556840
569764
582666
595585
608505
621413
634349
647317
12912
25800
38689
51576
64468
77390
90336
103275
116208
129096
142034
154938
167831
180718
193604
207207
220584
233488
246393
259280
272172
285076
297965
310888
323780
336667
349586
362474
375384
388292
401234
414176
427083
440007
452894
465780
478685
491572
504481
517369
530307
543211
556105
569030
581919
594884
607864
620754
633789
646678
12917
25827
38721
51637
64529
77502
90448
103380
116289
129248
142176
156064
169403
182362
195279
208188
221081
233982
246912
259803
272695
285621
298529
311501
324446
337337
350229
363125
376033
388942
401834
414743
427640
440620
453563
466474
479424
492315
505242
518152
531049
543958
556849
569741
582650
595547
608439
621349
634241
647154
12952
25917
38862
51805
64749
77704
90772
104519
117829
130790
143733
156677
169625
182569
195528
208506
221482
234526
247470
260432
273389
286446
299443
312446
325425
338379
351339
364283
377284
390304
403248
416208
429151
442115
455058
468001
480962
493957
506951
519913
532856
545838
558862
571858
584838
597789
610732
623693
636635
649600
18340
35670
53023
70257
87272
104237
121387
138442
155457
172438
189426
206397
223380
240362
257346
274315
291301
308265
325266
342236
359220
376186
393187
410167
427171
444157
461173
478140
495128
512110
529091
546107
563145
580130
597133
614099
631479
649081
666100
683089
700060
717027
733991
750980
767946
784930
801914
818902
835868
852852
16970
33930
50893
67860
84914
101884
118833
135784
152838
169806
186773
203722
220710
237659
254705
271725
288716
305667
322648
339600
356557
374706
391690
408663
425614
442582
459550
476523
493474
510471
527591
544547
561530
578547
595630
612609
629559
646543
663495
680480
697505
714508
731458
748447
765616
782649
799664
816671
833638
850623
16963
33966
51006
67965
84918
102379
120115
137104
154076
171030
187988
204942
222048
239083
256118
273071
290042
306995
323971
340924
357944
374953
392003
409033
426018
442971
459930
476899
493853
510826
527818
544857
561809
578779
595736
612708
629660
646632
663586
680559
697550
715496
732505
749460
766417
783389
800347
817334
834302
851308
17127
34251
51360
68419
85497
102508
119559
136569
153603
170615
187667
204677
221721
238748
255762
272772
289784
306811
323843
340852
357862
374895
391905
408918
425928
443905
461293
478321
495336
512346
529433
546528
563558
580588
597597
614625
631641
648669
665684
682711
699768
716849
733861
750893
767906
784916
801927
818958
836015
853043
16996
33962
50952
67920
84928
101987
119007
136075
153187
170280
188402
205428
222395
239398
256370
273356
290324
307319
324303
341292
358261
375246
392214
409203
426170
443173
460141
477132
494100
511105
528073
545079
562048
579032
596049
613074
630043
647110
664173
681232
698234
715219
732186
749158
766127
783744
801079
818052
835087
852105
16974
33943
50898
67866
84833
101801
118751
135754
152704
169671
186621
203594
220642
238095
255190
272161
289112
306162
323230
340229
357226
374193
391149
408114
425064
442032
458987
475942
492890
509840
526887
543854
560806
577840
594831
611798
628748
645717
662667
679640
696608
713557
730510
747482
764457
781416
798474
815568
832572
849523
16973
33940
50943
67951
84901
101885
118843
135804
152760
169731
186686
203643
220604
237559
254512
271515
288520
305475
322447
339419
356498
373553
390526
407500
424459
441551
458645
475634
492661
509717
526724
543713
560756
577729
594683
611659
628621
645594
662549
679559
696602
713593
730567
747522
764498
781454
798590
815688
832770
849726
17043
34055
51065
68093
85328
102407
119418
136446
153479
170505
187514
204541
221556
238583
255594
272629
289638
306715
323779
341001
358013
375078
392156
409223
426232
443258
460266
477298
494324
511365
528394
545445
562457
579539
596661
613703
630778
647856
664873
681885
698911
715922
732954
749964
766991
784001
801039
818049
835108
852188
16975
34050
51208
68242
85230
102213
119186
136170
153137
170170
187201
204184
221289
238403
255394
272377
289344
306310
323283
340251
357220
374186
391159
408143
425111
442098
459072
476058
493025
510009
526981
544086
561088
578056
595064
612071
629072
646111
663134
680101
697105
714143
731260
748276
765244
782210
799217
816185
833168
850176
16980
33931
50881
67836
84791
101757
118709
135662
152612
169580
186528
203500
220449
237418
254384
271357
288307
305275
322226
339199
356262
373296
390329
407304
424252
441219
458167
475138
492088
509056
526020
542988
559941
576907
593875
610818
627766
644794
661755
678731
695680
712625
729588
746532
763514
780473
797451
814415
831382
848424
22461
44762
66230
87639
109173
130621
152033
173486
194915
216325
237798
259243
280654
302070
323498
345003
366470
387881
409297
430727
452138
473553
495093
516539
537972
559401
580812
602955
624750
646167
667595
689006
710438
731851
753271
774702
796130
817576
838998
860423
881840
903283
924789
946209
967622
989107
1010661
1032155
1053587
1075125
21479
42977
64455
85920
108352
130339
151801
173310
194849
216351
237855
259354
280820
302323
323790
345257
366757
388220
409838
431357
452822
474293
495779
517251
538732
560192
581658
603139
624617
646085
667567
689069
711339
733294
754777
776275
797848
819424
840911
862438
883905
905571
927134
948608
970098
991580
1013045
1034582
1056097
1077563
21425
42839
64273
85686
107127
128551
149958
171389
192802
215127
237050
258497
279932
301510
323072
344506
365961
387379
408810
430223
451640
473087
494503
515921
537353
558769
580204
601615
623103
644569
666001
687436
708865
730314
751751
773182
794655
816922
838529
859966
881420
902856
924270
945768
967254
988666
1010097
1031532
1052948
1074377
21395
42825
64223
85613
107006
128402
149795
171287
192701
214192
235690
257084
278493
299925
321373
343998
365426
386818
408248
429658
451052
472481
493889
515314
536756
558153
579544
600974
622533
644052
665482
686875
708272
729909
751301
772715
794106
815500
836913
858316
879711
901117
922656
945036
966447
987860
1009248
1030658
1052053
1073450
21434
42855
64259
85683
107103
128604
150094
171514
192915
214327
235744
257154
278568
299978
321405
342835
364261
385674
407103
428511
451389
472815
494232
515675
537134
558564
580009
601511
623032
644618
666076
687485
708981
730465
751980
773463
794872
816282
837698
859182
880590
902005
923415
944893
966377
987788
1009218
1030650
1053094
1074542
21479
43098
64599
86066
107616
129115
150650
172173
193657
215144
236608
258096
279576
301043
322528
344115
365662
387131
408612
430104
451617
473196
494686
516168
537739
560562
582176
603660
625145
646631
668121
689604
711105
732564
754045
775506
796982
818461
839925
861406
882875
904341
925807
947274
968754
990221
1011683
1033228
1054794
1076275
21496
42925
65416
87229
108660
130079
151509
172961
194424
215906
237326
258756
280185
301604
323051
344504
365955
387388
408802
430221
451835
473345
494835
516384
537905
559354
580818
602258
623671
645123
667224
688920
710374
731791
753226
774674
796087
817540
838970
860389
881828
903257
924688
946201
967699
989116
1010529
1031942
1053360
1074789
21415
42825
64216
85629
107041
128470
149902
172023
193773
215194
236582
258021
279472
300905
322319
343711
365455
386911
408305
429735
451142
472532
493945
515339
536735
558233
579644
601036
622451
643860
665266
686681
708090
729486
750933
773444
794907
816378
837772
859268
880750
902160
923564
944969
966365
987757
1009183
1030579
1051975
1073388
21414
42817
64225
85835
107279
128682
150103
171542
192979
214415
235830
257272
279971
301819
323251
344676
366102
387560
408970
430397
451827
473243
494707
516141
537550
559062
580513
601922
623337
644847
666256
687670
709080
730508
751938
773472
794917
816349
837774
859204
881346
903107
924571
946119
967551
988981
1010406
1031837
1053295
1074823
21487
42962
64427
85919
107472
128974
150444
172020
193596
215125
236596
258058
279541
301009
322488
343971
365429
387869
409843
431307
452810
474274
495809
517392
538907
560425
581955
603438
624923
646387
667874
689494
710958
732426
753889
775353
796820
818301
839768
861248
882709
904178
925661
947143
968630
990761
1012596
1034079
1055581
1077109
28115
54474
80694
106845
132964
159152
185229
211362
237521
263691
289860
315957
342044
368123
394289
420415
446515
472609
498691
524786
550903
577035
604114
630283
656378
682478
708556
734656
760753
786854
812940
839035
865113
891247
917325
943421
969553
995664
1021863
1047960
1074067
1100411
1126511
1152623
1178724
1205694
1232145
1258245
1284458
1310582
26097
52178
78279
104354
130418
156476
182582
208641
234720
260928
287031
313105
339286
365380
391443
417518
443580
470659
497090
523186
549266
575508
601586
627669
653796
679892
705950
732015
758363
784442
810522
836598
862744
888803
914915
940972
967139
993214
1019294
1045411
1072099
1098546
1124620
1150722
1176796
1202962
1229038
1255212
1281342
1307410
26087
52184
78260
104364
130543
156617
182728
208817
235051
261140
287217
313321
340514
367031
393146
419362
445556
471650
497747
523843
549938
576013
602086
628164
654241
680331
706407
732555
758651
784741
810820
836947
863040
889134
915227
942382
968654
994753
1020842
1046920
1073007
1099118
1125192
1151269
1177358
1203434
1229504
1255603
1281692
1307769
26186
52324
78485
104806
131022
157180
183350
209767
237013
263173
289330
315489
341658
368003
394200
420439
446605
472745
498888
525029
551190
577330
603620
629816
655955
682133
708310
734470
760645
786806
813586
840215
866495
892669
918829
944990
971152
997323
1023591
1049803
1075977
1102398
1128628
1154772
1180914
1207097
1233253
1259415
1285569
1311713
26110
52203
78414
105750
131855
157956
184051
210152
236231
262406
288593
314677
340756
366842
392925
419026
445122
471207
497304
523404
549505
575635
601735
627864
654016
680547
707365
733466
759608
785926
812045
838232
864310
890417
916496
942799
968969
995090
1021171
1047357
1073503
1099738
1125838
1151935
1178054
1204169
1230269
1256363
1283085
1309693
26099
52177
78264
104345
130423
156507
182598
208745
234911
261107
287206
313282
339380
365571
391654
417727
443982
470128
496245
522319
548419
575869
601953
628034
654092
683249
710981
737390
763471
789666
815907
841971
868266
894366
920448
946644
972760
998968
1025063
1051158
1077515
1103663
1129971
1157196
1183745
1210012
1236398
1263272
1289383
1315464
26116
52198
78292
104545
130739
156955
183107
209201
235298
261392
287508
313599
339775
365883
391977
418844
445675
471800
498054
524167
550401
576483
602654
628843
654924
681005
707100
733175
759269
785362
811459
837553
863633
889725
915919
942063
968160
994269
1020971
1047580
1073692
1099949
1126279
1152376
1178470
1204649
1230760
1256839
1282916
1308997
26174
52337
78518
104760
130961
157104
183387
209554
235724
261890
288313
315890
342058
368262
394479
420642
446810
473021
499232
525377
551528
577728
603873
630023
656200
682403
708567
734737
760931
787391
813592
839865
866033
892931
919847
946135
972438
998630
1024791
1050941
1077103
1103269
1129413
1155563
1181757
1207902
1234071
1260237
1286540
1312738
26201
52288
78388
104509
130794
157051
184408
210529
236909
263058
289165
315303
341460
367657
393747
419851
446170
472358
498474
524841
550947
577053
603157
629280
655366
681490
707593
733817
759904
785994
812100
838220
864344
890460
916598
942920
969162
995282
1021393
1047495
1073827
1099964
1126254
1152342
1178714
1205065
1232221
1258470
1284570
1310680
26161
52504
78652
104826
131054
157155
183306
209710
235997
262086
288179
314330
340759
366921
393054
419270
445449
471526
498956
528323
556903
587332
617863
646837
675365
702192
728681
755133
781521
807849
834389
860968
887222
913625
939686
966012
992176
1018319
1044852
1072403
1099879
1127049
1154059
1181013
1207612
1233757
1259853
1285936
1311996
1338061
33688
65386
97006
128633
160277
191919
223629
255427
287141
318771
350452
382095
413739
445381
477067
508737
540411
572056
604549
636348
668031
699672
731345
763119
794800
826525
859397
892082
925543
957934
989881
1021849
1053609
1085639
1117277
1150260
1182735
1215876
1248648
1280844
1312470
1345086
1376951
1408603
1441190
1473027
1505117
1537073
1568835
1601029
32194
64411
96294
128386
160485
193652
225785
257502
289711
321733
353434
385832
417636
449376
481213
512999
544766
576543
608243
640103
671888
703588
735289
767791
800094
831813
863490
896930
928788
960471
992194
1023943
1055646
1087341
1119098
1150958
1182760
1214444
1246166
1277848
1309549
1341250
1374231
1406152
1437852
1469619
1501360
1533061
1564829
1596549
31967
63605
95260
126902
158537
190174
221829
253481
285182
316869
349635
381808
413546
445201
476838
508609
540511
572182
603837
635479
667115
698769
730406
762052
793738
825531
857187
888826
920481
953044
985098
1016870
1048596
1080268
1111907
1143533
1175170
1206907
1238546
1270184
1301937
1333607
1365244
1397204
1429797
1461946
1493643
1525413
1557910
1589893
31652
63261
94900
126521
158124
189743
221364
252983
284603
316227
347848
379497
411295
443039
474814
506524
539258
571356
602978
634585
666203
697911
729543
761163
792919
824559
856244
888020
919865
951482
983101
1014742
1046381
1078006
1109608
1142064
1174060
1205683
1237408
1269009
1300633
1332242
1363895
1395525
1427318
1458940
1490663
1522302
1553924
1585552
31639
63266
94980
127528
159707
191369
223008
254619
286288
318109
349808
381437
413067
444686
476433
508061
539705
571331
602991
634634
666260
697920
730471
762336
794076
825754
857391
889021
920677
952338
983964
1015592
1047221
1078882
1110614
1142323
1174090
1205719
1237340
1269095
1300813
1333249
1365006
1396634
1428262
1459871
1491480
1523113
1554739
1586367
31743
63475
95167
126888
158733
191035
222796
254541
286230
318870
351298
383007
414707
446395
478137
509831
541629
573372
605102
636814
668592
700453
732299
763991
795699
827393
859137
890846
923458
955593
987304
1018999
1050695
1082460
1114235
1145943
1177777
1209646
1241371
1273167
1304896
1336605
1368381
1400109
1431843
1463556
1495390
1527967
1560170
1591941
31714
63418
95309
126930
158572
190214
221853
253487
285126
316783
348407
380046
411702
443344
474987
507717
539754
571508
603256
634881
666536
698177
729816
761451
793090
824748
856377
888032
919688
951380
983120
1014896
1046599
1078436
1110938
1143020
1174777
1206415
1238038
1269673
1301299
1332940
1364584
1396223
1427882
1459518
1491140
1522794
1554464
1586362
31720
63388
95004
126618
158253
189902
221504
253142
284779
316412
348154
379779
411396
443157
475028
506765
538416
570066
601703
633322
664921
696624
728259
759881
791481
823082
854701
886298
917917
949635
981495
1013115
1044733
1076367
1107996
1139615
1171216
1202834
1234498
1266116
1297740
1329532
1361169
1392768
1424405
1456022
1487928
1519546
1551168
1582786
31758
63433
95086
126724
158381
190046
221688
253329
284990
316632
348418
380199
411844
443593
475218
506855
538497
570137
601824
633518
665262
696924
728700
760405
792118
823833
855478
887268
918922
950572
982200
1013823
1045482
1077194
1108869
1140514
1172157
1203785
1235445
1267206
1298844
1330519
1362249
1393978
1425622
1457270
1489038
1520733
1552358
1584361
31979
63779
95598
127426
159162
190897
222691
254649
286439
318175
349922
381658
413393
445129
476900
508637
540376
572099
603815
635583
667321
699055
730825
762814
794603
826422
858207
890157
921994
953779
985639
1017418
1049214
1081003
1112757
1144567
1176289
1208196
1240023
1271894
1303670
1335442
1367283
1399043
1430782
1462677
1494436
1526153
1558016
1589758
38910
76332
113762
151252
188591
225956
263317
300698
338193
375585
413369
450785
488161
525601
563071
601915
639445
676934
714299
751791
789187
826618
863988
901346
938713
976102
1013548
1050912
1088299
1125672
1163248
1201870
1239646
1277042
1314411
1351851
1389293
1426757
1464140
1501632
1539013
1576493
1613994
1651506
1688880
1726262
1763675
1802134
1839517
1876856
37581
74918
112276
149613
186989
224351
261921
299344
336717
374121
411473
448835
487846
525313
562669
600136
637472
674848
712225
749847
787216
824597
862008
899364
936742
974111
1011482
1048891
1087122
1124964
1162355
1199842
1237299
1274687
1312043
1349380
1386774
1424233
1461607
1499028
1536507
1573859
1611312
1648707
1687041
1724869
1762377
1799732
1837092
1874447
37372
74771
112160
149538
186927
224299
261676
299081
336592
374022
413197
450604
487977
525369
562734
600137
637512
674970
712444
749832
787303
824684
862202
899576
936940
974329
1013032
1050404
1087782
1125157
1162510
1199898
1237258
1274647
1312067
1349724
1387102
1424482
1461871
1499276
1536809
1574216
1612847
1650306
1687759
1725242
1762659
1800142
1837627
1875052
37485
75054
112592
150057
187505
224948
262432
301854
339352
376823
414329
451923
489359
526856
564323
601758
639349
676804
714255
751738
789324
826808
864383
902976
940654
978136
1015603
1053039
1090474
1127927
1165425
1202873
1240381
1277884
1315354
1352806
1390324
1427906
1465517
1504183
1541716
1579220
1616673
1654120
1691596
1729054
1766552
1804055
1841528
1879153
37551
74962
112356
149765
188887
226279
263680
301052
338415
375767
413259
450631
488091
525558
563013
600391
637760
675165
712525
749928
788679
826183
863633
901047
938401
975819
1013295
1050811
1088182
1125621
1163029
1200436
1237825
1275196
1312606
1349993
1388475
1425901
1463252
1500773
1538251
1575673
1613070
1650477
1687861
1725234
1762657
1800118
1837555
1875084
37393
76357
114146
151700
189071
226421
263763
301110
338492
376001
413462
450843
488213
525589
562948
600397
637911
676232
714137
751503
788919
826313
863655
901036
938497
975967
1013416
1050793
1088251
1125801
1163281
1200662
1238020
1276156
1313968
1351428
1388792
1426154
1463496
1500848
1538207
1575634
1613016
1650513
1688012
1725373
1762953
1800369
1837743
1875138
37402
74846
112249
149630
187086
224555
261997
299414
336793
374168
411540
448916
486287
523660
561035
598405
635784
673538
711953
749702
787088
824532
861939
899333
936745
974181
1011603
1049015
1086483
1123897
1161321
1198691
1236308
1273696
1311067
1348424
1385815
1423187
1460579
1497951
1535342
1572721
1610210
1647585
1685106
1722478
1759979
1797349
1834769
1872198
37487
74955
112515
150020
187630
225117
262651
300102
337698
375205
412788
450295
487750
525235
562670
600133
637564
675015
712462
749993
787488
824991
862528
899974
937422
974931
1012414
1049867
1087321
1124770
1162297
1199768
1237197
1274690
1312238
1349829
1387298
1424747
1462195
1499647
1537114
1574583
1612047
1649495
1686929
1724396
1761858
1799331
1836977
1874463
37417
74851
112331
149703
187139
224541
262079
299474
336859
374302
411783
449318
486686
524042
561393
598895
636345
673717
711212
748701
786169
823611
861011
898518
936004
973391
1010777
1048169
1085587
1123126
1160543
1197914
1235291
1272694
1310106
1347502
1384903
1422309
1459861
1497232
1534602
1572164
1609532
1646901
1684368
1721720
1759077
1796486
1833856
1871726
37631
75023
112393
149749
187194
224613
262107
299622
337066
374494
411850
449261
486651
524002
561530
598892
636249
673599
711026
748525
786163
823638
861123
898719
936072
973441
1010838
1048321
1085659
1123033
1160386
1197737
1235095
1272562
1310023
1347408
1384861
1422302
1459777
1497111
1534575
1571981
1609330
1646771
1684130
1721466
1758823
1796175
1833550
1871013
45195
88964
132923
176712
220460
264215
307988
351744
395461
439266
483181
526916
570741
616489
660485
704261
748012
791769
835533
879334
923170
966895
1010735
1054530
1098265
1142276
1187491
1231283
1275023
1318833
1362604
1406359
1450203
1494072
1537822
1581654
1625505
1669420
1713166
1756989
1802336
1846079
1889874
1933647
1977379
2021233
2064991
2108752
2152719
2196456
43890
87720
131533
177618
221477
265452
309406
353252
397114
441032
484830
528629
572444
616270
660118
703993
747823
793018
836880
880706
924661
968485
1012270
1056074
1099853
1143669
1187448
1231312
1275123
1319066
1364011
1408222
1452084
1495925
1539797
1583603
1627458
1671279
1715064
1758959
1802858
1846705
1890514
1934475
1979510
2023323
2067179
2110975
2154820
2198619
43937
87754
131560
175386
219168
262902
306615
352224
395948
439691
483414
527187
571000
614747
658455
702317
746060
789801
833544
877263
921185
965892
1009686
1053427
1097224
1141096
1184958
1228700
1272399
1316168
1359893
1403633
1447354
1491114
1535882
1579602
1623386
1667199
1711090
1754938
1798654
1842387
1886154
1929927
1973763
2017714
2061473
2105364
2150514
2194459
43840
87546
131319
175023
218731
262421
306133
350016
393816
437578
481466
527244
570954
614747
658565
702327
746071
789862
833572
877379
921142
965138
1008865
1052590
1096505
1141504
1185286
1229011
1272738
1316466
1360194
1403895
1447678
1491492
1535349
1579110
1622836
1666610
1711529
1755311
1799146
1842939
1886763
1930480
1974359
2018094
2061802
2105496
2149241
2192970
43857
89890
133725
177463
221327
265215
309005
352741
396459
440290
484066
527825
571620
615374
659241
704442
748386
792182
835956
879712
923484
967343
1011087
1054881
1098676
1142456
1186221
1230045
1274460
1318969
1362708
1406478
1450251
1494120
1537939
1581757
1625525
1669328
1713059
1756950
1800684
1844506
1889081
1933172
1977002
2020786
2064650
2108521
2152313
2196084
44072
87868
131657
175470
219265
263078
306938
350786
394742
438656
482545
526584
570362
614238
658044
701831
745617
789406
833224
877134
921037
964828
1008737
1052557
1096369
1140165
1183958
1227756
1271565
1315518
1359354
1403232
1447044
1490848
1534823
1578671
1622481
1666291
1710102
1753894
1797663
1841457
1885232
1929054
1972840
2016819
2060730
2104550
2148328
2192125
44195
87963
131688
175454
219153
262870
306955
350673
394445
438198
481933
525685
569441
613223
656997
700746
744446
788263
832014
875830
919549
963282
1007037
1050859
1094699
1138438
1182233
1225956
1269694
1313581
1357283
1400989
1444700
1488415
1532149
1575864
1619580
1663334
1707084
1750820
1794787
1838567
1882264
1925987
1969686
2013400
2057137
2100904
2144616
2188405
43848
87728
131456
175183
218904
262617
306323
350015
393849
437561
482206
527152
571737
615519
659247
703050
746777
790516
834260
878046
921928
965741
1009595
1053361
1097369
1141150
1184995
1228747
1272461
1316174
1359905
1403676
1447380
1491223
1534917
1578785
1622615
1666495
1710318
1754089
1797915
1841679
1885547
1929274
1973037
2016862
2060952
2104893
2148588
2192351
43828
87563
131352
175108
218877
262631
306404
350317
394131
437881
481617
525352
569233
613108
656961
700719
744530
788306
832035
876161
919930
963681
1007435
1051244
1094999
1138738
1182613
1226365
1270153
1313913
1357820
1401570
1445303
1490100
1535286
1579168
1622919
1666714
1710449
1754224
1797981
1841822
1885643
1929383
1973141
2016996
2060777
2104531
2148267
2192016
43975
87758
131865
175676
219493
263307
307170
350992
394846
438743
482539
526490
570326
614208
658062
701837
745616
789408
833222
877229
921043
964955
1008852
1052698
1096661
1140632
1184446
1228239
1272119
1315997
1359803
1403701
1447520
1491342
1535176
1579131
1623052
1666894
1710812
1754824
1798678
1842614
1886398
1930208
1974000
2017846
2061782
2105597
2149747
2193639
57849
113078
168465
223713
279000
334304
389652
444952
500220
555396
612099
667338
722562
777793
832988
888275
943556
998813
1054040
1109322
1164663
1221278
1276621
1331837
1387118
1442407
1497604
1552799
1608028
1663274
1718585
1774139
1830456
1885769
1941098
1996318
2051493
2106723
2161995
2217423
2272777
2328002
2384209
2439922
2495133
2550353
2605549
2660801
2716068
2771281
55413
110864
166849
223461
278758
334021
389463
444739
500075
555344
610914
666198
721480
778458
833788
889014
944284
999568
1054818
1110240
1165507
1220791
1276089
1331457
1388535
1443848
1499193
1554445
1609882
1665110
1720464
1775737
1831182
1886466
1941749
1998702
2054004
2109429
2164707
2219979
2275333
2330688
2386133
2441432
2496861
2552265
2609500
2664769
2720018
2775293
55236
110418
165619
220823
276115
331514
388850
444156
499349
554653
609852
665243
720449
775730
831055
886283
941599
998714
1053994
1109290
1164489
1219697
1274865
1330207
1385452
1440713
1495998
1551332
1607975
1663328
1718553
1773742
1829076
1884343
1939519
1994709
2049900
2105194
2161251
2217023
2272302
2327834
2383029
2438207
2493384
2548733
2604013
2659298
2714544
2771133
55574
110870
166194
221557
276837
332128
387528
442810
498248
555034
610734
666027
721367
776829
832209
887598
942939
998416
1053815
1109104
1165970
1221286
1276543
1331873
1387190
1442455
1497891
1553185
1608459
1663799
1719149
1775828
1831226
1886555
1941833
1997371
2052623
2107903
2163197
2218488
2273768
2329116
2385789
2441064
2496530
2551814
2607072
2662384
2717678
2773091
55487
110785
166156
221513
276835
332122
387374
442613
497952
553225
608477
663859
719229
774513
829783
885056
940456
995720
1051024
1106259
1161531
1216930
1272190
1327443
1382682
1437932
1493188
1548453
1603662
1658894
1714273
1769529
1824783
1880032
1935388
1990666
2045934
2101203
2156498
2211864
2267154
2322402
2377668
2432921
2488201
2543452
2598741
2653991
2709468
2764708
55309
110522
165752
221068
276336
331534
386975
442151
497352
552533
607697
662883
718169
773445
828625
883971
939252
994472
1049743
1104963
1160225
1215579
1270814
1326009
1381405
1436776
1491971
1547185
1602381
1657582
1712872
1768101
1823260
1878546
1933784
1989052
2044282
2099541
2154845
2210091
2265330
2320524
2376020
2431315
2486534
2541755
2597091
2652359
2707645
2762916
55308
110799
165992
221241
276449
331731
386971
442247
497478
552656
608050
663299
718484
773654
828835
884012
939237
994467
1049716
1105079
1160308
1215617
1270834
1326076
1381293
1436566
1491766
1547006
1602481
1657668
1712850
1768142
1823377
1878553
1933755
1989016
2044179
2099582
2154795
2209988
2265326
2320589
2375801
2431147
2486506
2541691
2596998
2652311
2707537
2762740
54413
108730
163009
217420
271817
326200
380475
434779
489135
543607
598012
652400
706706
761039
815488
869776
924079
978371
1032686
1086969
1141297
1195579
1249890
1304406
1358703
1413030
1467315
1521675
1576009
1630332
1684616
1738938
1793481
1847781
1902089
1956462
2010807
2065262
2119687
2173975
2228309
2282889
2337246
2391529
2445866
2500181
2554519
2608940
2663240
2717542
54900
109297
163735
218239
272684
327138
381606
436037
490568
545177
599613
654045
708513
763014
817464
871983
926395
980808
1035393
1089949
1144386
1198828
1253441
1307877
1362331
1416868
1471421
1525966
1580492
1634917
1689337
1743832
1798333
1852832
1907246
1961762
2016266
2070893
2125340
2179773
2234261
2288713
2343174
2397711
2452194
2506684
2561343
2615782
2670267
2724752
55404
110654
165866
221180
276750
331967
387162
442409
497676
552915
608130
663302
718496
773808
829009
884182
939379
994609
1049838
1105144
1160336
1215571
1270910
1326127
1381344
1436592
1491784
1547067
1602269
1657471
1712750
1768064
1823344
1878560
1933907
1989123
2044338
2099553
2154739
2209915
2265194
2320477
2375702
2430946
2486163
2541357
2596629
2651805
2706988
2762273
58690
116644
174671
232725
290845
348782
406708
464732
522689
581646
640106
698025
755978
813952
871915
929837
988024
1045949
1103964
1161972
1221234
1279274
1337291
1395280
1453286
1511475
1569415
1627352
1685256
1743171
1802479
1860396
1918345
1976424
2034495
2092455
2150395
2208417
2266463
2324536
2383578
2441555
2499657
2557585
2615505
2673447
2731361
2789316
2847265
2905165
59691
117710
175777
233905
292111
350196
408248
466290
524415
582534
641747
699763
757858
815959
874009
932086
990131
1048298
1106321
1164437
1222525
1281979
1340208
1398259
1456324
1514416
1572705
1630725
1688778
1746810
1804847
1864077
1922132
1980163
2038377
2096412
2154570
2212619
2270712
2328771
2386840
2445980
2504091
2562420
2620510
2678564
2736601
2794640
2852686
2910790
58014
117506
175405
233312
291373
349313
407412
465343
523330
581371
639287
698383
756321
814199
872128
930060
987982
1045898
1103939
1161799
1219900
1278321
1336780
1394743
1452665
1510527
1568511
1626494
1684482
1742444
1800320
1858207
1917346
1975246
2033372
2091813
2149785
2207670
2265584
2323710
2381701
2439583
2498712
2556614
2614682
2672577
2730474
2788474
2846571
2904479
57985
115897
175367
233431
291408
349408
407339
465292
523190
581092
639123
697039
756021
813932
871830
929709
987609
1045513
1103426
1161613
1219581
1277472
1336210
1394712
1452757
1510792
1568906
1626909
1684893
1742775
1800755
1858630
1916509
1975662
2033571
2091447
2149572
2207465
2265396
2323304
2381245
2439270
2497250
2555165
2613099
2671267
2729201
2787117
2845122
2903031
58103
116038
173966
232072
290220
348176
406323
464293
522452
580395
638337
696356
754296
812213
870178
928132
986146
1044097
1102054
1159987
1218062
1275976
1333932
1391887
1449865
1507867
1565804
1623722
1681687
1739767
1797703
1855610
1913556
1971600
2029545
2087501
2145457
2203534
2261603
2319586
2377541
2435541
2493529
2551467
2609416
2667340
2725527
2783471
2841386
2899331
58190
116172
174150
232180
290455
348501
406532
464608
522643
580727
638728
696733
754860
812934
870950
928974
987001
1045056
1103157
1161212
1219230
1277407
1335389
1393436
1451546
1509621
1567794
1625811
1683886
1741904
1800057
1858072
1916160
1974154
2032245
2090295
2148312
2206341
2264513
2322661
2380680
2438712
2496754
2554956
2613149
2671162
2729183
2787349
2845388
2903530
58169
116194
174082
231960
289931
348004
405938
463834
521804
579722
637724
695628
753551
811542
869500
927416
985322
1043305
1101248
1159183
1217173
1275095
1333215
1391084
1449125
1507071
1565038
1622993
1680879
1738767
1796700
1854983
1912865
1970852
2028717
2086622
2144541
2202445
2260394
2318480
2376475
2434394
2492311
2550378
2608311
2666322
2724221
2782124
2840193
2898222
58325
116247
174183
232184
290068
347993
406068
463978
521895
579860
637783
695884
753931
812023
870052
928135
986061
1043988
1101906
1159844
1217846
1275849
1333783
1391836
1449737
1507679
1565722
1623657
1681772
1739716
1797643
1855545
1913620
1971523
2029430
2087332
2145237
2203164
2261092
2319094
2377105
2435072
2493173
2551093
2609013
2666954
2725135
2783024
2840981
2899077
58076
116037
174043
232008
289936
347857
405760
463854
521810
579748
637852
695800
753957
811928
869862
927765
985835
1043769
1101697
1159629
1217599
1275572
1333488
1391435
1449488
1507412
1565327
1623308
1681264
1739267
1797187
1855127
1913071
1971135
2029069
2086996
2145040
2202966
2260933
2318871
2376827
2434842
2492863
2550820
2608767
2666732
2724704
2782642
2840637
2898583
58331
116329
174346
232371
290385
348388
406373
464548
522704
580732
638761
696831
754861
812929
871054
929236
987474
1045624
1103654
1161677
1219723
1277763
1335764
1393897
1452022
1510225
1568308
1626423
1684564
1742676
1800768
1858818
1916909
1974938
2033218
2091213
2149197
2207292
2265314
2323347
2381371
2439422
2497483
2558061
2623107
2685082
2746900
2810452
2872636
2934157
87711
172104
255909
339638
423100
506352
593297
677054
760501
844152
927508
1011032
1095101
1181527
1273149
1360942
1444674
1528450
1612541
1696438
1782404
1867285
1950750
2035088
2119400
2202608
2286325
2372391
2456515
2549227
2634473
2714584
2794754
2874858
2956346
3038604
3118617
3198560
3278489
3358442
3438335
3518373
3605042
3703615
3788261
3872317
3956406
4040705
4124625
4210953
85607
170132
255207
341298
425985
512600
600312
700068
786592
871392
956154
1040983
1128527
1213443
1298535
1383087
1467537
1551859
1636037
1722528
1807960
1892396
1987828
2071431
2153394
2234585
2320086
2402956
2485050
2566530
2647794
2728899
2810226
2891454
2974224
3055410
3136568
3220455
3307249
3393205
3474501
3557314
3638464
3720808
3802237
3884682
3965848
4047576
4130518
4211701
72337
143933
215573
287332
360356
431922
507040
578648
650792
722477
794069
865946
937541
1011193
1085168
1156782
1228640
1300283
1371848
1443376
1515225
1586802
1659627
1731592
1803196
1874769
1947892
2019737
2091354
2162979
2234889
2308311
2381987
2460354
2532271
2603888
2675623
2747208
2818787
2893350
2971455
3043216
3114819
3186509
3258220
3329999
3404396
3482417
3554316
3625878
76300
154924
228314
301712
376147
449837
523337
596879
670312
743720
817477
893701
972070
1045519
1119028
1192486
1265903
1339439
1412978
1486447
1561115
1634596
1707999
1781454
1855103
1928608
2001993
2075602
2149062
2222486
2295937
2370068
2446159
2525173
2598652
2672110
2745542
2818962
2892584
2966010
3039445
3112949
3186337
3259750
3333211
3408193
3486276
3561644
3635122
3708575
75189
150356
225255
300399
375332
450225
525117
601394
681192
758559
833539
908498
985522
1067494
1142985
1217859
1293020
1368000
1442946
1517873
1592953
1667973
1742938
1817822
1892714
1967634
2042580
2117765
2192720
2270169
2352751
2427803
2505510
2591189
2683942
2771207
2852320
2933480
3013811
3094099
3174215
3254202
3335741
3419839
3500510
3580224
3661200
3742537
3828524
3910311
94761
180721
266095
349149
432042
514919
597811
682852
766580
849676
932516
1015584
1098383
1181811
1265081
1357599
1437831
1517913
1598192
1678803
1759002
1840599
1920973
2001121
2081264
2161647
2241876
2321980
2402118
2482350
2562454
2642680
2722854
2803110
2883511
2963664
3043809
3123959
3204291
3284378
3364612
3444820
3525028
3605169
3685496
3765633
3845838
3925996
4006162
4086321
72124
143534
215045
286470
357864
429253
501038
573173
644662
716236
787679
859135
930511
1002080
1073658
1145183
1216636
1288112
1359510
1430920
1502459
1573964
1645510
1716936
1788354
1859747
1931201
2002832
2074345
2145750
2217149
2288586
2360021
2431442
2502995
2574514
2645944
2717453
2788893
2860416
2931817
3003340
3074793
3146200
3217601
3289019
3360485
3431993
3503536
3575103
74153
147769
221471
295015
368587
442429
516034
589586
663200
736962
810579
884382
958059
1031704
1105375
1179075
1252822
1326425
1400447
1474034
1547708
1621328
1694926
1768511
1842070
1916203
1989878
2063956
2137545
2211167
2284823
2358565
2432603
2506206
2579929
2653618
2727280
2800880
2874476
2948430
3022059
3096049
3169649
3243283
3316927
3390832
3464620
3538201
3611865
3685487
72464
144528
216839
288917
360846
432857
504739
576642
648760
720718
792569
864526
936427
1008314
1080283
1152599
1224579
1296512
1368518
1440402
1512357
1584317
1656335
1728306
1800215
1872211
1944099
2015983
2087892
2160177
2232219
2304140
2376122
2448014
2519897
2591950
2664105
2736042
2808138
2880056
2952056
3023940
3096028
3168191
3240141
3312376
3384439
3456363
3528522
3600484
77819
155028
232214
309390
386770
464023
541777
619075
696275
773445
850644
927740
1005121
1082519
1159675
1237022
1314183
1391571
1468816
1546681
1623971
1701216
1778459
1855617
1932818
2010185
2087490
2164654
2241934
2319119
2396327
2473537
2551148
2628391
2705581
2783053
2860185
2937338
3014714
3091966
3169226
3246393
3323509
3400889
3478325
3556560
3633792
3711139
3788335
3865487
85443
169558
253744
337810
421865
505958
592521
676600
760695
844897
928956
1012952
1097326
1183632
1267648
1351653
1435689
1519813
1604110
1688151
1774607
1858816
1943001
2027136
2111516
2195683
2279666
2365279
2449727
2533732
2618243
2702324
2786327
2870550
2954633
3040779
3125095
3209105
3293664
3377640
3461589
3545612
3632112
3716328
3800561
3884674
3968673
4052667
4136973
4223022
84853
169019
253075
337574
421646
508156
592202
676290
760404
844843
928844
1012952
1098632
1183131
1267314
1351853
1436079
1520210
1604237
1690183
1774425
1858678
1942726
2026802
2110766
2194799
2278930
2365521
2449691
2533747
2617802
2701765
2785856
2870066
2956193
3040223
3124257
3208263
3292275
3376608
3460902
3547261
3631331
3715458
3799459
3883681
3967686
4051967
4138104
4222118
84883
168900
252888
336844
422759
507128
591569
675520
759496
843402
927337
1012445
1097533
1181772
1265828
1349869
1433795
1517751
1601973
1687957
1771940
1855997
1939958
2024008
2108328
2192354
2278177
2362097
2446093
2530112
2614292
2698213
2782424
2866369
2950371
3034533
3118785
3202912
3286953
3370909
3454883
3538823
3623093
3707047
3791076
3875027
3959045
4043040
4127208
4211251
84756
168802
252858
337133
421138
505177
589238
673223
757284
841471
925611
1009724
1093867
1177851
1262024
1346127
1430199
1514243
1598336
1682336
1767103
1851346
1935325
2019409
2103413
2187433
2271459
2355733
2439932
2523924
2608049
2691976
2776062
2860321
2944664
3028756
3112750
3196687
3280693
3365043
3449052
3533125
3617095
3701150
3785203
3869313
3953318
4037326
4121333
4205337
84769
168804
252806
336767
420726
504844
589066
673039
757022
841083
925076
1009179
1093265
1177327
1261242
1345191
1429142
1513281
1597429
1681385
1765472
1849623
1933585
2017609
2101712
2185642
2269652
2353596
2437560
2521533
2605696
2689782
2773954
2860821
2944780
3028807
3112879
3196947
3281079
3365030
3448987
3534478
3618524
3702491
3786404
3870392
3954360
4038469
4122456
4206411
84669
168713
252710
336893
421046
505161
589096
673019
756974
841213
925289
1009285
1093271
1177349
1261460
1345624
1429635
1513705
1597786
1681777
1765851
1850044
1934012
2017977
2101955
2185917
2269887
2354114
2438254
2522207
2606194
2690250
2774231
2858271
2942249
3026160
3110212
3194153
3278229
3362334
3446320
3530286
3614219
3698175
3782220
3866270
3950277
4034216
4118236
4202160
84859
168744
252695
336569
420441
504324
588285
672148
756004
839852
923687
1007787
1091851
1175812
1259669
1343510
1427378
1511282
1595283
1679155
1763023
1846837
1930762
2014772
2098944
2183101
2266961
2350802
2434605
2518444
2602443
2686402
2770295
2854133
2937953
3021976
3105954
3189826
3273684
3357537
3441411
3525383
3609280
3693176
3777138
3861055
3945085
4029342
4113296
4197188
84735
168894
252781
337208
421242
505121
589090
673140
757264
841620
925588
1009511
1093397
1177493
1261523
1345634
1429592
1513599
1597554
1681546
1765619
1849833
1934191
2018109
2102224
2186228
2270182
2354258
2438291
2522205
2606121
2690018
2774039
2858094
2942034
3026042
3109977
3194017
3278229
3362226
3446279
3530151
3614067
3697985
3782105
3866209
3950186
4034128
4118040
4201963
84900
168955
253010
337056
421054
505267
589499
673575
757627
841648
925744
1009780
1093984
1178094
1262198
1346252
1430308
1514357
1598690
1682878
1766860
1850914
1934914
2018950
2103122
2187177
2271141
2355138
2439165
2523297
2607443
2691482
2775510
2859484
2943509
3027602
3111657
3195782
3279795
3363807
3447802
3532050
3616965
3701039
3785094
3869139
3953157
4037248
4121361
4205419
84558
168427
252448
336763
420711
504667
588617
672622
756589
840818
924784
1008679
1092615
1176551
1260560
1344731
1428872
1512858
1596796
1680752
1764870
1849157
1933239
2017199
2101138
2185071
2269367
2353419
2437397
2521453
2605402
2689371
2773429
2857411
2941372
3025329
3109333
3193361
3277489
3361508
3445550
3529528
3613501
3697458
3781750
3865900
3949878
4033780
4117739
4201953
96635
191541
286218
380890
475726
573205
667982
762645
857420
952102
1047048
1142162
1239314
1334007
1428668
1523520
1618304
1713113
1809967
1904628
1999359
2094416
2189080
2283739
2380572
2475427
2570522
2665260
2759900
2854532
2949291
3046329
3141101
3235809
3330561
3425289
3520138
3617020
3711737
3806391
3901027
3995797
4090767
4187544
4282206
4376904
4471558
4566363
4661074
4756766
100105
199317
298399
397597
496580
598287
697435
796540
895512
994472
1093452
1195020
1294214
1393366
1492327
1591280
1690324
1791486
1890489
1989460
2088420
2187460
2286824
2388058
2487081
2586142
2685091
2784346
2883500
2984581
3083526
3182827
3282116
3381311
3480391
3581604
3680643
3779808
3878775
3977779
4076776
4177841
4277180
4376380
4475408
4574394
4673588
4775028
4874151
4973243
99527
198609
297132
398280
496780
595375
694020
792527
891153
992007
1090683
1189620
1288194
1386702
1485182
1583695
1682412
1780926
1879405
1978023
2076624
2175365
2273994
2372587
2471071
2569585
2668206
2766903
2865401
2963922
3062426
3160948
3259668
3358319
3456921
3555437
3654011
3752735
3851348
3949863
4048372
4146898
4245624
4344108
4442611
4541114
4639635
4738291
4836788
4935282
99742
198555
297175
395825
494311
592886
691738
790387
888990
987533
1086128
1184874
1283482
1382117
1480714
1579270
1677905
1776555
1875110
1973710
2072546
2171153
2270323
2369091
2467784
2566356
2664939
2763922
2862532
2961345
3059953
3158709
3257472
3356048
3454712
3553286
3651998
3750814
3849388
3948111
4046736
4145349
4244138
4342876
4441662
4540285
4639033
4737748
4836455
4935180
100292
200064
299402
398933
498309
597778
697222
796504
895813
995080
1094529
1193977
1293761
1393355
1492590
1591870
1691306
1790647
1890051
1989338
2088619
2188330
2287675
2386938
2486212
2585722
2685052
2784570
2883874
2983179
3082562
3181934
3281373
3380654
3479919
3579421
3678730
3778230
3877466
3976765
4076113
4175430
4275049
4374291
4473542
4572898
4672176
4771713
4871009
4970270
99934
199156
298186
397258
496115
595013
693961
792848
891696
990575
1089480
1188520
1287462
1386441
1485407
1584280
1683410
1782331
1881144
1979972
2078883
2177948
2276822
2375701
2474572
2573453
2672468
2771398
2870244
2969136
3068220
3167330
3266215
3365052
3463925
3562948
3661933
3760881
3859821
3958746
4057648
4156550
4255664
4354963
4454008
4552865
4651825
4750930
4849744
4948562
95800
190776
285579
380296
474894
569598
664380
759036
853661
948272
1042937
1137592
1232570
1327223
1422081
1516703
1611294
1706179
1800819
1895429
1990033
2085015
2179878
2274614
2369285
2463931
2558623
2653454
2748271
2842859
2937579
3032276
3126996
3221803
3316587
3411213
3505816
3600488
3695294
3789983
3884652
3979262
4073892
4168857
4263540
4358212
4452839
4547486
4642169
4736961
100032
199069
298100
397587
496596
595696
694678
793664
892802
991813
1090788
1189777
1288852
1388216
1487304
1586426
1685618
1784609
1883793
1982815
2081806
2180776
2279790
2379034
2478170
2580545
2679681
2778686
2877910
2976949
3076055
3175100
3275867
3375088
3474348
3573391
3672362
3771382
3870526
3969676
4068621
4167723
4266792
4365924
4465221
4564233
4663159
4762175
4861281
4960462
95666
190323
284940
379939
474732
569310
663947
758611
853446
948072
1042667
1137303
1231978
1326675
1421465
1516359
1610953
1705639
1800206
1894951
1989518
2084094
2178687
2273312
2368210
2462879
2557452
2652100
2746688
2841379
2936123
3030802
3125398
3220087
3314723
3409806
3504438
3599050
3693675
3788341
3883094
3977728
4072305
4166887
4261523
4356274
4450959
4545725
4640339
4734946
100185
198921
297660
396445
495254
594347
693274
792095
890812
989584
1088523
1187297
1286036
1384744
1483475
1582483
1681424
1780266
1879031
1977801
2076779
2175591
2274394
2373287
2472099
2571044
2669806
2768616
2867338
2966093
3065240
3164000
3262811
3361780
3460753
3559674
3658690
3757555
3856358
3955187
4054006
4153037
4251986
4350858
4449667
4548575
4647773
4746674
4845455
4944213
106743
211408
316107
420941
525912
633805
738766
843504
948334
1053310
1160521
1265181
1369843
1474591
1579675
1684442
1791968
1896744
2001505
2106520
2211199
2315884
2423273
2527994
2632964
2737623
2842335
2948618
3054677
3159424
3264217
3369020
3473799
3581477
3686324
3790992
3895653
4000394
4105341
4212478
4317148
4421899
4526660
4631721
4736412
4843558
4948276
5053218
5157966
5262624
109277
214245
319447
424335
529148
636785
742035
846855
951646
1056548
1161391
1269399
1374333
1479142
1583936
1688809
1794020
1901663
2006451
2111317
2216213
2321576
2428845
2533972
2638785
2744185
2849028
2953816
3061688
3166533
3271781
3376662
3481543
3586495
3693957
3799199
3903998
4008862
4113896
4218878
4326722
4431498
4536253
4641328
4746462
4853690
4958493
5063800
5168741
5274010
108887
213697
318276
423176
527792
632414
737084
841785
946749
1051705
1156290
1260880
1365508
1470421
1575100
1679658
1784303
1889161
1993836
2098982
2203701
2308290
2413252
2517865
2622477
2727165
2831939
2936801
3041435
3146019
3250617
3355224
3460150
3564739
3669291
3773883
3878525
3983389
4088058
4192787
4297350
4402093
4506787
4611450
4716087
4820686
4925482
5030147
5134714
5239301
106537
211288
316043
420889
525803
630854
735664
840410
945167
1049963
1154950
1259819
1364593
1469443
1574287
1679333
1784191
1888962
1993743
2098777
2203568
2308357
2413385
2518248
2623176
2727959
2832811
2937648
3042508
3147633
3252414
3357290
3462186
3567234
3672307
3777258
3882042
3987047
4092030
4196923
4301767
4406633
4511533
4616549
4721583
4826387
4931282
5036143
5141220
5246019
106350
211179
316280
421063
525814
630583
735333
840348
945075
1050007
1154875
1259728
1364695
1469412
1574184
1678964
1783987
1888784
1993676
2098543
2203347
2308526
2413472
2518221
2623012
2727763
2832712
2937574
3042305
3147111
3251901
3356960
3461747
3566518
3671321
3776161
3881061
3985822
4090637
4195493
4300597
4405510
4510314
4615062
4719852
4824935
4929837
5034595
5139388
5244193
106472
211366
316244
421047
526204
631043
735931
840910
945953
1051152
1156397
1261253
1366161
1471410
1576336
1681155
1786246
1891162
1996191
2101028
2205803
2310611
2415520
2520744
2625760
2730541
2835495
2940590
3045855
3150897
3255701
3360738
3465657
3570707
3675514
3780391
3885366
3990474
4095418
4200252
4305306
4410110
4515268
4620119
4724970
4830003
4934869
5039960
5144849
5249629
106298
211330
316054
420826
525638
630506
735521
840250
944980
1049715
1154638
1259465
1364190
1469124
1573903
1678968
1783722
1888530
1993262
2098098
2203052
2307764
2412606
2517486
2622736
2727828
2832624
2937348
3042068
3147085
3252024
3356736
3461484
3566317
3671343
3776340
3881045
3985775
4090512
4195474
4300265
4404994
4509743
4614506
4719408
4824180
4928925
5033673
5138413
5243350
106316
211144
316040
421336
526091
630935
735718
840614
945576
1050278
1155279
1260051
1365031
1469818
1574587
1679304
1783965
1888908
1993656
2098512
2203431
2308218
2413230
2518152
2623078
2727971
2832813
2937662
3042412
3147253
3252157
3357128
3462314
3567106
3671942
3776831
3881775
3986505
4091360
4196132
4300955
4405970
4510748
4615511
4720212
4824913
4929959
5034672
5139484
5244373
106379
211083
315828
420629
525459
630350
735020
839844
944653
1049784
1154689
1259362
1364227
1468981
1573943
1678754
1783405
1888122
1992867
2097788
2202482
2307166
2411871
2516586
2621452
2726217
2830990
2935738
3040474
3145342
3250055
3354794
3459513
3564428
3669090
3773808
3878558
3983377
4088518
4193521
4298232
4402958
4507688
4612660
4717452
4822265
4927003
5031817
5136879
5254002
106782
211924
316987
421762
528647
633654
738586
843544
948353
1053123
1157958
1262884
1367717
1472459
1577404
1682384
1787437
1892134
1996858
2101868
2206776
2311801
2416600
2521403
2626388
2731260
2836245
2941043
3046071
3150958
3256093
3360964
3466010
3570930
3676074
3781085
3886203
3991171
4096281
4204671
4310100
4425561
4563968
4673125
4779781
4885423
5004840
5111538
5216452
5321447
119458
236992
355085
472649
593417
719367
842268
961594
1081306
1203903
1322667
1441608
1559912
1678158
1800243
1918954
2036361
2153793
2271581
2396259
2513824
2631404
2748820
2866741
2987303
3104769
3222166
3339844
3457547
3578271
3695605
3812977
3930646
4048045
4168600
4286042
4403682
4521064
4638376
4758911
4876540
4993885
5111677
5229949
5350140
5468159
5585521
5702929
5820272
5937935
122664
243587
364969
485916
609594
730742
852034
972904
1093884
1217671
1338885
1459699
1580562
1701374
1825300
1946336
2067245
2188117
2309068
2433073
2553828
2674609
2795466
2916596
3040497
3161356
3282210
3403347
3524266
3648038
3769093
3890215
4011118
4133363
4255952
4377086
4498006
4618837
4742145
4863696
4984606
5105650
5226559
5347732
5468492
5589303
5710126
5832603
5953551
6074336
122663
243784
364633
485355
606126
727047
847770
968770
1089521
1210604
1331343
1452258
1573010
1693875
1814582
1935386
2056184
2176904
2297969
2418643
2539455
2660370
2781295
2901960
3023088
3143824
3264839
3385531
3506340
3627244
3749759
3870487
3991364
4112087
4232998
4353783
4474537
4595520
4716401
4837168
4958360
5079307
5200419
5321253
5442083
5562883
5683619
5804606
5925344
6046198
122496
243133
363506
484029
604755
725155
845700
966204
1087016
1207516
1328066
1448615
1571328
1691893
1812408
1932854
2053331
2174196
2294602
2415141
2535757
2656453
2776853
2897497
3017992
3138647
3259082
3379503
3500060
3622737
3743182
3863810
3984264
4104905
4225478
4345884
4466338
4586894
4707460
4827916
4948405
5068922
5189518
5309923
5430361
5550788
5671495
5791916
5912441
6032967
118856
235702
352685
469715
586828
704109
821042
937892
1055082
1172096
1288997
1405889
1522902
1639798
1756744
1873767
1990929
2107962
2224884
2342118
2459067
2576141
2693012
2810117
2927028
3044410
3161387
3278310
3395185
3512276
3629188
3746138
3863024
3980291
4097193
4214195
4331122
4448022
4565179
4682078
4799075
4916001
5033243
5150206
5267187
5384303
5503841
5620833
5737802
5854853
122996
243676
364412
485214
606334
726954
847736
968629
1089631
1210482
1331267
1451943
1572782
1693423
1814144
1934936
2055926
2176581
2297239
2417999
2538726
2659533
2780260
2900934
3021622
3142476
3263217
3384018
3504680
3625539
3746306
3866994
3987687
4108661
4229613
4350529
4471648
4592517
4713150
4834119
4955162
5076154
5196779
5317482
5438230
5559195
5680035
5800715
5921479
6042317
122420
243290
363956
485005
605572
726350
847177
968196
1088893
1209748
1330412
1451359
1571954
1692570
1813250
1933887
2055013
2175601
2296232
2416963
2537805
2658363
2778984
2899581
3020346
3140945
3261629
3383761
3506306
3626936
3747654
3868393
3989141
4109734
4230299
4350983
4471716
4592530
4713214
4834040
4955022
5075686
5196257
5316897
5437540
5558530
5679182
5799923
5920732
6041835
122735
243828
365309
486442
607781
729066
850472
971559
1092678
1213888
1335227
1456449
1577831
1698976
1820300
1941637
2062695
2183853
2305004
2426295
2547713
2668812
2789991
2911317
3032406
3153562
3274755
3396254
3517582
3638894
3759951
3881600
4002666
4123923
4245045
4366332
4487541
4608780
4729995
4851632
4972923
5094040
5215258
5336409
5457655
5578722
5699838
5820939
5942341
6063573
119199
236965
354286
471856
589331
706846
824286
941641
1059080
1176388
1294039
1411562
1528992
1646576
1764325
1881648
1998952
2116373
2234056
2351320
2468803
2586169
2703540
2820985
2938386
3055676
3173062
3290631
3408046
3525412
3642737
3760251
3877563
3994862
4112228
4229789
4347076
4464490
4581869
4699351
4817193
4934491
5051812
5169147
5286712
5404084
5521474
5638908
5756601
5873886
122529
243332
364461
487704
608513
733348
854512
975341
1096106
1219645
1341651
1462591
1583459
1704485
1825532
1946294
2067282
2188248
2309270
2430101
2551217
2672110
2793312
2914124
3035128
3155942
3277025
3397894
3518848
3639664
3760416
3881547
4002316
4123277
4244019
4364996
4485948
4607011
4727799
4848814
4969577
5090472
5211272
5332223
5453025
5574017
5694832
5816100
5936848
6057570
130680
258734
386912
515278
647619
775732
903868
1033582
1168231
1296357
1424502
1552687
1681366
1813126
1941292
2069410
2197817
2325900
2457703
2585821
2714291
2842278
2973784
3101855
3230283
3358471
3486815
3618489
3747050
3875054
4003393
4132428
4263382
4392172
4520311
4648715
4780274
4908401
5036480
5164927
5293192
5424889
5553083
5681826
5809913
5940697
6070262
6198638
6326998
6455143
132457
261546
390646
522381
657311
786619
915718
1044897
1174687
1307305
1436569
1565821
1695567
1828406
1957712
2086871
2216866
2345976
2479064
2608706
2738050
2867381
2996684
3130129
3259266
3388263
3517329
3650294
3779703
3909046
4038051
4167718
4300667
4429814
4558932
4688625
4817774
4946945
5076027
5205637
5334635
5463860
5592903
5722295
5851685
5980748
6110212
6239458
6368557
6497608
130764
259242
387485
515740
644731
772954
901283
1029851
1158583
1286940
1415130
1543632
1671920
1800051
1928231
2057092
2185460
2313695
2441865
2570550
2698805
2827280
2955524
3084250
3213979
3342861
3471381
3600618
3728958
3857211
3985599
4114256
4242862
4371165
4499492
4628324
4756547
4884852
5013233
5141729
5270233
5398372
5526664
5655382
5783684
5912107
6040528
6168901
6297181
6425417
131104
259510
388113
516457
645587
773798
902134
1030738
1159339
1287741
1416342
1545165
1673749
1802127
1930421
2059443
2188029
2316289
2444661
2573345
2701851
2830212
2958391
3086878
3215299
3343585
3471743
3600218
3728596
3856898
3985158
4113693
4241914
4370453
4498702
4627352
4756359
4884668
5012850
5141468
5269675
5398053
5526608
5655292
5783677
5911911
6040589
6168783
6297348
6425744
130886
259321
387868
516288
645192
773735
902143
1030805
1159573
1288006
1416549
1545434
1673855
1802238
1930673
2059309
2187807
2316373
2444749
2573445
2701927
2830460
2958815
3087533
3215955
3344432
3472862
3601686
3730045
3858492
3987143
4115970
4244490
4372842
4501346
4630056
4758559
4887156
5015492
5144215
5272749
5401162
5529511
5658295
5786686
5915133
6043911
6172366
6300794
6429194
131481
260192
389153
517940
647356
776424
905215
1034739
1163519
1292944
1421776
1551124
1680621
1809604
1938373
2067544
2196380
2325171
2453908
2583083
2712108
2840980
2972172
3101571
3230713
3359543
3488331
3617894
3746727
3875606
4004461
4133797
4262687
4391644
4520367
4649661
4778610
4907534
5036888
5165688
5294464
5423309
5552946
5681846
5810749
5939606
6068798
6197533
6326527
6455499
131330
259765
388275
517297
645723
774129
902656
1031734
1160655
1289333
1417675
1546473
1674898
1803379
1932044
2060966
2189590
2318244
2446708
2575712
2704066
2832548
2960930
3089640
3218153
3346516
3475006
3603801
3732291
3860711
3989059
4117808
4246225
4374790
4503363
4631983
4760550
4889002
5017862
5146728
5275224
5403560
5532347
5660685
5789061
5917487
6046187
6174734
6303124
6431768
130603
258955
387137
515948
644602
773242
901721
1030462
1158854
1287319
1415784
1544488
1672929
1801362
1929841
2058359
2186642
2315162
2443472
2572069
2700377
2828695
2956965
3085675
3213989
3342487
3470822
3599370
3727772
3856148
3984422
4112921
4241133
4372131
4500766
4629038
4757454
4885739
5014225
5142498
5270728
5399045
5527519
5656033
5784348
5912550
6041204
6169368
6297604
6425815
130597
259070
387696
516895
645321
773704
902150
1030795
1159264
1287833
1416251
1545161
1673547
1801902
1930246
2061486
2189875
2322745
2451117
2580037
2708461
2836768
2965189
3094090
3222498
3350979
3479272
3608085
3736563
3864940
3993355
4121922
4250428
4378965
4507656
4636061
4764401
4892737
5021371
5149963
5280386
5408730
5537776
5666089
5794517
5922799
6051588
6180055
6308473
6436881
130470
258977
387331
516287
644698
773064
901438
1030204
1158489
1286790
1415117
1543870
1672569
1800977
1929328
2058121
2186455
2314834
2443178
2571828
2700338
2828713
2957099
3085811
3217342
3351582
3487206
3622489
3758944
3896224
4033385
4170770
4306487
4441106
4576522
4710615
4848831
4987517
5123803
5261177
5399200
5535322
5669528
5803612
5937682
6073620
6208132
6342532
6476923
6614845
168674
331677
492309
657804
822828
986920
1154086
1317911
1483660
1644397
1812898
1972940
2133540
2299134
2468693
2633581
2798413
2965517
3128202
3289132
3449401
3615510
3776747
3939409
4099082
4263908
4424910
4585563
4750617
4912789
5073346
5235259
5402427
5566158
5730074
5894089
6064008
6230172
6396446
6565785
6729191
6891845
7055835
7222408
7384129
7544584
7704539
7873285
8038625
8202667
155366
304411
453263
603497
756219
905086
1054675
1203709
1356477
1506485
1655445
1804441
1956785
2106611
2255530
2404358
2558600
2707570
2856598
3006018
3154990
3303827
3452738
3602387
3751386
3900506
4050151
4198949
4347993
4497344
4646734
4795608
4944521
5093893
5242914
5391704
5541643
5690662
5839847
5988678
6138004
6286912
6435744
6585316
6734281
6883381
7032750
7181685
7330675
7479742
151448
300471
450596
599938
748966
898141
1047972
1197100
1346217
1495834
1645136
1794161
1943992
2093197
2242454
2391539
2541258
2690442
2839490
2989671
3138752
3287787
3437222
3586680
3735723
3884800
4034558
4183721
4332714
4482516
4631958
4781046
4930130
5079640
5228904
5377946
5527508
5676632
5825845
5975409
6124585
6273738
6423043
6572451
6721523
6870689
7020392
7169659
7318695
7478671
162304
315709
465460
614359
763270
912542
1061327
1210098
1358944
1508194
1657007
1805800
1955133
2104050
2252792
2402143
2551033
2699856
2848574
2997921
3146791
3295557
3444979
3593822
3742613
3891810
4040560
4189360
4338285
4487546
4636340
4785196
4934514
5083678
5232905
5382448
5531460
5680351
5829085
5978244
6127081
6275853
6425046
6573993
6722875
6871817
7021421
7170196
7318947
7468262
153655
304985
457117
608300
759512
911664
1063113
1214412
1366363
1517883
1669142
1820502
1972522
2124019
2275289
2427234
2578670
2730044
2882498
3033988
3185308
3337222
3488702
3639892
3791447
3943863
4095183
4246598
4398385
4549804
4701195
4853078
5004511
5155991
5307663
5459276
5610634
5761964
5914036
6065406
6216795
6368798
6520293
6671628
6823051
6974915
7126211
7277369
7429292
7580805
147159
291806
435942
580167
724698
868846
1013038
1157333
1302075
1446206
1590437
1735435
1879514
2023544
2168063
2312628
2457033
2601204
2745801
2889966
3034097
3178674
3322951
3467080
3611123
3755676
3899961
4044129
4188864
4333001
4477204
4621466
4766047
4910119
5054269
5199023
5343318
5487373
5631649
5776452
5920721
6064931
6209541
6353790
6497850
6641966
6786389
6930647
7074997
7219817
140249
281858
420642
558740
696685
835097
973621
1112186
1250445
1388791
1526784
1664741
1802713
1941081
2079036
2216952
2354940
2493259
2631278
2769270
2910629
3053116
3191567
3330076
3469000
3607130
3745237
3883921
4022087
4159983
4297833
4436514
4574488
4712456
4850461
4988928
5127085
5264998
5403478
5541504
5679432
5817567
5955911
6093805
6231732
6369726
6508011
6645819
6784051
6922936
152211
302398
453168
603251
753255
904048
1054117
1204192
1354223
1504676
1654694
1804944
1955818
2105977
2255967
2406721
2556676
2706557
2856779
3007474
3157570
3307722
3458461
3608581
3758610
3909525
4059880
4210025
4360104
4510884
4660919
4811205
4962012
5112031
5262127
5412786
5562942
5712933
5863850
6014576
6164480
6314506
6465472
6615449
6765424
6916344
7066492
7216590
7367106
7517485
161907
322575
482543
642386
803491
963453
1123436
1284013
1444068
1603821
1763586
1923820
2083887
2243959
2404596
2564559
2724922
2885780
3046355
3206317
3366693
3526745
3686879
3847180
4006987
4166997
4327561
4487458
4647325
4807502
4967294
5127069
5287611
5447629
5607712
5767434
5928071
6087856
6247837
6408415
6568475
6728360
6888801
7048691
7208724
7369083
7528880
7688807
7849254
8009184
153319
304575
455021
605506
756523
906882
1057447
1208661
1359018
1509512
1660473
1811428
1961739
2112721
2263922
2414518
2565025
2716071
2869318
3024122
3175696
3326809
3477293
3627781
3778503
3928905
4079488
4230459
4380984
4531504
4682186
4833238
4983554
5134284
5285220
5435564
5585840
5736759
5887143
6037687
6188428
6339343
6489957
6640473
6791203
6941565
7092046
7242809
7393323
7543912
155777
308229
461110
618835
771459
924245
1077731
1234471
1386885
1540323
1694058
1851103
2003618
2156976
2309461
2467714
2620975
2773607
2930575
3084299
3236907
3389449
3546918
3700080
3852518
4005967
4163725
4316204
4469061
4622537
4779613
4932250
5085715
5241475
5400702
5554461
5707084
5859517
6015872
6169668
6321986
6474848
6632866
6785235
6937936
7091430
7248207
7401029
7555113
7708499
155627
309469
462687
620357
774467
927462
1080652
1238024
1392267
1545154
1698568
1856952
2009750
2162886
2319505
2474667
2627687
2786014
2943386
3096403
3250527
3404034
3557044
3710629
3864495
4017468
4170788
4324770
4477575
4632130
4786089
4939547
5092405
5245338
5399023
5551929
5704927
5859060
6012088
6165148
6319313
6472222
6625286
6778964
6932104
7085048
7238190
7392129
7545178
7698303
136981
270333
403916
538448
671956
805605
939417
1073770
1207138
1340676
1475135
1608554
1742397
1876401
2010946
2144668
2278198
2411629
2546095
2679472
2813398
2947080
3081731
3215057
3348573
3482667
3616053
3749464
3882978
4017305
4150934
4284491
4418015
4552763
4686322
4820090
4953574
5087696
5221121
5354706
5488644
5622136
5755637
5889505
6024270
6157813
6291153
6424600
6559007
6692437
138269
272624
406016
539615
672926
807093
940679
1074595
1209271
1342684
1476078
1610513
1745157
1878469
2012212
2145829
2280568
2414277
2547800
2681823
2815559
2948934
3082501
3216718
3350195
3483820
3617274
3751355
3884729
4018324
4151840
4285790
4419389
4553018
4686773
4820615
4953989
5087626
5222172
5355561
5489089
5622875
5757322
5890731
6024250
6157702
6291987
6425643
6559023
6692968
158620
315139
471993
627813
783749
940448
1096475
1253205
1409855
1566192
1722576
1878412
2034891
2190930
2346986
2503720
2659494
2815445
2972015
3127904
3287686
3444295
3605423
3761307
3917993
4074123
4230222
4386391
4543184
4698933
4855396
5011750
5167729
5323788
5480525
5636521
5792437
5948944
6104877
6260880
6417235
6573069
6728957
6884927
7041357
7197129
7353351
7509781
7665547
7821331
158473
314232
469811
626622
782365
938098
1094379
1249832
1405598
1562172
1717791
1873569
2029881
2185506
2341197
2497460
2652987
2808598
2964489
3120758
3276321
3432070
3588372
3743844
3899298
4055567
4211137
4367092
4523382
4678842
4834756
4990415
5146821
5303321
5459026
5615288
5770723
5926236
6082565
6238059
6393706
6550368
6705973
6861809
7018528
7173999
7329738
7500503
7657452
7813653
159728
315872
472556
629848
785819
941929
1098888
1255157
1411565
1567800
1724641
1880778
2036851
2193661
2349905
2506692
2663364
2819492
2976178
3133037
3288954
3445488
3602470
3758529
3914768
4071111
4227765
4384095
4540963
4697840
4854069
5010065
5166908
5323222
5480313
5637480
5793933
5950505
6107425
6263381
6420418
6577007
6734028
6890275
7046952
7203811
7359873
7517371
7674635
7830704
159004
316317
473217
629710
786820
943460
1100381
1257589
1413208
1611398
1768255
1923743
2079995
2236068
2391912
2547638
2704171
2859730
3018661
3176701
3332268
3488197
3643831
3799919
3955744
4116001
4272673
4428144
4584391
4740976
4896708
5057126
5214147
5370173
5526032
5682217
5837861
5993260
6153176
6309934
6466023
6621790
6777950
6933453
7094010
7250440
7405819
7561800
7718455
7873918
162763
319470
475775
631910
788590
945020
1105735
1262650
1418428
1575415
1731774
1887642
2043358
2203584
2359923
2515814
2671631
2828295
2983941
3145265
3301674
3457311
3613357
3770405
3925918
4086153
4242646
4398657
4554667
4710546
4866986
5022485
5182879
5339656
5495774
5651618
5808214
5963971
6124209
6280753
6436485
6592450
6749454
6905287
7060964
7222112
7378087
7534095
7690020
7846554
162626
318851
474619
630520
787210
942710
1098312
1258714
1415199
1571206
1726949
1883067
2038844
2198904
2355368
2511039
2666886
2823105
2978629
3134446
3295728
3451367
3608138
3764847
3921140
4076548
4236625
4393122
4549137
4704833
4861597
5017463
5178382
5335063
5490575
5646557
5803594
5959328
6115131
6275262
6431696
6587625
6743564
6899746
7055251
7215920
7372486
7528369
7684142
7840532
169956
344164
511462
679111
847259
1014310
1181418
1355196
1522419
1690389
1859269
2026053
2192615
2366496
2533476
2700885
2869516
3036645
3203443
3377501
3544343
3711872
3879842
4047061
4214830
4388159
4555063
4722898
4891213
5058048
5229543
5399104
5566962
5735412
5903948
6070882
6242872
6411231
6578776
6745498
6913646
7080229
7253935
7422091
7590467
7758037
7926575
8093893
8261041
8429253
163477
318431
471791
625133
778255
932554
1094735
1249070
1403612
1557206
1710670
1864890
2018304
2178470
2333194
2486243
2639970
2793805
2947977
3107685
3261784
3416579
3569955
3722915
3877305
4031876
4192494
4347328
4500553
4654281
4808316
4962368
5122967
5277032
5433560
5587513
5741161
5895824
6052992
6209546
6365042
6518312
6672051
6826356
6979912
7143916
7308150
7481830
7635380
7788936
183757
360413
538033
715054
892325
1069509
1251162
1428956
1605690
1782105
1959921
2136833
2317792
2495153
2671460
2848159
3025163
3206241
3383369
3560620
3736932
3913461
4090949
4272115
4449810
4626313
4802767
4980398
5157202
5338764
5516713
5693347
5869635
6046741
6228186
6404740
6582053
6758623
6935412
7112422
7294950
7472349
7649108
7825355
8003049
8181640
8361481
8539380
8715883
8892816
189661
373225
555849
736627
918440
1100839
1287443
1470381
1651555
1834435
2016245
2202431
2385119
2568787
2750217
2934126
3121866
3310181
3492423
3673552
3854543
4036557
4223044
4405096
4587311
4768296
4949860
5132360
5318305
5500866
5681877
5863470
6045038
6232371
6414201
6596844
6777891
6963732
7150225
7338216
7521189
7701847
7882922
8065100
8251714
8433085
8615876
8797990
8980258
9161931
183322
363732
544189
725269
905995
1091362
1272163
1451781
1631207
1811974
1996857
2176362
2357027
2537719
2717719
2899154
3079072
3260438
3440038
3619754
3800133
3984881
4164846
4345512
4524890
4705172
4890112
5069841
5250527
5430245
5609529
5790683
5975542
6155372
6335915
6516394
6696024
6881560
7061526
7242577
7422794
7602142
7782823
7967626
8146870
8327306
8506927
8686226
8868994
9052339
180238
357661
534328
716299
896129
1075089
1252049
1429795
1608430
1793012
1971276
2150169
2327664
2504942
2683562
2867299
3044701
3222849
3401115
3578956
3760750
3939167
4117377
4294315
4472153
4650641
4832909
5010013
5188410
5365532
5542397
5721179
5904153
6081996
6259333
6436292
6614452
6796941
6974348
7152839
7329559
7506373
7684409
7866368
8043831
8222130
8398826
8576747
8759325
8936738
171675
338489
505085
673412
846941
1014765
1182762
1349875
1517360
1685513
1858132
2027018
2194458
2361705
2529606
2700912
2871990
3041475
3208388
3375159
3543112
3715456
3882900
4051377
4218460
4386824
4554887
4727814
4895301
5064266
5231458
5398506
5566259
5739598
5906405
6074223
6241750
6409295
6577140
6750313
6917277
7085661
7252682
7419910
7588508
7761675
7928460
8096680
8264180
8431347
193514
380286
567761
754649
940802
1128506
1319841
1507964
1694658
1881380
2068875
2260418
2446816
2634832
2821873
3009319
3200555
3387119
3574565
3761483
3948417
4137167
4328428
4515993
4702419
4888741
5076477
5267732
5453899
5641072
5829104
6016246
6204052
6391022
6578344
6764915
6951367
7142780
7329778
7517229
7703393
7889367
8076685
8268264
8454769
8642554
8829051
9016160
9208268
9395556
185200
368794
552966
740526
923034
1106774
1289274
1471849
1660585
1843373
2026804
2209252
2391548
2574822
2762280
2946719
3130103
3312885
3495756
3683880
3866665
4054177
4236922
4419726
4606269
4793363
4975928
5159533
5342149
5525367
5713166
5895935
6079376
6263296
6446089
6633997
6817598
7001042
7184381
7370432
7554354
7741702
7924274
8107713
8290425
8472859
8661693
8845042
9028069
9210951
181069
366611
545851
725771
904156
1082516
1261592
1445972
1624281
1804187
1983037
2162055
2347441
2526466
2704822
2884305
3063330
3242442
3426944
3605896
3785626
3964373
4142840
4324806
4506151
4684801
4864607
5043237
5222316
5408276
5587009
5766377
5944663
6123057
6302738
6486581
6664909
6844124
7023710
7201948
7387069
7565941
7745747
7924177
8102354
8282309
8465792
8644098
8823360
9002008
