357
681
1004
1327
1650
2001
2339
2662
2985
3308
3631
3954
4277
4600
4923
5246
5569
5897
6201
6506
6811
7117
7422
7726
8031
8312
8469
8630
8789
8947
9103
9260
9417
9574
9730
9900
10057
10214
10370
10527
10684
10841
10997
11153
11310
11467
11623
11780
11936
12092
166
322
478
635
791
948
1104
1261
1417
1574
1777
1984
2190
2396
2602
2808
3014
3220
3426
3633
3840
4047
4254
4461
4668
4875
5082
5289
5496
5708
5915
6122
6329
6536
6743
6949
7155
7361
7567
7773
7979
8186
8393
8600
8807
9014
9221
9428
9643
9844
166
323
481
677
872
1029
1185
1341
1498
1700
1881
2037
2193
2349
2505
2662
2818
2975
3131
3287
3444
3600
3766
3923
4080
4236
4392
4548
4705
4862
5019
5176
5333
5490
5646
5802
5959
6116
6273
6430
6587
6743
6899
7055
7212
7369
7526
7683
7880
8072
203
394
585
777
968
1159
1351
1542
1734
1925
2116
2308
2499
2690
2882
3073
3264
3455
3652
3844
4035
4226
4418
4609
4800
4991
5183
5374
5565
5756
5948
6140
6331
6523
6715
6906
7097
7289
7480
7686
7879
8057
8235
8413
8591
8769
8947
9140
9324
9503
165
321
477
646
824
1002
1180
1358
1536
1713
1890
2074
2253
2431
2609
2787
2965
3143
3321
3499
3677
3855
4033
4212
4390
4568
4746
4925
5103
5282
5460
5639
5817
6000
6178
6356
6549
6727
6905
7082
7260
7438
7616
7794
7972
8150
8328
8506
8714
8911
199
382
562
756
964
1136
1309
1481
1654
1826
1999
2171
2344
2516
2689
2861
3034
3206
3379
3551
3724
3896
4069
4241
4414
4586
4759
4943
5130
5302
5475
5647
5819
5992
6164
6337
6509
6682
6854
7026
7198
7370
7542
7714
7887
8059
8232
8404
8576
8748
206
378
550
722
894
1066
1238
1409
1581
1753
1925
2097
2269
2441
2613
2785
2957
3129
3301
3472
3644
3816
3988
4184
4351
4518
4685
4852
5019
5186
5353
5520
5687
5854
6021
6188
6355
6522
6689
6856
7023
7190
7357
7524
7691
7858
8025
8198
8365
8532
176
342
508
674
840
1006
1172
1339
1506
1673
1840
2007
2174
2341
2508
2675
2842
3009
3176
3343
3517
3684
3850
4016
4182
4348
4515
4682
4849
5016
5183
5350
5517
5684
5850
6016
6182
6348
6515
6682
6849
7016
7183
7350
7532
7693
7855
8017
8178
8339
171
333
494
655
817
978
1139
1301
1462
1623
1785
1946
2107
2269
2430
2591
2753
2914
3083
3244
3405
3567
3729
3891
4052
4213
4375
4537
4698
4859
5021
5183
5344
5505
5667
5829
5990
6151
6313
6475
6636
6797
6959
7126
7287
7448
7610
7771
7932
8094
171
332
493
655
817
978
1139
1301
1463
1624
1785
1947
2109
2270
2431
2593
2755
2931
3087
3244
3401
3558
3715
3872
4029
4185
4341
4497
4654
4811
4968
5125
5282
5438
5594
5751
5908
6065
6222
6379
6536
6692
6854
7011
7168
7325
7481
7637
7794
7951
701
1387
2073
2779
3464
4150
4854
5540
6226
6925
7617
8295
8962
9643
10312
11017
11683
12349
13013
13679
14345
15038
15705
16375
17055
17720
18387
19060
19723
20373
21023
21671
22318
22998
23645
24293
24940
25586
26271
26948
27595
28242
28889
29536
30184
30841
31469
32153
32816
33456
661
1315
1963
2624
3276
3907
4601
5236
5864
6493
7122
7751
8380
9015
9644
10273
10901
11529
12158
12787
13448
14077
14706
15398
16026
16654
17286
17914
18543
19171
19800
20442
21079
21690
22302
22930
23558
24169
24781
25397
26008
26620
27232
27843
28454
29070
29682
30293
30922
31533
624
1242
1854
2465
3077
3688
4316
4928
5544
6155
6767
7378
7989
8600
9233
9844
10456
11068
11703
12314
12925
13576
14188
14800
15413
16025
16637
17286
17897
18509
19120
19730
20375
20987
21629
22252
22874
23485
24097
24709
25345
25957
26568
27180
27793
28405
29018
29650
30262
30874
625
1253
1864
2482
3111
3723
4335
4947
5559
6177
6789
7400
8012
8625
9237
9850
10466
11078
11690
12302
12914
13526
14142
14753
15382
15994
16606
17218
17830
18447
19059
19670
20281
20892
21503
22136
22748
23360
23972
24600
25211
25823
26438
27050
27662
28274
28885
29497
30114
30726
624
1235
1846
2458
3092
3705
4317
4930
5542
6155
6767
7400
8011
8623
9235
9848
10459
11077
11688
12300
12912
13524
14136
14748
15380
15992
16604
17216
17828
18440
19057
19668
20280
20892
21520
22132
22745
23362
23974
24587
25199
25811
26423
27040
27652
28264
28876
29488
30100
30712
630
1242
1854
2465
3086
3706
4328
4939
5551
6163
6774
7386
7997
8629
9241
9853
10464
11076
11688
12304
12915
13527
14138
14766
15377
15988
16605
17217
17828
18439
19050
19661
20277
20888
21500
22111
22722
23333
23945
24561
25173
25785
26397
27026
27638
28255
28866
29477
30088
30700
626
1260
1872
2484
3096
3709
4320
4932
5548
6160
6772
7418
8030
8640
9275
9887
10499
11128
11740
12352
12963
13595
14208
14820
15432
16044
16655
17271
17883
18495
19106
19725
20345
20956
21589
22201
22829
23442
24054
24666
25317
25929
26542
27154
27767
28379
28999
29643
30254
30865
626
1265
1884
2518
3129
3741
4353
4964
5576
6212
6824
7436
8048
8660
9289
9899
10530
11141
11752
12364
12975
13587
14221
14834
15446
16058
16669
17281
17893
18510
19122
19751
20363
20975
21587
22203
22815
23426
24037
24649
25261
25873
26507
27118
27730
28341
28953
29564
30180
30791
625
1237
1865
2477
3095
3706
4318
4929
5540
6151
6763
7382
7994
8606
9218
9829
10441
11057
11668
12279
12891
13503
14114
14725
15341
15953
16566
17178
17790
18402
19029
19649
20261
20873
21484
22095
22707
23323
23935
24546
25157
25768
26379
27011
27622
28234
28846
29457
30068
30680
631
1258
1886
2497
3109
3720
4352
4964
5576
6188
6800
7412
8031
8657
9269
9880
10507
11119
11731
12365
12977
13589
14200
14812
15448
16088
16715
17327
17939
18568
19180
19807
20439
21051
21662
22274
22885
23496
24140
24751
25362
25973
26585
27196
27807
28438
29050
29663
30291
30903
1453
2870
4287
5728
7145
8566
10002
11598
13117
14618
16100
17565
19022
20529
21990
23450
24871
26372
27793
29263
30721
32163
33585
35003
36421
37858
39284
40790
42209
43728
45210
46667
48112
49552
50970
52388
53919
55376
56859
58298
59715
61194
62611
64028
65480
66897
68314
69777
71194
72644
1433
2851
4321
5778
7235
8714
10148
11587
13004
14437
15877
17295
18712
20133
21550
22967
24389
25806
27239
28662
30080
31507
32924
34341
35763
37196
38629
40068
41486
42921
44359
45777
47195
48642
50060
51499
52917
54335
55773
57207
58625
60046
61463
62880
64302
65720
67138
68567
69996
71453
1446
2878
4333
5751
7169
8623
10040
11494
12911
14327
15783
17215
18633
20114
21532
22950
24389
25824
27242
28681
30099
31549
32984
34401
35839
37258
38676
40131
41566
42984
44422
45914
47369
48826
50283
51733
53151
54568
56007
57424
58858
60297
61838
63325
64829
66328
67805
69249
70699
72143
1448
2980
4436
5897
7335
8753
10171
11626
13060
14478
15918
17336
18773
20190
21622
23061
24533
25991
27454
28891
30308
31772
33189
34659
36076
37494
38934
40369
41786
43230
44662
46110
47575
49023
50441
51921
53354
54823
56240
57672
59131
60564
61997
63452
64885
66302
67754
69202
70641
72059
1479
2941
4374
5792
7257
8674
10113
11562
12979
14419
15852
17270
18708
20126
21561
22998
24416
25852
27307
28740
30177
31611
33029
34467
35885
37303
38742
40160
41595
43033
44450
45867
47330
48755
50217
51651
53068
54513
55946
57378
58832
60264
61712
63167
64584
66041
67458
68890
70360
71778
1432
2875
4323
5785
7218
8635
10081
11507
12924
14363
15780
17198
18637
20072
21489
22927
24362
25801
27234
28667
30116
31533
32950
34389
35837
37284
38739
40157
41575
43012
44430
45884
47302
48720
50160
51609
53059
54498
55915
57332
58779
60196
61636
63069
64501
65972
67420
68852
70291
71708
1485
2933
4365
5818
7251
8684
10139
11557
13005
14473
15905
17323
18781
20214
21676
23109
24527
25978
27395
28812
30262
31680
33098
34546
35964
37452
38926
40383
41857
43282
44698
46147
47581
49013
50484
51902
53374
54855
56311
57780
59198
60631
62070
63488
64913
66362
67779
69196
70639
72072
1456
2874
4292
5732
7166
8584
10006
11439
12879
14312
15729
17184
18601
20018
21474
22891
24308
25747
27165
28583
30022
31456
32893
34310
35727
37167
38584
40001
41456
42873
44290
45728
47146
48581
50004
51421
52885
54302
55719
57178
58596
60030
61514
62986
64443
65898
67332
68766
70190
71608
1473
2891
4328
5770
7187
8637
10054
11488
12929
14346
15763
17201
18619
20037
21459
22892
24326
25766
27184
28621
30039
31457
32896
34313
35731
37173
38591
40009
41465
42883
44301
45723
47140
48557
50013
51430
52852
54270
55704
57126
58544
59962
61402
62820
64238
65660
67077
68510
69948
71366
1455
2873
4291
5729
7147
8565
10004
11421
12913
14384
15841
17301
18735
20152
21591
23009
24425
25882
27300
28747
30181
31600
33102
34560
36017
37474
38891
40308
41746
43182
44666
46106
47524
48962
50395
51813
53280
54713
56130
57584
59031
60466
61905
63340
64796
66214
67632
69078
70503
71929
2649
5277
7870
10567
13339
16106
18779
21461
24203
27059
29772
32697
35481
38308
41084
43833
46604
49381
52115
54797
57536
60269
62955
65665
68466
71235
73969
76702
79389
82118
84857
87570
90265
92981
95712
98429
101180
103907
106614
109312
112004
114690
117416
120150
122822
125569
128297
131010
133724
136452
2760
5491
8204
10930
13638
16396
19109
21783
24519
27262
29965
32716
35438
38111
40830
43589
46318
49035
51750
54477
57195
59936
62649
65341
68027
70774
73489
76231
78992
81701
84404
87121
89809
92563
95277
97951
100669
103400
106102
108805
111513
114232
116941
119669
122411
125098
127832
130548
133267
135994
2742
5457
8173
10890
13596
16302
19075
21787
24504
27228
29941
32685
35429
38142
40827
43592
46318
49086
51815
54532
57251
60028
62738
65533
68235
70981
73726
76426
79111
81841
84493
87295
90051
92783
95502
98162
100789
103437
106083
108744
111349
113948
116515
119095
121691
124248
126880
129472
132070
134694
2598
5155
7745
10346
12937
15540
18126
20683
23272
25870
28460
31092
33723
36321
38924
41480
44074
46652
49209
51805
54399
56955
59554
62145
64718
67309
69898
72454
75032
77604
80181
82776
85332
87893
90486
93059
95620
98197
100753
103313
105892
108466
111076
113741
116343
118948
121535
124174
126793
129381
2583
5221
7839
10410
13034
15629
18200
20811
23401
25959
28578
31134
33723
36336
38892
41497
44084
46641
49248
51837
54409
56998
59626
62183
64761
67353
69956
72535
75092
77680
80258
82815
85392
87987
90543
93104
95666
98222
100782
103344
105917
108512
111093
113694
116273
118861
121457
124049
126636
129405
2708
5349
7936
10536
13117
15841
18548
21146
23719
26315
28871
31432
34035
36623
39187
41747
44320
46880
49442
51998
54558
57119
59693
62255
64812
67390
69951
72527
75089
77649
80206
82766
85327
87900
90460
93037
95594
98172
100745
103461
106086
108659
111253
113840
116397
119004
121599
124155
126716
129277
2570
5151
7712
10268
12845
15407
17964
20542
23102
25659
28220
30781
33354
35914
38471
41065
43673
46260
48847
51454
54028
56634
59222
61780
64368
66946
69519
72080
74636
77197
79757
82314
84892
87470
90044
92605
95183
97740
100337
102930
105487
108080
110635
113214
115797
118370
120965
123555
126113
128693
2593
5206
7763
10367
12934
15513
18092
20759
23420
26021
28577
31165
33770
36343
38936
41525
44081
46667
49269
51826
54416
56989
59586
62164
64738
67300
69877
72433
74993
77572
80127
82704
85297
87854
90466
93023
95599
98176
100732
103310
105897
108496
111075
113669
116242
118819
121396
123952
126514
129075
2572
5135
7740
10311
12936
15514
18086
20665
23243
25816
28393
30965
33555
36150
38738
41347
43941
46516
49093
51681
54238
56833
59410
61981
64578
67157
69713
72320
74883
77456
80068
82654
85277
87869
90441
93066
95643
98216
100794
103385
105941
108520
111101
113658
116237
118809
121387
123964
126538
129116
2600
5178
7735
10314
12871
15448
18008
20564
23141
25735
28306
30894
33474
36030
38625
41204
43761
46340
48896
51489
54049
56605
59197
61758
64331
66893
69455
72011
74571
77131
79902
82611
85249
87841
90433
93026
95583
98380
101068
103625
106220
108777
111372
113949
116505
119097
121661
124234
126794
129373
4073
8140
12353
16465
20757
25076
29347
33552
37809
42115
46289
50437
54596
58718
62778
66852
70958
75019
79111
83174
87233
91293
95379
99464
103514
107571
111606
115640
119746
123888
127948
132021
136070
140130
144174
148225
152312
156363
160413
164514
168565
172633
176683
180718
184767
188801
192835
196885
200936
204970
4064
8098
12132
16181
20233
24343
28425
32556
36622
40702
44818
48937
53100
57250
61328
65390
69452
73547
77624
81687
85779
89891
93998
98054
102117
106223
110287
114350
118415
122496
126547
130615
134649
138701
142737
146790
150823
154857
158956
163022
167130
171211
175262
179314
183364
187443
191553
195618
199715
203767
4066
8131
12243
16364
20455
24566
28647
32699
36749
40799
44896
48992
53097
57202
61298
65379
69492
73615
77683
81805
85919
89984
94077
98159
102249
106300
110387
114459
118521
122588
126670
130757
134822
139209
143420
147531
151598
155659
159983
164095
168160
172204
176246
180294
184343
188470
192551
196603
200670
204752
4189
8329
12422
16485
20606
24773
28851
32925
37025
41124
45290
49423
53513
57586
61635
65703
69752
73858
77958
82008
86059
90125
94194
98290
102353
106422
110473
114556
118609
122660
126728
130790
134858
138893
142928
146979
151030
155064
159113
163158
167199
171266
175318
179385
183418
187470
191502
195553
199618
203715
4077
8162
12231
16314
20395
24446
28517
32596
36679
40807
44909
48960
53042
57096
61145
65214
69264
73349
77417
81486
85521
89589
93624
97667
101712
105762
109794
113846
117895
121947
125999
130066
134115
138177
142212
146261
150295
154344
158394
162544
166655
170753
174845
178940
183007
187090
191140
195208
199276
203350
4083
8180
12358
16482
20586
24722
28894
33044
37095
41147
45214
49263
53343
57391
61434
65475
69526
73580
77615
81648
85701
89750
93871
98030
102100
106190
110267
114360
118421
122706
127086
131329
135445
139513
143574
147669
151729
155796
159846
163913
168000
172061
176110
180180
184231
188283
192351
196418
200502
204593
4084
8132
12200
16369
20510
24602
28670
32750
36835
40884
44947
49000
53066
57134
61185
65235
69270
73323
77355
81388
85457
89506
93557
97591
101657
105709
109762
113845
117974
122027
126099
130156
134215
138266
142317
146353
150402
154459
158494
162527
166577
170612
174662
178711
182764
186797
190847
194915
199015
203048
4050
8100
12135
16169
20211
24252
28303
32337
36389
40421
44454
48489
52542
56593
60627
64660
68709
72742
76776
80809
84859
88893
92943
97010
101093
105155
109208
113276
117309
121360
125392
129441
133493
137545
141595
145631
149695
153762
157813
161863
165931
169983
174089
178156
182277
186436
190514
194575
198636
202696
4094
8131
12183
16217
20268
24319
28352
32402
36453
40487
44520
48555
52605
56656
60722
64773
68874
72958
77021
81145
85258
89293
93343
97414
101499
105531
109897
114212
118453
122508
126540
130574
134625
138674
142709
146758
150791
154824
158877
162928
166963
170997
175094
179145
183197
187247
191314
195367
199399
203433
4050
8083
12168
16236
20285
24343
28395
32461
36495
40559
44641
48694
52761
56828
60926
64975
69042
73110
77177
81235
85290
89341
93374
97409
101442
105475
109533
113599
117634
121685
125717
129752
133785
137833
141868
145935
149984
154019
158054
162086
166171
170238
174272
178340
182392
186442
190478
194528
198562
202598
5954
12160
18226
24365
30535
36492
42598
48504
54404
60285
66154
72065
77966
83843
89754
95635
101572
107452
113335
119215
125099
130963
136813
142660
148556
154409
160271
166122
172001
177868
183730
189598
195490
201467
207358
213243
219137
225067
230948
236876
242787
248740
254649
260605
266483
272365
278251
284132
290018
295864
6145
12282
18195
24055
29936
35838
41759
47646
53525
59428
65274
71142
77005
82874
88720
94587
100469
106354
112233
118111
124042
129997
135893
141790
147690
153575
159534
165444
171380
177350
183263
189189
195100
200993
206924
212787
218704
224569
230438
236300
242162
248063
253940
259842
265689
271613
277572
283470
289445
295501
5976
11840
17715
23587
29464
35327
41194
47039
52907
58753
64603
70483
76363
82229
88092
93959
99805
105671
111518
117402
123249
129117
134969
140837
146701
152568
158430
164276
170144
176006
181876
187753
193649
199513
205414
211261
217128
222974
228859
234704
240555
246418
252280
258131
263994
269844
275708
281575
287439
293289
5877
12192
18269
24314
30181
36027
41895
47757
53607
59470
65320
71183
77050
82929
88775
94659
100505
106420
112283
118176
124056
129908
135787
141682
147563
153464
159310
165178
171039
176923
182840
188721
194636
200545
206441
212358
218259
224124
230019
235905
241773
247637
253522
259385
265286
271180
277128
283002
288901
294765
5893
11775
17699
23563
29469
35350
41248
47162
53060
58986
64921
70817
76718
82599
88500
94382
100232
106079
111946
117809
123701
129646
135556
141499
147395
153281
159144
165045
170908
176776
182621
188472
194372
200269
206134
212037
217883
223759
229659
235533
241476
247339
253189
259052
264920
270782
276657
282582
288546
294458
5906
11817
18138
24182
30324
36211
42075
47942
53839
59748
65619
71547
77440
83384
89300
95218
101091
106957
112842
118749
124653
130516
136403
142300
148203
154054
159923
165785
171653
177516
183415
189308
195265
201204
207239
213117
219014
224929
230850
236766
242661
248581
254472
260373
266237
272136
278001
283916
289810
295754
5920
11813
17747
23642
29527
35408
41304
47150
53018
58895
64759
70660
76536
82405
88252
94134
100043
105952
111837
117721
123608
129504
135387
141270
147136
153019
158865
164727
170595
176441
182309
188155
194024
199887
205739
211602
217470
223333
229201
235132
241011
246943
252849
258736
264632
270531
276411
282307
288201
294098
5902
11792
17678
24046
30135
36125
42197
48124
54025
59900
65802
71670
77539
83401
89289
95135
100986
106848
112715
118577
124423
130291
136154
142005
147867
153736
159599
165484
171347
177214
183059
188928
194774
200651
206504
212383
218251
224114
229980
235843
241693
247557
253441
259288
265155
271002
276869
282732
288612
294479
5861
11759
17643
23525
29414
35288
41164
47028
52895
58759
64626
70474
76342
82207
88141
94017
99925
105814
111689
117626
123502
129419
135300
141206
147088
153021
158928
164899
170777
176694
182557
188458
194333
200293
206169
212244
218134
224092
229966
235880
241758
247660
253607
259501
265411
271273
277175
283038
288925
294805
5877
11728
17590
23458
29710
35783
41646
47789
53752
59676
65550
71419
77282
83150
88995
94915
100795
106659
112546
118409
124294
130156
136026
141871
147738
153632
159534
165414
171300
177162
183013
188893
194755
200681
206577
212462
218359
224270
230134
236034
241932
247837
253718
259638
265521
271371
277217
283084
289062
295038
8199
16842
25073
33168
41524
49737
57889
66013
74044
82073
90153
98201
106410
114461
122493
130543
138663
146726
154805
162820
170929
178979
187009
195023
203167
211198
219229
227288
235301
243415
251546
259601
267692
275768
283810
291858
299872
307886
315918
323931
332213
340444
348473
356805
364883
372951
381015
389066
397080
405093
8024
16063
24093
32122
40119
48173
56260
64322
72576
80657
88708
96782
104779
112809
120870
128932
136962
145065
153221
161255
169335
177375
185442
193461
201570
209639
217728
225836
233896
241928
249977
257990
266003
273999
282030
290091
298103
306104
314215
322357
330461
338496
346587
354637
362710
370754
378751
386765
394778
402791
8030
16061
24090
32137
40188
48231
56244
64259
72272
80309
88406
96447
104527
112573
121126
129294
137309
145656
153686
161704
169719
177749
185747
193836
201884
209960
217991
226005
234035
242048
250062
258220
266316
274399
282467
290636
298705
306774
314806
322902
330943
338957
347007
355021
363051
371063
379061
387108
395121
403117
8095
16125
24175
32207
40238
48272
56286
64299
72314
80328
88340
96351
104365
112379
120393
128461
136624
144680
152783
160889
168971
177014
185045
193076
201106
209103
217116
225130
233159
241207
249287
257334
265402
273434
281463
289569
297681
305728
314160
322718
330750
338762
346826
354887
362951
370987
379035
387201
395422
403517
8046
16120
24182
32248
40245
48324
56367
64413
72443
80457
88500
96565
104613
112659
120673
128688
136718
144732
152728
160824
168882
176931
184962
193007
201082
209146
217189
225238
233285
241332
249376
257406
265421
273434
281446
289459
297455
305489
313502
321515
329512
337526
345556
353551
361571
369641
377687
385736
393795
401843
8014
16030
24077
32103
40179
48239
56287
64383
72412
80533
88666
96756
105265
113704
121780
129828
137887
145885
153965
162069
170155
178263
186314
194408
202455
210498
218535
226532
234544
242605
250707
258812
266858
274920
282975
291044
299091
307209
315274
323322
331369
339475
347552
355613
363693
371765
379793
387858
395902
403951
8028
16043
24042
32072
40134
48225
56271
64361
72394
80406
88422
96438
104433
112499
120513
128525
136568
144616
152657
160719
168804
176882
184967
193121
201150
209198
217285
225339
233389
241448
249494
257541
265665
273758
281819
289883
298351
306768
314921
322939
330951
338963
346980
355009
363022
371069
379130
387220
395268
403298
8047
16044
24076
32073
40086
48117
56144
64158
72243
80292
88351
96367
104399
112413
120427
128440
136471
144487
152484
160498
168511
176544
184556
192635
200691
208739
216787
224814
232876
240960
249031
257158
265352
273472
281583
289648
297690
305737
313832
321876
329925
337972
346044
354154
362249
370404
378523
386581
394716
402794
8065
16097
24130
32191
40222
48253
56310
64406
72466
80559
89231
97587
105781
113828
121872
129954
137977
146015
154047
162068
170091
178167
186227
194274
202337
210377
218430
226460
234656
242724
250807
258872
266934
274964
282966
290997
299076
307136
315171
323183
331238
339316
347375
355456
363800
371955
380054
388145
396174
404252
8078
16141
24203
32263
40292
48321
56318
64395
72455
80551
88661
96704
104754
112785
120799
128817
136831
144860
152859
160940
168985
177041
185088
193118
201132
209192
217331
225433
233566
241683
250062
258941
267436
275705
283904
292232
300511
308680
317054
325286
333641
341808
350152
358324
366554
374663
382743
390843
398956
407067
10915
22065
33058
43851
54726
65285
75845
86388
96934
107446
117954
128476
139152
149899
160682
171296
181920
192558
203038
213922
224936
235780
246660
257741
268590
279413
290501
301364
312336
323281
334045
344715
355253
365837
376439
387108
397769
408372
418987
429513
440069
450558
461050
471756
482312
492902
503538
514121
525226
537222
11891
22800
33919
44759
55526
66587
77340
88143
98970
109652
120416
131148
141730
152233
162727
173204
183727
194303
204887
216181
227445
238602
249663
260859
272056
283495
294947
306359
318597
330546
342324
354483
366504
377707
389961
402020
413774
424832
436800
448525
459657
471755
483405
494594
506636
517954
529558
540895
552603
564333
11710
23044
34681
45872
56700
67584
78265
88874
99474
110096
120746
131296
141848
152367
162924
173645
184361
195307
206475
217912
229104
240151
251505
262634
273976
285579
297099
308370
319622
330825
342118
353364
364724
375932
387342
398584
409704
421103
432138
443159
454195
464948
475492
485968
496515
507004
517515
528022
538517
550032
10792
21931
34058
45725
57644
69202
80968
92574
105216
117454
129296
140275
151851
163062
174592
186273
197780
209068
220302
231360
242421
253420
264381
275144
285906
296765
307477
318322
329449
340314
351302
362230
372934
383751
394695
405621
416878
427898
438844
450048
461018
472177
483100
493877
504976
516012
526876
537899
548929
559844
10923
22003
32904
43765
54952
65942
76867
88032
99094
110333
121803
132922
143835
154923
165913
176775
187555
198376
209000
219627
230355
241035
251859
262597
273237
283914
294547
305157
316004
326846
337501
348175
358771
369313
379874
390385
400954
411474
421994
432548
443093
453628
464201
474763
485331
495997
506625
517252
527962
538546
10547
21133
31629
42180
52758
63305
73829
84387
94933
105547
116180
126737
137315
147876
158446
169603
180518
191080
201674
212182
222690
233202
243694
254181
264690
275464
286124
296773
307347
317895
328449
338954
349449
359955
370460
380936
391447
401936
412430
422967
433511
444039
454528
465021
475517
486053
496597
507150
517677
528284
10554
21082
31629
42132
52611
63155
73642
84136
94625
105119
115611
126115
136658
147234
157728
168222
178713
189224
199788
210379
220942
232042
242827
253630
264205
274743
285328
295857
306409
316891
327465
338006
348556
359068
369557
380084
390606
401163
411669
422193
432746
443228
453829
464406
474912
485423
495933
506438
516966
527523
10569
21146
31791
42358
53012
63585
74121
84668
95224
105791
116302
126812
137338
147849
158347
168850
179356
189850
200454
211011
221612
232325
242853
253527
264173
274746
285381
295975
307212
318004
328627
339195
349734
360261
370767
381277
391790
402332
412839
423358
433908
444418
454907
465402
475942
486494
497015
507522
518019
528514
10526
21038
31530
42020
52518
63054
73615
84140
94663
105205
115760
126255
136752
147261
157843
168426
178968
189525
200237
210820
221423
231950
242460
253001
263610
274117
284675
295266
305774
316333
326825
337319
347915
358499
369557
380222
390765
401473
412405
422950
433525
444105
454629
465207
475770
486263
496778
507306
517814
528323
10504
21033
31596
42098
52589
63118
73623
84117
94680
105233
115776
126263
136755
147247
157737
168429
179033
189555
200053
210559
221119
231694
242246
252820
263455
274024
284642
295261
305827
316444
327033
337639
348213
358734
369308
379850
390449
401152
411790
422343
432946
444294
454874
465381
475891
486379
496888
507432
517969
528547
14309
28307
42056
55581
68923
82440
95800
109178
122611
136085
149540
162916
176247
189638
203020
216362
229757
243167
256583
269995
283362
296712
310136
323512
336837
350292
363680
377121
390446
403818
417207
430569
443944
457326
470685
484025
497417
511422
524896
538335
551785
565242
578582
591922
605251
618577
632099
645504
658879
672203
13389
26779
40107
53526
66943
80289
93613
106953
120334
133767
147143
160505
173849
187312
200783
214174
227577
240995
254403
267814
281174
294533
307931
321323
334647
347993
361412
374789
388166
401552
415036
428872
442602
456101
469519
482895
496240
509589
523211
536636
550092
563526
576971
590329
603674
617031
630404
643865
657264
670689
13429
26847
40255
53615
66956
80268
93610
107033
120458
133783
147126
160456
173880
187284
200723
214114
227456
240785
254109
267617
281127
294516
307926
321313
334654
348016
362265
375703
389028
402386
415698
429069
442500
455974
469480
482980
496437
509839
523181
536542
549866
563214
576554
589879
603236
616568
629926
643333
656784
670158
13347
26672
40086
53534
66894
80234
93827
107353
120809
134199
147618
161030
174465
187856
201284
214625
227934
241280
254639
267980
281949
295512
308841
322201
335541
348854
362229
375587
388931
402289
415615
428977
442334
455720
469049
482389
495730
509075
522400
535726
549091
562433
575757
589224
602743
616321
629705
643046
656410
669768
13344
26674
40015
53377
66717
80041
93407
106731
120072
133434
146791
160098
173458
186832
200242
214150
227918
241330
254690
268031
281370
294761
308123
321487
334865
348298
361707
375049
388440
401865
415296
428699
442181
455571
468959
482389
495786
509110
522456
535796
549159
562505
575828
589198
602526
615921
629289
642811
656414
669857
13432
26828
40249
53685
67094
80453
93777
107188
120605
134529
148240
161703
175238
188630
202052
215465
228836
242258
255772
269308
282799
296189
309563
323057
336448
349913
363403
376885
390298
403686
417030
430450
443841
457232
470625
484105
497507
510950
524371
537837
551340
564818
578325
591791
605256
618749
632124
645576
658972
672379
13505
26881
40266
54149
67604
81444
94842
108168
121567
134923
148338
161750
175126
188486
201911
215332
228744
242087
255429
268774
282098
295456
308784
322142
335562
348986
362360
375735
389155
402498
415842
429170
442559
455935
469303
482691
496133
509563
522953
536369
549776
563119
576444
589958
603391
616737
630144
643535
657413
670789
13399
26863
40327
53886
67257
80620
93979
107352
120860
134280
147670
161092
174497
187941
201335
214801
228209
241585
255003
268463
281913
295328
308678
322081
335530
348947
362340
375797
389294
402784
416192
429555
442879
456267
469705
483075
496449
509810
523134
536535
550006
563429
577102
590988
604438
617857
631180
644578
657953
671318
13357
26681
40152
53543
66934
80344
93800
107181
120596
134071
147454
160946
174348
187726
201074
214460
227941
241449
254884
268281
281638
294978
308391
321821
335185
348530
361853
375194
388540
401868
415212
428556
441879
455220
468564
481888
495396
509581
523079
536506
549922
563457
576997
590402
603795
617142
630467
643806
657174
670529
13428
27020
40514
53999
67392
80782
94158
107499
120845
134185
147510
160838
174179
187520
200830
214198
227553
240870
254227
267588
280949
294274
307599
320927
334267
347591
360937
374262
387620
400950
414289
428025
441796
455171
468534
481875
495203
508514
521891
535226
548571
562047
575478
588972
602400
615857
629254
642580
655985
669416
17534
34674
51443
67944
84464
100960
117457
133936
150450
166948
183467
199946
216513
233083
249762
266485
283042
299645
316397
332962
349722
366962
383717
400315
416952
433581
450230
466928
483568
500250
516834
533330
549954
566580
583134
599764
616408
633122
649672
666351
682960
699553
716082
732636
749276
765930
782477
798956
815547
832099
16817
33328
50020
66622
83149
99679
116175
132689
149273
165917
182494
199031
215527
232041
248537
265074
281584
298217
314696
331321
347818
364351
380830
397381
413881
430393
446887
463399
479879
496543
513154
529818
546487
563202
579757
596294
612899
629475
646050
662629
679192
695813
712395
728983
745593
762096
778612
795091
811603
828153
16513
33082
49613
66146
82640
99222
115701
132198
148695
165173
181697
198301
214896
231466
247945
264671
281267
297826
314386
330918
347467
363964
380460
396956
413438
429933
446415
462927
479509
496024
512520
529043
545610
562202
578821
595454
612015
628537
645017
661567
678080
694647
711300
727897
744410
761032
777609
794105
810601
827166
16533
33012
49512
66048
82545
99041
115537
132058
148573
165149
181718
198229
214756
231320
247814
264367
280870
297397
313893
330405
346936
363595
380197
396846
413397
429894
446390
462984
479555
496100
512612
529222
545882
562542
579102
595584
612081
628593
645075
661576
678138
694665
711180
727695
744191
760686
777279
793834
810329
826844
16599
33130
49710
66262
82873
99575
116159
132673
149228
165840
182400
198898
215416
231945
248462
265111
281758
298361
315232
331882
348497
365241
381900
398627
415254
431923
448643
465411
481971
498484
514982
531553
548152
564683
581180
597755
614287
630822
647335
663818
680319
696911
713465
729981
746478
762960
779456
796111
812738
829394
16582
33168
49747
66261
82741
99270
115866
132450
148963
165554
182157
198822
215656
232315
248878
265421
281953
298514
315193
331807
348431
365102
381814
398530
415228
431970
448547
465050
481777
498509
515136
531703
548251
564901
581541
598154
614745
631260
647822
664465
681015
697572
714304
730903
747456
764011
780648
797225
813724
830238
16533
33012
49525
66128
82733
99264
115873
132380
149052
165706
182396
198943
215540
232136
248791
265411
281961
298574
315283
331916
348594
365185
381827
398477
415057
431598
448095
464591
481089
497568
514155
530670
547150
563651
580147
596661
613239
629753
646249
662729
679226
695730
712209
728707
745187
761716
778237
794758
811239
827740
16528
33008
49722
66241
82737
99282
115802
132297
148794
165290
181807
198400
214930
231478
248179
264797
281488
298035
314599
331162
347690
364221
380753
397531
414094
430624
447198
463712
480240
496731
513270
529772
546465
563019
579739
596450
613118
629731
646280
662776
679272
695818
712541
729107
745775
762479
779134
795836
812497
829076
16592
33200
49975
66568
83179
99784
116420
133091
149807
166459
183005
199521
216163
232773
249392
265976
282473
298956
315532
332078
348576
365072
381586
398087
414654
431227
447740
464313
480860
497356
513891
530372
547164
563777
580352
596900
613399
629899
646395
663012
679725
696285
713039
729626
746203
762782
779464
796008
812665
829318
16608
33205
49703
66222
82870
99538
116226
132923
149534
166211
182786
199399
216030
232646
249221
265718
282267
298844
315439
331952
348447
364946
381532
398092
414709
431409
448173
464853
481443
498043
514541
531039
547518
564030
580560
597093
613661
630254
646734
663225
679714
696209
712689
729230
745815
762641
779190
795705
812252
828783
21288
41851
62272
82438
102666
122867
142946
162996
183093
203125
223120
243184
263260
283311
303295
323467
343634
363766
383798
403943
424081
444141
464291
484285
504435
524551
544606
564733
584809
605088
625761
645980
666069
686070
706084
726063
746057
766053
786049
806043
826057
846190
866265
886310
906305
926355
946367
966399
986428
1006572
20074
40155
60229
80303
100404
120452
140543
160634
180782
201446
222028
242175
262291
282374
302456
322639
342696
362695
382873
402979
423215
443294
463464
483706
503785
523919
544241
564325
584370
604683
624811
644928
665028
685175
705278
725418
745572
765659
785709
806284
826502
846497
866526
886538
906531
926558
946698
966816
987321
1007431
20153
40249
60340
80385
100462
120596
140689
160687
180705
201110
221328
241557
261676
281673
301685
321885
342075
362237
382813
403377
423522
443743
463793
484035
504285
524644
544836
565032
585174
605438
625640
645670
665803
685938
705988
726002
746017
766091
786214
806278
826340
846403
866514
886640
906637
926647
946741
966790
987365
1007764
20244
40401
60399
80489
100486
120501
140515
160639
180716
200701
220744
240822
260948
281010
301041
321135
341192
361240
381270
401416
421465
441497
461569
481651
501647
521779
541841
561879
582628
602850
622845
642886
663040
683075
703242
723386
743449
763461
783477
803555
823626
844206
864303
884299
904314
924356
944387
964599
984595
1004625
20299
40906
61475
81726
101946
122321
142555
163375
183419
203600
223654
243707
264089
284212
304367
324453
344735
364792
384856
404977
425317
445408
465490
485504
505794
525903
546145
566286
586421
606519
626553
646582
666706
686780
706779
726816
746920
767770
787942
808072
828343
848418
868588
888813
909054
929250
949352
969387
989401
1009501
20284
40571
60709
80871
100904
120915
140947
161101
181227
201307
221493
241632
261645
281674
301669
321751
342404
362831
382890
403000
423046
443169
463457
483792
504028
524200
544422
564588
584845
605016
625066
645078
665072
685118
705163
725223
745288
765316
785328
805341
825354
845366
865361
885375
905419
925449
946244
966543
986893
1007148
20401
40651
60918
81087
101201
121329
141402
161558
181773
201854
221945
241927
262002
282062
302075
322137
342260
362289
382301
402345
422432
442428
462440
482679
502854
523019
543980
564085
584098
604093
624341
644438
664497
684770
704908
725132
745233
765302
785393
805518
825597
845577
865825
886121
906264
926355
946350
966592
987140
1007314
20030
40031
60105
80234
100404
120870
141283
161281
181288
201285
221471
241716
262018
282200
302279
322312
342393
362589
382701
402812
422951
443061
463234
483349
503378
523532
543725
563987
584224
604387
624559
644608
664622
684636
704665
725280
745536
765578
785904
806008
826118
846215
866325
886445
906666
926694
946725
967028
987200
1007370
20058
40070
60194
80334
100463
120523
140602
160642
180674
200669
220728
240891
261120
281461
302107
322674
342654
362806
382946
403002
423018
443087
463150
483244
503371
523435
543462
563629
583844
603905
623983
644062
664107
684293
704354
724405
744552
764707
784875
804951
825016
845031
865130
885263
905723
925719
946096
966383
986605
1006734
20283
40408
60634
80759
100854
120879
140875
160874
180869
200880
220876
240966
261156
281287
301388
321446
341459
361471
381604
401762
421830
442132
462165
482322
503169
523310
543436
563675
583918
604057
624135
644175
664349
684406
704518
724549
744577
764576
784656
804714
824728
844880
865088
885348
905410
925500
945707
965824
985888
1006086
25218
49802
74016
98657
122510
146442
170435
194389
218382
242306
266237
290260
314270
338133
362087
386049
409999
434176
458295
482347
506421
530344
554390
578390
602440
626415
650379
674721
698975
722958
746886
771115
795130
819092
843053
866984
890880
914902
938916
962813
986745
1010687
1034666
1058659
1082802
1106845
1130752
1154710
1178902
1203015
23996
48062
72180
96277
120381
144424
168682
192914
217183
241322
265488
289570
313641
337653
361629
385483
409421
433315
457161
481033
504994
528989
552866
576766
600738
624760
648722
672604
696501
720614
744512
768438
792334
816260
840287
864179
888059
912128
936227
960218
984145
1008082
1032060
1055975
1079913
1103979
1128494
1152534
1176464
1200439
24079
48104
72085
96033
120119
144223
168102
192113
215988
239866
263780
287667
311661
335542
359440
383286
407181
431254
455190
479055
503160
527256
551323
575295
599209
623081
647078
670925
694789
718652
742603
766564
790541
814579
838556
862472
886346
910327
934391
958333
982227
1006206
1030102
1054026
1078037
1102115
1126229
1150176
1174045
1197939
23959
47833
71833
95829
119832
143657
167498
191391
215454
239475
263379
287222
311227
335094
359004
382893
406868
430728
454655
478501
502376
526294
550313
574205
598164
622097
645956
669984
693906
717887
741764
765607
789557
813565
837629
861736
885846
909856
933922
957865
981958
1005921
1029832
1053657
1077650
1101667
1125607
1149502
1173422
1197486
24044
47976
71875
95864
119772
143644
167591
191568
215515
239377
263404
287344
311240
335343
359342
383314
407284
431246
455223
479458
503557
527577
551495
575420
599503
623385
647523
671677
695602
719452
743361
767353
791479
815498
839603
863497
887358
911264
935227
959123
983098
1007099
1031070
1054954
1078841
1103059
1126983
1150903
1174943
1198972
23897
47794
72025
96143
120108
144003
167866
191811
215850
239837
263748
287658
311524
335485
359433
383566
407531
431429
455340
479235
503098
527119
551074
575113
599011
623023
647164
671172
695116
718994
742856
766754
790621
814569
838417
862450
886491
910546
934612
958589
982469
1006347
1030210
1054229
1078340
1102291
1126156
1150132
1174090
1198113
23896
47742
71697
95546
119426
143387
167289
191381
215226
239108
262970
286814
310690
334538
358420
382282
406145
430008
453873
477771
501636
525515
549377
573291
597212
621124
644986
668902
692902
716763
740615
764494
788340
812203
836082
859947
883860
907758
931658
955502
979382
1003260
1027106
1051175
1075167
1099164
1123155
1147078
1170927
1194962
24021
47920
71785
95630
119492
143355
167203
191066
214929
238841
262870
286926
310933
334815
358724
382570
406481
430396
454241
478326
502244
526359
550301
574256
598224
622123
645969
669814
693671
717532
741397
765264
789128
812994
836858
860754
884693
908685
932726
956722
980979
1004991
1028904
1052822
1076700
1100561
1124441
1148511
1172458
1196445
23949
47789
71674
95536
119568
143671
167714
191729
215630
239543
263440
287610
311475
335326
359222
383225
407122
431099
455220
479376
503544
527625
551709
575640
599569
623595
647508
671636
695630
719798
743833
768138
792187
816206
840134
864245
888282
912260
936174
960054
983971
1007814
1031753
1055741
1079739
1103648
1127575
1151421
1175338
1199303
23983
48080
72365
96303
120171
144047
167913
191992
216103
240086
264158
288167
312000
335835
359686
383835
407878
431760
455592
479444
503289
527155
551040
575217
599251
623214
647176
671093
695022
719120
743097
766946
790879
814827
838738
862706
886615
910521
934539
958484
982479
1006378
1030211
1054129
1078306
1102295
1126177
1150027
1174072
1197990
29669
58082
86388
114683
142857
171083
199265
227335
255513
283591
312002
340068
368365
396466
424626
452759
480895
509051
537169
565413
593911
622878
651075
679085
707218
735490
763796
791902
819969
848154
876276
904335
932443
960761
988927
1017152
1045315
1073567
1101821
1129956
1158105
1186575
1215515
1243526
1271572
1299855
1328279
1356546
1384801
1413171
28020
56029
84181
112370
140355
168456
196762
225139
253353
281736
310052
338337
366392
395506
423911
452233
480389
508562
536783
564969
592979
621120
649191
677210
705414
733615
761854
790001
818205
846308
874328
902329
930469
958608
987379
1015765
1043783
1071784
1099920
1127956
1156137
1184139
1212339
1240548
1268602
1296620
1324784
1352946
1381209
1409266
28177
56254
84352
112406
140489
169228
197703
225954
254051
282051
310339
338519
366774
394968
423182
451241
479227
507401
535613
563681
591753
619864
647935
675952
703957
731991
760009
788879
817268
845396
873584
901761
930188
958345
986523
1014949
1043346
1071538
1099558
1127688
1155783
1183868
1211956
1240102
1268119
1296266
1324427
1352446
1381364
1409518
28092
56246
84317
112464
140503
168633
196699
224917
252959
280981
309020
337004
365005
393153
421349
449443
477529
505645
533715
562757
591012
619341
647360
675377
703414
731715
759936
787986
815993
844120
872239
900338
928406
956441
984445
1012463
1040515
1068551
1096690
1124813
1153517
1181847
1209865
1237866
1265885
1293973
1322015
1350054
1378056
1406075
28057
56097
84166
112232
140329
168422
196577
224639
252643
280663
308700
337608
365676
393842
421886
449890
477909
505944
533933
561952
590014
618086
646242
674390
702562
730628
758637
786659
814662
842682
870723
898810
926816
955760
983889
1011960
1039947
1067987
1096090
1124153
1152157
1180199
1208371
1236423
1264462
1292483
1320502
1348506
1376534
1404615
28047
56035
84120
112189
141351
169369
197407
225458
253492
281642
309714
337750
365773
393774
421792
449794
477911
505966
534031
562100
590120
618193
646230
674505
702558
731256
759357
787538
815562
843565
871602
899639
927658
955713
983734
1011736
1039792
1067937
1096076
1124113
1152184
1180204
1208309
1236474
1264526
1292652
1321239
1349650
1377656
1405678
28052
56054
84105
112178
140299
168335
196357
224444
252497
280585
308736
336805
364903
392950
420987
449075
477109
505925
534349
562385
590387
618390
646413
674449
702541
730542
758528
786515
814552
842586
870756
898878
926920
954940
982961
1010946
1038948
1067001
1094985
1123931
1151983
1180053
1208077
1236113
1264308
1292472
1320604
1348638
1376838
1404886
28003
56058
84095
112114
140306
168330
196350
224385
252442
280513
309591
337626
365663
393679
421692
449798
477850
505851
533861
561879
589915
617956
646057
674112
702147
730233
758271
786258
814275
842353
870354
898950
927002
955203
983242
1011264
1039272
1067339
1095340
1123375
1151394
1179396
1207381
1235414
1263449
1291533
1319534
1347658
1375695
1403729
28174
56307
84324
112450
140459
168493
196546
224565
252600
280622
308724
336777
364945
393004
421106
449298
477316
505401
533644
561742
589776
617825
645848
673849
701871
729891
757893
785898
813916
841919
869922
897943
925962
953984
982099
1010118
1038251
1066290
1094292
1122388
1150476
1178512
1206531
1234548
1262586
1290588
1318659
1346660
1374722
1402815
28162
56165
84215
112233
140401
168566
196584
224622
252633
280751
308942
336996
365015
393018
421055
449055
477042
505048
533050
561616
589762
617826
645889
673917
701943
729955
757977
785979
813965
841967
869990
898026
926027
954050
982070
1010148
1038210
1066230
1094319
1122429
1150541
1178675
1206727
1234763
1262799
1290855
1318959
1347027
1375070
1403090
34050
66970
99464
132037
164548
197073
229738
262251
294761
327321
359842
392335
424844
457370
489899
522408
554935
587478
620934
653460
686003
718737
751373
783923
816452
848980
881510
914070
946626
979203
1011718
1044280
1076775
1109268
1141764
1174361
1207419
1240432
1272981
1305528
1338071
1370566
1403119
1435634
1468238
1500816
1533325
1565853
1598483
1631137
32559
65153
97824
130316
163632
196596
229088
261650
294157
326716
359243
391756
424267
456854
489384
521897
554423
587056
619598
652095
684623
717149
749674
782811
815703
848238
880790
913335
945982
978630
1011156
1043724
1076311
1108962
1141490
1173983
1206491
1238984
1271495
1304047
1336586
1369717
1402260
1434769
1467295
1499811
1532374
1564933
1597605
1630200
32543
65039
97584
130147
162699
195209
227733
260261
292829
326403
358990
391672
424248
456887
489382
521906
554432
586940
619631
652172
684706
717215
749707
782233
814741
847305
879926
912436
946003
978552
1011122
1043684
1076195
1108725
1141250
1173766
1206344
1238889
1271417
1304040
1336675
1369277
1401834
1434415
1467064
1499589
1533157
1565692
1598289
1630897
32564
65120
97695
130204
162711
195331
227849
260373
292977
325750
358681
391208
423736
456228
489787
522459
555034
587604
620112
652658
685362
717888
750465
783075
815917
848487
881065
913590
946116
978626
1011119
1043774
1076322
1109767
1142399
1174988
1207517
1240061
1272620
1305251
1337782
1370290
1402783
1435310
1467803
1500296
1532787
1565355
1597869
1630433
32592
66311
98838
131468
164084
196636
229232
261762
294339
326884
359427
391936
424513
457024
489565
522111
554682
587208
619882
653126
685990
718522
751125
783617
816197
848738
881355
913952
946480
978974
1011519
1044200
1076811
1109426
1141979
1174602
1207094
1240096
1272858
1305656
1338440
1370950
1403548
1436059
1468619
1501138
1533647
1566179
1598721
1631283
32664
65214
97830
130360
162885
195969
228983
261528
294077
326586
359121
391713
424243
456785
489374
522170
554766
587278
619841
652427
684994
717486
750049
782628
816003
848518
881029
913573
946117
978659
1011201
1043850
1076371
1108916
1141427
1173942
1206501
1239049
1271717
1304227
1336757
1369338
1402525
1435437
1467995
1500589
1533489
1566021
1598618
1631151
32544
65132
97665
130157
162700
195264
227762
260272
292801
325344
358728
391763
424289
456830
489432
521947
554456
586966
619491
652021
684530
717038
749616
782178
814719
847264
879895
912493
945035
978550
1011139
1043739
1076268
1108810
1141337
1173853
1206394
1238904
1271435
1303982
1336529
1369022
1401755
1434279
1466771
1499265
1531861
1564339
1596869
1629364
32622
65220
97895
130474
163087
195677
228189
260953
293532
326026
358537
391114
423664
456162
488671
521253
553814
586358
618951
651470
683982
716530
749237
781781
814274
846804
879317
911839
944385
976912
1009425
1042046
1074575
1107153
1139709
1172260
1204768
1237370
1269967
1302516
1335061
1367619
1400170
1432669
1465196
1497730
1530261
1562804
1595317
1627855
32621
65197
97865
130529
163058
195600
228108
260633
293127
325648
358172
390662
423224
455809
488413
520942
553505
586052
618778
651326
683851
716345
748907
781417
813931
846440
878954
911514
944073
976601
1009093
1041671
1074198
1106961
1139571
1172251
1204923
1237432
1269977
1302521
1335051
1367594
1400119
1432671
1465264
1497788
1530413
1562913
1595559
1628150
32614
65106
97668
130181
162729
195294
227786
260315
292841
325367
357898
390540
423068
455684
488485
521026
553518
586031
618557
651050
683580
716075
748568
781110
813671
846204
878729
911349
943881
976518
1009053
1041667
1074267
1106808
1139411
1171990
1204502
1237012
1269556
1302067
1334644
1367171
1399707
1432269
1464901
1497609
1530158
1562699
1595277
1627869
38756
76500
113933
151392
188902
226333
263866
301299
339032
376510
413958
451475
488963
526443
563875
601815
639687
677166
714636
752100
789528
827051
864485
902011
939533
976947
1014362
1051910
1089379
1126829
1164430
1202417
1240258
1277822
1315316
1352855
1390270
1427704
1465151
1502596
1540016
1577447
1614868
1652334
1689798
1727268
1764764
1802660
1840602
1878100
37441
74859
112272
149773
187188
224683
262238
299807
337202
374735
412247
449875
487345
525452
563374
600786
638205
675651
713084
750527
787974
825431
862941
900419
938056
975539
1012990
1050454
1087902
1126204
1163618
1201015
1238506
1276008
1313440
1350921
1388398
1425931
1463572
1501097
1538551
1576139
1613690
1651207
1688679
1726913
1764332
1801786
1839199
1876605
37542
75066
112512
149950
187406
224880
262328
299783
337213
374675
412287
450780
488358
525793
563345
600820
638306
675758
713172
750608
788163
825592
862995
900478
937913
975416
1012863
1051454
1088951
1126414
1163886
1201366
1238819
1276246
1313659
1351164
1388680
1426130
1463663
1501127
1538731
1576215
1613656
1651907
1689502
1726970
1764366
1801811
1839254
1876714
37516
74954
112483
149982
187473
224905
262358
299800
338022
375783
413211
450625
488150
525632
563057
600470
637984
675565
712999
750430
787889
825313
862725
900210
938167
975902
1013330
1050769
1088202
1125615
1163162
1200595
1238057
1275508
1312926
1350407
1387828
1425431
1462886
1500386
1538376
1576195
1613672
1651190
1688817
1726267
1763682
1801278
1838779
1876217
37456
74887
112320
149770
187207
224689
263182
300702
338117
375518
412953
450501
488065
525588
563001
600538
638021
675444
712913
750367
787941
825388
863553
901087
938519
976044
1013473
1050923
1088342
1125870
1163320
1200803
1238233
1275863
1314069
1354416
1394918
1435435
1476489
1517037
1557425
1597867
1636002
1673437
1710939
1748457
1786007
1823582
1861034
1898533
37574
74998
112539
151203
188770
226202
263707
301122
338565
376094
413560
451078
488542
526068
563573
601071
638565
676046
713598
751657
789139
826581
864160
901659
939130
976579
1014027
1051462
1088909
1126409
1163844
1201426
1238896
1276356
1313790
1352021
1389517
1426968
1464368
1501797
1539231
1577323
1614888
1652377
1689842
1727278
1764756
1803660
1841374
1878980
37772
75219
112743
150207
187638
225283
263734
301336
340299
378966
416487
453958
491528
529070
566533
603982
641469
678915
716346
753767
791281
828837
866281
903742
941302
978895
1016373
1053808
1091403
1128856
1166283
1203744
1241248
1278710
1316220
1353640
1391101
1428532
1466029
1503515
1540947
1578361
1615774
1653270
1690750
1728382
1765885
1803414
1840849
1878463
37513
75209
112887
150296
187758
225165
262585
300012
337451
375001
412530
449950
487379
524826
562233
599756
637132
674525
711935
749357
786782
824193
861598
899134
936725
974097
1011474
1048830
1086352
1123969
1161397
1198874
1236303
1273713
1311204
1348634
1386059
1423527
1461020
1498623
1536071
1573605
1611156
1648605
1686096
1723545
1761169
1798576
1836072
1873564
37436
75013
112462
149871
187409
224906
262382
299783
337306
374785
412219
449732
487214
524899
562373
599937
637470
674965
712544
749971
787407
824850
862310
899792
937201
974627
1012110
1049589
1087014
1124460
1161853
1199538
1236947
1274356
1311786
1349178
1386622
1424086
1461513
1499019
1536519
1574002
1611535
1648996
1686509
1723978
1761410
1798819
1836269
1873713
37539
74975
112447
149911
187336
225018
262482
299973
337507
375010
412441
449876
487347
524779
562193
599648
637078
674492
711950
749363
786797
824424
861908
899361
936795
974229
1011683
1049113
1086510
1124054
1161643
1199096
1236549
1273981
1311560
1349080
1386530
1424032
1461471
1498872
1536317
1573843
1611395
1648943
1686357
1723844
1761276
1798790
1836434
1873843
44015
86811
129620
172388
215155
258156
301032
343913
386716
429846
472700
515534
558401
601794
644679
687475
730378
773128
815897
858769
901591
944495
987274
1030042
1072810
1115593
1158428
1201806
1244927
1287691
1330528
1373377
1416180
1459021
1501841
1544576
1587343
1630116
1672887
1715750
1758581
1801807
1844956
1887825
1930702
1973523
2016309
2059054
2101850
2144711
42852
85831
128717
171559
214336
258252
301108
343860
386675
429376
472100
514880
557664
600415
643258
686058
728831
771719
814490
858080
900830
943598
986387
1029173
1071995
1114774
1157538
1200445
1243371
1286270
1329041
1371921
1414684
1458491
1501299
1544036
1586781
1629582
1672474
1715304
1758198
1801166
1843965
1886745
1929513
1972264
2014995
2058590
2101449
2144233
42860
85662
128643
171461
214213
257094
299848
342580
385339
428172
470940
514571
557376
600241
643096
685869
728748
771499
814299
857035
899841
942832
985637
1028498
1071251
1114970
1157796
1200587
1243361
1286145
1328931
1371669
1414420
1457175
1499958
1542723
1585462
1628344
1671093
1714615
1757390
1800182
1842965
1885916
1928776
1971530
2014459
2057379
2100140
2143008
42889
85662
128940
172097
214848
257684
300487
343252
386004
428792
471666
514403
557190
599936
642706
685475
728694
771966
814739
857629
900467
943266
986164
1028938
1071707
1114511
1157281
1200114
1242848
1285641
1328808
1372065
1414939
1457832
1500669
1543426
1586213
1628984
1671729
1714534
1757393
1800252
1843065
1885800
1928852
1972289
2015036
2057812
2100720
2143485
42819
85573
128334
171091
213846
256594
299502
342320
385987
428876
471694
514498
557265
600098
642851
685660
728458
771357
814396
857130
899910
942663
986209
1029216
1071967
1114770
1157546
1200436
1243235
1286076
1329049
1371774
1414631
1457467
1500242
1542977
1586356
1629491
1672311
1715081
1757837
1800669
1843509
1886279
1929052
1971932
2014719
2057456
2100234
2142966
43608
86380
129161
172056
214807
257777
300569
343337
386074
428866
471703
514683
557413
600201
643023
685806
728593
771393
814112
856985
899802
942669
985446
1028206
1070959
1113689
1156561
1199313
1242081
1284827
1327684
1370439
1413273
1456121
1498890
1541683
1584491
1627292
1670259
1713025
1755793
1798660
1841441
1884304
1927120
1969902
2012663
2055433
2098169
2140993
42809
85548
128347
171143
213900
256669
299567
342356
385144
428078
470899
513923
556690
599645
642450
685297
728047
770805
813542
856317
899134
941892
984890
1027825
1070597
1113371
1156302
1199183
1241975
1284817
1327592
1370394
1413221
1456063
1498911
1541686
1584469
1627260
1670018
1712837
1755649
1798431
1841189
1883971
1926777
1969501
2012415
2055205
2098080
2140863
42853
85655
128497
171233
214078
256822
299612
342473
385272
428048
470783
513597
556355
599132
641909
684686
727505
770331
813140
856042
898815
941607
984403
1027220
1069995
1112812
1155631
1198510
1241285
1284059
1326831
1369700
1412475
1455282
1498172
1540917
1583670
1626482
1669333
1712111
1754848
1797775
1840633
1883484
1926365
1969139
2011995
2054715
2097505
2140398
42801
85573
128417
171376
214411
257166
300004
342738
385556
428290
471077
513845
556666
599415
642183
685045
727835
770589
813377
856170
898954
941823
984617
1027408
1070187
1112942
1155747
1198725
1241513
1284331
1327113
1369917
1412686
1455469
1498310
1541109
1583865
1626663
1669434
1712374
1755253
1798025
1840775
1883505
1926242
1969065
2011873
2054654
2097424
2140193
42958
85740
128612
171467
214237
256977
299734
342484
385294
428070
470837
513592
556721
599546
642365
685161
727916
770649
813552
856361
899164
941920
984677
1027521
1070331
1113106
1155966
1198806
1241580
1284350
1327176
1369947
1412824
1455632
1498400
1541376
1584132
1626914
1669726
1712675
1755482
1798387
1841178
1883964
1926700
1969474
2012245
2055300
2098056
2140860
50750
100179
149649
199156
248600
298040
347520
397172
446609
496068
545625
595467
645360
694825
744311
793775
843217
892821
942258
991690
1041195
1090717
1140128
1189550
1239997
1289518
1338960
1388640
1438062
1487510
1536923
1586416
1635927
1685567
1735042
1784525
1834989
1884640
1934080
1983604
2033087
2082568
2132086
2181541
2230961
2280432
2329822
2379768
2430140
2479568
49584
98969
148395
197803
247201
296715
346167
395693
445065
494514
544928
594320
643675
693061
742446
791831
841204
890720
940067
989456
1038838
1088207
1138591
1188211
1237683
1287158
1336554
1386030
1435420
1484883
1534247
1583713
1633106
1682439
1732993
1782396
1831811
1881297
1930708
1980143
2029549
2078898
2128306
2177689
2227106
2276605
2326961
2376440
2425921
2475339
49426
98759
148109
197474
246808
296148
345464
394878
445184
494517
544004
593334
642673
692101
741553
790899
840199
889589
938935
988244
1038577
1087906
1137250
1186621
1235950
1285279
1334629
1384007
1433392
1482795
1532105
1581418
1631766
1681152
1730554
1779869
1829261
1878672
1928196
1977563
2026998
2076329
2125707
2175047
2225245
2274596
2323924
2373320
2422881
2472280
49469
98943
148374
197911
247302
296709
347117
396560
446049
495438
544783
594136
643650
693052
742455
791790
841122
890457
940991
990349
1039746
1089225
1138711
1188140
1237528
1286928
1336376
1385857
1435394
1484751
1534779
1584456
1633858
1683230
1732589
1781939
1831300
1880652
1930183
1979522
2028904
2078254
2128234
2178133
2227557
2277065
2326485
2375856
2425361
2474748
49497
98832
148135
197538
247629
297012
346330
395667
445118
494474
543791
593204
642544
691842
741164
790588
840828
890315
940033
989373
1038827
1088260
1137615
1186950
1236382
1285800
1335149
1384452
1433964
1483311
1532662
1582064
1631367
1680950
1730230
1779677
1829147
1878524
1927982
1977367
2026686
2075973
2125298
2174596
2223930
2273273
2322759
2372045
2421471
2470776
49482
98915
148326
197779
247319
296810
346387
395798
445333
494763
544147
593559
642947
692313
741808
791231
840658
890073
939635
989036
1038472
1087918
1137319
1186994
1236412
1285826
1335219
1384627
1434241
1483683
1533050
1582436
1631811
1681191
1730610
1780048
1829465
1878838
1928429
1977877
2027284
2076733
2126208
2175688
2225182
2274631
2323986
2373393
2422956
2472417
49502
98945
148378
197815
247206
296639
345978
395283
444742
494098
543414
592754
642089
691632
741019
790462
839834
889204
938650
988098
1037431
1086833
1136174
1185501
1234837
1284279
1333630
1382965
1432489
1482021
1531414
1580797
1630132
1679545
1728818
1778099
1827381
1876706
1926055
1975626
2025024
2074361
2123749
2173080
2222438
2271825
2321321
2370695
2420054
2469691
49486
98860
148176
197545
247013
296414
345767
395158
444555
493994
543392
592887
642234
691575
740912
790346
839795
889166
938464
988016
1037382
1086694
1136046
1185415
1234809
1284257
1333733
1383110
1432460
1482082
1531587
1581020
1630373
1679794
1729379
1778727
1828112
1877465
1926819
1976297
2025685
2075056
2124376
2173739
2223163
2272549
2322011
2371427
2420847
2470365
49526
98962
148357
197821
247427
296849
346329
395796
445168
494723
544171
593678
643190
692607
742104
791569
840969
890365
939868
989454
1038952
1088364
1137805
1187229
1236638
1286060
1335468
1384928
1434365
1483920
1533398
1582838
1632349
1681864
1731365
1780772
1830206
1879805
1929340
1978916
2028419
2077853
2127278
2176663
2226054
2275494
2324951
2374362
2423797
2473302
49492
98797
148108
197422
246742
296103
345445
394857
444350
493869
543253
592690
642078
691610
740962
790357
839772
889111
938499
987968
1037372
1086717
1136233
1185637
1235098
1284389
1333772
1383084
1432477
1481884
1531305
1580652
1629961
1679355
1728687
1778035
1827411
1876932
1926266
1975648
2025284
2074686
2124336
2173768
2223237
2272677
2322288
2371658
2421050
2470354
57452
113387
169234
225174
280978
336707
392441
448266
504189
560054
616746
672487
728301
784063
839825
895539
951444
1007540
1063265
1118984
1174734
1231328
1287084
1342866
1398579
1454302
1510144
1565894
1621629
1677396
1733473
1789289
1846074
1901859
1957678
2013596
2069342
2125312
2181055
2236864
2292594
2348399
2405005
2460769
2516643
2572364
2628104
2683934
2739809
2795571
55935
111677
167442
224523
280166
335824
392718
448977
504844
560718
616464
672209
728274
784734
840841
896567
952544
1008482
1064480
1120326
1176512
1232552
1288288
1344021
1400869
1456607
1512379
1568100
1623833
1679652
1735543
1791307
1847115
1902884
1958686
2015440
2071148
2126872
2182659
2238477
2294320
2350137
2405992
2461779
2519130
2574928
2631896
2687762
2743493
2799803
55990
111842
167631
223476
279245
334968
391776
447664
503587
559396
615258
671056
726864
782642
838418
894372
950282
1007068
1062829
1118657
1174595
1230455
1286293
1342085
1398094
1453911
1509735
1566134
1622372
1678169
1733919
1789751
1845533
1901557
1957347
2013198
2069178
2125229
2181965
2237928
2293715
2349533
2405418
2461307
2517081
2572851
2628700
2684506
2740249
2796981
56265
112051
167873
223629
279558
335301
391148
447024
502822
559636
615733
671537
727404
783221
839007
894872
950767
1006582
1062521
1118389
1175263
1231050
1286960
1342810
1398692
1454625
1510425
1566321
1622207
1678097
1733918
1790869
1846674
1902454
1958293
2014092
2070093
2125912
2181813
2237653
2293510
2349525
2406067
2461891
2517742
2573668
2629448
2685235
2741060
2796906
56107
111993
167813
223610
279693
335728
391609
447544
503573
559535
615344
671215
727057
783191
839035
894859
950670
1006563
1062418
1118286
1174117
1230094
1286186
1342046
1397874
1453736
1509607
1565497
1621358
1677294
1733234
1789241
1845074
1900930
1956782
2012639
2068568
2124523
2180335
2236351
2292432
2348282
2404258
2460262
2516099
2572019
2627886
2683802
2739714
2795593
56313
112286
168980
224924
280842
336703
392568
448560
504416
560402
616303
672339
728250
784111
840040
895898
952019
1007865
1063829
1119691
1175675
1231868
1287751
1343611
1399498
1455560
1511658
1567573
1623508
1679408
1735337
1791423
1847319
1903339
1959373
2015496
2071402
2127310
2183208
2239108
2295009
2350885
2406751
2462850
2518806
2574749
2630772
2686735
2742712
2798703
56194
112236
168298
224165
280024
335892
391788
447724
503604
559449
615459
671370
727252
783154
839076
895052
951146
1007065
1062937
1118976
1174891
1230892
1286831
1342780
1398665
1454553
1510446
1566350
1622474
1678361
1734228
1790111
1846223
1902136
1958008
2013871
2069773
2125814
2181697
2237607
2293506
2349426
2405324
2461194
2517125
2573007
2628968
2684859
2740778
2796855
56090
112007
167914
223790
279768
335705
391549
447433
503370
559216
615142
671015
726838
782695
838765
894566
950410
1006457
1062338
1118205
1174070
1229887
1285775
1341737
1397638
1453472
1509304
1565160
1621016
1676872
1732767
1788561
1844554
1900398
1956197
2012069
2067894
2123720
2179627
2235495
2291338
2347279
2403266
2459213
2515058
2570934
2626780
2682571
2738382
2794340
56043
111844
167641
223658
279432
335300
391064
446873
502920
558680
614510
670270
726076
781905
837662
893451
949319
1005479
1061955
1117759
1173656
1229447
1285446
1341326
1397159
1452990
1508932
1564727
1620616
1677532
1733482
1789424
1845271
1901056
1956907
2012864
2068783
2124580
2180404
2236213
2292085
2347980
2403757
2459540
2515457
2571263
2627072
2682954
2738802
2794588
55905
111821
167704
223710
279622
335450
391415
447233
503106
558901
614637
670439
726231
782266
838013
893858
949670
1005390
1061160
1116917
1172716
1228594
1284386
1340240
1396023
1451838
1507666
1563643
1619452
1675319
1731145
1787006
1842730
1898466
1954262
2010007
2065743
2121466
2177349
2233145
2289199
2344956
2400727
2456542
2512366
2568134
2624070
2680095
2735911
2791689
64545
127421
190244
253143
315961
378934
441785
504682
567655
631530
694294
757028
819882
882783
945568
1008393
1071216
1134130
1197756
1260901
1323745
1386793
1449616
1512487
1575482
1638337
1701168
1763972
1827953
1890879
1953867
2016721
2079606
2142393
2205289
2268056
2330940
2394602
2457907
2520689
2583537
2646352
2709181
2772068
2835048
2898062
2960968
3024782
3087535
3150441
63002
125746
188540
251536
314330
377288
441302
504137
566861
629831
692708
755611
818351
881106
943973
1006772
1070619
1133341
1196186
1259113
1321862
1384624
1447498
1510220
1572943
1636835
1699671
1762568
1825413
1888317
1951113
2013849
2076604
2139448
2202335
2266275
2328978
2391992
2454734
2517527
2580383
2643286
2706180
2768971
2832714
2896285
2958998
3021742
3084581
3147397
63005
125509
187922
250381
314095
376547
438886
501313
563913
626344
688746
751258
813688
877320
939644
1002042
1064650
1127266
1189653
1252194
1314710
1377321
1439704
1503364
1565976
1628525
1690866
1753317
1815696
1878049
1940445
2002826
2066150
2128911
2191349
2253808
2316189
2378685
2441050
2503481
2566314
2628764
2692331
2754761
2817138
2879481
2941805
3004206
3067133
3129623
64033
128133
191123
254000
316852
379717
442762
505869
568661
631458
694388
758358
821138
884141
946948
1009820
1072663
1135461
1198299
1261105
1325078
1387999
1450818
1513683
1576565
1639382
1702162
1764937
1827753
1890755
1953549
2016322
2079192
2142027
2204885
2267809
2330605
2393636
2456465
2519275
2582170
2645088
2707920
2770695
2833500
2896475
2959283
3022167
3084983
3147806
63207
125921
188639
251565
314307
377143
439962
502791
565544
628284
691159
754236
816945
879821
942568
1005347
1068227
1130990
1193685
1256580
1319407
1382258
1445119
1507874
1570646
1633507
1696405
1759539
1822274
1885094
1947918
2010633
2073410
2136166
2198937
2261885
2324700
2387494
2450337
2513092
2576000
2638850
2701565
2764487
2827249
2890109
2952926
3015663
3078416
3141188
63180
125979
188654
251309
313918
376492
439075
501737
564528
627238
689868
752548
815325
877925
940548
1003099
1065968
1128573
1191132
1253792
1316438
1379024
1441657
1504332
1567110
1629841
1692417
1755089
1817846
1880614
1943504
2006254
2069180
2132210
2194878
2257441
2320023
2382624
2445267
2507840
2570643
2633301
2695881
2758687
2821279
2883960
2946573
3009203
3072075
3134640
63111
125840
188581
251395
314190
376960
439956
502720
565615
628402
691239
754006
816716
879451
942430
1005234
1067939
1130772
1193512
1256308
1319097
1381870
1445007
1507704
1570675
1633431
1696245
1759006
1821853
1884623
1947667
2010472
2073195
2135963
2198704
2261464
2324293
2387015
2449887
2512662
2575498
2638378
2701092
2763904
2826644
2889469
2952573
3015493
3078350
3141149
63202
125961
188741
251750
314733
377638
440642
503490
566445
629291
692173
755261
829519
894798
959660
1024588
1089553
1154579
1219412
1284613
1349627
1415118
1479921
1544903
1609853
1674762
1739929
1805067
1869937
1934694
1999502
2067608
2138196
2201992
2265709
2329049
2393055
2457173
2521288
2584071
2655108
2731275
2797234
2862618
2927955
2992961
3058116
3122956
3187837
3253094
65622
130743
195879
261109
326223
391290
456170
521519
586840
651824
725678
791560
857041
922139
987658
1053158
1118346
1183620
1248917
1313945
1379192
1444199
1509538
1574388
1639530
1704450
1769361
1834231
1899288
1966384
2037886
2102379
2167247
2232969
2296790
2360712
2423148
2485647
2548018
2610501
2672847
2736316
2801330
2867548
2930566
2995586
3058522
3123234
3192571
3257847
64440
131798
198244
262744
329166
395357
460915
527979
592721
657511
725066
789908
853851
922320
991562
1057209
1124353
1190180
1255540
1322660
1387590
1453692
1520952
1586346
1653182
1721215
1784797
1851420
1918955
1983207
2047384
2111521
2176106
2241484
2314646
2390721
2459299
2526316
2593280
2659400
2726263
2793721
2861097
2928517
2994758
3063820
3134048
3201104
3267790
3334124
76722
151529
226313
308804
384671
459403
534831
611436
686421
761630
836626
911911
986505
1061377
1136602
1212871
1287527
1362944
1438007
1512909
1594899
1665466
1736052
1807749
1878743
1949344
2019818
2090307
2160805
2231329
2301786
2372438
2444148
2514780
2585423
2656034
2726564
2797094
2867749
2938227
3009954
3080516
3151032
3221503
3291959
3362619
3433089
3503601
3574192
3646080
71888
143304
214806
286493
357770
429132
500465
573303
644734
716256
787706
859099
930443
1001869
1073236
1145771
1217411
1288745
1360825
1433385
1504685
1575952
1647267
1719891
1792354
1863877
1935266
2006585
2077900
2149220
2221431
2293721
2366827
2438290
2509591
2580973
2652290
2724026
2795592
2867096
2939485
3011167
3082518
3153912
3225619
3296908
3368184
3439458
3510720
3583417
71577
142644
213880
285023
356144
427161
498199
570930
641991
713013
784022
855026
926021
996987
1068349
1140752
1212020
1283114
1354151
1425165
1496311
1567437
1638539
1709634
1782114
1853126
1924131
1995139
2066243
2137278
2208354
2279549
2351824
2422827
2493974
2565126
2636368
2707468
2778477
2849469
2921265
2992791
3063982
3135161
3206424
3277509
3348505
3419485
3490487
3562786
71453
142582
213762
284930
356040
427143
498509
569718
641043
712468
783578
854750
925901
997192
1068288
1139378
1210541
1281698
1352860
1424121
1495443
1566630
1637894
1709080
1780217
1851369
1922527
1993848
2065279
2136359
2207501
2278626
2349717
2420819
2492120
2563296
2634492
2705833
2776933
2848112
2919190
2990600
3061920
3133301
3204429
3275528
3346610
3417706
3489330
3560577
71911
143517
215103
286664
358245
430294
502053
573824
645394
716948
788427
859901
931922
1003591
1075148
1146803
1218439
1289972
1361497
1433550
1505039
1576773
1648353
1719848
1791495
1863122
1935147
2006699
2078419
2150012
2221828
2293334
2364930
2436750
2508300
2579846
2651410
2722904
2794373
2865974
2937865
3009516
3081378
3153155
3224852
3296460
3367914
3439589
3511213
3582705
74143
148065
222262
296376
370298
444561
518743
592689
666754
740670
814854
888846
962743
1036635
1110464
1184308
1258299
1332541
1406549
1480641
1554483
1628440
1702415
1776317
1850494
1924574
1998617
2072505
2146390
2220242
2294206
2368338
2442352
2516583
2590692
2664634
2738476
2812735
2886774
2960646
3034776
3108711
3182562
3256500
3330713
3404652
3478614
3552638
3626520
3700378
71138
142181
213046
283969
354734
425482
496296
567116
638170
709016
779872
850682
921532
992392
1063156
1134239
1205122
1275982
1346765
1417513
1488271
1559081
1630262
1701122
1772046
1842867
1913757
1984598
2055343
2126272
2197397
2268272
2339163
2409954
2480807
2551625
2622576
2693557
2764548
2835341
2906221
2977183
3048015
3119090
3190103
3261045
3331926
3402796
3473572
3544406
71379
142223
213194
284133
355005
425732
496530
567664
638432
709186
780046
850827
921532
992275
1063282
1134130
1204946
1275949
1346734
1417572
1488388
1559320
1630037
1701052
1771884
1842631
1913389
1984390
2055466
2126386
2197303
2268125
2338865
2409696
2481163
2552237
2622960
2693757
2764556
2835263
2906034
2976863
3047925
3118768
3189552
3260297
3331127
3401891
3472664
3543655
70874
141624
212190
282819
353366
423933
494678
565307
636248
706842
777451
847981
918506
989349
1060068
1130612
1201193
1271753
1342345
1412916
1483890
1554543
1625266
1695832
1766408
1837011
1907646
1978523
2049046
2119611
2190144
2260774
2331310
2401850
2472670
2543293
2614011
2684561
2755129
2825765
2896367
2967127
3037711
3108309
3178979
3249514
3320039
3390582
3461343
3532211
71362
142207
213145
283951
354744
425787
496540
567405
638214
709008
779784
850540
921662
992505
1063365
1134141
1204934
1275718
1346521
1417505
1488603
1559644
1630446
1701205
1771995
1842949
1914057
1984902
2055711
2126556
2197565
2268335
2339103
2410159
2481119
2551981
2622872
2693766
2764597
2835529
2906631
2977490
3048387
3119175
3189981
3260768
3331509
3402447
3473302
3544074
85672
170651
255774
340979
426124
511210
597227
682653
767703
852783
937751
1022686
1107598
1193323
1278742
1363933
1449507
1534701
1619734
1704726
1790716
1876350
1961325
2046273
2131185
2216092
2301164
2386765
2472730
2557964
2642910
2727879
2812872
2897978
2983017
3069180
3154240
3239171
3324166
3409233
3494409
3579317
3665425
3750535
3835583
3920668
4005631
4090558
4175483
4261622
84645
169103
253400
337569
421729
506688
591319
675497
759791
843934
928101
1012230
1096600
1181924
1266128
1350405
1434627
1518791
1603321
1687468
1772669
1857051
1941336
2025539
2109992
2194211
2278645
2363803
2447992
2532293
2616709
2700875
2785050
2869290
2954473
3038694
3123233
3207520
3291916
3376109
3460275
3545697
3630398
3714655
3798828
3883175
3967401
4051694
4137517
4221976
84412
168463
252648
336939
421040
506429
590737
674922
759193
843443
927834
1012066
1097628
1181655
1265836
1350345
1434354
1518409
1602495
1687887
1771979
1856453
1940548
2024706
2108811
2192928
2278147
2362622
2446940
2531049
2615121
2699265
2783297
2867678
2952066
3036294
3120328
3204373
3288495
3372664
3457031
3541167
3625405
3709624
3793657
3878024
3962252
4046329
4130403
4214535
84303
168397
252390
336307
420365
504348
588516
672578
756546
840511
924440
1008387
1092560
1176646
1260592
1344513
1428440
1512390
1596473
1680632
1764658
1848631
1932589
2016528
2100593
2184696
2268671
2352621
2436571
2520563
2604641
2688899
2772884
2856825
2940845
3024835
3108990
3192947
3277005
3361003
3444995
3528991
3613131
3697150
3781238
3865223
3949156
4033091
4117167
4201164
84303
168328
252255
336306
420364
504423
588517
672427
756337
840324
925231
1009179
1093128
1177268
1261409
1345479
1429537
1513506
1597572
1681559
1765508
1849579
1933787
2017733
2101628
2185536
2269855
2354138
2438356
2522398
2606519
2690578
2774539
2858635
2942676
3026640
3110632
3194588
3278516
3362738
3446864
3531030
3615191
3699140
3783255
3867314
3951237
4035207
4119185
4203112
82848
167147
251281
335482
419582
503765
587864
672169
756351
840411
924630
1008779
1092883
1177192
1261344
1345471
1429521
1513581
1597645
1681960
1766077
1850250
1934303
2018388
2102531
2186976
2271356
2355444
2439548
2523640
2607703
2692017
2776100
2860163
2944365
3028531
3112742
3197014
3281122
3365216
3449327
3533410
3617643
3701861
3785943
3869998
3954046
4038128
4122443
4206609
84327
168427
252492
336601
420957
505061
589128
673174
757348
841434
925705
1009930
1094134
1178284
1262354
1346588
1430828
1514984
1599085
1683149
1767222
1851308
1935530
2019668
2103870
2188121
2272270
2356375
2441485
2525589
2609635
2693712
2777921
2862010
2946312
3030418
3114468
3198518
3282592
3366677
3451003
3539646
3624155
3708635
3793338
3877714
3962156
4046996
4131330
4215789
84510
169022
253295
337575
421909
506277
590853
675658
760073
844610
928867
1013306
1097585
1181946
1266331
1350573
1434796
1519032
1603336
1687831
1772188
1856524
1940921
2025174
2109448
2193843
2278136
2362430
2446701
2530919
2615256
2699790
2784081
2868353
2952937
3037243
3121744
3206154
3290494
3374989
3459256
3543783
3628083
3712534
3797119
3881645
3966525
4052015
4136612
4221657
84808
169211
254104
338788
423716
517592
612425
698007
783345
868400
957054
1044320
1128878
1213220
1297692
1382032
1466542
1550974
1635263
1719586
1803902
1888284
1972700
2057832
2145616
2231266
2317435
2402440
2488490
2574661
2660148
2745457
2830483
2915755
3000460
3085647
3170680
3255760
3340233
3424903
3509280
3593599
3678316
3764136
3848489
3933802
4018111
4102396
4186919
4271293
84676
169382
253945
338486
422886
507420
591815
676399
760987
845417
929978
1014560
1098975
1183654
1268145
1352617
1437382
1521884
1606476
1690976
1775433
1859901
1944369
2028829
2113700
2198723
2283559
2367941
2452332
2536828
2621572
2706032
2790475
2874984
2959389
3043889
3128507
3213001
3297639
3382071
3466452
3550834
3635462
3719867
3804265
3888696
3973195
4057736
4142616
4227146
96959
192899
288813
384930
481052
576982
674180
770320
866608
962790
1058750
1154693
1251809
1347755
1444024
1539931
1635857
1731760
1828803
1925104
2021066
2117011
2212905
2308841
2406206
2502178
2598137
2694042
2789931
2886215
2982278
3079241
3175170
3271115
3367307
3463496
3559413
3656189
3752177
3848351
3944603
4040811
4136698
4233599
4329509
4425757
4521702
4617583
4713525
4810588
96460
192452
288433
384384
480325
577711
673853
769847
865841
961813
1058168
1155156
1251501
1347498
1443459
1539699
1635692
1731937
1828937
1925034
2021333
2117459
2213430
2309406
2406529
2502752
2599005
2695251
2791308
2887353
2984469
3080695
3176857
3272865
3368954
3464969
3561798
3658288
3754283
3850340
3946791
4042966
4139108
4236062
4332078
4428087
4524135
4620202
4716211
4814889
97711
195058
292556
390051
486919
587083
685363
781896
878677
975376
1072651
1169803
1266292
1363717
1459853
1555812
1665228
1763125
1859102
1955583
2052825
2152939
2251422
2347360
2443311
2539445
2635581
2733086
2830936
2927944
3024687
3121579
3218737
3315916
3412908
3509111
3605047
3701081
3797046
3893521
3990433
4087910
4184802
4281623
4378129
4475360
4572579
4669686
4765803
4861752
96194
192175
289988
387887
484675
581289
677890
775236
872627
969663
1065667
1161971
1258083
1354293
1451243
1548881
1646249
1742893
1839966
1936863
2033885
2130877
2227450
2323647
2419971
2515963
2612590
2709967
2807282
2906183
3003361
3100422
3197603
3294893
3391892
3488034
3584073
3680207
3776182
3873923
3971515
4068367
4164954
4261638
4358995
4456870
4554051
4650074
4746090
4842614
96321
194049
291671
388469
485324
582097
679289
776024
873221
969831
1065994
1162079
1258092
1354674
1452043
1549611
1646143
1743079
1840090
1937332
2034740
2131939
2227981
2324042
2420232
2516748
2614388
2712145
2808813
2905408
3002230
3099389
3196785
3293845
3389910
3486273
3582313
3678348
3775497
3873078
3970244
4067010
4164147
4261263
4358212
4455721
4552528
4648572
4744890
4841023
97206
195094
292178
389114
485763
583316
680665
777924
874332
970473
1066581
1162675
1259180
1357080
1454498
1551506
1648857
1745254
1842688
1939875
2036766
2133054
2229079
2325204
2421394
2518929
2616187
2713323
2810186
2907015
3003999
3101088
3198605
3295236
3391261
3487552
3583654
3680612
3778374
3875711
3972425
4069510
4166386
4263507
4360461
4457504
4553720
4650030
4746246
4842235
97889
195647
292713
390272
487300
584695
682504
779927
876302
972735
1069136
1165434
1264051
1362266
1459122
1556006
1653017
1750400
1848147
1945492
2041814
2138241
2234752
2331214
2428584
2526654
2624035
2721400
2818564
2915969
3013224
3110634
3207144
3303634
3399956
3496441
3593384
3691212
3789216
3886084
3983057
4079851
4177774
4275492
4372925
4469243
4565613
4662102
4758603
4856391
97899
194325
291425
387846
485067
582036
678975
774982
871124
967208
1063221
1160606
1258155
1355192
1451954
1548521
1645611
1742505
1839664
1935786
2031739
2127748
2223764
2320730
2418726
2515766
2612090
2709492
2806223
2903584
3000759
3097297
3193393
3289402
3385506
3482133
3579833
3677306
3774018
3870999
3967867
4064848
4162017
4259116
4355082
4451174
4547116
4643072
4739720
4837434
97494
193992
290715
387948
485313
582920
678840
774829
870804
966960
1063926
1161658
1258643
1355136
1452272
1548990
1646210
1743160
1839634
1935643
2031668
2127747
2224178
2321480
2418809
2515475
2612204
2708581
2805556
2902836
3000178
3096261
3192216
3288169
3384127
3481276
3579305
3676039
3772564
3869170
3966474
4063778
4161200
4257151
4353105
4449168
4545160
4641873
4739342
4836448
96810
193387
290592
387642
484646
580678
676920
772996
868917
965598
1062747
1160583
1257588
1354304
1450729
1547905
1644912
1742169
1838231
1934317
2030379
2126368
2223994
2321387
2419947
2516602
2613261
2710692
2807928
2905850
3001968
3098047
3194031
3290220
3386930
3484938
3582051
3678622
3775745
3872436
3969573
4066949
4163670
4259921
4355949
4451970
4548482
4645770
4743441
4840037
111645
222665
334013
445389
555169
665175
775108
885410
997204
1108219
1218997
1329353
1440386
1551407
1662209
1772084
1882165
1992001
2102435
2213980
2325452
2436230
2546756
2658070
2769042
2880194
2990029
3099854
3210039
3320725
3432758
3543986
3654499
3764984
3876493
3987577
4098117
4207984
4317840
4427786
4539061
4651165
4761720
4872412
4983028
5094298
5205781
5315792
5425727
5535500
90554
182811
274765
366094
456977
547741
639253
730690
822600
913357
1003366
1094450
1184580
1274535
1366578
1458656
1549840
1640931
1731891
1823437
1914730
2006319
2097285
2187317
2277353
2367572
2457785
2549350
2641567
2733135
2823711
2915273
3005814
3097050
3188795
3280390
3370849
3460884
3551021
3641179
3731930
3824739
3916430
4007459
4098113
4189005
4280701
4372458
4463704
4553973
110423
220690
331377
443620
555773
666721
777597
889040
1000556
1111909
1222177
1332286
1442314
1553028
1665003
1776614
1887320
1997920
2109519
2220879
2331730
2441798
2551962
2662011
2773402
2885498
2996512
3107267
3218292
3330085
3441270
3551758
3661862
3772198
3882258
3994112
4105895
4216596
4328075
4439406
4550937
4662203
4772525
4882649
4992935
5103630
5214988
5327461
5438133
5549362
111027
222141
333145
443196
553078
663117
773620
886057
990458
1093881
1197536
1301579
1406005
1510212
1612983
1716035
1818782
1921759
2026855
2131434
2234967
2339062
2442681
2546961
2651239
2754713
2857476
2960287
3063195
3167245
3272262
3376559
3480154
3583900
3688220
3792651
3896696
3999617
4102502
4205432
4308537
4413995
4518717
4622236
4726586
4829921
4934125
5038407
5141691
5244799
90121
179959
270513
362054
454024
544369
634736
725235
816455
907827
998990
1089040
1178827
1268676
1358494
1448511
1540141
1631739
1722479
1812867
1903283
1994118
2084867
2176092
2266615
2356321
2446218
2535890
2625655
2717229
2808537
2899478
2989810
3080672
3171154
3262294
3353297
3444023
3533732
3623432
3713132
3802782
3893660
3985432
4076303
4166701
4257936
4348261
4439727
4530487
110770
220852
330947
441014
552755
664972
775535
886712
997405
1109124
1220226
1330678
1440876
1551049
1661144
1772723
1884922
1995385
2106378
2217193
2328291
2439849
2550144
2660372
2770322
2880526
2992517
3103751
3214326
3325505
3436615
3547971
3659450
3769491
3879698
3989744
4100389
4212163
4323274
4434159
4545207
4656569
4767970
4879597
4989745
5099935
5209993
5320971
5433151
5544436
111384
222226
333718
444883
554827
664807
774769
885162
996988
1108391
1218912
1330300
1441564
1552470
1663811
1773999
1884166
1994455
2104475
2216667
2328129
2438625
2549751
2661004
2772422
2883868
2993968
3104017
3213959
3324690
3436746
3547905
3658707
3769481
3880969
3992430
4103587
4213550
4323654
4433577
4544512
4656613
4767920
4878637
4989243
5100423
5212032
5322772
5432830
5543630
109970
221766
333047
443512
554623
665494
776795
887686
997536
1107282
1216992
1327628
1439259
1550502
1661180
1771770
1882800
1993788
2104691
2214446
2324505
2434371
2545753
2657351
2768684
2879183
2990019
3101285
3212164
3323406
3433374
3543277
3653006
3763612
3875433
3986535
4096755
4207034
4318442
4429466
4540518
4650261
4760123
4869906
4980830
5092634
5203191
5313637
5424365
5535616
114853
228168
341516
454833
568554
683944
799207
914026
1027742
1142251
1256995
1370799
1484007
1597259
1710556
1825570
1941028
2054858
2169206
2283503
2398068
2513473
2627016
2740391
2853889
2967753
3082281
3196797
3310998
3425097
3539574
3654047
3768534
3881776
3995043
4108169
4222887
4338817
4452900
4567949
4682237
4796955
4911622
5024788
5137959
5251367
5365223
5480123
5594483
5708759
110864
222081
333280
443556
553475
663277
773984
885773
997595
1108128
1218865
1329675
1440969
1552235
1662041
1771854
1881775
1992050
2103374
2214703
2325339
2436256
2547235
2657755
2770092
2880516
2990647
3100707
3210579
3322329
3433667
3544308
3655342
3766000
3877108
3988515
4098341
4208247
4318048
4428563
4540323
4651396
4763036
4873937
4985413
5096552
5207850
5317865
5427718
5537700
127736
254148
379659
505485
631354
757586
882699
1007673
1132486
1259235
1386068
1512259
1637851
1763808
1889944
2015758
2140401
2265117
2389710
2516410
2642744
2768650
2894038
3021214
3147860
3273965
3398805
3524023
3649526
3776600
3903636
4029449
4155228
4282230
4409376
4534210
4658962
4783579
4909907
5037191
5163102
5289807
5415834
5542043
5667937
5792716
5917603
6043290
6170192
6296164
125857
251630
377557
503410
627960
752493
877720
1004948
1130974
1256477
1381543
1507612
1633904
1758408
1882707
2006995
2132412
2259062
2384514
2510074
2635972
2761779
2888894
3013612
3138104
3262973
3389250
3514981
3640029
3765366
3890893
4016505
4141868
4266450
4390723
4515560
4642064
4767596
4893631
5019917
5146338
5272227
5396567
5520882
5645278
5770836
5897406
6022242
6147832
6273554
126241
250808
376149
500897
627151
754057
879643
1005408
1130768
1256465
1382281
1506687
1630998
1755443
1882094
2008191
2133654
2258706
2384586
2511179
2636633
2761079
2885772
3011378
3137576
3263262
3388643
3514180
3640385
3766092
3890714
4015498
4140017
4265894
4392534
4518344
4644349
4770298
4896463
5021711
5146156
5270597
5395644
5521892
5647772
5772677
5898210
6024580
6150258
6274615
124678
249885
376829
502869
628355
753402
879448
1005436
1130395
1254747
1379183
1504399
1631112
1756180
1882011
2007459
2133484
2260448
2385122
2509530
2634371
2760066
2886844
3011740
3137372
3262968
3389097
3514231
3638886
3763219
3888335
4014426
4141155
4267092
4392265
4518204
4644166
4768475
4893224
5017615
5143604
5269958
5394834
5520317
5645992
5771475
5896760
6021204
6145691
6270487
126620
252177
377874
503661
629391
755363
879736
1004078
1128741
1255301
1381386
1506843
1632207
1758268
1884177
2008724
2133132
2257762
2382971
2509573
2635054
2760399
2885753
3011613
3137698
3262224
3386632
3510957
3636603
3763146
3888034
4013435
4139127
4264965
4390558
4515025
4639361
4764242
4890670
5016743
5142116
5267678
5393741
5519964
5644443
5768898
5893275
6018943
6145360
6270666
125307
251036
376874
501652
626040
750477
875352
1001966
1127321
1252513
1377796
1504837
1630647
1754951
1879422
2004057
2130208
2256371
2381210
2507073
2632715
2758217
2883820
3008394
3132694
3257011
3383491
3509580
3634712
3759888
3885627
4012048
4136525
4260862
4385281
4510852
4637210
4762282
4887808
5013626
5139249
5264881
5389347
5514401
5638959
5765110
5891152
6016766
6141743
6267675
103482
205166
306712
408173
509725
613231
717463
819644
921901
1024135
1127529
1230699
1333603
1435143
1536654
1638257
1740890
1844306
1947570
2049719
2152474
2254450
2357723
2461231
2563849
2665400
2767333
2868772
2970932
3074528
3177774
3280226
3383212
3485613
3588741
3692097
3794215
3895661
3997246
4098618
4201910
4306041
4409081
4511324
4613566
4716960
4820053
4923088
5024554
5127130
102165
204365
308266
411453
514437
617157
719917
823160
926245
1027848
1129502
1231037
1332593
1435601
1539868
1643077
1745476
1847878
1951057
2054232
2157357
2258934
2360410
2462099
2563862
2668050
2771524
2873835
2976562
3079016
3182025
3285042
3387488
3489078
3591142
3692654
3794940
3899228
4002357
4104981
4207886
4310278
4413434
4516754
4619131
4720545
4821996
4923562
5025877
5130248
97731
194679
291645
390005
488183
585968
681931
777863
874216
970439
1068032
1166741
1264462
1361435
1458883
1556501
1654141
1751818
1848325
1944695
2040580
2136443
2233248
2331713
2430044
2526940
2625120
2722085
2819793
2918096
3015318
3111212
3207099
3303100
3399619
3498239
3596855
3693994
3791172
3888254
3986402
4084593
4182753
4279002
4375073
4471363
4567209
4665164
4763062
4862349
102781
204629
307643
410551
513723
614713
715670
816511
917842
1022128
1125550
1227336
1330119
1432503
1535806
1638775
1740920
1841807
1942766
2043843
2145785
2249801
2352546
2454616
2557191
2660124
2762983
2866093
2966960
3068083
3168913
3269728
3372687
3476530
3579509
3681549
3783402
3886435
3989196
4092276
4193440
4294333
4395422
4496656
4600383
4703864
4805636
4907995
5009807
5112965
117510
232140
346774
461518
577419
695015
811118
927020
1042415
1158945
1275785
1391917
1506327
1620971
1735394
1852359
1970145
2085457
2201916
2318378
2434998
2551186
2665752
2780210
2894975
3010917
3128510
3244585
3360267
3476583
3593469
3710154
3824550
3939198
4053514
4168611
4285901
4403264
4519189
4634535
4752092
4868562
4984389
5099125
5213687
5328303
5446285
5564666
5680838
5796746
144502
288686
430590
572595
715000
859665
1002841
1146258
1289569
1433146
1576323
1718245
1860063
2003434
2147591
2290846
2433509
2578089
2721509
2863666
3005410
3147992
3292861
3435854
3579472
3722640
3866923
4008894
4150847
4292555
4436752
4580812
4723568
4867109
5010281
5153652
5295442
5437490
5581135
5725323
5868378
6011579
6155769
6298986
6440921
6582929
6725332
6869918
7013005
7156228
142733
286694
428185
569440
710657
854196
997432
1139600
1282524
1425393
1567745
1709649
1850904
1993872
2137039
2279777
2421966
2565335
2708188
2849431
2990786
3132669
3276116
3419007
3561702
3704138
3847393
3989140
4130391
4271784
4415176
4558381
4700514
4843127
4986314
5128601
5270049
5411626
5554108
5697661
5839863
5982406
6124916
6268110
6410053
6551422
6692698
6835926
6979286
7121239
142308
285253
426869
568004
708924
851613
994521
1136832
1279319
1421994
1563959
1705010
1846177
1987837
2131586
2273536
2415653
2558054
2701049
2842578
2983714
3124914
3268317
3411021
3552863
3695029
3837643
3979676
4120906
4261901
4404155
4547839
4689914
4831700
4974408
5117641
5258768
5399859
5540885
5684131
5827058
5968725
6111406
6253828
6396236
6537276
6678204
6820493
6963982
7105985
116723
234298
351605
466913
581401
696204
811929
929703
1047485
1163841
1279585
1396477
1513968
1629850
1744849
1859446
1974154
2092101
2210712
2326349
2443165
2559613
2676563
2793369
2907934
3022552
3136969
3253633
3372264
3489180
3605923
3722184
3839344
3956798
4071311
4186194
4300837
4416352
4534172
4651471
4768296
4884309
5001400
5118503
5235153
5349616
5464398
5578769
5695999
5814189
115388
230040
345537
461043
575572
688875
802138
915611
1031148
1147789
1262184
1377389
1491894
1608785
1724548
1838102
1951636
2065117
2179460
2296002
2411525
2525703
2640059
2755551
2871282
2985830
3099441
3212770
3326252
3442509
3558451
3672752
3787965
3903652
4019241
4134846
4248584
4362336
4475798
4590625
4707188
4822474
4937016
5051839
5167753
5283189
5397803
5511163
5624494
5738278
147727
293974
440361
586679
733675
878885
1023777
1169008
1316567
1462953
1609544
1755691
1902656
2048446
2193574
2338727
2485774
2632579
2778292
2924871
3071280
3217068
3362234
3507212
3654002
3800903
3947023
4093639
4240584
4386675
4531747
4676772
4822980
4970021
5116119
5261900
5408935
5555767
5700709
5846175
5991460
6139134
6285333
6431426
6577591
6724872
6870156
7015082
7160253
7307425
143400
287137
431205
575170
717787
859954
1002305
1146937
1291291
1435218
1578771
1722380
1865492
2007676
2149849
2293621
2437669
2580894
2724211
2868231
3011852
3153875
3296271
3439128
3584007
3727427
3870780
4014437
4158354
4300741
4442909
4584911
4729609
4873382
5016635
5160030
5304325
5447657
5589795
5731906
5874948
6019719
6162642
6306188
6450267
6594472
6736640
6878849
7021437
7166317
142362
284888
427906
571521
712799
854173
995365
1139047
1282624
1425336
1567970
1711117
1853202
1994447
2135740
2278926
2422417
2565129
2707198
2850804
2993260
3134773
3275997
3417218
3560378
3703554
3846132
3988962
4131825
4274101
4415333
4556623
4699338
4843053
4985567
5127969
5271275
5413940
5555247
5696654
5838550
5982418
6124890
6267367
6410240
6553389
6695371
6836851
6978179
7121824
144803
289479
434775
580367
724574
867996
1011648
1157254
1302264
1446820
1591702
1736687
1881435
2025001
2168633
2313489
2459042
2603686
2747914
2893224
3039013
3182491
3326035
3470090
3617589
3766582
3914024
4063571
4213550
4358476
4502755
4656909
4800591
4955558
5118495
5269181
5414383
5564707
5708465
5853262
5997729
6141727
6285533
6430429
6574208
6718041
6861642
7006419
7150101
7293570
