413
814
1214
1614
2014
2414
2870
3321
3771
4221
4671
5121
5571
6021
6471
6929
7379
7829
8283
8733
9183
9633
10083
10559
11009
11459
11910
12360
12810
13260
13710
14161
14634
15084
15534
15984
16434
16884
17335
17785
18247
18679
19103
19527
19950
20373
20797
21221
21645
22069
431
853
1275
1613
1830
2051
2268
2485
2702
2919
3138
3357
3575
3793
4019
4237
4454
4672
4898
5115
5332
5549
5766
5983
6200
6418
6635
6852
7069
7286
7503
7720
7974
8239
8505
8770
9035
9300
9566
9832
10097
10362
10628
10893
11159
11424
11690
11960
12225
12491
273
540
807
1074
1341
1608
1875
2142
2409
2676
2943
3216
3497
3776
4020
4250
4469
4736
5004
5271
5538
5805
6072
6339
6606
6873
7154
7411
7669
7927
8184
8441
8699
8956
9213
9470
9727
9984
10242
10499
10756
11014
11276
11534
11791
12057
12315
12573
12830
13087
263
520
777
1034
1291
1553
1827
2079
2326
2585
2842
3100
3357
3614
3871
4128
4385
4642
4899
5156
5413
5670
5938
6186
6435
6683
6932
7180
7432
7680
7928
8176
8424
8672
8920
9168
9416
9665
9918
10166
10415
10663
10911
11159
11407
11656
11904
12153
12401
12650
252
499
747
1000
1247
1494
1741
1988
2235
2482
2729
2976
3223
3470
3717
3964
4211
4458
4705
4952
5206
5445
5684
5923
6161
6399
6638
6877
7116
7355
7594
7833
8072
8325
8563
8801
9060
9299
9538
9777
10015
10254
10493
10732
10971
11210
11449
11688
11926
12164
245
484
730
969
1208
1447
1686
1924
2162
2400
2638
2877
3116
3355
3594
3833
4072
4310
4548
4797
5028
5259
5490
5721
5952
6183
6414
6645
6876
7106
7337
7568
7799
8030
8261
8491
8728
8959
9190
9421
9652
9883
10114
10345
10576
10806
11037
11268
11499
11730
237
467
704
934
1165
1396
1626
1856
2087
2318
2549
2780
3011
3242
3473
3704
3935
4166
4397
4628
4867
5090
5314
5538
5762
5985
6208
6432
6656
6879
7102
7325
7549
7773
7996
8219
8443
8667
8895
9119
9342
9565
9789
10013
10236
10459
10683
10907
11130
11353
230
455
680
904
1129
1360
1585
1818
2044
2269
2494
2719
2944
3169
3394
3619
3845
4070
4295
4520
4745
4971
5209
5427
5645
5864
6082
6301
6519
6737
6955
7173
7392
7610
7829
8048
8268
8487
8706
8924
9149
9368
9586
9805
10023
10242
10460
10678
10897
11117
223
440
659
877
1095
1324
1541
1758
1985
2202
2419
2636
2853
3070
3287
3504
3721
3938
4155
4372
4589
4806
5023
5240
5457
5674
5905
6115
6325
6536
6746
6957
7167
7377
7588
7798
8009
8219
8429
8640
8850
9060
9271
9481
9691
9907
10117
10328
10538
10749
217
429
641
852
1063
1274
1485
1696
1907
2118
2329
2540
2754
2975
3200
3412
3623
3834
4045
4256
4467
4678
4890
5101
5312
5523
5735
5947
6159
6370
6583
6804
7039
7244
7449
7654
7859
8064
8270
8475
8680
8885
9090
9295
9500
9705
9911
10116
10321
10526
810
1613
2416
3219
4029
4832
5635
6438
7241
8062
8946
9769
10592
11394
12244
13070
13881
14686
15504
16324
17104
17884
18664
19443
20229
21009
21789
22569
23351
24176
24955
25836
26672
27473
28283
29089
29895
30676
31506
32304
33085
33866
34647
35428
36213
36993
37774
38555
39336
40193
793
1638
2463
3257
4080
4869
5726
6512
7305
8090
8879
9659
10423
11192
11957
12722
13501
14288
15131
15921
16706
17492
18338
19147
19938
20754
21542
22401
23194
23980
24766
25551
26336
27141
27906
28671
29436
30224
31040
31833
32597
33361
34126
34951
35794
36580
37366
38184
39055
39857
811
1614
2419
3217
3977
4737
5497
6284
7131
7891
8669
9428
10187
10954
11824
12583
13359
14172
15035
15816
16596
17377
18158
18957
19733
20493
21253
22013
22848
23634
24414
25194
25975
26757
27517
28380
29153
29934
30753
31604
32385
33166
33947
34738
35519
36300
37070
37830
38611
39413
777
1546
2306
3074
3835
4626
5463
6245
7033
7884
8698
9483
10265
11054
11836
12620
13397
14171
15004
15786
16569
17351
18133
18915
19676
20437
21198
22061
22826
23611
24392
25203
26057
26843
27628
28409
29191
29972
30820
31605
32387
33168
33949
34735
35495
36256
37016
37777
38646
39425
788
1584
2411
3201
3981
4762
5542
6322
7174
7933
8693
9452
10211
10992
11751
12510
13269
14028
14838
15674
16455
17235
18015
18833
19700
20480
21260
22040
22824
23671
24430
25200
25980
26766
27546
28326
29097
29855
30618
31376
32234
33010
33796
34581
35392
36243
37019
37805
38592
39372
795
1560
2325
3096
3861
4626
5391
6156
6944
7709
8552
9345
10130
10921
11707
12493
13269
14033
14802
15567
16348
17113
17877
18646
19411
20193
20958
21734
22565
23342
24128
24914
25700
26492
27268
28032
28796
29561
30326
31112
31876
32640
33404
34169
34956
35720
36485
37250
38015
38801
768
1529
2289
3049
3816
4576
5337
6098
6858
7623
8383
9143
9903
10662
11426
12185
12944
13704
14464
15228
15988
16748
17509
18269
19030
19796
20556
21316
22076
22836
23601
24361
25121
25881
26641
27405
28164
28924
29685
30445
31211
31970
32753
33512
34272
35031
35795
36554
37337
38097
775
1537
2299
3060
3821
4604
5366
6127
6888
7649
8422
9184
9946
10708
11470
12232
12998
13760
14539
15301
16062
16829
17590
18352
19114
19876
20642
21404
22166
22928
23690
24457
25219
25981
26743
27505
28267
29061
29823
30585
31348
32110
32895
33657
34420
35183
35946
36713
37491
38253
767
1527
2326
3085
3844
4603
5363
6143
6903
7663
8423
9183
9964
10724
11484
12244
13004
13786
14546
15306
16065
16824
17605
18365
19125
19885
20645
21405
22170
22929
23689
24449
25209
25974
26734
27494
28254
29014
29778
30538
31298
32059
32819
33584
34344
35104
35864
36625
37385
38151
772
1537
2301
3089
3853
4634
5398
6163
6948
7713
8478
9242
10007
10772
11542
12307
13072
13837
14602
15371
16136
16900
17665
18429
19198
19962
20726
21491
22256
23025
23789
24553
25318
26082
26850
27615
28380
29145
29927
30692
31461
32226
32991
33756
34521
35290
36071
36836
37601
38366
1738
3472
5201
6930
8664
10581
12453
14390
16172
17949
19736
21481
23215
25017
26787
28569
30336
32070
33858
35716
37493
39275
41024
42753
44487
46215
48072
49854
51637
53376
55126
56871
58600
60333
62061
63812
65541
67275
69004
70829
72611
74379
76112
77842
79576
81305
83034
84908
86744
88564
1772
3499
5231
6975
8842
10673
12475
14207
15935
17683
19410
21141
22869
24596
26329
28056
29787
31515
33246
34973
36701
38434
40179
41911
43639
45371
47099
48827
50559
52286
54017
55745
57484
59211
60938
62671
64399
66148
67876
69608
71336
73064
74797
76525
78257
79984
81716
83443
85175
86902
1740
3467
5197
6923
8649
10399
12126
13857
15583
17313
19039
20766
22498
24224
25954
27681
29412
31139
32871
34597
36323
38054
39781
41512
43271
45020
46747
48474
50221
51948
53696
55422
57170
58896
60623
62371
64098
65829
67555
69302
71029
72756
74519
76262
78009
79736
81485
83211
84958
86685
1766
3502
5243
6978
8713
10453
12188
13927
15662
17402
19137
20876
22628
24363
26103
27838
29578
31313
33052
34787
36522
38261
39996
41736
43471
45210
46945
48680
50474
52209
53951
55703
57443
59178
60928
62707
64442
66199
67951
69706
71441
73198
74933
76667
78424
80159
81915
83650
85389
87125
1743
3471
5203
6931
8663
10390
12118
13851
15579
17312
19039
20771
22499
24227
25959
27686
29417
31161
32976
34704
36439
38167
39895
41627
43355
45087
46815
48552
50280
52008
53740
55468
57200
58928
60661
62389
64116
65848
67576
69308
71036
72769
74497
76225
77957
79685
81417
83145
84878
86606
1741
3467
5198
6924
8656
10382
12108
13838
15565
17295
19021
20753
22479
24206
25936
27663
29393
31119
32850
34576
36302
38032
39759
41583
43418
45246
47066
48898
50701
52535
54369
56208
58060
59885
61771
63650
65505
67330
69172
70946
72756
74530
76317
78107
79881
81649
83376
85140
86866
88622
1734
3487
5213
6960
8687
10426
12168
13894
15626
17352
19082
20808
22538
24264
25990
27721
29447
31177
32904
34649
36375
38101
39850
41576
43324
45057
46835
48561
50287
52035
53761
55523
57249
58996
60722
62505
64231
65957
67703
69429
71176
72901
74631
76357
78100
79845
81571
83318
85044
86792
1743
3500
5235
7025
8863
10716
12532
14391
16206
18020
19848
21750
23674
25587
27487
29366
31256
33063
34949
36829
38721
40607
42491
44340
46243
48092
49951
51897
53850
55776
57665
59534
61400
63347
65216
67105
68970
70835
72684
74559
76393
78252
80101
81966
83851
85735
87655
89552
91425
93259
1856
3746
5665
7594
9429
11277
13098
14876
16676
18454
20252
22060
23955
25883
27749
29579
31455
33305
35140
36970
38765
40565
42344
44142
45921
47743
49473
51203
52955
54685
56420
58167
59920
61650
63385
65115
66846
68580
70311
72063
73811
75560
77336
79066
80819
82548
84300
86030
87764
89511
1744
3473
5209
6939
8681
10418
12148
13900
15647
17382
19129
20882
22666
24396
26147
27877
29628
31375
33126
34856
36608
38337
40066
41818
43547
45281
47029
48763
50493
52223
53958
55687
57421
59150
60883
62629
64359
66094
67823
69556
71308
73042
74788
76523
78262
80000
81766
83495
85228
86957
3067
6146
9398
12720
15918
18976
22062
25433
28676
31831
34888
37967
41155
44296
47376
50432
53511
56606
59686
62743
65805
68875
71949
75007
78068
81130
84193
87304
90362
93440
96537
99615
102690
105772
108852
111929
114987
118066
121129
124208
127270
130327
133389
136468
139530
142586
145648
148710
151789
154847
3084
6157
9243
12317
15389
18462
21531
24605
27696
30769
33838
36912
40002
43092
46166
49234
52307
55380
58471
61539
64612
67685
70759
73845
76991
80082
83173
86264
89349
92440
95531
98640
101708
104816
107908
110999
114072
117140
120220
123292
126365
129434
132508
135580
138669
141737
144810
147883
150956
154030
3070
6130
9218
12294
15370
18429
21484
24544
27602
30662
33721
36775
39834
42892
45968
49040
52099
55158
58218
61273
64586
67820
70920
73978
77069
80376
83480
86555
89614
92669
95729
98788
101847
104901
107978
111037
114113
117183
120315
123415
126502
129590
132682
135768
138854
141946
145000
148077
151154
154214
3081
6150
9220
12285
15354
18441
21529
24596
27666
30736
33807
36873
39943
43013
46084
49162
52237
55307
58377
61452
64516
67587
70659
73730
76794
79863
82950
86020
89089
92155
95225
98294
101363
104428
107498
110568
113636
116718
119788
122856
125925
128995
132061
135131
138201
141323
144389
147458
150544
153613
3082
6153
9224
12290
15375
18462
21550
24630
27736
30825
33915
36981
40067
43154
46226
49312
52376
55445
58532
61602
64667
67736
70806
73876
76941
80010
83080
86149
89218
92283
95353
98422
101491
104556
107627
110697
113767
116832
119903
122972
126041
129112
132178
135248
138318
141389
144454
147539
150608
153678
3088
6169
9248
12321
15399
18477
21555
24627
27704
30781
33859
36932
40025
43102
46180
49257
52330
55407
58485
61562
64635
67713
70791
73868
76941
80018
83096
86173
89251
92324
95402
98496
101573
104646
107724
110835
113912
116985
120063
123158
126252
129330
132403
135483
138562
141640
144731
147808
150885
154034
3130
6234
9340
12423
15528
18616
21706
24795
27879
30967
34056
37144
40477
43774
46937
50024
53139
56363
59632
62720
65824
68929
72026
75133
78221
81309
84392
87496
90583
93672
96761
99844
102933
106028
109115
112198
115284
118373
121478
124562
127649
130736
133824
136911
139992
143081
146200
149303
152385
155490
3101
6169
9242
12330
15403
18470
21551
24633
27714
30790
33862
36934
40006
43079
46162
49252
52342
55452
58520
61626
64715
67788
70856
73927
76999
80073
83145
86213
89285
92358
95430
98498
101570
104643
107716
110783
113854
116927
119998
123087
126153
129225
132296
135368
138435
141507
144578
147649
150717
153790
3067
6137
9195
12252
15309
18362
21420
24477
27533
30586
33644
36701
39759
42817
45870
48931
51988
55047
58100
61183
64257
67349
70418
73491
76565
79624
82692
85766
88840
91916
94989
98059
101133
104192
107249
110302
113359
116417
119474
122526
125584
128642
131699
134756
137809
140867
143924
146981
150034
153092
3077
6150
9224
12297
15387
18456
21546
24635
27772
30926
34044
37145
40247
43349
46440
49530
52619
55710
58779
61908
64998
68072
71140
74212
77285
80376
83482
86550
89623
92697
95769
98838
101911
104985
108075
111144
114234
117308
120380
123469
126537
129612
132685
135757
138825
141899
144972
148065
151133
154207
4795
9976
15048
19904
24896
29797
34698
39703
44502
49464
54360
59159
63940
68722
73508
78289
83070
87868
92650
97434
102216
106998
111779
116578
121364
126146
130943
135723
140504
145290
150089
154869
159650
164431
169217
173999
178781
183579
188360
193141
197927
202707
207488
212270
217069
221855
226669
231450
236232
241014
4830
9611
14393
19174
23955
28741
33522
38321
43101
47882
52669
57450
62232
67013
71809
76594
81390
86212
91014
95812
100598
105382
110184
114986
119784
124605
129551
134368
139165
143963
148785
153566
158348
163128
167909
172719
177516
182331
187111
191892
196678
201460
206241
211022
215803
220589
225370
230152
234932
239714
4823
9610
14401
19187
23974
28763
33549
38335
43121
47909
52698
57485
62270
67074
71861
76650
81437
86225
91011
95798
100604
105392
110179
114965
119751
124536
129731
134608
139394
144181
148981
153768
158554
163508
168450
173258
178045
182831
187617
192404
197204
202000
206786
211572
216359
221149
225936
230738
235541
240346
4863
9673
14498
19323
24131
28951
33758
38566
43374
48198
53028
57836
62645
67453
72259
77072
81880
86688
91495
96307
101115
105922
110730
115555
120367
125175
129999
134824
139704
144572
149426
154280
159118
163954
168786
173594
178402
183209
188018
192848
197657
202465
207273
212099
216911
221738
226545
231352
236160
240987
4846
9667
14488
19309
24152
28957
33760
38569
43373
48181
52984
57786
62589
67393
72219
77024
81826
86629
91439
96244
101064
105866
110670
115480
120283
125088
129892
134696
139521
144324
149128
153932
158737
163544
168366
173204
178008
182810
187619
192424
197227
202030
206852
211660
216464
221268
226070
230908
235714
240876
4959
9786
14637
19491
24305
29151
33967
38787
43585
48388
53185
57983
62802
67599
72397
77194
81991
86827
91642
96439
101235
106049
110867
115682
120507
125304
130105
134908
139707
144504
149354
154186
159038
163855
168669
173466
178264
183065
187880
192700
197514
202312
207156
211974
216772
221586
226388
231184
235982
240780
4827
9661
14476
19287
24098
28911
33728
38541
43353
48164
52975
57794
62608
67420
72231
77043
81858
86669
91480
96293
101106
105922
110736
115548
120361
125172
129988
134800
139612
144424
149236
154051
158863
163709
168523
173336
178151
182963
187774
192585
197397
202212
207023
211834
216644
221456
226272
231084
235894
240704
4815
9623
14424
19224
24026
28828
33635
38453
43254
48057
52858
57665
62466
67267
72090
76892
81700
86501
91303
96104
100905
106082
111222
116237
121060
125863
130666
135484
140284
145091
149892
154710
159572
164404
169282
174113
178946
183764
188566
193375
198177
202979
207779
212580
217419
222220
227022
231839
236656
241512
4811
9609
14407
19225
24045
28843
33641
38437
43236
48037
52836
57634
62431
67228
72030
76829
81632
86448
91247
96048
100861
105658
110455
115271
120080
124888
129685
134482
139312
144149
148966
153781
158579
163378
168179
172993
177806
182637
187471
192306
197105
201902
206700
211498
216317
221116
225913
230709
235506
240308
4802
9592
14384
19173
23983
28771
33559
38349
43156
47950
52739
57528
62319
67108
71920
76710
81500
86290
91080
95879
100669
105458
110265
115069
119865
124671
129501
134343
139183
144030
148840
153649
158442
163247
168076
173004
177883
182721
187564
192355
197146
201936
206728
211541
216600
221623
226705
231545
236353
241161
7103
14408
21756
29015
36339
43383
50490
57505
64484
71443
78407
85370
92351
99316
106286
113250
120226
127235
134234
141233
148194
155176
162140
169102
176062
183025
190008
196972
203932
210896
217859
224841
231800
238766
245732
252696
259657
266620
273585
280549
287508
294473
301438
308402
315361
322326
329292
336252
343217
350197
7002
14005
21028
28029
35052
42041
49029
56012
63000
70045
77064
84084
91128
98165
105156
112138
119126
126129
133116
140116
147103
154090
161076
168059
175063
182051
189038
196020
203008
209995
217523
224743
231897
238902
245889
252877
259865
266854
273859
280845
287829
294816
301805
308793
315776
322798
329826
336867
343850
350839
6958
13913
20866
27819
34750
41686
48621
55552
62504
69439
76433
83382
90355
97311
104265
111198
118152
125089
132042
138973
145909
152862
159799
166754
173727
180752
187712
194659
201600
208557
215548
222548
229563
236561
243513
250452
257415
264387
271347
278322
285260
292199
299132
306087
313026
320047
327010
333981
340920
347875
6967
13936
20893
27882
34839
41789
48746
55720
62682
69633
76588
83545
90519
97470
104525
112017
119270
126399
133368
140358
147314
154288
161239
168195
175187
182175
189127
196082
203038
209989
216963
223920
230876
237828
244793
251758
258714
265666
272622
279627
286584
293535
300491
307448
314427
321380
328336
335294
342251
349220
6996
13962
20932
27885
34813
41747
48681
55644
62571
69503
76437
83371
90299
97232
104164
111093
118026
124960
131940
138862
145796
152729
159662
166590
173523
180456
187387
194332
201283
208217
215153
222083
229018
235952
242882
249810
256747
263683
270662
277632
284616
291601
298547
305517
312451
319385
326316
333250
340184
347114
7311
14581
21654
28644
35635
42627
49631
56624
63615
70607
77593
84584
91593
98584
105605
112670
119685
126679
133684
140715
147757
154929
162012
169047
176074
183067
190060
197090
204114
211106
218097
225086
232078
239087
246096
253084
260078
267087
274078
281082
288107
295134
302159
309165
316157
323150
330143
337148
344158
351150
6952
13910
20851
27793
34735
41675
48612
55569
62512
69453
76389
83331
90272
97214
104149
111109
118068
125008
131945
138885
145827
152781
159738
166680
173622
180576
187533
194474
201415
208350
215290
222247
229188
236124
243512
250605
257744
264838
271779
278742
285699
292634
299648
306621
313641
320608
327605
334561
341565
348518
6982
13948
20938
27941
34946
42006
48995
55983
62954
69918
76889
83876
90846
97811
104781
111751
118737
125703
132673
139643
146613
153596
160566
167536
174502
181477
188447
195418
202382
209351
216319
223289
230254
237225
244213
251185
258152
265121
272091
279060
286024
293034
300013
306983
313948
320919
327889
334858
341824
348793
6946
13883
20819
27765
34701
41684
48636
55566
62503
69441
76398
83330
90330
97301
104272
111204
118140
125075
132048
139523
146515
153714
160717
167646
174596
181530
188463
195392
202326
209258
216192
223121
230055
236989
243936
250872
257806
264758
271705
278640
285575
292509
299457
306390
313324
320258
327220
334161
341133
348069
7032
14016
21039
28011
34981
41964
48934
55906
62876
69841
76811
83798
90770
97736
104707
111695
118665
125631
132601
139590
146560
153525
160497
167468
174439
181403
188391
195361
202330
209296
216266
223269
230274
237333
244348
251367
258355
265320
272290
279261
286279
293245
300245
307266
314271
321254
328225
335194
342163
349144
10610
20633
30683
40498
50536
60318
70419
80321
90053
99747
109446
119157
128852
138664
148401
158118
167812
177510
187221
196915
206614
216326
226040
235736
245452
255145
264839
274538
284248
293946
303640
313354
323048
332798
342533
352227
361945
371641
381414
391145
400926
410654
420411
430144
439839
449539
459234
468934
478629
488325
9723
19416
29112
38804
48497
58193
67902
77598
87290
97004
106695
116387
126093
136612
146320
156035
165800
175527
185223
194946
204694
214419
224110
233806
243497
253211
262920
272615
282325
292035
301731
311421
321116
330807
340498
350211
359901
369645
379388
389300
399043
408759
418449
428140
437852
447560
457273
466964
476659
486367
9704
19403
29099
38798
48493
58191
67901
77596
87313
97008
106707
116401
126096
135812
145507
155256
165002
174742
184439
194156
203852
213546
223246
232965
243582
253382
263100
272794
282493
292222
301917
311617
321329
331046
340775
350508
360205
369916
379616
389337
399136
408866
418584
428318
438036
447781
457495
467195
476890
486607
9717
19439
29232
38974
48721
58444
68156
77861
87572
97279
106986
116698
126404
136117
145824
155536
165243
174948
184666
194374
204086
213795
223506
233230
242937
252649
262355
272085
281791
291503
301228
310936
320679
330405
340232
350677
360617
370361
380076
389784
399677
409420
419192
428956
438681
448430
458169
467897
477603
487326
9709
19405
29105
38819
48570
58299
67994
77693
87387
97104
106816
116576
126272
135966
145666
155361
165082
174794
184493
194205
203903
213618
223313
233012
242706
252439
262134
271877
281643
291387
301087
310782
320481
330192
339904
349657
359406
369123
378860
388595
398343
408241
417968
427678
437417
447157
456924
466672
476389
486084
9703
19397
29089
38786
48459
58137
67828
77503
87182
96874
106553
116228
125920
135599
145274
154953
164646
174357
184067
193793
203473
213148
222830
232517
242193
251866
261540
271216
280888
290565
300236
309908
319585
329258
338936
348608
358285
367957
377630
387307
396979
406657
416418
426145
435819
445490
455183
464856
474555
484229
9722
19412
29102
38797
48487
58215
67940
77675
87365
97054
106765
116456
126151
135842
145531
155244
164935
174664
184355
194050
203757
213464
223159
232848
242579
252302
262099
271855
281580
291327
301050
310761
320451
330145
339834
349540
359250
368975
378720
388412
398124
407812
417558
427409
437315
447068
456807
466562
476269
485962
9750
19514
29295
39038
48784
58507
68236
78010
87739
97464
107188
116934
126799
136559
146334
156114
165856
175650
185374
195100
204828
214602
224383
234126
243871
253595
263321
273091
282852
292598
302340
312069
321793
331518
341263
350986
360715
370456
380226
389984
399747
409488
419211
429015
438773
448595
458355
468151
477874
487599
9705
19403
29118
38812
48512
58206
67915
77682
87411
97111
106805
116504
126198
135893
145592
155287
164987
174681
184414
194138
203834
213551
223245
232945
242640
252340
262036
271746
281464
291159
300857
310568
320338
330065
339760
349459
359170
368884
378657
388372
398085
407799
417517
427211
437044
446789
456508
466242
475992
485686
9694
19385
29051
38730
48398
58066
67756
77441
87132
96800
106472
116158
125825
135497
145165
154836
164504
174171
183878
193546
203218
212902
222574
232240
241926
251614
261282
270953
280637
290328
299996
309681
319370
329037
338709
348394
358062
367734
377401
387090
396758
406446
416163
425880
435603
445385
455148
464851
474559
484226
13631
27258
40329
53273
66136
79017
91884
104746
117626
130489
143369
156236
169099
181980
194908
207846
220777
233640
246503
259367
272236
285645
298926
312675
325705
338687
351638
364524
377403
390301
403180
416050
428930
441793
454811
467712
480631
493512
506374
519253
532121
544985
557848
570716
583598
596483
610082
622989
635856
648736
13118
26108
39066
52007
64953
77876
90816
103739
116662
129623
142546
155517
168498
181458
194382
207306
220239
233176
246100
259039
271962
284967
297941
310899
323871
336800
349742
362682
375607
388548
401477
414401
427345
440269
453247
466171
479111
492053
505013
518005
530963
544064
557885
570824
583780
596756
609680
622656
635610
648551
12905
25857
38796
51711
64609
77505
90427
103485
116491
129606
142628
155579
168509
181414
194318
207199
220112
232992
245910
258872
271806
284718
297616
310543
323474
336390
349271
362155
375034
387913
400809
413690
426593
439473
452353
465233
478117
491717
504955
517858
530760
543641
556629
569616
582502
595399
608279
621176
634224
647190
12926
25823
38719
51599
64500
77379
90258
103137
116016
128906
141821
154700
167594
180493
193535
206485
219416
232332
245230
258108
271002
283896
296815
309726
322621
335516
348466
361380
374275
387192
400106
413005
426088
439814
452891
465787
478812
491800
504757
517635
530547
543426
556361
569291
582187
595066
607960
620860
633808
646726
12890
25769
38650
51571
64453
77334
90216
103097
115983
128881
141762
154644
167531
180431
193313
206212
219150
232106
244993
257874
270773
283659
296542
309441
322520
335459
348373
361255
374612
387967
400979
413879
426762
439649
452530
465429
478312
491194
504138
517019
529901
542783
555669
568585
581467
594399
607280
620165
633047
645928
12994
25916
38870
51797
64718
77656
90594
103575
116532
129472
142393
155337
168350
181363
194333
207289
220281
233201
246139
259061
272004
284925
297863
310821
324527
337814
350758
363752
376726
389647
402587
415511
428432
441370
454292
467218
480141
493063
505985
518905
531832
544803
557724
570645
583571
596491
609413
622333
635258
648195
13004
25921
38819
51717
64598
77483
90386
103282
116162
129046
141927
154841
167737
180618
193536
206421
219302
232183
245087
257982
271596
284899
297779
310659
323540
336420
349322
362218
375115
388027
400913
413793
426690
439674
452647
465569
478485
491363
504299
517250
530192
543087
555983
568869
581782
594663
607544
620440
633324
646222
12893
25790
38669
51549
64457
77336
90249
103128
116006
128907
141785
154682
167561
180463
193343
206723
219773
232997
245909
258806
271684
284587
297466
310347
323312
336248
349200
362130
375028
387937
400818
413695
426572
439449
452333
465211
478089
490966
503845
516726
529603
542481
555357
568242
581121
594017
606896
619774
632709
645587
12899
25809
38709
51593
64481
77430
90412
103294
116209
129129
142061
155942
169170
182157
195245
208268
221315
234273
247201
260101
273020
285920
298817
311810
324781
337742
350660
363560
376447
389347
402278
415211
428098
441002
453917
466850
479750
492654
505553
518435
531335
544218
557121
570021
582902
595801
608688
621570
634470
647351
12954
25881
38884
51858
64833
77756
90760
104708
117647
130588
143514
156435
169374
182295
195274
208194
221117
234057
246985
259907
272830
285761
298684
311611
324535
337459
350383
363346
376269
389192
402209
415221
428196
441121
454061
467042
480024
492949
505891
518819
531742
544756
557773
570734
583657
596580
609519
622443
635370
648292
17904
35274
52629
69878
87043
103991
120978
137966
154911
171973
188941
205902
222846
239806
256755
273716
290662
307639
324588
341552
358515
375522
392588
409587
426582
443614
460564
477526
494600
511647
528651
545612
562557
579502
596470
613418
630381
648141
665125
682073
699038
715999
732969
749914
766877
783824
800807
817836
834799
851795
17139
34180
51187
68146
85088
102030
118992
135942
152909
169867
186808
203754
220695
237654
254594
271558
288503
305462
322419
339365
356324
374076
391439
408451
425393
442334
459297
476240
493198
510157
527231
544211
561170
578132
595095
612038
628995
645936
662882
679840
696799
713741
730683
747648
764624
781567
798525
815474
832432
849373
16970
33913
50873
67856
84896
101876
119674
136761
153923
171009
187995
204996
222009
238954
255901
272939
289970
306916
323866
340810
357751
374709
391719
408684
425628
442571
459518
476467
493430
510407
527350
544317
561261
578238
595277
612258
629205
646249
663410
680458
697451
714989
732303
749281
766226
783203
800154
817267
834249
851193
17020
34048
51065
68059
85054
102055
119091
136118
153193
170271
187320
204350
221410
238454
255456
272615
289793
306986
324068
341098
358096
375114
392125
409120
426148
443655
461121
478289
495319
512331
529327
546337
563337
580332
597325
614326
631323
648318
665312
682306
699305
716299
733293
750332
767399
784394
801500
818594
835608
852603
16961
33906
50897
67927
84912
101875
118839
135782
152833
169847
187583
204806
221751
238726
255805
272774
289736
306696
323724
340716
357760
374726
391689
408635
425656
442732
459696
476677
493629
510597
527562
544510
561480
578445
595405
612348
629311
646303
663267
680230
697201
714148
731091
748071
765024
782566
799737
816703
833649
850613
16988
33930
50890
67922
84939
101879
118838
135779
152726
169674
186617
203624
220652
237594
254535
271475
288416
305380
322324
339300
356242
373188
390145
407104
424049
441012
457952
474910
491884
508918
525863
542839
559834
576933
593972
611014
627991
644956
661897
678841
695862
712828
729814
746860
763802
780750
797726
814668
831640
848673
16957
33941
50908
67876
84823
101787
118756
135720
152701
169666
186666
203845
220874
237881
254846
271786
288748
305710
322662
339643
356589
373549
390494
407436
424378
441318
458264
475205
492148
509089
526030
542975
559917
576860
593802
610764
627799
644743
661706
678651
695592
712676
729686
746631
763589
780623
797583
814610
831695
848881
17149
34211
51224
68347
85428
102458
119470
136469
153479
170509
187526
204520
221531
238531
255531
272544
289555
306566
323566
340652
357730
374775
391858
408871
425883
442876
459892
476904
493919
510913
527929
544941
561936
578949
596013
613059
630055
647065
664090
681102
698144
715240
732323
749354
766381
783395
800395
817459
834506
851699
16955
33900
50898
67844
84792
101770
118738
135708
152656
169604
186555
203519
220463
237426
254378
271325
288273
305252
322203
339184
356130
373093
390040
407008
423971
440936
457882
474907
491951
508916
525863
542832
559775
576751
593808
610811
627805
644933
661929
678975
696040
713087
730148
747234
764197
781145
798162
815110
832075
849109
16985
34002
50970
67934
84943
101936
119008
136124
153137
170097
187103
204102
221059
238099
255059
272005
288949
305892
322833
339871
356848
373790
390782
407781
424729
441746
458741
475687
492629
509570
526530
543479
560451
577461
594419
611363
628455
645432
662392
679354
696313
713255
730196
747157
764120
781063
798022
814968
831932
848873
22637
44611
66019
87424
108827
130220
151621
173095
194527
215916
237323
259002
280516
301957
323462
344866
366341
387748
409157
430561
451963
473369
494770
516155
537544
558926
580308
602341
624102
645492
666878
688265
709657
731036
752490
773962
795366
816769
838162
859546
880936
902339
923742
945149
966555
987958
1009367
1030769
1052154
1073680
21488
43026
64474
85970
108147
130071
151505
173198
194726
216173
237620
259072
280516
301994
323443
344904
366425
387875
409323
430774
452203
473649
495167
516631
538079
559514
580975
602426
623855
645304
666965
688428
710477
732296
753723
775155
796584
818014
839449
860878
882345
903799
925247
946679
968152
989599
1011033
1032481
1053993
1075492
21427
42893
64366
85973
107363
128753
150150
171543
192951
214570
237001
258396
279871
301264
322648
344038
365431
386824
408230
429624
450999
472391
493786
515179
536571
557950
579469
600895
622289
643680
665072
686451
707845
729221
750650
772025
793400
814929
837021
858484
879891
901264
922642
944014
965472
986900
1008312
1029708
1051083
1072570
21411
42795
64168
85535
106969
128459
149861
171230
192636
214020
235405
256799
278166
299549
320938
343394
364766
386135
408004
429403
450785
472172
493685
515107
536493
557942
579355
600774
622222
643605
664974
686357
707739
729108
750490
771891
793363
814747
836136
857516
878901
900343
921745
944278
965646
987255
1008678
1030051
1051419
1072790
21417
42838
64225
85611
107065
128451
149855
171247
192636
214054
235458
256890
278364
299749
321149
342630
364048
385433
406981
428400
450802
472240
493623
515030
536414
557816
579222
600623
622025
643429
664881
686371
707955
729403
750791
772208
793714
815172
836559
857960
879366
900922
922460
943961
965349
986737
1008135
1029536
1051861
1073286
21454
42899
64365
85809
107264
128725
150188
171632
193077
214534
235978
257434
278890
300333
321954
343412
364871
386332
407778
429239
450711
472174
493616
515073
536536
558752
580550
601995
623467
644957
666398
687843
709354
730892
752389
773883
795415
817173
838647
860108
881585
903047
924526
946001
967522
989095
1010574
1032022
1053526
1074965
21364
42716
64920
86621
107977
129399
150796
172155
193573
215083
236569
257941
279308
300671
322019
343383
364733
386095
407443
428811
450193
471557
492907
514302
535676
557140
578527
599902
621290
642697
664680
686427
707830
729348
750766
772200
793588
814996
836506
857928
879297
900672
922059
943445
964967
986319
1007765
1029156
1050528
1071887
21391
42756
64160
85524
106905
128462
149894
171470
193884
215270
236640
258004
279377
300743
322208
343596
364974
386355
407741
429122
450502
471871
493370
514837
536241
557738
579125
600509
622019
643564
664945
686344
707715
729081
750484
772019
794121
815603
836970
858352
879720
901101
922531
943918
965299
986680
1008072
1029437
1050836
1072221
21392
43035
64516
85923
107324
128726
150276
171788
193225
214613
235997
257382
278908
301302
322690
344107
365509
386897
408285
429693
451151
472539
493945
515330
536776
558364
579765
601151
622541
643941
665359
686767
708168
729551
750938
772339
793760
815146
836530
857952
879338
901727
923111
944519
965909
987421
1008822
1030212
1051860
1073297
21496
42924
64394
85839
107274
128725
150153
171740
193188
214616
236066
257525
278972
300424
321853
343295
364820
386269
408852
430418
452006
473502
494930
516366
537810
559257
580689
602153
623594
645023
666469
687918
709346
730775
752225
773671
795182
816614
838041
859493
880942
902385
923819
945281
966924
988392
1010642
1032142
1053658
1075087
27431
53641
79722
105762
131822
157932
183994
210030
236124
262211
288276
314336
340427
366635
392747
418787
444830
470881
496924
522967
549075
575219
602148
628206
654242
680303
706339
732396
758435
784527
810580
836633
862798
888949
915011
941152
967214
993272
1019338
1045379
1071441
1097511
1123552
1149608
1175668
1202587
1228737
1254841
1281022
1307081
26159
52479
78536
104597
130667
156730
182784
208842
234894
260957
286994
313038
339096
365134
391176
417262
443304
470157
496484
522540
548742
574780
600839
626897
652956
679048
705103
731162
757238
783297
809335
835394
861448
887527
913584
939675
965830
991906
1017989
1044356
1071020
1097482
1123541
1149680
1175793
1201830
1227887
1253958
1280024
1306162
26096
52147
78230
104313
130392
156475
182521
208690
234805
260858
286909
312964
339077
366241
392297
418433
444541
470648
496785
522852
548965
575078
601163
627373
653560
679694
705917
732088
758169
784221
810299
836383
862570
888627
914692
940948
967773
993863
1019956
1046025
1072098
1098165
1124254
1150493
1176543
1202622
1228839
1254907
1280981
1307032
26225
52350
78472
104582
130688
156805
183060
209188
236284
262419
288660
314818
340928
367088
393390
419539
445649
471755
497900
524046
550200
576395
602518
628661
654767
680898
707020
733146
759250
785376
811480
838159
864669
891007
917172
943294
969404
995558
1021683
1047806
1073915
1100044
1126166
1152293
1178431
1204535
1230652
1256773
1282945
1309093
26088
52266
78398
105363
131506
157580
183650
209805
235881
261938
287997
314033
340092
366201
392324
418367
444421
470499
496572
522759
548883
575066
601151
627330
653402
679445
706323
732360
758436
784491
810550
836602
862667
888724
914801
940873
967016
993088
1019149
1045263
1071494
1097627
1123707
1149744
1175801
1201838
1227878
1253915
1279960
1306915
26065
52137
78210
104253
130291
156491
182552
208622
234788
260896
286955
312995
339057
365112
391170
417226
443351
469443
495488
521555
547679
574944
601775
628042
654116
680175
706417
732546
758693
784765
810823
836860
862946
888994
915098
941130
967189
993226
1019285
1045325
1071385
1097423
1123481
1149517
1176518
1202589
1228720
1255249
1281456
1307497
26091
52187
78288
104383
130469
156655
182791
208847
234942
261001
287111
313241
339302
365377
391497
417857
444727
471152
497209
523314
549390
575470
601590
627671
653765
679846
705906
731988
758086
784165
810244
836424
862508
888600
914793
940888
966954
993015
1019130
1045883
1072298
1098383
1124438
1150516
1176571
1202664
1228737
1254800
1280896
1307122
26159
52340
78559
104756
130887
156997
183148
209267
235517
261627
287759
314700
341161
367293
393421
419555
445681
471837
497986
524096
550247
576488
602740
628864
655055
681239
707422
733536
759649
785776
811890
838004
864116
890230
917003
943488
969667
995804
1021914
1048072
1074267
1100543
1126662
1152772
1178952
1205078
1231213
1257322
1283453
1309598
26055
52142
78203
104415
130493
156547
183741
209958
236053
262258
288324
314383
340466
366526
392573
418639
444705
470749
496814
522895
548958
575017
601068
627148
653341
679443
705544
731718
757959
784042
810103
836185
862242
888309
914373
940443
966521
992671
1018712
1044810
1070888
1096933
1122979
1149040
1175116
1201168
1227246
1253401
1279534
1305579
26138
52196
78259
104315
130399
156439
182516
208623
234685
260742
286821
312956
339002
365061
391163
417285
443492
469536
495577
521629
547669
573714
599789
625837
651877
677923
703963
730027
756083
782127
808169
834347
860458
886504
912592
938775
964866
990911
1016967
1043028
1069090
1095130
1121209
1147267
1173306
1199360
1225420
1251478
1277624
1303751
33284
65015
96796
128541
160175
191906
223540
255189
286823
318460
350179
381796
413411
445028
476647
508329
539981
571704
604267
635939
667556
699187
730822
762504
794154
825805
857424
889168
920818
952449
984153
1015791
1047404
1079085
1110953
1142655
1174360
1206959
1238593
1270247
1301879
1333570
1365255
1396889
1428625
1460277
1491911
1523549
1555178
1586909
31753
63401
95101
126860
158512
191499
223202
254890
286561
318234
349903
381714
413403
445152
476931
508774
540426
572133
603990
635746
667428
699116
730803
762473
795169
826839
858512
890201
921875
953680
985366
1017185
1048853
1080504
1112173
1143842
1175577
1207293
1238944
1270634
1302287
1333939
1365658
1398376
1430045
1461776
1493650
1525467
1557121
1588828
31606
63207
94806
126388
157986
189568
221149
252731
284293
315893
347508
380083
412174
443865
475463
507026
538609
570189
601769
633343
664939
696523
728104
759776
791356
822921
854669
886448
918092
949675
981931
1013865
1045441
1077021
1108586
1140169
1171764
1203352
1234934
1266515
1298096
1329670
1361268
1392957
1424573
1456140
1487723
1519302
1550901
1583393
31679
63295
94919
126537
158177
189777
221402
253031
284778
316492
348146
379727
411346
442929
474512
506097
537679
570531
602155
633737
665362
697052
728633
760281
791997
823598
855197
886798
918399
950000
981619
1013196
1044806
1076423
1108006
1139672
1172312
1203930
1235680
1267341
1299073
1330676
1362274
1393882
1425515
1457111
1488714
1520314
1551898
1583483
31635
63240
94846
126468
159015
191162
222769
254390
286021
317624
349267
380904
412510
444219
475861
507468
539159
570801
602410
634082
665721
697469
729110
761420
793422
825096
856744
888433
920089
951710
983332
1014971
1046598
1078241
1109934
1141588
1173373
1205214
1236866
1268470
1300079
1331685
1363941
1396022
1427643
1459315
1490990
1522628
1554384
1586059
31765
63648
95409
127114
158784
190486
222163
253896
285601
317286
349918
381997
413697
445383
477061
508731
540421
572184
603907
635578
667402
699069
730724
762378
794080
825779
857433
889149
920931
953300
985410
1017214
1048915
1080746
1112418
1144153
1175842
1207494
1239167
1270850
1302495
1334180
1365844
1397496
1429606
1461265
1492960
1524659
1557204
1589425
31689
63285
94915
126592
158192
189791
221420
253021
284620
316310
347915
379501
411381
443158
474884
506584
539124
570805
602424
634049
665730
697364
728997
760615
792201
823801
855520
887097
918732
950330
982059
1013659
1045261
1076860
1108478
1140876
1172691
1204458
1236093
1267692
1299321
1330988
1362638
1394338
1426042
1457735
1489387
1520972
1552656
1584239
31692
63284
94868
126468
158066
189649
221248
252851
284480
316261
347960
379626
411226
442842
474455
506054
537670
569405
601053
632670
664253
695920
727626
759260
790930
822591
854402
886032
917632
949322
980974
1012573
1044174
1075758
1107342
1138922
1170505
1202083
1233665
1265247
1296931
1328532
1360236
1391836
1423435
1455135
1486718
1518336
1549947
1581531
31645
63335
95023
126666
158355
190050
221687
253623
285337
316993
348615
380255
411876
443528
475132
506757
538411
570034
601658
633281
664902
696542
728248
759996
791595
823205
854812
886418
918038
949765
981398
1013025
1044648
1076270
1107964
1139616
1171362
1203103
1234794
1266654
1298293
1330062
1361804
1393479
1425102
1456742
1488366
1520009
1551645
1583266
31682
63330
95015
126685
158601
190278
221948
253615
285266
316919
348574
380257
411963
443617
475312
506984
538655
570346
602074
633779
665570
697345
729065
760716
792406
824093
855761
887425
919093
950760
982424
1014125
1045863
1077547
1109234
1140973
1172709
1204398
1236066
1267737
1299402
1331069
1362741
1394427
1426096
1457751
1489453
1521123
1552778
1584535
39296
76754
114131
151447
188794
226124
263454
300802
338134
375470
412826
450144
487512
524848
562451
600933
638312
675740
713237
750571
787943
825282
862649
899994
937343
974749
1012111
1049676
1087018
1124364
1161678
1199890
1237295
1274693
1312021
1349353
1386670
1424019
1461370
1498715
1536155
1573538
1610862
1648224
1685556
1722900
1760250
1798303
1835964
1873459
37353
74919
112257
149926
187280
224633
262064
299405
336744
374117
411484
448803
487189
524935
562278
599617
637051
674428
711767
749111
786485
823841
861209
898567
935906
973303
1010665
1048134
1086259
1123962
1161568
1199157
1236496
1273976
1311347
1348667
1386056
1423395
1460732
1499550
1536898
1574255
1611578
1649135
1687432
1725186
1762518
1799922
1837346
1874815
37608
75098
112537
150049
187439
224882
262426
299842
337306
374816
413787
451177
488599
526110
563525
601098
638496
675914
713398
751017
788476
825864
863229
900597
937966
976166
1022432
1060193
1097618
1134984
1172584
1209981
1247534
1285092
1322767
1360150
1397558
1434947
1472420
1509851
1547324
1585756
1623617
1661105
1698561
1736139
1774250
1811791
1849200
1886958
37567
74978
112407
150465
188324
225740
263325
302225
339832
377267
414788
452213
489814
527567
565174
602738
640168
677666
715095
752625
790035
827529
865064
903672
941124
978622
1016042
1053607
1091021
1128449
1165903
1203317
1240787
1278325
1315924
1353409
1390837
1428320
1465818
1504359
1541818
1579262
1616775
1654276
1691691
1729124
1766585
1804028
1841578
1878979
37356
74726
112046
149396
188220
225620
263240
300577
338013
375391
412960
450401
487730
525254
562720
600082
637688
675031
712361
749800
788032
825407
862737
900089
937954
975283
1012613
1049967
1087353
1124952
1162307
1199651
1237046
1274411
1311739
1349352
1387715
1425224
1462636
1500190
1537749
1575294
1612741
1652659
1690853
1728188
1765677
1803122
1840559
1877893
37514
76221
113548
150984
188563
225914
265147
302787
340251
377636
415035
452532
489908
527386
564742
602086
639439
678227
715585
752957
790308
827662
865016
902358
939827
977164
1014617
1052078
1089416
1126736
1164173
1201532
1238902
1277246
1314609
1351975
1389312
1426700
1464056
1501398
1538996
1576369
1613694
1651064
1688419
1725827
1763182
1800536
1837875
1875210
37438
74797
112261
149772
187149
224498
261869
299219
336585
373940
411289
448820
486204
523615
561005
598348
635847
673262
710847
748218
785671
823020
860419
897759
935113
972480
1009819
1047267
1084666
1122308
1159724
1197135
1234499
1271850
1309202
1346568
1383922
1421333
1458706
1496076
1533487
1570900
1608301
1645742
1683078
1720414
1757751
1795083
1832431
1869868
38568
75997
113392
150873
188302
225869
263349
300798
338219
375729
413165
450598
487993
525582
563100
600512
638081
675563
713067
750583
787994
825411
862858
900268
937666
975161
1012587
1050086
1087569
1124976
1162493
1200040
1237577
1275005
1312399
1349834
1387361
1424961
1462451
1499878
1537403
1574907
1612353
1649785
1687213
1724856
1762318
1799729
1837188
1874619
37378
74714
112126
149458
186795
224253
261660
298992
336470
373805
411120
448469
485824
523222
560589
597950
635373
672806
710255
747663
785021
822482
859857
897323
934682
972037
1009368
1046724
1084055
1121387
1158760
1196091
1233531
1270863
1308252
1345682
1383020
1420341
1457665
1494986
1532307
1569635
1606973
1644349
1681792
1719169
1756571
1794091
1831723
1869087
37401
74755
112084
149435
186786
224125
261539
298874
336262
373600
410975
448453
485791
523146
560480
597817
635178
672517
709854
747228
784546
821941
859375
896846
934322
971663
1008983
1046334
1083692
1121031
1158367
1195691
1233044
1270431
1307840
1345223
1382644
1420086
1457490
1494828
1532188
1569624
1606961
1644353
1681707
1719082
1756439
1793805
1831197
1868618
46058
89856
133584
177308
221019
264739
308430
352225
395953
439762
483505
527327
571090
616147
659878
703638
747424
791134
834894
878669
922466
966178
1009911
1053859
1097588
1141314
1185939
1229975
1273675
1317367
1361064
1404760
1448493
1492207
1536050
1579960
1623657
1667401
1711125
1754827
1799882
1843744
1887473
1931289
1975016
2018783
2062667
2106409
2150156
2193886
43878
87639
131417
176959
220788
264520
308391
352303
396067
439834
483593
527341
571183
615066
658854
702771
746667
791770
835673
879513
923277
967043
1010824
1054588
1098372
1142139
1185920
1229701
1273451
1317484
1362120
1406033
1449939
1493739
1537502
1581299
1625170
1668949
1712779
1756546
1800519
1844357
1888178
1931960
1976577
2020377
2064159
2108023
2151772
2195599
43792
87649
131347
175017
218833
262573
306397
351381
395079
438773
482517
526315
570072
613810
657465
701167
744836
788535
832203
875874
919665
964634
1008380
1052067
1095948
1139654
1183413
1227133
1270962
1314767
1358586
1402277
1446083
1489784
1534236
1578376
1622062
1665723
1709388
1753093
1796783
1840463
1884135
1927874
1972218
2017228
2062094
2106130
2150992
2194734
43812
87597
131314
175067
218908
262754
306473
350297
394176
437879
481603
527140
570805
614473
658144
701812
745672
789371
833186
877175
920860
964561
1008258
1052245
1095983
1141174
1184931
1228737
1272468
1316240
1360172
1403857
1447625
1491306
1534993
1578796
1622599
1666287
1710789
1754852
1798521
1842213
1886114
1929829
1973516
2017231
2060927
2104601
2148498
2192301
43998
89190
133428
177143
220959
264795
308529
352302
396063
439794
483546
527276
571006
614790
658782
703656
747353
791076
834810
878506
922367
966133
1009950
1053687
1097402
1141334
1185064
1228778
1272503
1317330
1361043
1404742
1448567
1492298
1536209
1580045
1623871
1667720
1711539
1755304
1799076
1842815
1887456
1931364
1975062
2018836
2062640
2106353
2150314
2194000
43909
87670
131439
175187
218941
262662
306475
350239
394070
437885
481746
525527
569367
613149
656892
700734
744509
788447
832306
876038
919912
963656
1007417
1051251
1095011
1138922
1182735
1226482
1270260
1314022
1357765
1401618
1445416
1489263
1533025
1576857
1620670
1664474
1708272
1752018
1795849
1839711
1883539
1927504
1971241
2014984
2058744
2102471
2146221
2189944
43683
87355
131022
174787
218536
262205
305911
349600
393286
437005
480855
524540
568269
611945
655621
699654
743340
787024
830710
874379
918047
961855
1005525
1049209
1092860
1136512
1180247
1223950
1267620
1311304
1355015
1398748
1442539
1486247
1529992
1573726
1617497
1661185
1705014
1748719
1792506
1836192
1879876
1923546
1967281
2011072
2054793
2098460
2142159
2186046
43924
87591
131393
175199
218974
262681
306367
350119
393804
437489
481344
525051
568755
612440
656141
699826
743506
787193
830929
874632
918315
962102
1005934
1049712
1093415
1137130
1180880
1224714
1268416
1312200
1355953
1399621
1443353
1487291
1531010
1574709
1618392
1662113
1705813
1749547
1793386
1837232
1881137
1924823
1968611
2012349
2056172
2099895
2143611
2187310
43795
87522
131294
175116
218856
262814
306684
350397
394219
437975
481674
525394
569166
613051
656771
700493
744286
788058
831812
875623
919372
963078
1006850
1050625
1094370
1138448
1182296
1226188
1270070
1313772
1357527
1401317
1445074
1488882
1532570
1576278
1619999
1663750
1707457
1751290
1795349
1839344
1883304
1927042
1970766
2014613
2058368
2102128
2145833
2189568
44106
87911
131689
175476
219237
263013
306774
350637
394430
438175
481907
525729
569523
613284
657045
700912
744705
788516
832312
876215
919977
963758
1007536
1051436
1095178
1138996
1182774
1226588
1270366
1314145
1357959
1401728
1445481
1489292
1533209
1576983
1620745
1664538
1708725
1752584
1796375
1840155
1883967
1927795
1971611
2015420
2059349
2103116
2146882
2190662
56504
111743
167043
222302
277578
333069
388309
443707
499122
554390
610885
666236
721582
776817
832309
887545
942868
998156
1053444
1108721
1164062
1220617
1275881
1331292
1386537
1441904
1497211
1552631
1608114
1663457
1718718
1774339
1830680
1885915
1941129
1996373
2051584
2106896
2162154
2217445
2272681
2328075
2384301
2439710
2494965
2550294
2605634
2660959
2716251
2771503
55556
110756
166911
222981
278254
333504
388736
443945
499296
554555
609783
665221
720596
777095
832754
888148
943404
998785
1054177
1109421
1164655
1219923
1275132
1330418
1386913
1442127
1497449
1552709
1607939
1663154
1718390
1773721
1829076
1884510
1939776
1996282
2051538
2106816
2162218
2217431
2272681
2327916
2383255
2438467
2493773
2549058
2605262
2660622
2715886
2771638
55668
111046
166355
221880
277169
332406
389210
444606
499883
555269
610512
665754
721344
776590
831838
887057
942298
998726
1054026
1109314
1164595
1220022
1275270
1330545
1385886
1441100
1496355
1551665
1608243
1663460
1718864
1774118
1829353
1884626
1940031
1995467
2050822
2106046
2161773
2217784
2272992
2328205
2383437
2438782
2494221
2549501
2604744
2659962
2715379
2771398
55544
111084
166536
221956
277398
332845
388434
443907
499346
555777
611506
666924
722286
777621
832931
888377
943713
999065
1054545
1109859
1166125
1221883
1277264
1332680
1388259
1443687
1499031
1554455
1609787
1665117
1720434
1777078
1832390
1887800
1943167
1998612
2054114
2109497
2164914
2220427
2275794
2331165
2387803
2443233
2498628
2554041
2609394
2664889
2720269
2775618
55395
110825
166075
221328
276553
331934
387285
442809
498131
553440
608893
664143
719528
774787
831174
886434
941754
997010
1052456
1108045
1163312
1218700
1274085
1329370
1384615
1439996
1495410
1550704
1606085
1661355
1716664
1771933
1827234
1882571
1938055
1993288
2048643
2104156
2159475
2214869
2270139
2325547
2380875
2436326
2491600
2546822
2602308
2657529
2712819
2768130
55439
110803
166078
221310
276741
332082
387334
442779
498082
553363
608738
663976
719283
774914
830188
885400
940676
995928
1051238
1106556
1161996
1217228
1272551
1327876
1383112
1438489
1493808
1549305
1604589
1659943
1715342
1770704
1826049
1881260
1936494
1991729
2046968
2102209
2157526
2212868
2268277
2323672
2378899
2434277
2489636
2544975
2600290
2655625
2710926
2766289
55377
110646
165870
221308
276571
331887
387225
442587
498124
553329
608601
663804
719069
774348
829623
884953
940233
995677
1050921
1106165
1161496
1216861
1272172
1327463
1382728
1438011
1493403
1548716
1603972
1659184
1714437
1769665
1825002
1880258
1935509
1990997
2046239
2101503
2156836
2212066
2267341
2322617
2377839
2433081
2488457
2543775
2599047
2654309
2709672
2764914
55422
110704
166112
221481
276724
332037
387305
442652
497990
553284
608542
664002
719326
774593
829882
885181
940494
995837
1051183
1106547
1161976
1217346
1272600
1327856
1383096
1438319
1493616
1548908
1604211
1659537
1714877
1770163
1825495
1880799
1936127
1991622
2046993
2102375
2157892
2213380
2268641
2323892
2379167
2434448
2489719
2544955
2600422
2655678
2711120
2766358
55512
111090
166619
222048
277339
332627
388170
443430
498728
554090
609415
664860
720188
775479
830840
886527
941745
997989
1055394
1110766
1166056
1221305
1276590
1332000
1387603
1442858
1498113
1553456
1608700
1663954
1719251
1774528
1829806
1885194
1940452
1995724
2051085
2106510
2161777
2217105
2272474
2327788
2383293
2438590
2493921
2549239
2604483
2659751
2715144
2770514
55473
110925
166270
221539
276893
332261
387592
442980
498187
553537
608876
664091
719335
774572
829810
885071
940339
995604
1050844
1106338
1161587
1216816
1272116
1327535
1382902
1438151
1493418
1548645
1604135
1659467
1714695
1769933
1825148
1880416
1935663
1990892
2046168
2101572
2156804
2212151
2267533
2322881
2378170
2433418
2488716
2543964
2599438
2654720
2709964
2765194
58996
116940
174902
232878
291133
349149
407162
465245
523275
582446
640649
698715
756812
814880
872898
930931
988933
1046948
1104978
1162994
1222055
1280203
1338174
1396169
1454138
1512275
1570357
1628474
1686506
1744514
1803945
1861935
1919886
1977826
2035814
2093899
2151910
2210018
2268133
2326163
2384965
2443331
2501509
2559523
2617483
2675478
2733415
2791574
2849637
2907685
59362
117536
175642
233794
291868
350141
408210
466325
524442
582516
641712
699780
757833
815998
874056
932109
990172
1048719
1106809
1165024
1223516
1282555
1340776
1398900
1457047
1515229
1573318
1631494
1689652
1747866
1806047
1865204
1923244
1981301
2039389
2097479
2155571
2213641
2271700
2329960
2388077
2447490
2505630
2563756
2621925
2680009
2738106
2796207
2854570
2912728
58193
117350
175400
233418
291349
349401
407443
465394
523362
581481
639458
698433
756400
814503
872616
930655
988610
1046555
1104592
1162717
1220761
1279458
1337746
1395854
1453781
1511748
1569760
1627730
1685787
1743844
1801965
1860158
1919308
1977266
2035303
2093357
2151369
2209455
2267471
2325512
2383710
2441698
2500576
2558734
2616692
2674728
2732732
2790838
2848760
2906933
58134
116079
175154
233247
291210
349287
407386
465464
523495
581519
640140
698327
757339
815302
873309
931543
989669
1047681
1105746
1163828
1221851
1279838
1338613
1396640
1454874
1512854
1570814
1628944
1686977
1745124
1803194
1861221
1919325
1978267
2036216
2094173
2152119
2210095
2268144
2326120
2384084
2442336
2500323
2558316
2616367
2674375
2732464
2790443
2848522
2906588
58201
116228
174209
232204
290205
348168
406269
464471
522568
580603
638617
696743
754812
812914
871119
929105
987222
1045258
1103368
1161450
1219479
1277547
1335559
1393679
1451647
1509766
1567848
1625864
1683905
1741976
1799987
1857978
1915993
1974151
2032177
2090187
2148170
2206941
2264997
2323063
2381174
2439201
2497449
2555436
2613422
2671512
2729480
2787491
2845479
2903491
58384
116435
174558
232681
290827
348936
406996
465085
523303
581560
639764
697890
755964
814244
872367
930430
988466
1046872
1104908
1162986
1221069
1279222
1337382
1395460
1453700
1511922
1570135
1628219
1686316
1744457
1802585
1860673
1918874
1977041
2035411
2093567
2151610
2209709
2267826
2326019
2384157
2442335
2500377
2558677
2617041
2675116
2733399
2791497
2849653
2907862
58092
116255
174284
232262
290224
348197
406167
464088
522011
580047
638130
696106
754075
812276
870360
928419
986355
1044300
1102509
1160554
1218489
1276871
1334864
1392867
1450819
1508769
1566694
1624933
1682875
1740824
1798836
1856823
1914773
1973029
2031071
2089168
2147134
2205178
2263221
2321290
2379302
2437312
2495274
2553289
2611432
2669506
2727459
2785464
2843465
2901416
58167
116126
174281
232291
290271
348247
406247
464325
522269
580239
638427
696438
754456
812486
870471
928512
986478
1044436
1102491
1160705
1218715
1276791
1334755
1392744
1450933
1508973
1567001
1624975
1683183
1741451
1799457
1857475
1915500
1973482
2031456
2089434
2147531
2205532
2263475
2321451
2379407
2437404
2495362
2553339
2611293
2669636
2727629
2785607
2843615
2901633
58190
116268
174348
232621
290646
348662
406653
464607
522546
580527
638501
696585
754814
812863
870925
928984
987169
1045202
1103309
1161278
1219427
1277510
1335647
1393831
1451925
1509957
1567965
1625960
1684033
1742154
1800280
1858288
1916332
1974340
2032332
2090344
2148478
2206756
2264853
2322847
2380846
2438956
2497029
2555266
2613379
2671375
2729527
2787654
2845672
2903689
58263
116443
174599
232807
291029
349127
407207
465287
523376
581574
639629
697828
756003
814249
872340
930476
988535
1046672
1104929
1162989
1221067
1279381
1337562
1395618
1453701
1511788
1569899
1627951
1686033
1744107
1802305
1860410
1918518
1976633
2034796
2092873
2151035
2209185
2267436
2325481
2383519
2441650
2499720
2557799
2615852
2673930
2732037
2790251
2848332
2906806
81488
162047
242600
323750
404448
485151
567093
647746
728293
809195
889846
970485
1051178
1131848
1213718
1294451
1375084
1455710
1536311
1616937
1697538
1779279
1860049
1940712
2021527
2102241
2182849
2263559
2344368
2426103
2506675
2587328
2667934
2748491
2829387
2909984
2991783
3072545
3153239
3233886
3314701
3395333
3476019
3556694
3638519
3719166
3799997
3880768
3961445
4042173
82416
163689
244781
325552
406430
487368
568162
648965
731176
812057
892945
973780
1054567
1135541
1216454
1298378
1379208
1460114
1540888
1621702
1702589
1783659
1864608
1946713
2027604
2108535
2189440
2270587
2351474
2432327
2514397
2595309
2676183
2757534
2838387
2919307
3000249
3082250
3163603
3244672
3325670
3406562
3487363
3568325
3649153
3731392
3812379
3893429
3974413
4055253
81276
162152
244216
324973
405900
486608
567290
648158
728748
811111
891872
972480
1053123
1134047
1214878
1295559
1376983
1458286
1539123
1620133
1700876
1781724
1862510
1943343
2024971
2105713
2186491
2267240
2348147
2428814
2509507
2591362
2672447
2753318
2834216
2915029
2996046
3077027
3157958
3238898
3319585
3400288
3481005
3561631
3642434
3723173
3803958
3884728
3965426
4046264
81415
162300
243336
324184
405006
485741
566685
647496
728375
809300
890047
970763
1051982
1132903
1213840
1294660
1375431
1456179
1537152
1617935
1698858
1779732
1860556
1941346
2022294
2103106
2184548
2265379
2346187
2427048
2507849
2589045
2669888
2750772
2831524
2912488
2993239
3074143
3154985
3235868
3316669
3397429
3478217
3559336
3640167
3720977
3801813
3882609
3963336
4044264
81153
162016
242751
323420
404095
484946
565760
646623
727416
808265
889204
970054
1050761
1131346
1212024
1292689
1373446
1454374
1535049
1615720
1696390
1777284
1857962
1938650
2019451
2100256
2180913
2261548
2342232
2422925
2503691
2584528
2665470
2746206
2827011
2907667
2988583
3069277
3150002
3230796
3311443
3392100
3473135
3553803
3634427
3715249
3795928
3876690
3957462
4038028
81236
161883
242764
323580
404549
485307
566040
646845
727559
808296
889170
969918
1050666
1131333
1211934
1292733
1373787
1454773
1535602
1616418
1697103
1777798
1858567
1939333
2020087
2100907
2181697
2262525
2343253
2424098
2504899
2585732
2666401
2747224
2828108
2909023
2989877
3070588
3151325
3232057
3312697
3393617
3474276
3554934
3635782
3716759
3797558
3878539
3959264
4040062
81320
162293
243138
324143
405120
486194
567137
647971
728816
809834
890751
971717
1052595
1133457
1214258
1296273
1380011
1460884
1541840
1624450
1706223
1789960
1870773
1951679
2032585
2113595
2194501
2275520
2356390
2437385
2519749
2600776
2681821
2762907
2843948
2925091
3006000
3087218
3168090
3248958
3330002
3410956
3491935
3572944
3653818
3734767
3815782
3896588
3977667
4058654
80868
161538
242045
322477
403010
483413
563794
644141
724660
805079
885563
965972
1046569
1127003
1207773
1288411
1368810
1449148
1529662
1610150
1690726
1771152
1851735
1932219
2012565
2092938
2173513
2253909
2334998
2415430
2495891
2576468
2656853
2737378
2818071
2898640
2979072
3059395
3139747
3220272
3300648
3381189
3461704
3542078
3622545
3703090
3783500
3863990
3944520
4025077
81259
162294
243238
324129
404874
485750
566600
647681
728566
809508
890302
971282
1052209
1133206
1214022
1294970
1375810
1456638
1537395
1618370
1699144
1779904
1860830
1941647
2022589
2103801
2184745
2265703
2346789
2427654
2508580
2589477
2670330
2751161
2832176
2912968
2993757
3074591
3155820
3236656
3317493
3398419
3479273
3560188
3641246
3722052
3802907
3883789
3964748
4045750
81278
161988
242688
323374
404239
485018
565779
646462
727190
807875
888438
969040
1049941
1130600
1211179
1291866
1372586
1453312
1534130
1614801
1695424
1776086
1856745
1937484
2018242
2098874
2179440
2259984
2340681
2421327
2502051
2582773
2663430
2744096
2824739
2905343
2985982
3066874
3147515
3228142
3308829
3389460
3470044
3550791
3631488
3712209
3792892
3873597
3954157
4034930
85139
168923
252649
336344
420321
504212
589572
673489
757177
840956
924778
1008563
1092457
1177720
1261453
1345281
1429196
1513022
1596796
1680654
1765729
1849616
1933811
2018320
2102221
2186029
2269887
2353698
2439110
2522889
2606734
2690597
2774276
2857925
2941871
3026998
3110869
3194579
3278318
3362106
3446130
3529932
3615075
3698833
3782533
3866394
3950383
4034173
4117949
4203023
84603
168764
252638
336719
420772
505989
590144
674413
758453
842576
926451
1010294
1094140
1179921
1263780
1347658
1431660
1515556
1599431
1683447
1768973
1852975
1936868
2020974
2104857
2188855
2272886
2358311
2442446
2526312
2610207
2694596
2778562
2862555
2948055
3031939
3115856
3199993
3284226
3368120
3452103
3537313
3621189
3705462
3789552
3873516
3957403
4041259
4126554
4210635
84441
168121
251915
335583
419546
505078
588994
672657
756414
840186
924047
1007753
1093034
1176889
1260602
1344348
1428308
1512084
1595840
1680988
1764858
1848505
1932391
2016176
2099992
2183822
2268720
2352625
2436674
2520463
2604476
2688158
2771805
2855544
2939463
3023339
3107089
3190836
3274629
3358309
3442144
3525988
3609747
3693478
3777171
3860952
3944830
4028470
4112204
4195881
84547
168649
252589
336541
420416
504285
588252
672262
756141
839997
923798
1007650
1091541
1175645
1259763
1343769
1427647
1511612
1595650
1679811
1763805
1847737
1931711
2015597
2099409
2183536
2267442
2351365
2435203
2519091
2603010
2687016
2770854
2854781
2938772
3022629
3106486
3190500
3274422
3358301
3442274
3526210
3610071
3694086
3777963
3862056
3946166
4030110
4114066
4198201
84546
168445
252213
336049
420032
503818
587703
671565
755379
839281
923453
1007359
1091354
1175143
1259044
1342827
1426785
1510561
1594413
1678193
1761928
1845817
1929847
2013702
2097939
2181787
2265718
2349520
2433637
2517555
2601339
2685101
2768843
2852610
2936557
3020468
3104296
3188107
3271899
3355841
3439842
3523663
3607586
3691405
3775268
3859012
3942971
4026833
4110632
4194596
84595
168690
252597
336542
420454
504374
588288
672355
756318
840408
924318
1008328
1092341
1176431
1260339
1344303
1428235
1512171
1596085
1680333
1764304
1848279
1932142
2016081
2099987
2184049
2267998
2352034
2436065
2519982
2603896
2687979
2772100
2856115
2940017
3023981
3107896
3192020
3276070
3360023
3443918
3527825
3611828
3696022
3780028
3863975
3947953
4031884
4115807
4200006
84616
168359
252100
335813
419739
503894
587893
671706
755736
839649
923622
1007472
1091392
1175359
1259218
1343017
1426900
1510885
1594709
1678565
1762355
1846116
1930170
2013898
2097850
2181644
2265519
2349299
2433284
2517113
2600894
2684645
2768471
2852350
2936255
3020053
3104041
3187763
3271563
3355557
3439782
3523875
3607878
3691653
3775444
3859378
3943530
4027549
4111469
4195217
84728
168844
252813
336765
420846
504907
588769
672994
756926
840912
924747
1008740
1092779
1176899
1260800
1344734
1428706
1512597
1596465
1680509
1764355
1848252
1932063
2015893
2099774
2184042
2267948
2351903
2435797
2519647
2603599
2687646
2771521
2855628
2939485
3023384
3107405
3191392
3275278
3359241
3443248
3527268
3611216
3695236
3779255
3863199
3947087
4030987
4114872
4198864
84533
168306
252223
336027
420344
504338
588428
672244
756171
840228
924586
1008691
1092714
1176635
1260834
1344924
1429180
1513166
1597150
1681152
1765324
1849107
1933063
2016919
2100974
2184768
2268791
2352567
2436741
2520514
2604412
2688215
2772097
2856011
2940115
3023889
3107850
3191735
3275705
3359503
3443412
3527176
3611089
3694888
3778681
3862664
3947113
4031000
4114996
4198938
84760
169046
253046
337024
420900
504742
588703
672658
756534
840491
924353
1008277
1092223
1176273
1260428
1344467
1428434
1512466
1596499
1680699
1764674
1848566
1932474
2016361
2100215
2184279
2268181
2352206
2436090
2520015
2603938
2688013
2772019
2855887
2939888
3023805
3107698
3191782
3275767
3359660
3443530
3527579
3611464
3695608
3779527
3863426
3947400
4031351
4115174
4199190
97788
193971
290168
386444
482865
581387
677658
774062
870259
966688
1062782
1160540
1256969
1353089
1449619
1545903
1641990
1738327
1840103
1936516
2032751
2129036
2225303
2322750
2421576
2517826
2613945
2710125
2806413
2902884
3000987
3097283
3193399
3289563
3385667
3482039
3580326
3676381
3772830
3869012
3965478
4061708
4159516
4256118
4352288
4448803
4545183
4641692
4738179
4836042
96113
190810
285496
380328
477205
572264
667046
761702
856423
950975
1045707
1142510
1237198
1331794
1426417
1521321
1616163
1712679
1807455
1902069
1996678
2091644
2186222
2282582
2377202
2471993
2567054
2661805
2756519
2851246
2947796
3042598
3137208
3231877
3326531
3421103
3517661
3612381
3707054
3801853
3896460
3991257
4087962
4182721
4277317
4371881
4466649
4561500
4656252
4752847
99576
198496
297153
395780
496522
595334
694104
793084
891712
990263
1090603
1189283
1288059
1386727
1485376
1583990
1682647
1781632
1880473
1979111
2077948
2176600
2275475
2374035
2472635
2571267
2670263
2769181
2867842
2966598
3065333
3163946
3262785
3361409
3460008
3558623
3657203
3756107
3854765
3953399
4052098
4150738
4249693
4348316
4447059
4545793
4644419
4743501
4842192
4940954
99424
197992
296653
395086
493552
592015
690405
789046
887474
985884
1084707
1183185
1281762
1380175
1478731
1577128
1675559
1774109
1872557
1970878
2069232
2167624
2266307
2364737
2463097
2561672
2660081
2758722
2857298
2955851
3054261
3152693
3251289
3349706
3448108
3546501
3644884
3743685
3842118
3940531
4039000
4137503
4236084
4334494
4432807
4531124
4629580
4728169
4826627
4925026
100159
199472
298915
397892
496837
595942
694885
794094
893070
992191
1091458
1190492
1289956
1389043
1488078
1587019
1686134
1785375
1884355
1983393
2082349
2181373
2280833
2379813
2478777
2577853
2677045
2776219
2875328
2974246
3073140
3172124
3271519
3370561
3469539
3568573
3667813
3767061
3866188
3965294
4064766
4163782
4262961
4362073
4461156
4560106
4659543
4758813
4857861
4956972
100045
198850
297872
396810
495448
594136
693017
792318
893837
995258
1096765
1198194
1300036
1401597
1503146
1604690
1705939
1804773
1903451
2002126
2100891
2199574
2298554
2397265
2495948
2594690
2693550
2792612
2891247
2990047
3088844
3187479
3286314
3385076
3483781
3582557
3681382
3780428
3879201
3977841
4076612
4175296
4274356
4373094
4471738
4570494
4669320
4768206
4867094
4965771
99137
197532
295790
393998
492162
590398
688753
787128
885368
983569
1081773
1179981
1278366
1376487
1474733
1572911
1671121
1769558
1868034
1966269
2064697
2162890
2261372
2360153
2458537
2556800
2655038
2753600
2851864
2950120
3048404
3146710
3245090
3343342
3441573
3539794
3638123
3736460
3837019
3938143
4039081
4139156
4237514
4335831
4434136
4532339
4630737
4729120
4827820
4925988
99738
198452
297640
396405
495285
594025
692883
791919
890647
989425
1088165
1186856
1285869
1384538
1483401
1582130
1680920
1779932
1878734
1977862
2076716
2175446
2274555
2373219
2471883
2570610
2669312
2768476
2867352
2966147
3064933
3163713
3262627
3361361
3460080
3558798
3657569
3756461
3855163
3954046
4052883
4151622
4250505
4349391
4448141
4546845
4645656
4744663
4843508
4942199
95486
189759
284312
378639
472955
567276
661702
756269
850521
944794
1039070
1133387
1228020
1322472
1416940
1511231
1605537
1699938
1794477
1888826
1983091
2077402
2171630
2266402
2360676
2455069
2549377
2643898
2738362
2832741
2927151
3021594
3115885
3210439
3304999
3399325
3493806
3588165
3682611
3777131
3871473
3965962
4060502
4154892
4249421
4343859
4438200
4532544
4626933
4721459
99762
198436
297072
395748
494737
593587
692217
790836
889719
989275
1090482
1191722
1293175
1394460
1496109
1597310
1698606
1799383
1897947
1996718
2095472
2193996
2292434
2391029
2489866
2588380
2686865
2785400
2884023
2983016
3081507
3179974
3278711
3377162
3475951
3574538
3673035
3771628
3870094
3969038
4067652
4166129
4264708
4363435
4462180
4560789
4659213
4757748
4856351
4955053
106719
211629
316561
421690
526661
633915
738654
843492
948879
1053823
1160962
1265881
1370767
1475846
1580649
1685442
1792327
1897240
2002381
2107283
2212178
2316975
2424170
2529031
2633843
2738762
2843748
2950790
3055583
3160346
3265282
3370049
3475064
3581960
3686756
3791531
3896502
4001664
4106570
4213820
4318581
4423534
4528481
4633292
4738097
4845029
4950162
5055107
5159922
5264820
109063
213896
318721
423711
528868
636448
741365
846301
951355
1056237
1161366
1268219
1373079
1478338
1583536
1688560
1793490
1900511
2005463
2110680
2215633
2320531
2426995
2532422
2637745
2742585
2847412
2952283
3059374
3164721
3269694
3374767
3479832
3584807
3692057
3796900
3901740
4006589
4111828
4217388
4323889
4429061
4534246
4639604
4744573
4851602
4956532
5061337
5166396
5271245
108808
213706
319061
424266
529219
634037
738856
843826
948569
1053371
1158226
1263747
1368624
1473465
1582411
1687224
1792403
1897231
2002052
2108840
2213719
2319084
2423964
2528819
2633687
2738496
2843564
2948458
3053290
3158144
3263435
3368252
3473371
3578286
3683132
3788143
3893030
3997921
4103011
4208011
4313205
4418144
4523176
4627965
4732789
4838306
4943176
5048024
5152906
5258332
106508
211388
316308
421030
526303
631376
736286
841312
946529
1051504
1156396
1261202
1366215
1471197
1575938
1680829
1785694
1890551
1995605
2100382
2205266
2310089
2414862
2519974
2624757
2729742
2834599
2939760
3044573
3149403
3254336
3359108
3464105
3568997
3673883
3778883
3883713
3989016
4093858
4198707
4303558
4408370
4513635
4618407
4723267
4828260
4933316
5038199
5143061
5247854
106646
212134
317148
422143
527207
632660
737677
842690
947769
1052805
1157935
1262913
1367869
1473064
1578079
1683375
1788363
1893387
1998402
2103361
2208502
2313422
2418369
2523374
2628801
2733909
2839014
2943981
3048983
3154112
3259211
3364255
3469288
3574274
3679723
3784710
3889715
3994694
4099697
4204894
4310001
4415015
4520009
4625304
4730381
4835434
4940592
5045568
5150727
5255653
106371
211322
316577
421492
526371
631327
736314
841546
946477
1051381
1156267
1261344
1366541
1471464
1576361
1681196
1786050
1891184
1996187
2101140
2206151
2311526
2416544
2521558
2626581
2731530
2836610
2941545
3046489
3151518
3256506
3361670
3466602
3571736
3676669
3781621
3886850
3991850
4096737
4201623
4306663
4411617
4516574
4621485
4726590
4831778
4936685
5041690
5146629
5251650
106407
211164
315959
420835
525836
630936
735729
840807
945614
1050812
1155572
1260335
1365203
1470017
1574986
1679802
1784610
1889447
1994498
2099417
2204384
2309238
2414001
2518957
2623849
2728735
2833847
2938669
3043832
3148628
3253574
3358428
3463210
3568161
3672891
3778027
3882895
3987839
4092799
4197649
4302583
4407405
4512543
4617312
4722140
4826876
4931700
5036742
5141621
5246398
106559
211741
316620
421616
526594
631529
736668
841518
946552
1051473
1156387
1261416
1366401
1471356
1576361
1681469
1786436
1891300
1996140
2101058
2206188
2311277
2416198
2521091
2626279
2731569
2836582
2941716
3046652
3151516
3256786
3361811
3466828
3571798
3676799
3781877
3886784
3991688
4096754
4201937
4306754
4411603
4516494
4621553
4726699
4831566
4936589
5041519
5146542
5251595
105979
210915
315798
420838
525572
630288
734974
839760
944795
1049506
1154203
1258918
1363883
1468640
1573570
1678282
1782984
1887963
1992742
2097552
2202280
2307020
2412103
2516778
2621428
2726104
2830841
2935844
3040657
3145400
3250149
3355111
3459980
3564684
3669446
3774353
3879212
3984004
4088766
4193492
4298247
4403318
4508167
4612900
4718033
4822874
4927854
5032632
5137391
5242269
106683
211602
316517
421456
526377
631571
736440
841310
946247
1051343
1156507
1261522
1366579
1471488
1576720
1681689
1786671
1891721
1996691
2102032
2207026
2312082
2417076
2522112
2627187
2732139
2837185
2942188
3047196
3152400
3257282
3362146
3467089
3572337
3677294
3782246
3887148
3992161
4097437
4202410
4307310
4412195
4517190
4622322
4727347
4832421
4937425
5042469
5147743
5252965
120157
238873
356852
475043
595951
714173
832534
950747
1068897
1189532
1308244
1426170
1544146
1662371
1783476
1901469
2019477
2137452
2255778
2376446
2494512
2612499
2730575
2849105
2969750
3087730
3205818
3324235
3442276
3563056
3681430
3799826
3917752
4035687
4156459
4275007
4392981
4511155
4629235
4749874
4868567
4986700
5104577
5222533
5341813
5461472
5579673
5697913
5816247
5934350
120443
239263
357730
476263
597657
716376
835224
953942
1072450
1193687
1312461
1430985
1549464
1668347
1789781
1908307
2026789
2145430
2264346
2385420
2503995
2622703
2741580
2860085
2981067
3099651
3218159
3336990
3455736
3577019
3695848
3814719
3933166
4051624
4172637
4291420
4409957
4528483
4647262
4768924
4887785
5006251
5124823
5243770
5362440
5481013
5599703
5718518
5837547
5956046
122437
243525
364240
484968
605735
726895
847628
968633
1089333
1210242
1331124
1451944
1572801
1693554
1814583
1935326
2056122
2177012
2298019
2418751
2539637
2660391
2781407
2902155
3022850
3143718
3264598
3385330
3506132
3626943
3747864
3868602
3989383
4110158
4231309
4352040
4472989
4593995
4715151
4836044
4956835
5077593
5198382
5319266
5440124
5560918
5681787
5803091
5923863
6044568
122344
242814
363316
484037
605030
725622
858948
980031
1100962
1221637
1345230
1466213
1587061
1708118
1828808
1949807
2070465
2192051
2312619
2433648
2554417
2675459
2796440
2917285
3037851
3158784
3279622
3400285
3521211
3642218
3762811
3883428
4004017
4124886
4245601
4366173
4487139
4608427
4729033
4849610
4970431
5091257
5212186
5333229
5454410
5575578
5700089
5820853
5942112
6063124
156932
292963
415676
538676
673588
799908
920423
1041256
1161867
1282354
1402930
1523726
1644424
1768394
1897916
2019488
2140995
2263075
2385017
2507141
2628565
2749903
2871529
2993593
3114433
3234963
3355902
3480535
3601086
3721516
3841968
3962570
4083221
4203726
4324266
4445033
4565745
4686476
4807367
4927970
5048649
5169364
5290026
5410611
5531887
5652514
5773054
5893565
6014280
6134850
119673
237677
356157
474198
592364
710394
828697
946565
1064542
1182496
1300952
1418830
1536698
1654685
1772927
1890965
2008957
2126900
2244821
2362947
2481062
2598944
2716977
2835316
2953266
3071222
3189267
3307429
3425401
3543383
3661410
3779549
3897573
4015470
4133516
4251477
4369715
4487563
4605487
4723487
4841703
4959692
5077886
5195828
5314116
5432171
5550091
5668024
5786289
5904364
122324
242677
363332
483748
604051
724304
844763
965046
1085287
1205631
1326446
1446705
1567221
1687616
1808137
1928294
2048494
2168837
2289150
2409487
2529813
2650272
2770552
2891207
3011645
3131902
3252174
3372605
3492750
3612988
3733222
3853720
3974006
4094288
4214565
4335087
4455475
4575681
4695851
4816478
4936693
5057304
5177534
5297980
5418245
5538511
5658912
5779034
5899471
6019641
122344
243186
363751
484381
605059
725812
846491
967138
1087799
1208551
1329330
1449918
1570657
1691278
1812035
1932634
2053248
2173785
2294545
2415355
2536016
2656728
2777744
2898361
3019018
3139855
3260568
3381089
3501625
3622216
3743131
3863918
3984562
4105498
4226339
4346886
4467480
4588087
4708827
4829526
4950254
5070921
5191607
5312473
5433148
5553712
5674228
5795028
5915592
6036247
118385
234517
350749
467045
583151
699820
816128
932410
1048606
1165233
1281389
1397657
1514024
1630512
1746758
1862994
1979451
2095761
2212282
2328612
2444883
2561171
2677536
2793867
2910254
3026878
3143177
3259485
3375595
3491833
3608158
3724466
3840802
3957298
4073500
4189897
4306408
4422519
4538825
4655305
4771497
4887954
5004182
5120530
5236733
5353166
5469847
5586040
5702346
5818538
123277
244938
365948
487071
608144
729626
850640
971649
1092827
1214214
1335318
1456455
1577627
1698951
1820366
1941376
2062573
2183655
2305295
2426740
2548068
2669050
2790398
2911445
3032745
3154126
3275513
3396524
3517780
3638843
3760330
3881670
4002781
4124108
4245609
4366545
4487534
4608683
4730029
4851254
4972362
5093816
5215163
5336452
5457467
5578683
5699805
5821060
5942089
6063371
131372
260258
388981
517778
649940
778644
907574
1036559
1168702
1297287
1425872
1554620
1683697
1815247
1943936
2072756
2201391
2331217
2461448
2590557
2719126
2847809
2980023
3108884
3237478
3366209
3494920
3626944
3755662
3884566
4013403
4145212
4274028
4402591
4531138
4660467
4791927
4920751
5049298
5178388
5307102
5438712
5567181
5696310
5825097
5956932
6085908
6214701
6343378
6472057
131599
260631
389746
519083
651380
780321
909455
1038910
1167903
1300252
1429344
1558691
1687605
1819708
1948584
2078078
2207224
2336397
2468371
2597590
2726449
2855433
2986807
3116733
3245743
3375199
3504258
3636928
3765798
3894664
4023900
4152901
4284805
4414013
4543590
4672457
4801387
4930252
5059347
5188226
5317379
5446508
5576157
5705297
5834201
5963073
6092217
6221194
6350264
6479231
130751
259574
388149
517349
646010
774805
903290
1032249
1160811
1289547
1418058
1546883
1675583
1804380
1932976
2061781
2190389
2319174
2447793
2576771
2705404
2834347
2963036
3091902
3220553
3349276
3478111
3606643
3735355
3864655
3994092
4122786
4251352
4379901
4508730
4637312
4766226
4899292
5028293
5156825
5285504
5414045
5542836
5673705
5802554
5931162
6060196
6188673
6317344
6446140
131593
261226
390632
521139
650818
780321
909917
1040933
1170468
1300222
1429604
1559436
1688831
1818268
1947940
2077462
2207053
2336622
2466467
2595839
2725182
2854621
2984447
3113836
3243690
3373184
3502976
3632546
3762046
3891418
4021183
4150812
4280505
4409917
4539614
4669159
4798573
4927954
5057615
5187065
5316636
5446204
5575891
5705325
5834865
5964513
6094000
6223435
6352962
6482676
130520
258927
387768
516262
644768
773470
902331
1030700
1159099
1287605
1416278
1545008
1673839
1802312
1931193
2059648
2188107
2316582
2445242
2573985
2702530
2831008
2959933
3088454
3216945
3345263
3473894
3602427
3730897
3859510
3988599
4117112
4245529
4374423
4503051
4631610
4760465
4889172
5017828
5146292
5274734
5403915
5532444
5661353
5789820
5918542
6047170
6175761
6304233
6432885
131127
260469
389928
519269
648542
777663
907084
1036135
1165634
1295113
1424767
1553722
1682714
1811802
1941093
2070441
2200225
2329449
2458806
2588042
2717139
2846121
2975429
3104634
3233857
3362937
3492669
3621876
3751046
3880260
4009468
4138787
4268099
4397495
4526544
4655610
4784823
4914338
5043518
5172623
5301765
5431038
5560199
5689392
5818399
5947866
6077143
6206346
6335344
6464575
130833
259413
388421
517245
646037
774746
903964
1032629
1161191
1289807
1418995
1547632
1676412
1805016
1933927
2062596
2191088
2319601
2448396
2576999
2705711
2834404
2963297
3092068
3220620
3349356
3477851
3606534
3735078
3863944
3992526
4121228
4249859
4378934
4507549
4636144
4765040
4893931
5022927
5151616
5280154
5409183
5537873
5666666
5795126
5924113
6052658
6181451
6310101
6439173
130774
259417
388496
517111
645637
774284
903216
1031912
1160630
1289288
1418278
1546961
1675512
1803939
1932826
2061697
2190305
2318954
2447741
2576497
2705059
2833875
2962652
3091261
3219891
3348795
3477560
3606106
3734694
3863604
3992191
4120784
4249299
4378250
4506839
4635416
4764005
4892824
5021385
5150236
5278722
5407604
5536535
5665110
5793628
5922479
6051031
6179656
6308228
6436942
130702
259308
388530
517171
645903
774550
903459
1032135
1160692
1289733
1418750
1547691
1676287
1804978
1934159
2063020
2191595
2320400
2448979
2577713
2706336
2835297
2963897
3092768
3221389
3350377
3479081
3607800
3736494
3865409
3994115
4122786
4251395
4380409
4509158
4637878
4766454
4895297
5023879
5152497
5281181
5410007
5538809
5667518
5796117
5924999
6053708
6182333
6311006
6440062
130908
259566
388740
517529
646270
774924
904182
1033052
1163561
1292668
1421661
1550539
1679359
1808399
1937193
2066197
2195060
2324157
2452841
2581605
2710306
2839231
2967985
3096801
3225450
3354392
3483149
3611792
3740541
3869533
3998224
4126968
4255590
4384608
4513378
4642245
4772514
4901508
5030572
5159285
5288081
5417005
5545924
5674712
5803822
5932772
6061539
6190210
6319327
6448112
162298
322760
483124
646488
807072
966958
1129582
1290820
1450821
1611356
1775248
1935155
2095391
2255357
2419604
2579638
2739596
2900094
3063289
3223463
3384626
3548110
3708055
3868341
4028315
4191547
4352125
4512468
4672940
4836877
4996790
5156751
5317350
5481156
5641313
5801673
5965074
6125067
6285663
6445774
6609782
6769996
6930324
7090271
7253356
7414009
7574126
7736770
7897922
8058141
152836
306268
456559
606601
757154
910776
1060964
1211718
1362293
1515697
1666233
1816207
1966291
2120283
2270880
2421295
2571528
2725459
2875552
3025607
3176249
3326644
3477479
3628019
3778205
3928124
4078101
4228575
4379052
4533673
4684292
4834404
4984529
5137836
5288039
5438366
5588384
5738870
5889040
6039049
6189601
6339926
6489903
6640646
6790943
6941006
7091247
7242076
7392524
7542469
151214
299998
448824
600558
749665
898638
1047930
1196550
1345310
1494305
1643369
1792391
1941268
2090517
2239373
2388014
2537212
2686607
2835392
2984237
3133494
3282233
3430977
3580140
3729102
3877937
4027116
4175855
4324823
4473748
4623109
4771916
4920812
5069848
5218598
5367453
5516672
5665595
5814540
5963244
6112417
6261318
6410139
6559149
6708136
6856845
7005671
7154859
7303589
7452334
151287
300174
449012
598544
747180
895672
1044738
1193696
1342741
1491702
1640284
1789016
1937701
2086710
2235598
2384312
2533568
2682231
2830808
2979790
3128465
3276994
3425584
3574759
3723389
3872132
4021648
4170446
4319093
4468057
4617019
4765671
4914296
5063412
5212198
5360818
5509803
5658525
5807055
5955721
6104984
6253824
6402439
6551609
6700201
6848646
6997778
7146724
7295439
7444143
151677
300828
450405
599871
749196
898428
1048103
1197653
1346949
1496471
1645743
1794851
1944377
2093655
2242843
2392092
2541782
2691303
2840359
2989861
3139107
3288175
3437668
3587238
3736640
3886093
4035515
4184828
4334003
4484256
4633605
4783110
4932268
5081699
5230804
5379932
5529493
5678697
5827738
5977154
6126388
6275435
6424500
6574024
6723234
6872315
7021788
7171063
7320431
7469941
151746
301133
451002
600407
749861
899499
1049056
1198591
1347937
1497584
1646901
1796229
1945832
2095274
2244518
2394207
2543692
2693025
2857043
3025436
3176530
3325830
3475655
3624899
3774224
3923923
4073480
4222917
4372237
4522170
4671445
4820751
4970799
5120304
5269783
5419393
5568717
5718054
5867442
6017168
6166553
6316094
6465929
6615189
6764561
6914101
7063629
7213200
7362561
7512261
135394
268413
402013
535019
667800
801045
933964
1066603
1199332
1332685
1465547
1598358
1731322
1864828
1997574
2130140
2263784
2397023
2529800
2662670
2795627
2928490
3061059
3193835
3326800
3459488
3592134
3724982
3858058
3990808
4123616
4256242
4389273
4521884
4654551
4787118
4920464
5053076
5185804
5319064
5451885
5584603
5717280
5850290
5982901
6115427
6248258
6381504
6514372
6647006
162311
321905
481919
642412
802120
961769
1121942
1281465
1440967
1600908
1760661
1920640
2080749
2240386
2399924
2559419
2719328
2878992
3038657
3198658
3358129
3517602
3677620
3837262
3996772
4156642
4316073
4475636
4635673
4795227
4954867
5114753
5274321
5433894
5593876
5753539
5913006
6072729
6232302
6391775
6551229
6711452
6870997
7030703
7190973
7350691
7510163
7670257
7829886
7989461
160439
318563
476566
635513
793537
951590
1110149
1268316
1426393
1584889
1743074
1901167
2059767
2217948
2375942
2534820
2693119
2851279
3009644
3167818
3325783
3483772
3642359
3800862
3958786
4117198
4275441
4433597
4592114
4750436
4908477
5066966
5224985
5382965
5541538
5699737
5857793
6016166
6174294
6332380
6490453
6649000
6807031
6965123
7123694
7281732
7439691
7598132
7756056
7914074
152671
302785
452849
603908
754168
904528
1055458
1205880
1356593
1507814
1658193
1809877
1963290
2113881
2264076
2414572
2565362
2716286
2866435
3017050
3167210
3317502
3467565
3618638
3774115
3924290
4075170
4225296
4375286
4529075
4679396
4829906
4980139
5130813
5281068
5431281
5581953
5732104
5882732
6033350
6183842
6334405
6484599
6635710
6785951
6936044
7086526
7236878
7387075
7537698
154300
306265
459162
614897
766989
919774
1072007
1227469
1380176
1532264
1684172
1839780
1993546
2145512
2297486
2454005
2606110
2758008
2910755
3066703
3218966
3371565
3527169
3680202
3832341
3985282
4141018
4293097
4445851
4598267
4754106
4907201
5059526
5211519
5367153
5519814
5671946
5823963
5980434
6132459
6284506
6437333
6593008
6745678
6898483
7050783
7206688
7358862
7511600
7663732
155466
308103
460967
617703
770029
922710
1074797
1232009
1384395
1536567
1689455
1846680
1999835
2152944
2305393
2461646
2614150
2767235
2919650
3075936
3229390
3381574
3533654
3686629
3838883
3991155
4144185
4296861
4449052
4601135
4753989
4906092
5058377
5211524
5363962
5516337
5669333
5821327
5973364
6126731
6279793
6431939
6584143
6737368
6889456
7041558
7194772
7347342
7499773
7654580
137585
271401
406191
540505
674224
808364
943812
1077603
1211466
1346635
1481885
1615804
1749785
1884596
2018639
2152453
2286148
2421861
2555886
2690474
2824065
2958816
3092635
3227352
3361498
3496787
3630702
3764483
3899106
4032667
4166374
4300139
4435166
4569339
4703040
4837213
4972392
5106184
5239912
5373844
5509147
5643298
5777263
5912070
6046207
6180595
6314655
6449470
6583602
6717304
138058
271447
404952
538486
673404
806862
940354
1074473
1208186
1341780
1475374
1610143
1743784
1877558
2010931
2144964
2278397
2411841
2545431
2679887
2813561
2946954
3081069
3214481
3347920
3481354
3616003
3749752
3883080
4016520
4151025
4284539
4418799
4552472
4686831
4820505
4954184
5088205
5221825
5355414
5488924
5623252
5756721
5890674
6024114
6158407
6291907
6425430
6558922
6693425
158000
314207
469717
625219
781620
937434
1092931
1248168
1404949
1560543
1716117
1872559
2028185
2183659
2339828
2495220
2650694
2808290
2963886
3119706
3275590
3431902
3587092
3742462
3898874
4054477
4210044
4366147
4521761
4677497
4833747
4989450
5144935
5301067
5456699
5612324
5768125
5924989
6080284
6236067
6392547
6548070
6704052
6861118
7016694
7172277
7328955
7484406
7640650
7797695
158908
315600
472496
628569
784774
942661
1098952
1256233
1413384
1569725
1725779
1882144
2039715
2196035
2352281
2509514
2665617
2821695
2979374
3135345
3291796
3448945
3605131
3762147
3919990
4076201
4232125
4388766
4545843
4701919
4858507
5015848
5171857
5328118
5484954
5657639
5814806
5973138
6130279
6287299
6445645
6602781
6759994
6919151
7076195
7233988
7391176
7549491
7706438
7863558
159029
315201
472319
628726
784821
941890
1097875
1254093
1410620
1567461
1723398
1880488
2037639
2193687
2349600
2506059
2662306
2818354
2976009
3132173
3288686
3444954
3601303
3757258
3913177
4070268
4226256
4382102
4538308
4694210
4850232
5006989
5162824
5318745
5475441
5631341
5787127
5943343
6099569
6255571
6411779
6568589
6724544
6880543
7037108
7193048
7348456
7504473
7661187
7854354
158056
313650
469337
625875
781613
937504
1094543
1250108
1410599
1567357
1723495
1879212
2036520
2192968
2348612
2511836
2667379
2823235
2979560
3141467
3297763
3506937
3715597
3885917
4043252
4199038
4358921
4518888
4674786
4834006
4990173
5146710
5308490
5464145
5624546
5781020
5936921
6097518
6254664
6414005
6570510
6726288
6885761
7043298
7202162
7365052
7521290
7677192
7832923
7992145
158298
322432
478591
633984
789765
946691
1105419
1266987
1423145
1582003
1737616
1893443
2049592
2210675
2369728
2526136
2684840
2840302
2996733
3152348
3313100
3472359
3632397
3791842
3951621
4106976
4269183
4429917
4594060
4757393
4919624
5081243
5240925
5400519
5557155
5713073
5868664
6024842
6189371
6345421
6501419
6659609
6815096
6971890
7132970
7288595
7447813
7603242
7761332
7917697
163660
319102
475343
642007
800617
977014
1132372
1287808
1447470
1603848
1759309
1915991
2075431
2230879
2386373
2542369
2702156
2858200
3014360
3169746
3329528
3485609
3640918
3796341
3957064
4112767
4268268
4424198
4583832
4739400
4895394
5055136
5211781
5367241
5523658
5683467
5839254
5996058
6151591
6312924
6469804
6625685
6781412
6941818
7097728
7253302
7409019
7569425
7725779
7881761
165816
321725
478052
632945
794263
952702
1109564
1268120
1425999
1583199
1739397
1900505
2057218
2212167
2366507
2527518
2681431
2836094
2993669
3153433
3308215
3464193
3618147
3777791
3934446
4090662
4244848
4428896
4587163
4742981
4900527
5056291
5210308
5365395
5521452
5675783
5830525
5987298
6141290
6295427
6451840
6606534
6760946
6916894
7072591
7226094
7380543
7536573
7690749
7846485
160425
317048
474724
631667
787830
945520
1103616
1259989
1417508
1575709
1732615
1889278
2047082
2203647
2360174
2518144
2675044
2831607
2989054
3146465
3302806
3459650
3618152
3775033
3933000
4090599
4246757
4403300
4560522
4717052
4873621
5031663
5187821
5343489
5501052
5657736
5814174
5970914
6129168
6285871
6442516
6599690
6756074
6913287
7071941
7228582
7385040
7542736
7699697
7856124
179410
354735
531257
707270
882938
1059274
1234880
1410279
1587184
1762999
1938898
2115155
2290613
2469756
2646953
2822397
2998451
3175318
3350870
3526913
3703198
3879663
4056474
4232464
4408156
4584247
4759950
4936258
5112382
5288496
5464284
5640838
5816338
5992457
6168753
6344412
6519892
6695860
6871565
7048193
7223966
7400169
7576396
7752004
7928154
8104216
8279417
8455058
8631010
8806394
184603
364866
544929
726196
906852
1087559
1269791
1450175
1631406
1811539
1992180
2173831
2353965
2534901
2716137
2895810
3076908
3258493
3441839
3601529
3763028
3922329
4081417
4241458
4400656
4560331
4721582
4881828
5041478
5201112
5360080
5519465
5679762
5838730
5998424
6159471
6319588
6478296
6638542
6798611
6958112
7118184
7278558
7437749
7596222
7755680
7915142
8075348
8235446
8395153
187789
370382
554126
738485
921606
1105462
1289533
1472548
1656530
1839528
2022767
2206473
2389878
2573308
2757078
2939932
3123495
3307431
3490549
3675018
3857590
4040219
4225014
4408120
4592549
4777621
4964563
5148214
5331039
5514687
5713053
5897426
6082407
6266665
6453920
6638370
6822463
7006072
7190946
7373864
7557279
7741885
7925366
8108528
8293436
8477029
8661783
8845644
9029153
9214250
183361
363953
547440
726467
907494
1088531
1324544
1509053
1717466
1900375
2078954
2258034
2437305
2615661
2808817
2997502
3179219
3362866
3544519
3725978
3909648
4089398
4268248
4454107
4632455
4810674
4990189
5169329
5349349
5527361
5709589
5889320
6068001
6247361
6426599
6604538
6782808
6962377
7142652
7321965
7501202
7679694
7858534
8036719
8215841
8395793
8574504
8752836
8932015
9110257
175730
346546
517051
688977
859235
1029794
1201189
1371743
1542048
1714227
1884929
2055890
2226772
2397298
2567878
2739203
2910128
3080952
3251995
3421953
3591705
3762915
3933595
4105036
4276332
4446872
4616388
4787534
4958985
5130247
5300657
5470893
5642835
5812851
5984231
6155577
6326351
6500912
6672722
6843682
7014762
7185836
7355839
7526420
7697500
7869402
8041019
8212064
8382171
8553260
165379
328924
492955
655941
817936
981330
1145588
1308547
1472819
1635162
1797332
1958522
2122017
2284854
2446997
2610340
2772314
2934479
3097099
3258862
3421523
3585013
3747070
3909061
4072242
4234603
4397258
4561087
4722743
4884812
5048612
5210824
5373063
5535656
5697480
5859488
6022698
6185526
6348907
6511890
6673846
6835582
6998816
7161245
7323856
7486973
7649601
7816607
7977920
8141473
187422
372699
557254
742091
926381
1111021
1295437
1479688
1663810
1848435
2032462
2215922
2400878
2584660
2769395
2953314
3137721
3321864
3505444
3689447
3873655
4058529
4242632
4426462
4609966
4794733
4978581
5162548
5346950
5530969
5714139
5898413
6083108
6267586
6452216
6635700
6819985
7003446
7187748
7372427
7556123
7740052
7924570
8108428
8293085
8476731
8660250
8845093
9029049
9212794
185575
365289
545559
726180
905983
1085803
1264711
1444800
1625298
1804885
1986602
2165833
2344550
2524681
2704242
2884029
3065153
3244086
3424236
3604757
3785270
3965331
4144687
4323903
4504233
4683824
4864035
5044979
5224807
5403693
5584207
5764795
5945193
6125197
6304797
6484801
6665441
6845209
7025260
7204090
7383456
7563612
7743282
7922416
8102740
8281926
8461804
8641185
8821795
9002457
