216
471
687
903
1119
1335
1551
1767
1983
2199
2415
2631
2887
3103
3319
3535
3751
3967
4183
4399
4615
4831
5047
5263
5479
5721
5937
6153
6369
6585
6802
7019
7235
7451
7667
7883
8099
8315
8531
8747
8964
9180
9396
9612
9828
10044
10260
10476
10692
10908
216
432
648
891
1107
1323
1539
1755
1971
2187
2403
2619
2835
3051
3267
3483
3699
3915
4131
4347
4563
4779
4995
5211
5427
5643
5859
6075
6291
6507
6723
6939
7155
7371
7587
7803
8019
8235
8451
8667
8887
9103
9319
9535
9751
9967
10183
10399
10615
10831
217
437
653
869
1085
1301
1517
1733
1949
2165
2381
2597
2816
3032
3248
3464
3680
3896
4112
4328
4544
4760
4976
5195
5411
5627
5843
6059
6275
6491
6707
6923
7139
7355
7571
7787
8003
8219
8435
8651
8867
9094
9310
9526
9742
9958
10203
10449
10689
10925
216
432
705
921
1137
1353
1572
1788
2004
2220
2436
2652
2868
3084
3300
3516
3732
3952
4168
4384
4600
4816
5032
5248
5464
5680
5896
6112
6328
6544
6760
6976
7192
7408
7624
7878
8094
8311
8527
8756
8972
9188
9404
9620
9837
10113
10329
10545
10761
10977
221
437
653
869
1085
1301
1517
1733
1949
2165
2381
2597
2813
3029
3245
3461
3677
3894
4111
4327
4626
4842
5058
5274
5490
5706
5922
6138
6354
6570
6786
7002
7257
7474
7770
7986
8202
8418
8634
8920
9136
9352
9568
9784
10000
10216
10432
10648
10864
11080
216
432
648
864
1080
1296
1512
1728
1944
2160
2376
2592
2808
3024
3240
3456
3759
3975
4191
4407
4623
4839
5055
5271
5487
5703
5919
6135
6352
6568
6795
7011
7227
7443
7660
7926
8142
8358
8578
8794
9010
9226
9442
9658
9874
10090
10306
10522
10738
10954
216
432
648
864
1080
1296
1512
1728
1944
2160
2376
2592
2832
3048
3264
3480
3696
3912
4128
4344
4560
4776
4992
5208
5424
5653
5869
6085
6301
6601
6817
7033
7255
7471
7687
7903
8119
8335
8552
8768
8984
9201
9418
9635
9851
10067
10284
10500
10716
10932
216
432
648
864
1080
1296
1512
1738
1965
2182
2398
2614
2830
3046
3262
3478
3694
3910
4126
4380
4596
4832
5048
5309
5525
5741
5962
6178
6394
6610
6826
7042
7258
7474
7690
7906
8122
8341
8557
8773
8989
9205
9421
9637
9853
10069
10285
10501
10717
10933
216
432
648
946
1162
1378
1594
1810
2026
2245
2461
2677
2893
3109
3325
3596
3820
4160
4376
4592
4838
5054
5270
5486
5702
5918
6134
6350
6566
6782
6998
7218
7434
7650
7866
8082
8298
8515
8731
8947
9163
9379
9598
9814
10030
10246
10462
10678
10894
11204
216
432
648
869
1085
1301
1517
1733
1949
2165
2381
2597
2813
3095
3351
3567
3783
3999
4215
4431
4647
4863
5079
5295
5511
5730
5946
6162
6378
6594
6810
7026
7242
7458
7674
7891
8111
8328
8545
8761
8977
9193
9409
9625
9841
10081
10297
10517
10733
10949
872
1878
2750
3622
4524
5396
6534
7406
8278
9150
10022
10907
11781
12654
13547
14418
15339
16216
17088
18046
18917
19850
20761
21634
22512
23464
24336
25208
26080
26952
27918
28789
29750
30738
31609
32480
33351
34248
35120
35991
36863
37833
38709
39581
40532
41414
42286
43158
44030
44902
875
1746
2617
3487
4395
5269
6139
7010
7881
8752
9626
10497
11462
12336
13206
14077
14948
15819
16695
17566
18437
19307
20177
21047
21918
22789
23664
24535
25406
26277
27148
28022
28893
29764
30639
31509
32379
33278
34149
35023
35894
36765
37640
38511
39382
40253
41124
41998
42869
43740
872
1744
2619
3491
4363
5238
6110
6981
7853
8725
9600
10472
11344
12216
13088
13960
14831
15703
16578
17450
18322
19194
20066
20941
21812
22684
23559
24431
25303
26175
27047
27923
28795
29667
30542
31414
32285
33157
34029
34905
35777
36649
37521
38392
39264
40136
41008
41916
42847
43759
912
1826
2780
3753
4980
5852
6724
7596
8468
9363
10235
11107
12002
12926
13799
14859
15731
16632
17503
18374
19246
20213
21090
21962
22834
23706
24627
25534
26406
27278
28153
29024
29896
30768
31640
32516
33388
34260
35132
36003
36875
37747
38619
39495
40367
41239
42111
42983
43858
44730
872
1743
2615
3486
4358
5229
6103
6975
7846
8718
9589
10470
11341
12212
13087
13958
14829
15701
16572
17447
18318
19190
20064
20935
21806
22677
23549
24423
25294
26165
27036
27908
28779
29650
30522
31396
32268
33139
34010
34881
35756
36628
37499
38374
39245
40116
40988
41859
42734
43606
870
1741
2611
3485
4356
5227
6101
6972
7843
8714
9584
10478
11348
12219
13093
13963
14834
15705
16575
17449
18320
19191
20064
20981
21855
22725
23596
24470
25341
26211
27189
28059
28933
29804
30675
31625
32603
33541
34439
35337
36234
37132
38053
38992
39866
40753
41627
42563
43584
44530
939
1868
2738
3647
4553
5423
6294
7169
8087
8957
9827
10837
11710
12580
13450
14320
15190
16065
16936
17806
18679
19550
20420
21290
22161
23035
23905
24775
25648
26518
27388
28258
29128
30002
30873
31743
32616
33487
34357
35227
36098
36972
37842
38712
39583
40453
41323
42193
43064
43938
871
1742
2613
3483
4357
5228
6098
6969
7840
8710
9581
10452
11325
12196
13067
13937
14808
15682
16552
17422
18296
19167
20037
20908
21779
22652
23523
24394
25273
26144
27014
27885
28756
29630
30504
31375
32249
33119
33990
34861
35731
36605
37476
38347
39217
40088
40962
41833
42704
43578
870
1741
2612
3483
4357
5227
6098
6968
7839
8710
9580
10451
11326
12196
13067
13938
14808
15708
16579
17449
18324
19195
20065
20936
21806
22681
23551
24421
25296
26167
27037
27908
28779
29653
30523
31394
32265
33135
34009
34880
35750
36624
37495
38366
39236
40106
40980
41851
42721
43595
871
1742
2613
3484
4357
5228
6099
6970
7840
8714
9585
10456
11330
12200
13071
13942
14813
15687
16558
17429
18303
19173
20043
20914
21785
22659
23530
24401
25272
26142
27013
27884
28755
29630
30500
31371
32242
33112
33986
34857
35728
36603
37474
38344
39214
40084
40958
41829
42699
43574
1973
3945
5978
7996
9965
11934
13907
15938
18040
20014
21987
23956
25925
27895
29864
31836
33809
35782
37754
39724
41752
43722
45691
47664
49637
51610
53584
55553
57522
59491
61464
63440
65413
67386
69355
71324
73293
75262
77234
79206
81179
83151
85120
87089
89117
91126
93179
95402
97507
99559
2135
4338
6646
8856
11070
13212
15357
17477
19688
21832
23983
26134
28291
30310
32280
34327
36421
38512
40694
42720
44744
46713
48682
50651
52620
54598
56591
58584
60581
62555
64524
66494
68464
70437
72409
74381
76354
78324
80293
82262
84231
86209
88182
90194
92167
94136
96105
98074
100043
102017
1973
3945
5918
7890
9859
11827
13795
15763
17735
19707
21680
23652
25621
27590
29559
31528
33500
35473
37445
39414
41383
43352
45321
47293
49265
51236
53207
55175
57143
59111
61079
63051
65041
67012
68984
70952
72920
74888
76856
78827
80798
82770
84742
86711
88680
90649
92621
94593
96565
98536
1976
3947
5917
7887
9856
11830
13803
15776
17750
19720
21690
23659
25629
27602
29577
31551
33525
35495
37465
39435
41405
43378
45352
47325
49298
51267
53237
55207
57186
59160
61133
63106
65076
67046
69015
71044
73018
74991
76965
78939
80909
82879
84849
86819
88792
90765
92739
94711
96681
98651
1969
3938
5908
7881
9853
11825
13798
15767
17736
19705
21674
23647
25619
27592
29561
31531
33500
35469
37442
39414
41387
43359
45329
47298
49267
51236
53209
55183
57156
59128
61097
63066
65035
67004
68977
70950
72923
74978
76948
78918
80887
82856
84828
86801
88774
90765
92773
94743
96713
98682
1970
3944
5916
7888
9861
11830
13799
15768
17738
19711
21684
23657
25629
27598
29567
31536
33506
35479
37452
39424
41393
43362
45331
47300
49272
51245
53218
55191
57161
59130
61099
63068
65041
67013
68985
70959
72928
74897
76866
78835
80808
82781
84754
86726
88695
90665
92634
94603
96575
98548
1973
3946
5915
7885
9855
11825
13799
15772
17744
19717
21686
23655
25624
27593
29565
31538
33511
35484
37453
39422
41391
43360
45332
47305
49277
51249
53218
55187
57156
59125
61098
63070
65042
67011
68980
70949
72918
74891
76863
78835
80808
82777
84746
86716
88686
90660
92632
94605
96577
98546
1970
3940
5910
7880
9853
11826
13799
15773
17743
19713
21683
23653
25626
27600
29574
31544
33534
35503
37473
39446
41419
43393
45366
47336
49306
51276
53246
55219
57193
59166
61139
63109
65079
67049
69019
70993
72967
74940
76933
78941
80911
82881
84851
86824
88797
90770
92743
94713
96683
98653
1969
3939
5913
7886
9859
11829
13798
15768
17838
19856
21851
23968
25942
27915
29885
31855
33825
35795
37767
39741
41714
43684
45653
47623
49593
51566
53539
55511
57484
59454
61424
63394
65364
67338
69311
71284
73258
75228
77198
79168
81138
83111
85084
87057
89030
91000
92970
94940
96909
98882
1974
3947
5920
7893
9862
11831
13800
15777
17749
19721
21694
23663
25632
27601
29570
31542
33514
35487
37459
39428
41397
43366
45335
47308
49281
51254
53226
55195
57164
59133
61102
63075
65048
67020
68989
70958
72927
74896
76870
78843
80816
82789
84758
86727
88697
90666
92638
94610
96583
98555
3508
7152
10660
14314
17875
21383
24892
28397
31905
35413
38921
42429
45937
49445
52953
56461
59965
63473
66980
70488
73996
77504
81012
84516
88024
91532
95040
98548
102056
105565
109072
112581
116085
119593
123100
126609
130116
133625
137132
140637
144144
147652
151160
154668
158276
161784
165288
168795
172303
175811
3510
7015
10524
14032
17542
21050
24559
28072
31577
35086
38594
42102
45611
49119
52627
56136
59644
63149
66657
70167
73676
77185
80693
84202
87707
91216
94773
98283
101791
105320
108828
112338
115846
119352
122861
126369
129877
133386
136894
140403
143908
147416
150925
154433
157964
161493
165023
168528
172040
175576
3510
7018
10523
14032
17540
21048
24558
28066
31575
35080
38588
42098
45606
49115
52624
56133
59641
63150
66655
70164
73672
77181
80690
84199
87708
91214
94722
98231
101739
105248
108757
112265
115774
119282
122787
126295
129805
133313
136822
140333
144062
147676
151185
154694
158203
161711
165220
168728
172233
175742
3508
7016
10524
14028
17536
21044
24552
28061
31568
35077
38582
42091
45599
49108
52616
56125
59633
63142
66650
70154
73662
77170
80677
84185
87693
91201
94706
98253
101762
105270
108780
112288
115796
119304
122813
126318
129826
133334
136843
140350
143859
147367
150871
154379
157887
161395
164902
168410
171918
175426
3508
7017
10524
14033
17538
21047
24555
28063
31570
35079
38587
42096
45604
49109
52617
56125
59632
63140
66648
70156
73661
77169
80678
84186
87694
91202
94711
98219
101728
105233
108741
112249
115759
119267
122776
126284
129995
133643
137150
140658
144166
147674
151181
154686
158194
161702
165210
168719
172227
175735
3507
7015
10523
14031
17538
21042
24568
28114
31621
35128
38635
42146
45654
49161
52665
56172
59680
63187
66696
70204
73712
77216
80724
84232
87740
91247
94756
98264
101773
105280
108784
112292
115799
119307
122814
126321
129828
133332
136839
140347
143855
147363
150870
154378
157886
161394
164898
168406
171914
175422
3508
7013
10522
14029
17537
21045
24553
28060
31565
35073
38583
42091
45600
49108
52617
56124
59633
63138
66646
70154
73663
77171
80679
84187
87692
91200
94708
98216
101724
105231
108739
112247
115808
119318
122826
126335
129844
133391
136899
140408
143912
147421
150929
154440
157948
161457
164965
168470
171978
175485
3508
7015
10519
14027
17536
21043
24551
28059
31568
35072
38581
42089
45597
49104
52613
56121
59629
63137
66642
70149
73657
77165
80673
84181
87689
91194
94702
98210
101718
105227
108735
112243
115751
119260
122765
126273
129781
133290
136798
140306
143814
147319
150827
154334
157842
161374
164881
168389
171897
175405
3509
7017
10525
14030
17539
21047
24555
28063
31572
35080
38588
42117
45622
49150
52658
56166
59674
63182
66691
70195
73703
77212
80719
84228
87736
91244
94861
98391
102096
105625
109153
112662
116170
119675
123183
126690
130198
133706
137213
140721
144226
147734
151243
154751
158259
161767
165275
168783
172292
175797
3511
7019
10528
14037
17546
21055
24564
28073
31582
35092
38601
42106
45614
49123
52632
56145
59654
63164
66673
70183
73691
77201
80709
84218
87727
91237
94746
98251
101760
105269
108778
112287
115795
119304
122813
126322
129828
133337
136847
140356
143866
147375
150885
154391
157900
161428
164938
168467
171997
175526
5611
11219
16792
22274
27759
33241
38726
44207
49693
55175
60657
66142
71664
77150
82633
88203
93685
99169
104651
110137
115619
121105
126587
132069
137554
143036
148522
154003
159488
164970
170456
175939
181427
186908
192390
197871
203353
208839
214320
219805
225287
230773
236256
241741
247222
252703
258189
263671
269194
274676
5483
10969
16451
21934
27417
32899
38385
43867
49353
54836
60322
65804
71289
76772
82256
87770
93252
98738
104221
109707
115190
120676
126158
131644
137127
142610
148093
153575
159057
164539
170025
175508
180995
186477
191964
197447
202934
208418
213901
219384
224867
230354
235839
241327
246810
252296
257778
263264
268748
274268
5482
10968
16451
21938
27421
32907
38389
43871
49353
54836
60322
65804
71289
76771
82257
87740
93226
98708
104190
109671
115154
120640
126121
131606
137088
142574
148057
153543
159025
164507
169989
175472
180958
186440
191926
197408
202894
208377
213989
219471
224957
230439
235924
241407
246889
252375
257857
263343
268826
274313
5507
10990
16473
21960
27443
32931
38414
43900
49384
54875
60359
65845
71328
76811
82298
87782
93269
98752
104239
109722
115209
120693
126179
131662
137145
142632
148116
153603
159086
164572
170055
175542
181026
186514
191996
197479
202962
208445
213932
219415
224901
230384
235871
241355
246842
252324
257807
263289
268773
274386
5486
10969
16456
21939
27425
32908
38390
43872
49354
54840
60323
65814
71296
76781
82263
87750
93234
98717
104199
109681
115168
120652
126139
131622
137107
142589
148075
153559
159042
164525
170007
175494
180977
186463
191945
197432
202915
208403
213887
219370
224853
230336
235822
241305
246792
252275
257761
263244
268731
274214
5506
10988
16475
21958
27445
32928
38414
43897
49485
54968
60579
66063
71546
77035
82517
88004
93488
98975
104457
109943
115426
120909
126393
131877
137363
142845
148332
153815
159301
164784
170270
175753
181237
186720
192203
197690
203173
208660
214144
219634
225117
230603
236086
241569
247052
253109
258625
264139
269657
275174
5485
10996
16517
22049
27533
33019
38503
43989
49492
54994
60476
65960
71446
76928
82413
87901
93437
98920
104407
109969
115455
120938
126421
131904
137388
142874
148357
153844
159327
164813
170295
175780
181263
186747
192231
197713
203200
208682
214168
219652
225139
230626
236112
241594
247077
252560
258042
263527
269009
274537
5529
11014
16502
22023
27508
32992
38477
43964
49447
54933
60417
65904
71388
76875
82358
87841
93324
98811
104300
109784
115271
120755
126242
131726
137213
142696
148180
153664
159148
164635
170365
175852
181337
186825
192310
197798
203282
208769
214253
219738
225222
230706
236193
241680
247169
252654
258142
263625
269113
274597
5484
10968
16475
21958
27445
32928
38415
43899
49386
54869
60352
65835
71319
76806
82289
87774
93257
98744
104228
109719
115202
120685
126168
131651
137138
142621
148107
153590
159077
164561
170049
175532
181015
186498
191982
197469
202952
208459
213942
219429
224913
230514
235997
241483
246966
252453
257937
263420
268906
274389
5482
10969
16453
21958
27440
32922
38405
43889
49375
54877
60363
65845
71332
76815
82301
87784
93267
98750
104233
109720
115202
120743
126225
131712
137195
142681
148163
153646
159129
164612
170098
175581
181067
186549
192036
197520
203006
208488
213971
219454
224937
230424
235906
241392
246875
252361
257845
263335
268817
274299
8132
16573
24601
32506
40415
48324
56233
64142
72053
79961
87869
95778
103683
111612
119520
127428
135337
143246
151155
159064
166972
174880
182790
190699
198608
206516
214424
222333
230242
238151
246060
253969
261878
269787
277696
285640
293590
301499
309408
317317
325227
333136
341396
349386
357295
365204
373109
381017
388926
396835
7924
15834
23741
31648
39555
47461
55369
63275
71184
79092
86999
94907
102814
110721
118628
126535
134441
142347
150253
158164
166071
173979
181886
189792
197700
205608
213515
221421
229328
237234
245141
253048
260955
268862
277060
285094
293001
300912
308818
316724
324631
332538
340445
348352
356259
364165
372093
379997
387905
395812
7933
15844
23754
31665
39575
47489
55399
63328
71238
79148
87058
94969
102880
110790
118700
126609
134520
142430
150340
158251
166161
174070
181980
189893
197803
205713
213782
221821
229731
237641
245551
253461
261371
269282
277192
285103
293012
300922
308832
316742
324652
332565
340476
348388
356340
364251
372162
380071
387982
395892
7920
15831
23744
31656
39568
47480
55392
63303
71216
79133
87046
94958
102870
110782
118694
126606
134518
142449
150507
158549
166463
174376
182288
190199
198111
206023
213935
221851
229763
237713
245626
253538
261451
269362
277276
285188
293100
301012
308920
316832
324744
332656
340568
348480
356392
364308
372220
380129
388041
395953
7923
15832
23741
31650
39559
47468
55377
63286
71195
79104
87013
95066
102985
110895
118843
126753
134663
142572
150481
158390
166299
174208
182117
190072
197981
205890
213798
221707
229616
237525
245433
253342
261251
269161
277070
284981
292890
300800
308709
316619
324528
332436
340346
348255
356164
364075
371985
379893
387803
395751
7929
15840
23751
31796
39708
47619
55531
63443
71355
79267
87180
95092
103003
110915
118827
126738
134649
142560
150471
158384
166296
174208
182119
190030
197942
205854
213766
221678
229589
237500
245412
253324
261236
269147
277097
285010
292921
300833
308745
316656
324567
332479
340390
348323
356233
364372
372284
380196
388107
396018
7920
15832
23747
31659
39570
47481
55393
63305
71216
79126
87037
94949
102860
110772
118683
126629
134582
142494
150405
158356
166270
174182
182093
190005
197917
205828
213738
221651
229563
237475
245385
253295
261207
269119
277030
284942
292853
301079
308994
316906
324817
332727
340637
348549
356460
364372
372282
380193
388104
396015
7922
15835
23743
31657
39651
47605
55521
63433
71346
79259
87172
95084
102996
110909
118823
126737
134650
142562
150474
158386
166299
174212
182124
190037
197953
205867
213801
221716
229628
237756
245669
253583
261496
269408
277321
285234
293147
301059
308971
316922
324836
332749
340665
348578
356490
364403
372315
380228
388141
396054
7911
15817
23726
31634
39542
47451
55359
63268
71177
79085
86997
94906
102815
110725
118634
126542
134451
142360
150270
158179
166087
174160
182220
190129
198077
205986
213896
221805
229714
237623
245532
253440
261350
269259
277168
285077
292986
300896
308805
316714
324623
332531
340439
348348
356257
364166
372074
379984
387893
395802
7920
15831
23741
31653
39564
47510
55462
63373
71284
79233
87146
95057
102968
111306
119330
127242
135154
143065
150977
158889
166801
174713
182624
190536
198448
206359
214271
222182
230093
238005
245917
253829
261741
269652
277562
285474
293386
301298
309209
317120
325031
332943
340854
348768
356678
364591
372503
380415
388328
396239
10993
21926
32742
43576
54477
65253
76027
86801
97575
108345
119116
129891
140666
151526
162322
173096
183866
194636
205410
216184
226978
237791
248566
259336
270107
280881
291656
302430
313204
324021
334792
345562
356336
367110
378026
388947
399721
410513
421283
432053
442827
453601
464375
475149
485919
496689
507463
518276
529051
539825
10773
21546
32327
43130
53906
64683
75460
86233
97005
107781
118558
129335
140112
150891
161665
172642
183457
194233
205009
215785
226562
237337
248110
258888
269666
280442
291218
301996
312773
323545
334322
345099
355875
366651
377427
388202
398976
409753
420530
431307
442084
452864
463636
474409
485185
495962
506994
517792
528568
539346
10770
21542
32313
43084
53859
64627
75393
86164
96935
107706
118476
129247
140015
150783
161556
172327
183097
193868
204639
215406
226173
236943
247714
258485
269296
280064
290832
301656
312427
323200
333971
344742
355512
366279
377046
387816
398587
409358
420129
430900
441667
452435
463206
473976
484749
495520
506287
517054
527825
538595
10777
21553
32325
43098
53875
64651
75427
86206
97109
107880
118654
129431
140207
150984
161761
172537
183311
194084
204860
215636
226415
237191
248023
258837
269610
280386
291163
301940
312716
323492
334264
345037
355813
366592
377368
388144
398920
409692
420464
431348
442124
452900
463676
474454
485230
496003
506775
517551
528327
539103
10772
21582
32353
43128
53905
64679
75453
86400
97226
108017
118792
129567
140342
151117
161892
172663
183436
194234
205009
215784
226558
237332
248104
258874
269649
280444
291219
302033
312808
323579
334350
345124
355900
366675
377482
388258
399030
409801
420576
431351
442126
452901
463675
474447
485217
495992
506767
517542
528317
539090
10775
21550
32325
43101
53876
64647
75418
86193
96967
107742
118518
129295
140069
150839
161614
172389
183163
193938
204713
215507
226279
237055
247830
258605
269379
280217
290988
301761
312574
323351
334126
344900
355674
366446
377216
387990
398765
409540
420317
431091
441862
452635
463411
474186
484961
495735
506510
517280
528052
538827
10772
21546
32334
43101
53912
64684
75456
86228
97000
107768
118537
129310
140081
150854
161625
172397
183165
193933
204704
215476
226249
237040
247812
258580
269347
280118
290890
301662
312434
323205
333974
344742
355514
366286
377060
387832
398604
409372
420141
430913
441685
452459
463231
473999
484768
495539
506310
517082
527854
538626
10771
21546
32321
43095
53873
64685
75455
86226
97000
107774
118548
129324
140098
150869
161639
172413
183187
193964
204738
215508
226279
237051
247825
258599
269373
280147
290918
301688
312462
323237
334013
344845
355620
366391
377162
387936
398710
409484
420258
431031
441801
452572
463347
474123
484897
495671
506445
517215
527985
538759
10776
21552
32324
43097
53869
64645
75421
86264
97040
107816
118588
129360
140136
150913
161689
172465
183242
194015
204788
215564
226340
237116
247892
258665
269437
280209
290985
301762
312538
323314
334086
344859
355634
366413
377189
387965
398741
409514
420286
431061
441838
452614
463390
474166
484939
495712
506491
517267
528045
538821
10773
21546
32322
43098
53874
64650
75426
86197
97007
107787
118563
129338
140114
150890
161662
172434
183209
193985
204761
215537
226316
237089
247863
258639
269417
280193
290969
301742
312514
323287
334063
344839
355615
366390
377201
387974
398746
409522
420298
431073
441850
452621
463395
474170
484946
495722
506498
517274
528046
538821
14431
28702
42780
56858
70933
85031
99106
113221
127299
141374
155449
169527
183602
197681
211761
225836
239914
253992
268067
282146
296224
310299
324378
338880
352958
367057
381132
395212
409290
423365
437445
451520
465595
479673
493748
507823
521902
535978
550055
564137
578212
592290
606369
620445
634523
648601
662696
677256
691331
705413
14078
28151
42230
56308
70381
84458
98535
112610
126688
140803
154877
168956
183029
197102
211242
225317
239433
253510
267584
281666
295933
310006
324083
338156
352230
366306
380380
394459
408537
422614
436691
450767
464840
478917
493014
507087
521167
535241
549314
563394
577468
591541
605618
619692
634250
648323
662397
676474
690548
704625
14080
28155
42230
56328
70403
84521
98601
112678
126757
140840
154958
169037
183112
197187
211265
225341
239416
253495
267570
281653
295732
309807
323886
337962
352037
366155
380230
394305
408384
422491
436569
450648
464724
478804
492884
506959
521038
535116
549191
563272
577347
591608
605689
619765
633843
647924
662001
676080
690158
704236
14077
28153
42226
56304
70377
84450
98529
112602
126675
140756
154830
168907
183005
197079
211195
225402
239475
253552
267627
281704
295780
309853
323930
338009
352083
366160
380238
394311
408388
422469
436542
450619
464693
478766
492844
506918
520994
535070
549521
563713
577786
591859
605936
620009
634082
648159
662232
676305
690383
704457
14077
28154
42228
56344
70425
84498
98575
112652
126725
140807
154880
168953
183141
197217
211294
225372
239575
253653
267726
281799
295962
310036
324111
338248
352323
366422
380498
394571
408649
422727
436800
450878
464952
479025
493102
507596
521751
535828
549903
563979
578055
592128
606205
620280
634353
648431
662505
676578
690654
704727
14077
28155
42229
56308
70385
84458
98534
112610
126683
140992
155084
169161
183278
197352
211429
225506
239579
253699
267776
281849
295925
309998
324091
338167
352240
366313
380391
394464
408540
422616
436689
450765
464911
479096
493173
507246
521319
535395
549468
563541
577618
591691
605768
619845
633918
647994
662071
676144
690277
704370
14076
28155
42231
56308
70387
84463
99156
113232
127308
141387
155462
169538
183617
197692
211772
225852
239929
254008
268089
282186
296265
310431
324508
338588
352663
366739
380818
394895
408971
423050
437234
451314
465394
479470
493549
507625
521700
535780
549856
563932
578015
592092
606171
620251
634327
648406
662485
676561
690642
704722
14073
28149
42222
56856
70933
85006
99082
113158
127232
141309
155429
169504
183581
197654
211727
225803
239876
253950
268031
282104
296184
310261
324334
338433
352509
366582
380679
394904
408983
423061
437176
451252
465329
479402
493480
507556
521629
535705
549778
563851
577931
592005
606080
620157
634230
648307
662384
676457
690533
704611
14637
28714
42787
56902
70979
85052
99128
113205
127279
141355
155435
169509
183612
197688
211761
225838
239910
254009
268085
282198
296275
310352
324425
338500
352743
366815
380892
394964
409036
423113
437191
451264
465341
479413
493491
507567
521641
535717
549793
563904
577984
592059
606132
620209
634281
648353
662429
676502
690575
704651
14077
28177
42255
56332
70410
84588
98664
112743
126818
140894
154976
169051
183126
197204
211280
225360
239439
253514
267592
281672
295750
309828
323907
337982
352085
366162
380237
394316
408431
422507
436588
450664
464743
478824
492899
506977
521056
535131
549210
563288
577363
591443
605518
619593
633673
647749
661824
675902
690017
704097
18507
36323
54140
71958
89774
107591
125411
143231
161055
178877
196698
214517
232337
250157
267973
285789
303611
321427
339603
357420
375236
393055
410876
428718
446541
464362
482182
500002
517822
535679
553496
571313
589130
606946
624762
642579
660395
678428
696248
714068
731887
749707
767528
785347
803167
820985
838801
856664
874481
892297
17820
35639
53459
71280
89099
107169
124986
142802
160639
178456
196312
214127
231945
249761
267580
285400
303221
321041
338863
356683
374502
392325
410141
427957
446121
463938
481755
499570
517415
535235
553055
570875
588696
606515
624336
642248
660068
677890
695707
713524
731340
749197
767014
784958
802775
820616
838435
856255
874075
891895
17817
35633
53449
71268
89102
106918
124734
142551
160371
178192
196011
214210
232030
249849
267665
285482
303298
321114
338930
356863
374679
392496
410355
428174
445995
463815
481634
499453
517272
535093
553018
570835
588651
606466
624283
642099
659916
677732
695553
713372
731192
749011
766830
784650
802470
820289
838106
855944
873953
891769
17824
35645
53466
71287
89107
106929
124749
142566
160387
178203
196020
213840
231657
249474
267293
285110
302951
320902
338762
356582
374403
392249
410066
427883
445703
463519
481335
499154
516971
534788
552605
570509
588332
606153
624013
642050
659871
677745
695561
713378
731198
749015
766831
784649
802465
820283
838103
855924
873747
891568
17816
35632
53448
71264
89549
107370
125189
143009
160828
178647
196466
214285
232104
249919
267737
285572
303387
321203
339019
356834
374651
392466
410320
428140
445960
463778
481597
499416
517254
535070
552925
570742
588557
606373
624189
642004
659820
677636
695451
713270
731089
749238
767057
784876
802695
820510
838327
856142
873957
891773
17819
35639
53458
71282
89102
106921
124742
142559
160374
178189
196006
213866
231682
249499
267314
285133
302952
320773
338592
356415
374254
392072
409893
427711
445529
463344
481161
498981
517029
534845
552660
570479
588300
606119
623938
641761
659582
677400
695219
713039
730855
748675
766530
784349
802165
819981
837797
855787
873606
891426
17817
35633
53449
71265
89137
106973
124789
142605
160426
178246
196066
213885
231705
249525
267346
285705
303618
321433
339250
357067
374884
392700
410516
428377
446196
464064
481884
499703
517523
535344
553163
570979
588818
606634
624655
642472
660288
678103
695922
713743
731565
749385
767205
785024
802844
820664
838484
856300
874120
891935
17815
35633
53453
71274
89133
106952
124776
142595
160418
178234
196050
213866
231682
249498
267316
285133
303025
320860
338679
356498
374318
392138
409961
427780
445600
463421
481236
499052
516869
534685
552502
570319
588135
605951
623768
641622
659441
677261
695083
712904
730723
748543
766362
784182
802143
819959
837775
855592
873409
891224
17819
35641
53463
71282
89102
106919
124735
142553
160370
178186
196002
213819
231635
249451
267269
285089
302947
320767
338633
356452
374272
392092
409911
427727
445544
463359
481174
498990
516825
534661
552478
570294
588114
605935
623794
641615
659435
677255
695074
712895
730712
748527
766342
784161
801977
819793
837609
855486
873301
891153
17818
35640
53455
71269
89085
106901
124715
142530
160344
178161
195976
213795
231613
249433
267251
285070
302890
320710
338529
356344
374159
391973
409787
427603
445418
463253
481068
498882
516782
534601
552419
570237
588055
605876
623693
641511
659330
677145
694959
712774
730588
748402
766218
784033
801850
819664
837482
855300
873119
890937
22914
44913
66912
88911
110910
132914
154911
176958
198954
220949
242945
264941
286936
308932
330927
352922
374918
396915
418913
440910
462907
484902
506901
528900
550901
572902
594901
616900
638899
660898
682935
704934
726981
748980
770980
792981
814981
836982
858980
881015
903010
925006
947121
969116
991112
1013130
1035125
1057121
1079117
1101113
22005
44004
66003
88003
110002
132000
154001
176039
198037
220033
242148
264148
286143
308138
330134
352129
374124
396121
418116
440114
462111
484108
506102
528097
550096
572175
594173
616172
638171
660169
682188
704187
726226
748224
770223
792222
814222
836221
858216
880233
902358
924352
946348
968344
990339
1012375
1034370
1056365
1078360
1100357
21999
44003
66003
88005
110004
132126
154125
176163
198159
220155
242151
264146
286142
308158
330156
352153
374150
396167
418163
440162
462369
484368
506367
528366
550365
572364
594363
616362
638363
660362
682381
704380
726379
748379
770377
792598
814595
836591
858587
880582
902578
924574
946631
968672
990669
1012708
1034706
1056703
1078719
1100715
22116
44115
66120
88121
110122
132121
154117
176113
198111
220106
242103
264099
286094
308091
330114
352293
374291
396314
418309
440305
462341
484340
506340
528339
550339
572340
594339
616339
638340
660339
682930
704929
726928
748929
770932
792932
814928
836923
858919
880936
902931
924927
946984
968979
990976
1013582
1035578
1057577
1079573
1101568
21999
44001
66000
87999
109998
131993
153989
175984
197981
219977
242579
264575
286571
308567
330563
352560
374558
396555
418550
440545
462579
484579
506578
528668
550667
573260
595259
617258
639257
661260
683278
705277
727276
749276
771275
793274
815273
837269
859263
881300
903653
925648
947647
969643
991637
1013633
1035629
1057624
1079621
1101616
21999
43998
65998
87998
109994
132512
154513
176510
198506
220502
242499
264500
286497
308492
330487
352483
374479
396475
418472
440474
462912
484908
506908
528908
550910
572909
594909
616909
638968
660969
682990
704988
726987
749026
771022
793019
815013
837008
859004
881000
902997
924993
947091
969089
991085
1013081
1035077
1057076
1079074
1101073
21995
43991
65986
88020
110213
132209
154248
176245
198281
220391
242386
264382
286383
308378
330396
352392
374388
396384
418380
440375
462374
484417
506416
528416
550415
572416
594415
616415
638415
660415
682435
704434
726433
748472
770467
792463
814459
836454
858452
880469
902464
924459
946516
968511
990507
1012504
1034500
1056523
1078522
1100521
21996
43991
65987
87983
109978
131974
153970
176003
198040
220038
242033
264031
286031
308030
330029
352028
374030
396030
418029
440029
462030
484030
506029
528029
550025
572021
594016
616012
638008
660005
682020
704016
726011
748045
770043
792038
814038
836038
858037
880039
902038
924037
946036
968035
990034
1012035
1034062
1056061
1078057
1100054
22000
43999
66003
88003
110003
132003
154003
176003
198046
220046
242047
264046
286047
308044
330188
352185
374182
396178
418174
440172
462168
484169
506165
528162
550158
572156
594155
616155
638155
660155
682175
704174
726174
748212
770215
792214
814213
836212
858209
880205
902201
924197
946193
968190
990208
1012204
1034201
1056243
1078239
1100235
21999
43998
65997
88001
109997
131993
153988
175983
198019
220015
242011
264006
286002
307998
329994
351993
373994
395994
417993
439993
461992
483992
505991
527991
549991
571989
593988
615984
637979
659975
682013
704009
726006
748041
770037
792034
814029
836024
858019
880015
902013
924012
946011
968010
990012
1012010
1034049
1056048
1078051
1100050
27021
53641
80262
106882
133524
160140
186757
213375
239992
266608
293228
319848
347005
373625
400249
426869
453488
480216
506832
533450
560068
586684
613300
639916
666890
693511
720131
746752
773372
799993
826616
853236
879873
906489
933140
959779
986395
1013151
1039774
1066394
1093015
1119635
1146258
1172878
1199498
1226120
1252739
1279355
1306010
1333133
26620
53247
79868
106514
133136
159757
186382
213002
239623
266244
292860
319477
346094
372713
399332
425951
452590
479212
505833
532455
559074
585694
612316
638938
666044
692660
719296
745916
772537
799203
825824
852444
879063
905684
932304
958923
985651
1012267
1038886
1065502
1092119
1118736
1145356
1171977
1198597
1225221
1251841
1278462
1305085
1331887
26622
53238
79854
106471
133095
159711
186328
212968
239588
266213
293078
321028
347645
374261
400877
427500
454121
480844
507483
534104
560723
587377
613997
640619
667369
693995
720615
747236
773856
800476
827099
853809
880430
907051
933671
960291
988599
1015220
1041842
1068464
1095084
1121771
1148392
1175013
1201632
1228248
1254868
1281484
1308162
1334782
26621
53286
79906
106527
133147
159772
186388
213004
239737
266355
292972
319724
346349
372969
399589
426209
452826
479446
506064
532681
559298
585917
612576
640494
667114
693734
720351
746968
773585
800204
826822
853439
880060
906686
933308
959930
986551
1013171
1039793
1066411
1093027
1119643
1146260
1172878
1199498
1226118
1252739
1279411
1306697
1333321
26640
53261
79882
106540
133161
159777
186394
213010
239632
266251
293783
320403
347023
373702
400319
426937
453553
480169
506786
533404
560027
586666
613286
639907
666549
693173
719793
746412
773033
799651
826267
852904
879521
906138
932798
959421
986045
1012666
1039287
1065907
1092589
1119294
1145914
1172536
1199154
1225771
1252388
1279006
1305624
1332244
26620
53240
79860
106480
133100
159723
186344
212968
239589
266232
292849
319465
346084
372700
399374
426034
452653
479273
505893
532514
559135
585757
612396
639018
665638
692300
718916
745532
772151
798768
825385
852005
878626
905246
931865
958485
985129
1011749
1038369
1064991
1091611
1118231
1144848
1171466
1198084
1224700
1251375
1277995
1304615
1331235
26620
53241
79861
106481
133102
159722
186343
212963
239579
266195
292814
319450
346066
372682
399303
425926
452546
479169
505789
532410
559032
585652
612273
638895
665521
692137
718755
745464
772082
798698
825318
851940
878560
905180
931799
958419
985038
1011658
1038279
1064900
1091517
1118133
1144776
1171393
1198009
1224627
1251246
1277868
1304527
1331147
26619
53239
79863
106482
133102
159722
186343
212960
239662
266278
292895
319511
346131
372751
399370
426010
452629
479249
505892
532512
559132
585753
612370
638986
665602
692219
718836
745452
772073
798762
825383
852004
878624
905270
931892
958512
985133
1011754
1038370
1065026
1091642
1118260
1144877
1171494
1198113
1224733
1251374
1277993
1304613
1331233
26622
53242
79863
106484
133104
159723
186339
212976
239592
266208
292870
319490
346111
372731
399350
425970
452589
479209
505828
532447
559105
585723
612340
638957
665574
692192
718814
745434
772054
798674
825293
851914
878534
905155
931776
958395
985014
1011632
1038249
1064865
1091484
1118141
1144765
1171385
1198005
1224625
1251245
1277866
1304508
1331128
26619
53315
79935
106551
133168
159785
186403
213019
239642
266263
292884
319505
346127
372750
399371
425993
452614
479234
505856
532473
559089
585705
612361
638977
665599
692219
718840
745460
772079
798700
825320
851939
878599
905219
931838
958455
985072
1011688
1038305
1064941
1091561
1118180
1144801
1171423
1198042
1224663
1251283
1277903
1304522
1331142
32294
63973
95692
127372
159051
190730
222408
254088
285768
317445
349909
381627
413306
444984
476664
508343
540024
571704
603384
635108
667587
699400
731084
762782
794457
826290
857969
889649
921327
953006
984686
1016458
1048138
1079818
1111497
1143176
1174855
1206580
1238258
1269936
1301618
1333729
1365409
1397087
1428766
1460445
1492127
1523805
1555483
1587166
31678
63375
95054
126738
158458
190137
221815
253493
285172
316851
348551
380229
413206
444935
476611
508291
539968
571646
603324
635003
666682
698362
731558
763237
794916
826618
858297
889976
921656
953335
985017
1016696
1048375
1080196
1111878
1143557
1175255
1206930
1238611
1270407
1302087
1333789
1365490
1397796
1429474
1461153
1492831
1524509
1556235
1587915
31678
63358
95044
126723
158398
190076
221775
253455
285133
316811
348491
380173
411852
443532
475654
507435
539115
570836
602556
634276
666015
697694
729373
761052
792855
824530
856210
887890
919569
951350
983029
1014709
1046389
1078068
1109747
1141946
1173625
1205303
1236985
1268663
1300342
1332061
1363742
1395420
1427097
1459272
1490951
1522632
1554310
1585988
31681
63360
95038
126716
158397
190099
221778
253456
285132
316811
348490
380169
411847
443560
475260
506942
539228
570990
602669
634349
666027
697701
729380
761062
792741
824472
856190
887868
919548
951278
982957
1014635
1046317
1077998
1109677
1141357
1173035
1205049
1236729
1268408
1300106
1331787
1363461
1395180
1426859
1458542
1490220
1521900
1553698
1585377
31682
63360
95042
126721
158405
190084
221763
253442
285127
316806
348480
380160
411840
443523
475203
506882
538564
570243
601917
633635
665314
696994
728675
760352
792030
823708
855391
887117
918836
950514
982193
1013871
1045550
1077249
1108927
1140608
1172328
1204007
1235687
1267365
1299045
1330725
1362403
1394081
1425763
1457477
1489155
1520833
1552510
1584188
31679
63357
95036
126719
158439
190117
221795
253476
285154
316852
348530
380208
411887
443586
475265
506943
538623
570301
602000
633680
665358
697071
728750
760430
792109
823791
855469
887148
918828
950506
982224
1013903
1045582
1077261
1108941
1140620
1172299
1203979
1235658
1267338
1299079
1330758
1362437
1394118
1425816
1457494
1489173
1520852
1552526
1584206
31679
63357
95034
126712
158393
190071
221795
253474
285153
316833
348512
380191
411868
443548
475251
506934
538608
570287
601967
633646
665327
697007
728685
760366
792046
823725
855403
887081
918762
950440
982118
1013796
1045513
1077195
1108874
1140548
1172229
1203931
1235611
1267291
1298969
1330689
1362368
1394044
1425723
1457402
1489082
1520761
1552439
1584117
31680
63359
95057
126731
158410
190090
221769
253448
285166
316844
348523
380201
411879
443581
475258
506937
538657
570376
602056
633735
665414
697092
728785
760482
792161
823881
855562
887242
918921
950600
982278
1013956
1045635
1077339
1109057
1140736
1172417
1204122
1235801
1267481
1299160
1330834
1362512
1394231
1425909
1457590
1489268
1520946
1552644
1584322
31677
63352
95035
126714
158393
190071
221749
253428
285108
316783
348500
380179
411858
443536
475214
506893
538572
570253
601932
633649
665323
697003
728682
760361
792039
823718
855401
887081
918758
950436
982115
1013948
1045629
1077308
1108987
1140690
1172365
1204043
1235721
1267420
1299099
1330778
1362456
1394134
1425811
1457529
1489208
1520887
1552567
1584245
31681
63362
95042
126724
158405
190086
221766
253448
285129
316809
348489
380169
411883
443563
475243
506924
538607
570306
601986
633667
665347
697068
728748
760429
792110
823812
855512
887192
918872
950554
982236
1013912
1045593
1077275
1109823
1141503
1173183
1205023
1236717
1268398
1300078
1331783
1363464
1395145
1426828
1458508
1490189
1521911
1553592
1585273
37291
74525
111703
148881
186060
223246
260429
297611
335576
372775
409953
447132
484350
521528
558706
595889
633074
670774
707954
745132
782314
819513
856691
893870
931053
968235
1005814
1043032
1080212
1117389
1154567
1191765
1228942
1266125
1303307
1340941
1378147
1415325
1452641
1489821
1527000
1564177
1601363
1638545
1676454
1713633
1750811
1787990
1825168
1862389
37189
74404
111583
148762
185946
223124
260305
297484
334667
371854
409034
446213
483392
520571
557798
594979
632163
669345
706548
743750
780929
818154
855332
892515
929699
966878
1004061
1041246
1078425
1116698
1153902
1191081
1228260
1265439
1302619
1339799
1377037
1414219
1452038
1489221
1526419
1563599
1600782
1637961
1675140
1712322
1749505
1788029
1825211
1862394
37179
74358
111536
148719
185902
223083
260395
297577
334795
371973
409150
446328
483508
520689
557870
595053
632233
669412
706595
743773
780950
818131
855354
892574
929752
966930
1004111
1041308
1078506
1115684
1152865
1190048
1227227
1264406
1301584
1338762
1375940
1413120
1450340
1487522
1524704
1562017
1599195
1636375
1673553
1710770
1747948
1785131
1822313
1859513
37822
75001
112186
149364
186542
223726
261118
298295
335473
373616
410836
448013
485191
522371
559552
596733
633914
671135
708314
745533
782710
819891
857072
894252
931433
968614
1005791
1042969
1080146
1117325
1154506
1191885
1229108
1266285
1303463
1340640
1377860
1415038
1452219
1489400
1526584
1563762
1600965
1638142
1675321
1712498
1749679
1786903
1824084
1861291
37178
74361
111542
148725
185943
223124
260303
297481
334678
371857
409038
446219
483398
520575
557753
594931
632108
669289
706470
743691
780871
818049
855226
892403
929583
966764
1003946
1041124
1078304
1115483
1152663
1189840
1227017
1264199
1301419
1338599
1375777
1412954
1450131
1487310
1524493
1561674
1598854
1636036
1673213
1710413
1747591
1784768
1821952
1859135
37177
74357
111535
148713
185897
223079
260298
297476
334656
371833
409010
446189
483372
520555
557734
594913
632113
669310
706488
743671
780853
818076
855253
892433
929614
966792
1003969
1041153
1078372
1115549
1152728
1189906
1227085
1264263
1301440
1338623
1375806
1412986
1450164
1487342
1524520
1561699
1598883
1636105
1673286
1710464
1747643
1784839
1822019
1859197
37180
74358
111535
148712
185910
223088
260270
297455
334673
371851
409029
446208
483386
520563
557744
594964
632142
669319
706498
743676
780854
818031
855215
892398
929580
966758
1003981
1041159
1078337
1115520
1152744
1189927
1227105
1264283
1301461
1338638
1375815
1412996
1450180
1487357
1524534
1561714
1598891
1636070
1673249
1710471
1747652
1784833
1822010
1859190
37181
74362
111583
148762
185939
223117
260297
297475
334655
371837
409018
446196
483374
520573
557753
594931
632152
669374
706551
743729
780907
818085
855263
892504
929684
966868
1004046
1041224
1078402
1115585
1152763
1189944
1227166
1264350
1301527
1338704
1375883
1413061
1450239
1487459
1524640
1561819
1598996
1636195
1673374
1710552
1747729
1784911
1822094
1859275
37178
74355
111536
148718
185942
223119
260296
297474
334653
371832
409013
446194
483373
520552
557730
594926
632104
669324
706529
743749
780927
818104
855304
892482
929659
966869
1004089
1041346
1078526
1115704
1152882
1190059
1227286
1264464
1301647
1338853
1376032
1413210
1450389
1487567
1524746
1561967
1599148
1636328
1673505
1710707
1747884
1785064
1822241
1859425
37177
74360
111537
148735
185913
223093
260275
297453
334633
371810
408988
446166
483349
520569
557750
594927
632108
669285
706464
743642
780826
818008
855185
892362
929561
966739
1003962
1041139
1078361
1115541
1152719
1189898
1227075
1264255
1301472
1338653
1375836
1413017
1450195
1487373
1524551
1561758
1598937
1636154
1673358
1710579
1747757
1784935
1822112
1859290
43188
86308
129424
172566
215686
258806
301966
346180
389300
432439
475557
518676
561795
604942
648061
691290
734413
777533
820653
863814
906957
950076
994174
1037291
1080409
1123526
1166650
1209770
1252889
1296011
1340035
1383157
1426320
1469458
1512579
1555696
1598815
1641973
1685258
1728380
1771501
1814621
1857743
1900892
1944011
1987910
2031052
2074323
2117440
2160561
43121
86285
129411
173572
216693
259819
302936
346098
389219
432340
475481
518600
561722
604843
647967
691090
734209
777330
821177
864298
907461
950603
993725
1036850
1079972
1123095
1166598
1209720
1252844
1295986
1339107
1382228
1425350
1468512
1511633
1554757
1597875
1640997
1684161
1727322
1770443
1814218
1857342
1900463
1943633
1986755
2029874
2072995
2116255
2159673
43121
86244
129409
172529
215649
258770
303017
346139
389299
432415
475534
518675
561795
604915
649012
692134
735254
778376
821498
864614
907739
950903
994131
1037324
1080444
1123563
1166685
1209864
1252986
1296946
1340086
1383207
1426343
1469464
1512585
1555705
1598825
1642734
1685854
1728974
1772141
1815261
1858378
1901502
1944623
1987743
2030864
2073981
2117101
2160327
43122
86241
129359
172484
215605
258746
301870
344985
388105
431260
474380
517500
560638
603759
646875
689995
733114
776236
819355
862477
905596
948712
991871
1034988
1078107
1121227
1164346
1207467
1250622
1293744
1336868
1380007
1423129
1466268
1509389
1552506
1595625
1638768
1681887
1725006
1768123
1811283
1854402
1897522
1940642
1983765
2026884
2070002
2113122
2156238
43121
86241
129359
172479
215601
258725
301865
345010
388131
431248
474408
517527
560646
603766
646881
690001
733119
776240
819363
862484
905604
948722
991843
1035000
1078120
1121239
1164359
1207478
1250596
1293754
1336874
1379995
1423134
1466254
1509458
1552574
1595695
1638835
1681995
1725115
1768231
1811353
1854509
1897629
1940751
1983872
2026991
2070109
2113228
2156349
43116
86238
129353
172473
215616
258798
301919
345057
388176
431295
474416
517577
560696
603816
646932
690051
733171
776291
819410
862525
905647
948763
991882
1035002
1078162
1121282
1164399
1207519
1250634
1293755
1336916
1380063
1423182
1466300
1509440
1552559
1595678
1638800
1681915
1725054
1768171
1811290
1854409
1897596
1940716
1983832
2026954
2070070
2113189
2156308
43118
86256
129377
172496
215616
258732
301877
345057
388197
431321
474440
517561
560715
603835
646951
690071
733190
776310
819429
862589
905707
948934
992057
1035427
1078612
1123574
1166693
1209813
1252934
1296055
1339177
1382335
1425457
1468593
1511713
1554836
1597956
1641076
1684194
1727313
1770559
1813680
1856832
1899953
1943111
1986229
2029348
2072469
2115587
2158706
43157
86278
129398
172518
215637
258755
301875
344997
388120
431257
474376
517500
560619
603778
646898
690017
733137
776256
819378
862493
905613
948734
991854
1034974
1078092
1121213
1164369
1207492
1250613
1293733
1336851
1379970
1423169
1466285
1509407
1552529
1595647
1638767
1681883
1725004
1768124
1811266
1854388
1897587
1940709
1983865
2026986
2070109
2113230
2156374
43116
86277
129397
172515
215636
258753
301874
344996
388117
431236
474400
517520
560637
603758
646918
690038
733177
776293
819412
862528
905649
948769
991890
1035013
1078128
1121248
1164364
1207529
1250648
1293768
1336890
1380006
1423127
1466284
1509404
1552544
1595664
1638783
1681901
1725020
1768142
1811261
1854405
1897525
1940685
1983801
2027069
2070188
2113309
2156429
43141
86261
129425
172545
215664
258783
301904
345028
388147
431270
474389
517556
560671
603792
646914
690078
733199
776335
819455
862573
905694
948814
991936
1035054
1078171
1121290
1164406
1207525
1250686
1293806
1336927
1380042
1423163
1466283
1509442
1552563
1595684
1638804
1682053
1725175
1768294
1811435
1854554
1897671
1940809
1983969
2027090
2070250
2113372
2156493
49519
99041
148559
198082
247604
297120
348224
397739
447310
496824
546387
595902
645417
694935
744506
794029
843543
893061
942579
993407
1042922
1092444
1141958
1191473
1240990
1290553
1340991
1390505
1440023
1489537
1539056
1588575
1638120
1687635
1737179
1786700
1836294
1885809
1935351
1986105
2035620
2085161
2134677
2184200
2233715
2283261
2334052
2383620
2433134
2482650
49515
99033
148552
198071
247605
297127
346641
396159
445715
495897
545433
594951
644465
693983
743500
793017
843053
892570
942084
991644
1041159
1090677
1140195
1189709
1239224
1288782
1338296
1387811
1437366
1487340
1536858
1586373
1635996
1685512
1735066
1784584
1835092
1884607
1934126
1983670
2033187
2082703
2132323
2181837
2231356
2280870
2330388
2379941
2429459
2479334
49544
99058
148576
198098
247744
297259
346934
396449
446037
495554
545069
594585
644169
693687
743425
792946
842461
891982
941497
992301
1041821
1091337
1140852
1190370
1239888
1289491
1339174
1388691
1438252
1487766
1537281
1586796
1636317
1685832
1735348
1784863
1834492
1884009
1933528
1983042
2032560
2082075
2131595
2181135
2230650
2280168
2329684
2379257
2428771
2478287
49515
99038
148553
198074
247598
297135
346651
396172
445875
495393
544907
594424
643939
693456
742972
792509
842023
891542
941060
990646
1040161
1089681
1139196
1188714
1238234
1287794
1337310
1386827
1436368
1485882
1535397
1584911
1634425
1683939
1733453
1782967
1832521
1882055
1931571
1981085
2030600
2080117
2129633
2179180
2228721
2278235
2327753
2377307
2426826
2476341
49519
99033
148551
198065
247579
297096
346611
396126
445817
495352
544867
594484
643999
693514
743030
792567
842083
891631
941145
990751
1040266
1089780
1139323
1188839
1238354
1288024
1337540
1387054
1436571
1486086
1535639
1585153
1634667
1684183
1733698
1783212
1832788
1882324
1931842
1981359
2030877
2080391
2129908
2179425
2228940
2278457
2327974
2377530
2427045
2476565
49510
99024
148535
198054
247564
297100
346613
396123
445678
495218
544759
594308
643820
693329
742840
792352
841862
891374
940887
990441
1039955
1089466
1139006
1188517
1238030
1287543
1337108
1386618
1436135
1485647
1535253
1584764
1634277
1683787
1733301
1782820
1832376
1881889
1931404
1980914
2030429
2079939
2129452
2178964
2228477
2277987
2327503
2377054
2426614
2476126
49515
99034
148550
198069
247584
297103
346617
396138
445694
495215
544732
594250
643765
693325
742840
792360
841874
891392
940907
990638
1040201
1089720
1139260
1188779
1238296
1287815
1337330
1386851
1436366
1485885
1535442
1584961
1634475
1683996
1733510
1783029
1832654
1882174
1931689
1981208
2030723
2080285
2129799
2179320
2228882
2278403
2327918
2377482
2427018
2476537
49517
99032
148597
198116
247634
297177
346697
396213
445773
495288
544806
594323
643840
693355
742875
792389
841907
891421
940940
990495
1040032
1089546
1139063
1188578
1238098
1287616
1337134
1386649
1436171
1485685
1535243
1584760
1634278
1683792
1733313
1782827
1832344
1881860
1931420
1980938
2030452
2080005
2129540
2179054
2228605
2278122
2327639
2377193
2426709
2476224
49540
99058
148623
198142
247658
297178
346696
396214
445731
495254
544768
594286
643804
693366
742901
792421
841936
891454
940970
990528
1040043
1089558
1139072
1188587
1238102
1287616
1337130
1386645
1436160
1485677
1535233
1584767
1634283
1684288
1733803
1783325
1832840
1882358
1931873
1981392
2030908
2080471
2129985
2179503
2229017
2278532
2328077
2377594
2427110
2476627
49519
99035
148616
198152
247671
297186
346704
396240
445761
495276
544797
594313
643832
693387
742908
792422
841943
891457
940978
990534
1040052
1089567
1139082
1188597
1238112
1287648
1337163
1386719
1436281
1485824
1535388
1584903
1634422
1683940
1733461
1782977
1832501
1882017
1931568
1981082
2030597
2080153
2129669
2179184
2228699
2278213
2327728
2377246
2426782
2476298
56399
112795
169190
225583
281976
339267
395661
452055
508447
564843
621240
683838
741815
798211
854603
910998
967438
1024151
1080544
1136959
1193352
1249790
1306204
1362597
1418989
1475381
1531905
1588305
1644719
1701112
1757552
1813990
1870386
1926779
1983233
2039625
2096019
2152417
2208817
2265211
2322101
2378515
2434912
2491305
2547701
2604096
2661119
2717582
2774193
2830763
56622
113043
169573
225965
282362
338797
395194
451615
508008
564407
620953
677388
733829
790221
846613
903054
959448
1015843
1072235
1128908
1185303
1241697
1298093
1354489
1410882
1468232
1524625
1581021
1637417
1693835
1750248
1807211
1863611
1920005
1976398
2032792
2089185
2146173
2202565
2259000
2315394
2371788
2428183
2484717
2541152
2597546
2653959
2710354
2766747
2823182
56392
112818
169216
225610
282464
338858
395251
451652
508088
564662
621057
677450
733843
790235
846650
903046
959439
1015834
1072227
1128642
1185038
1241431
1297823
1354256
1410650
1467044
1523485
1579878
1636314
1692709
1749102
1805495
1861890
1918328
1974724
2031293
2087686
2144078
2200531
2256926
2313352
2369747
2426139
2482572
2538970
2595363
2651755
2708152
2764546
2820945
56393
112787
169181
225592
281993
338385
394778
451171
507583
563978
620371
676764
733204
789597
845991
902385
958779
1015220
1071612
1128029
1184421
1240816
1297252
1353647
1410086
1466482
1522897
1579333
1635727
1692159
1748552
1804944
1861425
1917819
1974214
2030609
2087029
2143425
2199821
2256216
2312608
2369001
2425414
2481808
2538204
2594597
2650989
2707404
2763797
2820192
56397
112837
169230
225623
282019
338412
394867
451261
507654
564049
620445
676880
733273
789685
846110
902505
958959
1015353
1071783
1128177
1184570
1241045
1297443
1353836
1410233
1466625
1523021
1579414
1635807
1692203
1748597
1805010
1861402
1917796
1974191
2030587
2086981
2143378
2199771
2256167
2312627
2369025
2425418
2481816
2538232
2594664
2651057
2707451
2763844
2820240
56456
112859
169251
225644
282036
338496
394891
451323
507717
564112
620506
676903
733298
789690
846086
902509
958904
1015296
1071690
1128083
1184476
1240871
1297264
1353657
1410049
1466442
1522840
1579236
1635629
1692087
1748483
1804878
1861273
1917666
1974105
2030499
2086896
2143288
2199681
2256136
2312535
2368932
2425324
2481742
2538290
2594683
2651113
2707507
2763903
2820386
56394
112795
169188
225580
281973
338365
394761
451154
507547
563941
620336
676734
733128
789570
845962
902355
958751
1015144
1071577
1127978
1184370
1240765
1297158
1353596
1409988
1466381
1522777
1579170
1635627
1692028
1748421
1804816
1861215
1917669
1974063
2030457
2086852
2143245
2199660
2256053
2312448
2368844
2425239
2481634
2538027
2594428
2650823
2707216
2763608
2820002
56393
112791
169237
225629
282026
338419
394815
451270
507671
564064
620456
676851
733285
789680
846072
902465
958859
1015313
1071709
1128104
1184518
1240916
1297454
1353848
1410241
1466634
1523029
1579443
1635839
1692236
1748629
1805027
1861421
1917816
1974208
2030602
2087016
2143411
2199805
2256199
2312591
2369025
2425421
2481816
2538210
2594603
2651057
2707450
2763845
2820238
56392
112831
169223
225623
282016
338485
394945
451343
507741
564162
620556
676996
733389
789787
846180
902572
958965
1015377
1071774
1128193
1184585
1240978
1297370
1353764
1410157
1466550
1522948
1579355
1635752
1692144
1748628
1805021
1861413
1917808
1974200
2030658
2087054
2143448
2199845
2256297
2312737
2369131
2425523
2481918
2538311
2594772
2651168
2707562
2763959
2820351
56393
112785
169181
225576
281969
338362
394756
451148
507543
563935
620334
676726
733119
789514
845967
902364
958757
1015150
1071545
1128020
1184412
1240805
1297196
1353598
1410035
1466428
1522820
1579213
1635611
1692047
1748441
1804836
1861229
1917623
1974078
2030511
2086909
2143301
2199718
2256134
2312548
2368942
2425338
2481733
2538126
2594519
2650912
2707304
2763699
2820096
63592
127173
190760
254348
317934
381518
445102
508804
572389
635978
699722
763310
826899
890485
954069
1018439
1082027
1145612
1209201
1272786
1337300
1400936
1464524
1528108
1591712
1656188
1719833
1783417
1846998
1910634
1974238
2037823
2101424
2165108
2228693
2292278
2355865
2419469
2483057
2546641
2610228
2673935
2737527
2801112
2864699
2928285
2993158
3056749
3120335
3184048
63760
128891
192491
256095
319713
383321
448202
511803
575403
639058
702697
767338
830943
894597
958221
1021821
1085472
1149072
1212674
1276273
1339873
1403558
1467202
1530805
1594405
1658006
1721678
1786103
1849702
1913303
1976903
2040504
2104775
2168374
2232059
2295931
2359535
2424557
2488162
2551830
2615468
2679067
2742685
2806299
2869898
2933547
2997147
3060749
3124351
3187955
63585
127204
190843
254427
318007
381591
445239
508832
572420
636025
699632
763216
826800
890384
953968
1017593
1081198
1144781
1208371
1271998
1335582
1399169
1462754
1526359
1589945
1653530
1717114
1780699
1844327
1907956
1971542
2035127
2098799
2162414
2225998
2289587
2353199
2416785
2480370
2543957
2607541
2671169
2734753
2798334
2861920
2925563
2989148
3052752
3116338
3179926
63592
127177
190760
254347
317981
381567
445155
508741
572368
635977
699562
763150
826757
890344
953929
1017513
1081099
1144687
1208273
1271858
1335446
1399075
1462663
1526249
1589836
1653507
1717094
1780679
1844331
1907935
1971523
2035110
2098695
2162282
2225910
2289498
2353083
2416691
2480316
2543901
2607482
2671066
2734673
2798260
2861849
2925436
2989022
3052650
3116275
3179860
63588
127213
190894
254506
318309
381900
445486
509075
572664
636269
699861
763451
827041
890628
954286
1017869
1081461
1145049
1208636
1272225
1335812
1399399
1462988
1526578
1590164
1653753
1717342
1780971
1844576
1908162
1971751
2035358
2098945
2162532
2226120
2289709
2353331
2416921
2480510
2544098
2607728
2671311
2734917
2798503
2862111
2925703
2989291
3052880
3116488
3180079
63581
127172
190756
254400
317985
381570
445158
508793
572379
635964
699550
763155
826814
890395
953980
1017565
1081202
1144837
1208422
1272008
1335641
1399256
1462841
1526425
1590013
1653597
1717180
1780766
1844373
1908004
1971591
2035176
2098761
2162396
2225981
2289587
2353172
2416757
2480343
2543931
2607520
2671108
2734741
2798326
2861911
2925496
2989212
3052836
3116423
3180008
63596
127235
190824
254413
317996
381589
445175
508758
572344
636011
699594
763183
826774
890402
953993
1017579
1081192
1144799
1208388
1271975
1335564
1399160
1462821
1526407
1589995
1653581
1717214
1780802
1844388
1907973
1971580
2035241
2098828
2162473
2226079
2289730
2353367
2417046
2480655
2544300
2607922
2671502
2735092
2798680
2862269
2925855
2989438
3053072
3116724
3180305
63580
127160
190809
254391
317971
381554
445134
508717
572297
635878
699460
763083
826664
890245
953827
1017450
1081038
1144620
1208196
1271776
1335390
1398973
1462554
1526134
1589719
1653329
1716928
1780537
1844160
1907738
1971318
2034898
2098480
2162063
2225645
2289255
2352856
2416441
2480024
2543602
2607183
2670805
2734386
2797967
2861547
2925129
2988711
3052294
3115874
3179470
63607
127193
190781
254386
318014
381598
445190
508775
572402
636009
699596
763182
826768
890355
953941
1017527
1081135
1144764
1208352
1272008
1335594
1399223
1462804
1526390
1589975
1653561
1717150
1780735
1844322
1907907
1971538
2035123
2098707
2162292
2225916
2289499
2353084
2416672
2480257
2543880
2607465
2671053
2734639
2798265
2861851
2925437
2989022
3052644
3116228
3179813
63598
127183
190783
254369
317956
381562
445147
508730
572314
635899
699525
763113
826698
890288
953873
1017457
1081044
1144628
1208231
1271846
1335433
1399019
1462626
1526253
1589842
1653427
1717012
1780600
1844206
1907790
1971375
2034963
2098545
2162151
2225735
2289343
2352967
2416553
2480138
2543722
2607307
2670893
2734480
2798064
2861647
2925232
2988817
3052406
3115991
3179618
71282
142561
213879
285191
357821
429103
500385
571714
643101
714382
785667
856951
928232
1000497
1071839
1143115
1214398
1285697
1357192
1428471
1499773
1571073
1642444
1713729
1785010
1856290
1927631
1999710
2071013
2142380
2213664
2284943
2356229
2427508
2498875
2570154
2642614
2713916
2785241
2856521
2927802
3000265
3071554
3142981
3214406
3285733
3357017
3428293
3499592
3570929
72478
143758
215057
286340
357619
428898
500178
571460
642740
715125
786404
857681
928960
1000240
1072614
1143890
1215170
1286475
1357800
1429086
1500365
1571648
1642992
1715267
1786588
1857891
1929212
2000494
2071968
2143252
2214530
2285813
2357092
2428376
2499659
2571068
2642348
2713630
2784914
2856195
2927617
3007509
3081468
3159344
3233617
3304972
3376851
3448131
3519410
3591322
82193
153472
224785
296063
367350
438630
509954
588318
659603
731181
802576
886590
958268
1029549
1100897
1172209
1243583
1314863
1388522
1459801
1531401
1602681
1674813
1746248
1817554
1888878
1960156
2032951
2104251
2175577
2246853
2318134
2389415
2460853
2532135
2604536
2675896
2747227
2818506
2889787
2961067
3032347
3105702
3176982
3248772
3321023
3392299
3463581
3534860
3609764
71436
142741
222264
293847
365173
436472
508075
579403
650693
721981
793335
864877
936208
1007527
1078847
1150178
1221483
1292848
1364230
1436762
1508105
1579590
1651101
1722444
1793862
1865338
1936672
2007959
2079697
2151257
2222549
2293865
2365165
2436485
2507775
2579095
2650603
2721904
2793202
2864489
2936398
3007765
3079095
3150405
3221760
3293690
3365165
3436464
3507887
3579238
71378
143141
214505
285789
357093
428374
499662
570940
642226
713512
784798
856081
927368
998651
1070029
1141310
1212972
1284429
1355715
1426999
1498305
1569648
1640940
1712222
1783510
1854883
1926243
1997525
2068807
2140146
2211425
2282707
2353988
2425895
2497176
2568454
2639734
2711013
2782380
2853661
2924941
2996222
3067623
3139141
3210462
3281984
3353495
3424795
3496187
3567469
71282
142577
214000
285303
356602
427891
499184
570531
641840
713139
784449
855774
927082
998381
1069699
1141026
1212343
1283699
1355003
1426295
1497620
1571385
1642693
1714166
1785453
1856837
1928150
1999449
2070736
2142152
2213500
2284785
2356074
2427462
2498748
2570038
2641336
2712626
2783956
2855247
2926536
2997844
3069130
3140435
3211763
3283050
3354376
3425684
3497059
3568370
71279
142558
213899
285181
356480
427759
499041
570344
641677
712957
784241
855519
926820
998099
1069393
1140674
1211955
1283237
1354518
1425799
1497084
1568415
1639701
1710976
1782258
1853646
1924927
1996206
2067486
2138812
2210094
2281373
2352654
2423991
2495273
2566572
2637853
2709133
2780416
2851715
2923033
2994312
3065594
3136893
3208174
3279456
3350740
3422017
3495636
3566916
71283
142564
213883
285163
356442
427722
499007
570283
641588
712867
784150
855429
926709
997988
1069264
1140569
1211849
1283129
1354411
1425686
1496986
1568333
1639612
1710895
1782174
1853541
1924820
1996102
2067381
2138705
2209987
2281265
2352548
2423890
2495169
2566473
2637749
2709137
2780414
2851715
2922993
2994275
3065554
3136854
3208134
3279417
3350696
3421977
3493402
3564686
71280
142560
213882
285162
356440
427721
499110
570390
641670
712945
784227
855507
926788
998068
1069350
1140629
1211951
1283346
1354626
1425906
1497188
1568506
1639790
1711069
1782349
1855937
1927217
1998518
2069798
2141118
2212398
2283698
2354979
2426300
2497579
2568887
2640169
2711452
2782734
2854014
2925295
2996570
3067877
3139157
3210440
3281722
3353000
3424281
3495603
3566883
71282
142561
213894
285173
356456
427735
499082
570359
641642
712923
784479
855759
927058
998450
1069729
1141010
1212304
1283628
1354912
1426191
1497470
1568788
1640067
1711350
1782630
1853952
1925233
1996514
2067790
2139112
2210392
2281692
2352971
2424293
2495573
2566852
2638131
2709415
2780691
2851971
2923252
2994533
3065812
3137113
3208445
3279741
3351020
3422301
3493654
3564937
79420
158845
238266
317703
397125
476615
556043
635482
714906
794327
873748
953174
1032642
1112066
1191487
1270908
1351684
1431099
1510520
1589993
1670715
1750176
1829641
1909061
1989455
2068874
2148495
2227914
2308829
2388273
2467690
2547115
2626539
2706010
2785533
2864953
2944446
3023864
3103451
3182870
3262293
3341836
3421255
3500810
3580230
3660986
3740593
3820024
3899440
3980540
79529
159149
238587
320406
399870
479290
558729
640244
719661
799087
878606
959706
1039143
1118619
1198045
1277472
1356892
1436438
1515881
1595302
1674723
1754145
1833603
1913052
1992565
2071989
2151429
2230887
2310306
2389889
2469312
2548824
2628249
2707670
2787120
2866536
2945962
3025385
3104906
3184330
3263772
3343194
3422618
3502058
3581478
3660977
3740400
3819822
3899295
3978712
79450
158874
238310
317732
397153
476693
556109
635549
715029
794519
873942
953362
1032898
1112340
1191767
1271188
1350619
1430064
1509482
1589010
1668498
1747919
1827341
1906777
1986201
2065638
2145157
2224588
2304010
2383531
2462971
2542409
2622207
2701710
2781130
2860551
2940103
3019534
3098952
3178395
3257885
3337546
3416971
3496490
3575909
3655351
3734773
3814197
3893617
3973067
79501
158918
238336
317756
397194
476613
556033
635525
714943
794363
873825
953248
1032688
1112152
1191591
1271010
1350426
1429899
1509318
1588738
1668159
1747586
1827008
1906425
1985908
2065348
2144788
2224208
2303657
2383078
2462493
2541989
2621409
2700829
2780251
2859679
2939123
3018574
3098116
3177563
3256984
3336446
3415871
3495291
3574732
3654205
3733624
3813050
3892468
3971891
79445
158879
238305
317726
397148
476639
556059
635481
717533
796962
876380
955799
1035268
1114688
1194114
1273558
1352979
1432416
1511838
1591304
1670724
1750145
1829564
1909012
1988432
2067853
2147340
2226759
2306180
2385599
2465016
2544457
2623877
2703410
2782828
2862249
2941667
3021108
3100529
3179951
3259557
3339003
3418423
3497886
3577312
3656753
3736212
3815645
3895068
3974487
79466
158889
238329
317751
397176
476617
556037
635509
714923
794342
873763
953210
1032636
1112054
1191523
1270939
1350357
1429778
1509202
1588644
1668117
1747582
1826998
1906416
1985902
2065325
2144746
2226893
2306320
2385741
2465162
2544634
2624054
2703477
2782896
2862318
2941757
3021213
3100771
3180189
3259610
3339028
3418476
3497895
3577313
3656773
3736192
3815613
3895033
3974454
79439
158897
238414
317832
397258
476759
556183
635605
715025
794459
873896
953317
1032918
1112341
1191763
1271184
1350621
1430041
1509460
1588951
1668373
1747793
1827215
1906643
1986080
2065532
2145015
2224442
2303862
2383284
2462708
2542123
2621596
2701079
2780500
2859918
2939340
3018764
3098204
3177655
3257161
3336584
3416005
3495429
3574856
3654278
3736354
3815833
3895256
3974675
79485
158903
238327
317748
397164
476612
556096
635571
714990
794413
873834
953252
1032672
1112092
1191580
1271001
1350444
1429865
1509380
1588818
1668236
1747704
1827125
1906548
1985966
2065391
2144806
2224227
2303703
2383144
2462614
2542079
2621559
2700977
2780429
2859867
2939287
3018731
3098199
3177623
3257040
3336459
3415886
3495324
3574744
3654228
3733650
3813067
3892489
3971911
79420
158841
238331
317754
397171
476591
556027
635446
714898
794427
873870
953287
1032805
1112226
1191644
1273626
1353068
1432493
1511916
1591484
1670902
1750323
1829742
1909205
1988646
2068065
2147613
2227031
2306448
2385867
2465286
2544708
2624126
2703623
2783042
2862464
2941883
3021303
3100764
3180217
3259796
3339216
3418638
3498060
3577479
3656901
3736323
3815873
3895313
3974735
79741
159197
238635
318095
397706
477157
558404
638207
717662
800825
880274
959838
1039312
1118809
1198523
1278171
1357642
1437106
1516655
1596106
1675591
1755279
1834727
1914175
1993627
2073136
2152590
2232030
2311722
2391187
2470621
2550111
2629680
2709130
2791330
2871173
2950630
3030063
3109755
3189211
3268643
3348099
3427597
3507104
3586594
3666252
3745692
3825213
3904651
3984245
88014
176012
264032
354260
442260
530379
618421
706457
794573
882575
970572
1058724
1146885
1234882
1325110
1413128
1501179
1589292
1679254
1767261
1855264
1943263
2031267
2119265
2207307
2295308
2383306
2471323
2559320
2649214
2737220
2825221
2913246
3003391
3091392
3179440
3267585
3355586
3443589
3531681
3619701
3708139
3796229
3884253
3973832
4061909
4149912
4237934
4327498
4415648
87998
175996
263999
351997
439997
529730
617730
705733
793737
883436
971440
1059485
1147486
1235485
1323556
1411607
1499630
1587712
1675738
1763778
1851837
1939837
2027858
2115916
2204053
2292051
2380052
2468070
2556074
2644073
2732071
2820072
2908119
2996123
3084123
3172120
3260145
3348169
3436166
3524226
3612242
3700239
3788317
3876334
3964371
4052420
4140420
4228446
4316491
4404490
88009
176079
264096
352143
440141
528162
616164
704164
792184
880183
968620
1056658
1144656
1232657
1320671
1408669
1496670
1584766
1672764
1760804
1848879
1936991
2025018
2113110
2201133
2289133
2377319
2465339
2553338
2641340
2729359
2817358
2905381
2993386
3081384
3169384
3257382
3345383
3433382
3521387
3609391
3697526
3785614
3873616
3961651
4049722
4137721
4225721
4313808
4401808
88003
176158
264182
352181
440384
528407
616412
704413
792421
880429
968429
1056432
1144441
1232446
1320516
1408557
1496561
1584574
1672575
1760596
1848735
1936745
2028171
2116474
2204489
2292521
2380679
2468701
2556708
2644850
2732898
2820902
2908912
2996924
3084925
3172933
3260958
3348966
3436971
3525004
3613007
3701011
3789029
3877047
3965056
4053200
4141215
4229220
4317358
4405366
88002
176081
264084
352084
440193
528213
616211
704285
792283
880281
968341
1056339
1144337
1232339
1320356
1408436
1496436
1584453
1672455
1760452
1848458
1936460
2024457
2112537
2200546
2288544
2376631
2464629
2552630
2640709
2728710
2816708
2904761
2992762
3082539
3170585
3258584
3346585
3434583
3522602
3610619
3698619
3786641
3874641
3962661
4050673
4138674
4226672
4314751
4402753
87999
176079
264077
352077
440143
528143
616143
704210
792210
880207
968287
1056289
1144287
1232343
1320365
1408417
1496419
1584437
1672501
1760516
1848532
1936532
2024562
2112562
2200562
2288561
2376622
2464623
2552622
2640676
2728679
2816678
2904735
2992736
3080736
3168790
3256790
3344789
3432837
3520855
3608956
3696978
3784999
3873033
3961031
4049035
4137035
4225036
4313038
4401041
88352
177222
265323
354187
442726
531541
620326
710056
798563
887010
976178
1064555
1153128
1242937
1331603
1419918
1509349
1597533
1686091
1774905
1864881
1954022
2042657
2131632
2220045
2308914
2397643
2486859
2575974
2664667
2753049
2842281
2931397
3023627
3111936
3201452
3309054
3398866
3488920
3578032
3666556
3756253
3845090
3933879
4023888
4112428
4200819
4290201
4378720
4467248
88087
176114
264112
352193
440193
528192
616253
704252
795610
883656
971655
1059656
1147655
1235674
1323720
1411719
1499738
1587777
1675872
1763973
1852004
1940002
2028099
2116096
2204096
2292178
2380176
2468177
2556242
2644241
2732242
2820299
2908301
2996303
3084301
3172331
3260330
3348328
3436349
3524370
3612370
3700392
3788446
3876521
3964590
4052608
4140609
4228669
4316667
4404669
88489
176530
264620
353011
441070
529119
617462
705549
793585
881970
970065
1058232
1146275
1234327
1322512
1410593
1498638
1586762
1674856
1763051
1851159
1939171
2027227
2115313
2203394
2292006
2380173
2468205
2556563
2644605
2732668
2821148
2909196
2997239
3085529
3173609
3261626
3349668
3437708
3525764
3613913
3701998
3790098
3878119
3966244
4054311
4142362
4230460
4318533
4406555
88058
176067
264070
352244
440245
528261
616430
704434
792435
880580
968581
1056585
1144710
1232715
1320716
1408715
1496718
1584719
1672717
1760722
1848722
1936745
2024747
2112746
2200748
2288830
2376942
2464947
2553075
2641076
2729076
2817225
2905229
2996590
3084786
3172792
3260791
3348930
3436933
3524934
3612994
3700996
3788997
3877001
3965002
4053002
4141004
4229009
4317012
4405014
97024
194052
291127
388148
485168
582511
682160
779189
876628
973648
1070687
1167990
1265084
1364794
1461833
1558914
1658436
1755457
1852479
1949839
2046874
2143901
2241201
2340692
2437727
2534998
2632020
2729070
2826131
2923154
3020412
3117440
3214458
3314333
3411374
3508396
3605609
3702638
3799666
3896916
3996125
4093181
4190571
4290412
4387440
4484535
4581561
4678643
4775662
4872682
100541
197611
294648
395245
492299
589375
686875
783962
881042
978134
1077629
1174703
1271752
1368778
1466179
1563218
1660260
1757640
1854684
1951713
2049056
2146113
2243192
2340525
2437569
2534606
2631635
2728665
2825693
2922715
3019744
3116964
3214002
3311069
3408297
3505385
3602425
3699666
3796696
3893736
3991006
4088034
4185096
4282140
4379194
4476230
4573265
4673391
4770942
4868232
97032
194280
291354
388480
485570
582637
679667
776705
873726
970759
1067794
1164813
1262109
1359143
1456171
1553338
1650362
1747381
1844545
1941570
2038601
2135703
2232728
2329772
2426795
2523821
2620846
2717875
2814920
2912048
3009070
3106090
3203255
3308337
3405502
3502924
3600079
3697274
3794460
3891617
3988769
4085945
4183102
4280407
4377580
4474782
4572161
4669464
4766621
4863941
97244
194440
291703
392032
489552
586755
683926
781131
878313
975501
1072871
1170085
1267271
1364686
1461868
1559105
1656518
1753695
1850875
1948064
2045246
2142427
2239626
2336809
2434030
2531493
2628677
2726021
2823241
2920679
3018091
3115366
3212570
3309926
3407137
3504313
3601489
3698512
3795541
3892903
3992977
4090178
4217575
4314683
4411974
4509136
4606171
4703347
4800381
4897435
97037
194091
291453
388671
485723
582953
682547
779657
877135
976154
1073398
1170438
1269818
1366850
1463889
1560924
1658006
1755078
1852278
1949663
2046728
2143832
2241099
2340489
2437594
2534946
2631971
2729038
2826095
2925620
3022760
3119805
3216828
3313924
3410953
3508049
3605494
3702589
3799620
3896854
3998177
4095210
4192625
4289652
4386777
4483811
4583297
4680355
4777384
4874418
98072
196771
294256
392445
489935
587615
685636
785933
883579
981844
1079536
1177015
1274633
1372550
1470774
1568512
1666297
1764394
1864565
1962233
2060664
2158262
2255771
2353409
2453692
2551557
2649257
2746890
2844615
2942085
3039698
3138060
3235691
3333245
3431200
3531239
3628676
3726598
3824068
3921706
4019212
4118963
4216520
4314008
4411586
4509357
4606966
4704652
4802631
4900083
103031
206020
310951
413983
516988
620008
723348
827756
930743
1034052
1137076
1240072
1343013
1448177
1551347
1654736
1757819
1860989
1966270
2069344
2172657
2278601
2381842
2484847
2588034
2691283
2794297
2897300
3000531
3105814
3208953
3312104
3415066
3518084
3621137
3724316
3827786
3930877
4033939
4137129
4242311
4345467
4448784
4551941
4655001
4757931
4861031
4964443
5067506
5170528
97061
196827
293963
391144
488269
585418
682522
779971
877596
974756
1072040
1169579
1266664
1363762
1462661
1559725
1656844
1753901
1851034
1948169
2047877
2144988
2242324
2339456
2436535
2533956
2634557
2731907
2829239
2926354
3023433
3122834
3219936
3317116
3414239
3511296
3608395
3708453
3805857
3903371
4000447
4097513
4194879
4291937
4389008
4486566
4583650
4680756
4780158
4877403
105647
210578
315813
421979
527127
632307
737714
843122
948688
1056306
1161360
1266959
1371834
1477054
1583234
1688562
1793927
1899255
2004171
2109900
2215728
2321401
2426972
2531907
2637211
2744971
2850173
2955720
3061073
3166237
3271967
3379621
3485301
3590322
3695636
3800981
3908585
4013807
4119270
4224436
4329850
4437043
4542593
4647722
4752580
4857632
4963512
5069086
5174373
5279776
97639
195413
297372
395413
493811
591681
689383
787666
885264
982791
1081158
1179409
1276908
1377010
1474622
1572310
1669962
1767926
1865896
1967516
2065223
2163217
2260808
2358725
2457321
2555477
2653395
2751215
2848724
2946663
3048976
3146914
3244658
3342371
3440184
3538576
3643999
3743155
3841595
3938980
4036770
4134830
4232715
4330259
4427940
4525674
4623759
4725339
4823081
4921183
120370
240813
368465
488642
609957
729730
851416
979804
1100649
1220533
1341783
1463188
1584182
1704279
1824662
1944669
2073786
2194784
2316130
2440930
2561088
2681232
2801293
2922587
3043177
3164353
3284422
3404617
3524469
3644931
3771027
3892095
4011913
4132588
4252988
4379040
4501008
4622098
4742259
4862698
4986637
5107192
5228346
5348688
5469038
5589365
5709943
5830891
5951182
6074560
106833
213491
320140
426781
536837
643579
750160
856708
963386
1070480
1177099
1283682
1390690
1497393
1604117
1710886
1817489
1924524
2031143
2137755
2244714
2351336
2458519
2565069
2671609
2781673
2888298
2995209
3101741
3208355
3319712
3426399
3533005
3639615
3746181
3856907
3963446
4070047
4176626
4283256
4390274
4496895
4603448
4710149
4816727
4924028
5030872
5137494
5244443
5351018
109934
219670
328842
438599
547103
656552
765292
874681
984323
1093044
1201865
1310593
1419722
1529205
1638746
1747702
1858054
1967279
2077039
2185825
2295086
2406849
2515966
2625633
2734507
2843639
2955759
3064337
3173819
3282431
3391108
3503267
3612645
3721963
3830745
3939729
4052599
4162586
4271558
4380560
4489398
4602398
4711634
4820765
4929613
5038641
5151379
5260261
5368972
5478035
110428
225928
337091
447556
557883
668310
783396
893739
1004232
1114511
1225098
1340586
1451129
1561412
1672015
1782295
1897199
2007860
2118314
2228733
2339159
2450252
2560652
2671097
2781503
2891890
3007605
3118163
3228583
3338977
3449461
3565345
3675971
3786388
3896771
4007204
4122852
4234104
4344437
4454787
4565340
4681288
4791798
4902089
5012560
5122929
5238444
5349141
5459699
5570162
115257
234307
349272
464315
579084
693872
811826
926541
1041357
1156269
1271301
1387220
1502166
1617485
1732710
1847567
1962642
2077261
2192565
2307293
2421891
2536829
2651990
2767599
2882238
2997126
3111878
3226873
3342409
3457220
3572711
3687586
3802566
3918056
4032914
4147958
4266054
4380880
4496391
4611539
4729762
4844762
4959483
5075397
5190317
5309098
5423941
5538702
5653247
5768106
116089
227171
337743
448678
559583
674862
785933
896725
1007786
1118526
1234931
1345914
1456933
1568359
1678838
1794540
1905071
2015719
2126782
2237918
2354235
2465109
2575569
2686032
2796654
2912272
3023347
3133863
3244520
3355337
3471715
3582751
3693164
3804016
3914582
4030542
4142518
4253162
4363889
4474566
4590100
4701150
4811825
4922468
5033133
5148383
5258913
5369486
5480706
5591624
115907
226338
336107
445269
554796
669558
780082
889347
999359
1109523
1224793
1335888
1444950
1554830
1664578
1784213
1893874
2003654
2119003
2228489
2338938
2449724
2559453
2668930
2778507
2893217
3002506
3111745
3221339
3331046
3445888
3555984
3665164
3775050
3884528
3999634
4110137
4219453
4329447
4439348
4554006
4665261
4774934
4885346
4995299
5109083
5219146
5328688
5438674
5548187
114055
223877
333654
443444
552995
666698
776390
886159
996542
1106449
1219787
1330067
1439595
1550145
1660050
1773025
1882753
1992414
2102496
2212327
2325283
2435329
2544916
2655334
2765010
2878421
2988365
3098237
3208513
3318354
3432186
3543207
3653034
3763427
3873361
3985904
4097018
4206701
4317122
4426924
4537048
4646982
4756605
4866937
4976793
5086848
5197030
5306722
5416798
5526537
110584
219961
329474
438990
547705
656969
765832
874848
984441
1093756
1202559
1311775
1420629
1530357
1639677
1748750
1858542
1967429
2075952
2184957
2293816
2403457
2512428
2621114
2729799
2838691
2952393
3061051
3169656
3278586
3387177
3502098
3611436
3720306
3829084
3937889
4051429
4161536
4270433
4379354
4488564
4601481
4711010
4820317
4929442
5038163
5151568
5260268
5368929
5478698
106504
215566
322224
428709
535340
641824
751103
857597
964078
1070712
1177218
1283921
1390418
1496950
1603609
1710105
1816651
1923189
2029680
2136302
2242784
2349383
2456023
2562535
2669018
2775504
2882006
2988715
3095203
3201689
3308172
3414661
3521535
3628026
3734552
3841053
3947564
4054171
4160875
4267364
4374166
4480671
4589815
4696340
4802825
4909472
5015958
5125197
5231747
5338230
116969
233778
351090
467880
584731
701511
818272
935304
1052065
1169035
1285823
1405540
1522306
1639069
1756132
1872900
1989990
2106768
2223529
2340394
2457203
2574203
2691003
2807979
2924743
3044445
3161230
3277991
3394957
3511741
3628810
3745598
3862358
3979125
4095886
4212928
4329696
4446640
4563422
4683123
4799969
4916779
5033773
5150565
5267591
5384366
5501127
5617885
5735114
5852168
116394
232998
349384
468705
585098
701489
817948
934334
1050970
1167382
1283825
1400242
1518868
1635467
1751853
1868437
1984870
2105829
2222228
2338612
2455434
2571825
2688609
2804998
2921404
3037805
3154442
3271072
3387485
3504015
3620403
3739573
3856123
3972510
4089075
4205484
4324412
4440851
4557239
4673627
4790017
4906614
5023000
5139383
5255795
5372529
5488948
5605343
5721889
5838276
120207
237015
354081
471119
587940
704916
821713
938819
1055618
1179197
1296003
1412800
1530110
1646906
1764024
1880847
1997693
2114496
2234286
2351349
2468150
2585126
2701952
2818809
2935643
3052443
3169408
3286203
3403282
3520113
3636916
3753730
3873395
3990448
4107247
4224180
4340984
4457978
4574776
4691575
4808531
4925333
5042344
5159160
5275963
5392759
5512654
5629476
5746276
5863305
116796
233899
350702
467549
584342
704022
821083
937867
1054816
1171625
1291531
1408348
1525134
1642128
1758911
1875929
1992715
2109503
2226312
2346645
2463698
2580483
2697504
2814292
2931504
3048510
3165296
3282263
3399046
3516197
3633004
3749799
3866605
3986321
4103661
4220445
4337465
4454289
4571292
4688100
4804925
4921811
5038624
5155835
5272626
5389423
5506226
5625959
5742766
5859555
117033
233819
350907
467705
584474
701269
820978
938072
1054890
1171996
1288766
1408371
1525154
1641925
1758863
1875776
1992808
2109599
2226379
2343159
2462850
2580102
2696877
2813820
2930601
3052338
3169138
3285959
3402963
3519733
3636867
3753646
3870419
3987212
4106940
4223813
4340591
4457585
4574361
4691403
4808173
4924940
5041711
5158585
5275697
5392472
5509288
5626054
5745582
5862377
116790
233839
350750
467824
584637
701428
818216
938118
1055190
1171985
1289065
1405854
1522670
1639486
1756329
1873347
1993161
2110278
2227068
2343864
2460680
2580066
2697142
2813930
2931048
3047838
3164665
3281464
3398258
3515279
3634876
3751993
3868794
3985594
4102389
4219452
4336535
4453322
4570353
4687147
4803986
4920799
5037586
5154490
5274196
5391405
5508207
5624993
5741799
5858689
116953
233927
351128
471000
588274
705186
822102
939030
1058793
1176036
1292961
1410151
1527064
1644016
1761001
1877927
1995156
2114865
2232165
2349081
2465997
2582925
2700592
2817552
2934466
3051586
3168524
3285484
3402437
3519352
3636273
3756014
3873220
3990131
4107069
4223987
4340959
4457896
4574859
4691995
4808936
4925974
5042896
5159830
5276766
5396322
5513503
5630420
5747546
5864469
116982
233931
350877
467871
587564
704790
821775
938731
1055704
1172933
1289922
1406878
1523990
1640943
1757901
1874849
1991800
2108755
2228397
2345540
2462488
2579598
2696551
2813554
2930538
3047493
3164586
3282511
3399683
3516639
3633995
3750973
3870590
3987816
4104770
4221884
4340538
4457553
4574511
4708835
4829012
4945961
5063355
5180358
5297317
5414276
5531283
5648255
5765214
5882451
120177
237407
354190
470961
587736
704591
821756
938536
1055546
1175380
1292220
1409098
1525882
1642913
1762775
1879866
1996642
2113431
2230202
2347035
2464156
2580943
2697937
2817653
2934468
3051255
3168034
3284978
3404655
3521869
3638716
3755532
3872314
3989146
4106005
4222780
4339823
4461377
4578161
4694940
4811720
4928498
5046918
5164006
5280852
5397628
5515177
5632023
5748848
5865623
117049
237030
354420
471217
588002
704798
821661
938925
1055718
1172757
1292568
1409407
1526198
1642984
1760076
1879662
1996929
2113749
2230534
2347358
2464199
2581160
2697956
2814988
2934653
3051445
3168231
3285055
3401851
3521660
3638794
3755584
3872392
3989244
4106084
4222959
4339755
4456817
4576712
4693497
4810291
4927111
5043929
5163711
5281034
5397819
5514605
5631414
5748268
5865057
127933
255904
383939
511914
639901
767857
895843
1023761
1151753
1279697
1407831
1535755
1663685
1795137
1923571
2051483
2179843
2311406
2440075
2568033
2696346
2827665
2956135
3084072
3212465
3340384
3468688
3596612
3724885
3852808
3981265
4109187
4237545
4365562
4493938
4621854
4784627
4939300
5067480
5195397
5323564
5454628
5587226
5715476
5843434
5975210
6103572
6232536
6360466
6488955
128183
257343
397064
525309
656681
784706
916027
1043937
1171958
1300118
1428219
1559895
1687796
1818976
1947387
2075375
2203434
2331392
2463129
2591098
2722522
2850580
2979312
3107391
3235703
3367475
3496332
3627194
3755593
3883641
4012063
4139957
4271630
4399827
4531027
4659087
4787501
4915678
5043823
5175564
5303506
5433402
5561488
5689417
5817550
5945565
6073710
6201828
6329959
6457959
127971
255992
383916
512143
640078
768705
896623
1024781
1152680
1280813
1408770
1536971
1664899
1793051
1920948
2049075
2176972
2305124
2433031
2561164
2689065
2817184
2945156
3073321
3201281
3329370
3457346
3585260
3713151
3841098
3969040
4096952
4225175
4353075
4481040
4608962
4741491
4871971
4999936
5127840
5255774
5383728
5511808
5639758
5767654
5895570
6023457
6151352
6279507
6407407
128240
256110
384322
512311
640484
768363
896449
1024572
1152701
1280593
1408726
1536638
1664774
1792648
1920768
2048685
2176634
2304522
2432446
2560377
2688252
2816134
2944039
3071970
3199901
3327778
3455712
3583720
3711649
3839584
3967468
4095386
4223260
4351150
4479045
4606953
4734829
4862731
4990648
5118641
5246530
5374667
5502586
5630678
5758555
5886665
6014540
6142652
6270520
6398632
127908
256554
384396
512791
640766
769056
896948
1024921
1152940
1280845
1408743
1536638
1664539
1792420
1920276
2048252
2176164
2304019
2431919
2559859
2687859
2816087
2943983
3071896
3199764
3327698
3455561
3583469
3711367
3839260
3967120
4095017
4223204
4351080
4479309
4607153
4735306
4863178
4991454
5119377
5247492
5375373
5503509
5631493
5759900
5887746
6015977
6143988
6272421
6400264
128017
256164
384075
512001
639854
767952
895870
1023806
1151680
1279742
1407732
1535614
1663556
1791450
1919329
2047251
2175141
2303067
2430917
2558927
2686925
2814968
2942831
3071025
3198987
3327239
3455163
3583482
3711362
3839828
3967704
4096030
4223886
4352173
4480135
4608474
4736444
4864812
4992740
5120943
5248984
5377164
5505032
5633480
5761452
5889924
6017774
6145764
6273905
6401853
127883
255753
383691
511569
639485
767357
895269
1023163
1151054
1278950
1406820
1534715
1662614
1790499
1918662
2046529
2174683
2302606
2430936
2558848
2687053
2814978
2943246
3071159
3199362
3327294
3455592
3583502
3711843
3839755
3968150
4096041
4224410
4352324
4480547
4608478
4736823
4864873
4993114
5120994
5249109
5377045
5504943
5633152
5761085
5889047
6017022
6144921
6272795
6401222
126829
253715
380513
507354
634459
761209
888211
1015057
1142073
1268808
1395671
1522406
1649158
1775875
1902642
2029386
2156388
2283351
2410444
2537812
2664638
2791621
2918392
3045207
3171957
3298697
3425420
3552175
3678953
3805911
3932935
4059658
4186671
4313419
4440447
4567180
4693912
4820640
4947472
5074196
5200923
5327676
5454670
5581668
5708383
5835358
5962201
6089165
6215900
6342627
126728
253471
380195
506951
633730
760562
887354
1014083
1141129
1268020
1395014
1521753
1648738
1775483
1902212
2029050
2155785
2282525
2409299
2536048
2662791
2789741
2916535
3043481
3170211
3297266
3424002
3550732
3677458
3804218
3930937
4057751
4184533
4311257
4438394
4565336
4692293
4819031
4945944
5072691
5199409
5326133
5452879
5579608
5706381
5833253
5959994
6087004
6213750
6340741
126760
253904
380658
507726
634472
761225
887963
1014762
1141593
1268341
1395451
1522235
1649259
1776095
1903110
2029862
2156873
2283611
2410378
2537134
2663883
2790619
2917367
3044411
3171260
3298326
3425087
3552096
3679117
3806131
3932877
4059660
4186393
4313156
4439924
4566671
4693725
4820530
4947536
5074309
5201341
5328095
5455064
5581793
5708539
5835309
5962063
6088804
6215555
6342585
139895
285686
426786
569069
710372
851261
990927
1131209
1271330
1413206
1553806
1693997
1834402
1975443
2116228
2256530
2398282
2540031
2679916
2819433
2965517
3107271
3252245
3392254
3538528
3678560
3824844
3964912
4111027
4251199
4396552
4535992
4681737
4822969
4968513
5108829
5253917
5394061
5535603
5675121
5817421
5958079
6098654
6239138
6379965
6521289
6662246
6801872
6942052
7082167
140716
280921
421304
560887
700389
839708
978853
1119297
1258886
1399010
1538336
1677979
1817612
1957240
2097205
2237068
2377038
2516483
2655887
2796652
2936044
3076274
3215573
3354941
3494133
3633604
3773816
3913141
4053567
4193385
4332518
4472756
4612181
4756681
4895828
5037572
5177457
5316665
5456021
5595390
5736018
5875408
6015620
6154698
6294154
6433430
6573069
6713021
6852381
6992041
139024
278767
418480
557532
697586
836629
975571
1114472
1253471
1392890
1532183
1671763
1810732
1949693
2088566
2227548
2367418
2506462
2645758
2784712
2923853
3062846
3201708
3341143
3480219
3619619
3758514
3897593
4036548
4175486
4314391
4453445
4592865
4731759
4871142
5009995
5148995
5288009
5427068
5566363
5705337
5844749
5983805
6122661
6261565
6400519
6539906
6678823
6818095
6957104
139326
280482
420005
559978
699226
839104
978148
1117673
1257613
1397231
1536907
1676354
1815565
1954898
2094025
2234511
2373957
2513999
2652992
2792244
2931523
3071082
3211033
3350437
3490825
3630204
3769651
3908797
4048207
4188279
4327775
4467445
4606714
4746282
4885437
5024442
5164698
5304187
5444497
5583640
5724038
5863176
6002630
6142407
6281909
6421754
6561102
6700148
6839311
6978610
140090
279090
418156
557353
696447
836146
975153
1114958
1254338
1393517
1532575
1672085
1811820
1951301
2090821
2230390
2369513
2508642
2647632
2787222
2926474
3066160
3205355
3344523
3483918
3624027
3763468
3902537
4042380
4181631
4321115
4460485
4599757
4739083
4878506
5018265
5157572
5297338
5436525
5575772
5714802
5853982
5993855
6133494
6273836
6413080
6552924
6692141
6831498
6971539
142299
283666
424836
567278
711125
853088
995470
1136669
1277822
1419397
1561127
1704115
1845478
1987138
2127431
2269024
2411658
2554999
2697412
2839484
2982627
3124426
3265704
3408288
3550229
3693583
3834880
3976574
4119272
4260727
4403538
4544499
4687141
4828168
4970351
5112472
5254116
5397074
5539535
5680123
5821984
5964477
6109423
6250170
6395051
6536808
6679015
6821366
6963834
7106889
139901
278801
418269
557649
698607
838527
978919
1118634
1258312
1397908
1536932
1677851
1817704
1962836
2106562
2246541
2385923
2526858
2678460
2819311
2959379
3099337
3238370
3377940
3517404
3658730
3798347
3938584
4078280
4219028
4358199
4497226
4638953
4778834
4919470
5058662
5198379
5337808
5477371
5617365
5757434
5897771
6037644
6176748
6316518
6456007
6597057
6736547
6876666
7016294
140861
282011
421747
563927
704004
844088
984038
1124736
1265642
1407485
1548184
1695027
1835081
1976419
2116220
2258282
2398251
2540374
2679996
2820167
2960006
3100744
3241467
3381466
3523527
3664010
3804384
3944287
4085405
4226376
4366648
4508518
4649742
4790794
4931580
5071454
5212538
5352995
5495638
5635322
5775725
5915944
6057644
6198257
6338828
6480653
6620846
6760825
6901069
7042689
146251
291115
436900
582282
727638
873901
1018767
1165355
1310248
1455693
1600208
1745774
1892103
2038065
2183829
2330008
2474918
2620857
2765269
2911613
3056773
3202640
3347149
3492709
3638652
3784192
3929799
4074944
4220002
4365517
4510503
4656003
4801557
4948101
5093082
5237930
5384484
5529912
5676015
5820429
5965860
6111321
6256485
6402854
6549750
6695993
6842147
6987032
7133872
7278850
143248
284736
426892
569425
711466
854027
996487
1138460
1280463
1422183
1564899
1706111
1848596
1989544
2131200
2273445
2415765
2558529
2700266
2841840
2984303
3125957
3268095
3409527
3551273
3692121
3833589
3977814
4119745
4262358
4404208
4546174
4687963
4830737
4973819
5115541
5257451
5399056
5540370
5683831
5825999
5968792
6109463
6252235
6394200
6536330
6678249
6820985
6962465
7104557
