4 11.200000
8 41.500000
12 86.600000
16 151.500000
20 234.500000
24 331.900000
28 423.700000
32 477.200000
36 486.900000
40 642.900000
44 680.000000
48 755.700000
52 855.500000
56 875.000000
60 961.000000
64 1080.400000
68 1164.500000
72 1262.200000
76 1364.200000
80 1458.300000
84 1596.100000
88 1880.800000
92 1889.100000
96 2086.900000
100 2269.100000
104 2428.100000
108 2677.600000
112 2797.900000
116 2976.600000
120 3231.000000
124 3428.300000
128 3587.500000
132 3855.500000
136 4117.500000
140 4389.000000
144 4653.500000
148 5124.900000
152 5139.700000
156 5349.100000
160 6035.800000
164 6094.100000
168 6701.700000
172 6733.900000
176 7212.100000
180 7465.800000
184 7608.900000
188 7732.400000
192 8113.500000
196 8309.600000
200 8927.000000
204 9228.300000
208 9352.800000
212 9815.100000
216 10248.100000
220 10448.300000
224 10890.300000
228 11475.000000
232 11698.400000
236 12179.700000
240 12512.900000
244 12901.300000
248 13557.100000
252 14000.700000
256 14695.400000
260 14587.500000
264 15360.100000
268 15619.800000
272 16364.000000
276 16411.900000
280 17295.300000
284 17368.900000
288 18512.700000
292 18325.200000
296 19380.700000
300 19998.700000
304 20299.000000
308 21987.700000
312 20933.600000
316 22834.100000
320 22040.200000
324 23503.600000
328 23726.900000
332 24463.100000
336 24779.000000
340 24921.800000
344 26485.200000
348 26553.600000
352 26735.800000
356 27708.400000
360 28410.900000
364 29094.700000
368 29625.300000
372 30552.300000
376 30656.600000
380 31401.000000
384 32124.300000
388 32822.900000
392 33500.500000
396 34192.400000
400 34884.000000
404 36160.500000
408 36095.600000
412 37686.800000
416 38348.600000
420 38167.800000
424 40167.600000
428 39396.700000
432 41594.800000
436 41823.800000
440 42402.400000
444 44711.400000
448 43862.200000
452 45233.800000
456 45697.900000
460 45893.400000
464 47055.700000
468 48481.100000
472 49549.200000
476 49401.800000
480 51475.900000
484 51030.200000
488 51812.300000
492 53145.000000
496 54730.400000
500 55014.500000
504 55298.300000
508 57354.900000
512 57057.900000
516 58273.100000
520 58994.400000
524 59972.900000
528 62392.400000
532 61386.500000
536 62458.200000
540 63437.600000
544 67407.500000
548 65390.400000
552 69142.900000
556 67356.800000
560 70923.100000
564 70354.200000
568 73517.200000
572 72170.400000
576 73681.700000
580 74612.400000
584 75389.900000
588 78708.600000
592 77351.300000
596 81732.600000
600 79154.900000
604 82213.100000
608 82578.500000
612 84082.800000
616 91075.300000
620 97503.100000
624 96564.800000
628 89600.200000
632 91072.900000
636 91465.400000
640 96455.600000
644 98948.400000
648 100116.800000
652 105583.700000
656 106923.100000
660 111094.000000
664 118988.000000
668 116139.500000
672 121105.800000
676 122971.800000
680 131488.500000
684 133793.800000
688 131073.900000
692 142084.300000
696 139426.600000
700 139979.700000
704 144219.900000
708 141102.500000
712 138714.000000
716 141941.400000
720 140047.000000
724 139250.200000
728 137384.100000
732 135021.200000
736 157835.400000
740 154759.100000
744 146916.100000
748 156230.000000
752 158224.000000
756 147019.800000
760 162267.800000
764 169873.700000
768 165979.300000
772 173965.200000
776 174192.200000
780 172836.600000
784 161451.500000
788 156967.100000
792 171292.000000
796 170390.400000
800 177962.900000
