210
412
641
839
1038
1237
1436
1661
1860
2058
2256
2483
2682
2881
3079
3306
3504
3702
3900
4099
4319
4518
4717
4916
5114
5332
5531
5729
5927
6125
6343
6541
6739
6937
7156
7354
7552
7750
7949
8170
8368
8566
8765
8964
9173
9372
9590
9789
9987
10195
234
432
631
856
1054
1252
1450
1669
1868
2067
2266
2465
2687
2886
3112
3311
3528
3727
3926
4144
4342
4557
4756
4955
5172
5371
5587
5785
5984
6202
6401
6617
6815
7032
7230
7428
7646
7845
8062
8261
8460
8675
8874
9091
9290
9508
9707
9906
10124
10323
227
425
642
841
1057
1255
1453
1671
1870
2087
2286
2485
2770
2969
3186
3385
3603
3802
4001
4217
4415
4632
4831
5047
5246
5445
5643
5799
5955
6210
6376
6552
6734
6907
7150
7317
7486
7657
7829
7985
8187
8343
8500
8656
8812
8969
9151
9308
9464
9620
164
364
521
677
833
990
1147
1341
1498
1654
1810
1967
2123
2314
2470
2627
2784
2940
3097
3288
3444
3600
3757
3914
4070
4268
4424
4580
4737
4893
5058
5241
5397
5554
5710
5866
6031
6215
6372
6528
6744
6901
7058
7214
7382
7553
7746
7915
8076
8234
224
380
537
703
870
1040
1237
1406
1572
1738
1934
2101
2268
2435
2601
2767
2951
3118
3285
3451
3617
3784
3967
4134
4301
4467
4633
4814
4980
5136
5293
5450
5606
5828
5996
6180
6358
6542
6713
6942
7112
7282
7451
7608
7837
8004
8160
8317
8474
8630
164
320
477
633
789
983
1140
1296
1453
1609
1765
1959
2115
2272
2428
2584
2741
2932
3088
3244
3401
3557
3714
3907
4064
4220
4377
4534
4690
4883
5039
5196
5352
5508
5665
5866
6023
6179
6336
6493
6658
6858
7015
7171
7327
7484
7669
7825
7981
8138
163
358
514
670
827
983
1139
1331
1497
1670
1838
2017
2189
2456
2622
2788
2954
3121
3330
3496
3653
3809
3987
4143
4327
4484
4640
4815
5001
5157
5392
5565
5783
5939
6106
6395
6562
6729
6912
7078
7244
7449
7615
7782
7967
8197
8387
8553
8737
8904
175
341
523
730
899
1094
1260
1446
1612
1778
1945
2112
2279
2463
2629
2795
2961
3128
3295
3478
3645
3812
3978
4145
4335
4503
4672
4837
5002
5162
5406
5571
5728
5884
6040
6206
6375
6531
6687
6844
7000
7184
7341
7497
7653
7810
7966
8148
8305
8462
164
321
477
688
845
1001
1157
1327
1535
1691
1847
2004
2160
2316
2514
2671
2828
2984
3141
3298
3490
3646
3802
3959
4116
4272
4455
4612
4768
4924
5081
5237
5426
5582
5738
5895
6051
6207
6398
6555
6711
6868
7025
7181
7372
7528
7684
7841
7997
8153
164
320
477
634
790
983
1139
1295
1452
1608
1764
1950
2122
2278
2434
2591
2748
2945
3102
3258
3414
3571
3727
3915
4071
4227
4384
4541
4739
4896
5052
5208
5365
5521
5713
5869
6025
6182
6339
6495
6698
6865
7037
7193
7350
7545
7701
7857
8014
8170
705
1423
2143
2864
3549
4277
4998
5723
6408
7128
7848
8568
9324
10108
10834
11585
12307
13075
13787
14535
15256
16002
16714
17466
18186
18935
19654
20482
21239
21982
22714
23557
24296
25009
25751
26462
27210
27971
28767
29527
30284
31021
31777
32523
33315
34114
34839
35594
36332
37087
758
1526
2327
3201
3983
4697
5435
6145
6893
7604
8341
9062
9774
10520
11245
11991
12700
13449
14159
14935
15877
16604
17360
18107
18862
19600
20355
21108
21860
22571
23308
24026
24762
25478
26225
26945
27666
28405
29115
29860
30571
31330
32050
32795
33506
34252
34994
35822
36539
37286
769
1507
2262
3007
3768
4479
5198
5942
6654
7392
8103
8841
9552
10288
11009
11754
12466
13215
13927
14639
15384
16094
16855
17568
18306
19028
19775
20487
21223
21942
22694
23406
24158
24877
25589
26325
27047
27799
28510
29257
29967
30712
31423
32168
32887
33633
34344
35063
35810
36541
750
1461
2207
2926
3674
4386
5133
5856
6607
7316
8062
8772
9517
10229
10958
11686
12398
13152
13863
14608
15319
16073
16784
17529
18240
18985
19714
20458
21169
21920
22631
23375
24096
24833
25575
26286
27035
27755
28499
29210
29947
30657
31395
32107
32854
33565
34310
35022
35764
36493
733
1469
2199
2936
3646
4384
5095
5839
6549
7292
8004
8753
9474
10215
10936
11646
12391
13103
13841
14561
15306
16017
16753
17484
18232
18944
19690
20409
21154
21867
22596
23332
24046
24784
25503
26248
26960
27705
28429
29177
29889
33683
34503
35331
36165
37041
38208
38971
39765
40588
760
1593
2344
3098
3841
4596
5343
6100
6838
7596
8349
9108
9846
10604
11351
12112
12850
13609
14364
15110
15867
16605
17362
18110
18874
19612
20370
21173
21936
22674
23432
24178
24933
25671
26468
27218
27977
28729
29488
30249
30998
31761
32503
33264
34017
34777
35519
36298
37076
37853
789
1543
2368
3116
3884
4636
5398
6145
6909
7660
8503
9276
10017
10779
11539
12301
13044
13805
14558
15318
16058
16821
17573
18344
19085
19846
20597
21379
22240
22986
23754
24503
25269
26010
26770
27524
28286
29027
29790
30541
31300
32041
32806
33555
34315
35055
35819
36577
37344
38084
774
1514
2277
3036
3824
4591
5335
6094
6844
7607
8347
9115
9915
10772
11625
12454
13309
14138
15003
15864
16738
17601
18441
19335
20197
21055
21913
22772
23551
24321
25098
25875
26648
27419
28202
29012
29821
30692
31557
32409
33277
34125
34983
35855
36721
37581
38459
39325
40200
41055
861
1735
2599
3446
4316
5167
6025
6876
7740
8569
9441
10310
11169
12045
12918
13769
14622
15472
16333
17171
18019
18870
19732
20583
21454
22328
23168
24007
24869
25720
26570
27433
28293
29140
29967
30801
31663
32472
33310
34147
34952
35760
36545
37345
38133
38894
39680
40402
41169
41882
766
1479
2226
2945
3693
4406
5146
5869
6582
7329
8050
8795
9507
10251
10962
11699
12410
13156
13873
14639
15351
16088
16808
17519
18256
18985
19725
20447
21195
21906
22651
23363
24109
24835
25605
26326
27072
27782
28526
29247
29987
30726
31450
32188
32898
33649
34357
35116
35826
36571
1733
3415
5116
6823
8501
10248
11931
13631
15312
17010
18710
20488
22231
23976
25888
27601
29274
30984
32658
34503
36305
38066
39814
41527
43341
45155
46833
48506
50213
51910
53619
55301
57215
58964
60718
62426
64134
65823
67521
69202
70881
72597
74279
76012
77784
79539
81275
82990
84680
86399
1711
3455
5138
6860
8592
10351
12093
13853
15598
17360
19101
20858
22604
24382
26126
27915
29656
31413
33154
34936
36681
38449
40208
42061
43813
45550
47310
49069
50827
52566
54327
56071
57826
59529
61189
62855
64519
66188
67839
69472
71105
72824
74479
76148
77783
79440
81073
82765
84419
86073
1665
3324
4973
6663
8297
9967
11621
13253
14901
16603
18235
19906
21579
23235
24884
26565
28384
30047
31703
33335
35014
36706
38427
40061
41713
43360
44993
46675
48372
50006
51662
53294
54942
56618
58271
59945
61595
63226
64875
66590
68272
70002
71681
73328
74965
76642
78358
80013
81670
83358
1668
3340
5018
6671
8322
9956
11620
13338
14994
16692
18367
20001
21654
23328
25007
26682
28332
29967
31621
33296
34952
36606
38275
39912
41575
43249
44901
46582
48237
49894
51543
53222
54869
56527
58177
59799
61442
63086
64777
66418
68061
69699
71357
72999
74658
76286
77907
79560
81223
82871
1683
3324
4965
6624
8300
9945
11654
13282
14902
16573
18233
19875
21539
23179
24799
26460
28128
29772
31427
33109
34729
36380
38059
39700
41332
42981
44624
46254
47943
49585
51215
52887
54550
56180
57868
59528
61158
62824
64484
66115
67778
69435
71124
72745
74385
76015
77686
79339
81001
82700
1655
3328
4990
6672
8327
9950
11621
13365
15028
16680
18322
19943
21603
23264
24911
26600
28231
29852
31488
33142
34785
36478
38131
39755
41384
43044
44685
46334
47992
49651
51368
53040
54684
56333
58009
59639
61268
62925
64584
66233
67890
69511
71139
72779
74443
76096
77742
79404
81033
82674
1761
3390
5048
6670
8298
9961
11625
13262
14898
16557
18208
19870
21529
23160
24805
26464
28093
29765
31395
33055
34699
36371
38010
39673
41302
42972
44724
46389
48051
49691
51325
52957
54615
56293
57945
59603
61223
62873
64533
66230
67861
69547
71180
72808
74433
76138
77794
79455
81122
82751
1672
3319
5003
6655
8276
9926
11629
13274
15028
16739
18362
20003
21663
23338
25027
26680
28302
30198
31958
33698
35378
37000
38628
40248
41936
43591
45249
46883
48513
50162
51840
53484
55126
56762
58425
60046
61722
63371
65015
66656
68300
69920
71569
73233
74901
76529
78193
79814
81477
83142
1658
3347
4996
6667
8336
9985
11619
13249
14891
16556
18207
19871
21560
23212
24856
26506
28158
29824
31444
33085
34714
36391
38043
39695
41334
43004
44636
46306
47956
49604
51241
52914
54544
56199
57894
59565
61202
62848
64518
66172
67846
69494
71161
72795
74444
76072
77758
79406
81035
82700
1662
3354
4983
6652
8294
9946
11585
13272
14922
16570
18209
19851
21601
23352
25008
29932
31817
33842
35760
37590
39344
41087
42852
44581
46335
48075
49821
51557
53318
55058
56810
58572
60310
62061
63798
65551
67286
69039
70777
72548
74301
76054
77748
79472
81161
82852
84574
86286
88022
89713
3118
6189
9295
12357
15427
18593
21950
25017
28070
31148
34348
37684
40777
43868
46936
50195
53453
56600
59653
62737
65815
68874
72042
75228
78304
81399
84442
87504
90590
93635
96716
99820
102872
105937
109029
112131
115184
118238
121290
124360
127423
130528
133574
136635
139696
142755
145832
148937
151987
155056
3064
6113
9147
12235
15291
18345
21378
24421
27470
30535
33598
36639
39693
42725
45765
48797
51858
54928
58005
61037
64069
67112
70158
73207
76285
79327
82377
85417
88456
91508
94695
97748
100812
103939
107067
110125
113185
116238
119296
122378
125421
128461
131529
134562
137604
140636
143680
146710
149743
152767
3091
6129
9180
12234
15279
18309
21369
24404
27476
30515
33556
36589
39622
42672
45717
48740
51821
54864
57906
60949
64009
67041
70074
73120
76179
79227
82280
85312
88334
91396
94443
97518
100560
103606
106647
109671
112722
115755
118791
121859
124919
127967
131000
134033
137066
140115
143161
146229
149272
152303
3046
6123
9192
12228
15308
18362
21447
24477
27528
30568
33591
36665
39703
42746
45799
48840
51863
54902
57945
61018
64057
67102
70151
73219
76266
79296
82327
85398
88442
91477
94508
97551
100604
103752
106819
109854
112892
115948
119005
122209
125380
128547
131752
134935
138114
141304
144377
147544
150649
153702
3084
6130
9206
12297
15355
18411
21474
24548
27592
30660
33736
36770
39842
42896
45941
48994
52072
55133
58178
61236
64363
67456
70518
73578
76689
79751
82792
85851
88949
91991
95082
98153
101212
104263
107323
110373
113481
116549
119601
122652
125728
128942
132009
135169
138364
141451
144518
147585
150653
153737
3089
6154
9204
12265
15341
18399
21468
24510
27583
30641
33736
36796
39837
42899
45949
49019
52089
55189
58230
61298
64361
67429
70494
73597
76668
79731
82790
85859
88907
92034
95086
98148
101212
104258
107291
110337
113414
116463
119511
122553
125589
128626
131669
134797
137861
144149
147553
151025
154162
157208
3067
6148
9254
12376
15418
18460
21525
24564
27617
30705
33752
36788
39818
42859
45932
48982
52067
55100
58149
61201
64240
67313
70346
73398
76541
79597
82646
85715
88749
91784
94827
97930
100983
104071
107226
110449
113609
116774
119948
123095
126262
129419
132585
135755
138894
142068
145246
148407
151568
154718
3161
6427
9704
12989
16292
19579
22863
26488
29976
33279
36623
39905
43204
46365
49521
52682
55845
58988
62123
65254
68401
71560
74688
77825
81024
84152
87310
90453
93581
96682
99751
102808
105870
108925
111985
115061
118109
121198
124327
127578
130672
133725
136777
139840
142928
145975
149007
152068
155117
158181
3090
6132
9186
12235
15295
18346
21437
24500
27549
30617
33655
36696
39751
42850
45906
48962
52010
55053
58134
61222
64279
67313
70375
73421
76490
79595
82647
85717
88789
91837
94907
98053
101182
104244
107288
110422
113482
116554
119623
122684
125744
128850
131908
134968
138033
141089
144173
147248
150319
153368
3077
6184
9251
12317
15377
18431
21556
24636
27696
30747
33829
36918
39977
43047
46106
49160
52225
55328
58390
61458
64527
67591
70642
73751
76800
79866
82922
85987
89101
92160
95229
98302
101355
104416
107504
110555
113634
116687
119875
122971
126029
129081
132143
135211
138305
141368
144429
147483
150552
153645
4864
9749
14612
19585
24597
29392
34545
39781
44626
49436
54633
59574
64363
69208
74457
79406
84228
89108
93937
98727
103573
108408
113213
118063
122914
127750
132556
137479
142339
147190
151987
156820
161671
166476
171298
176136
180945
185779
190604
195412
200238
205086
209919
214706
219541
224382
229197
234025
238874
243700
4852
9638
14497
19340
24144
28964
33799
38641
43467
48413
53434
61998
67207
72022
76938
81805
86634
91482
96330
101151
105976
110834
115745
120591
125429
130262
135086
139924
144750
149560
154404
159227
164065
168927
173783
178574
183399
188236
193086
197944
202792
207636
212457
217309
222158
226990
231841
236714
241572
246392
4901
9727
14585
19433
24306
29137
33993
39006
43922
48771
53606
58460
63321
68190
73024
77887
82750
87591
92465
97341
102197
107025
111897
116750
121616
126446
131314
136338
141309
146174
151056
155886
160769
165633
170592
175447
180301
185128
189995
194849
199681
204536
209390
214255
219058
223884
228715
233497
238326
243159
4859
9681
14487
19330
24165
28992
33825
38655
43491
48294
53128
57960
62764
67607
72439
77242
82058
86877
91681
96517
101366
106215
111013
115864
120704
125498
130329
135161
139974
144807
149642
154431
159253
164084
168917
173748
178587
183385
188216
193047
197903
202760
207594
212439
217236
222067
226930
231732
236611
241457
4855
9690
14484
19319
24159
28971
33800
38625
43418
48236
53069
57877
62704
67548
72418
77272
82095
86925
91758
96599
101439
106278
111094
116220
121432
126341
131183
136003
140943
145884
150806
155653
160487
165281
170116
174965
179772
184606
189461
194276
199115
203972
208825
213651
218514
223361
228174
233041
237894
242746
4874
9806
14644
19630
24724
29608
34482
39350
44485
52751
58116
63411
68438
73443
78451
83489
88489
93474
98468
103494
108339
113066
117852
122595
127324
132077
136848
141623
146353
151094
155884
160616
165393
170186
174954
179688
184444
189226
193999
198767
203477
208220
212921
217639
222319
227049
231761
236479
241193
245883
4722
9442
14117
19012
24065
29092
34123
39185
44171
49160
54144
59131
64123
69109
74085
79259
84433
89786
95238
100427
105600
110788
115999
121194
126416
131621
136804
141942
146918
151884
156877
161836
166796
171752
176711
181674
186641
191601
196559
201513
206415
211088
215815
220577
225262
229975
234629
239337
244059
248758
4769
9469
14197
18946
23633
28385
33065
37782
42491
47213
51905
56607
61288
66067
70748
75448
80218
85110
89846
94643
99585
104328
109268
114011
118711
123466
128211
132953
137681
142443
147178
151867
156591
161329
166106
170886
175666
180355
185138
189843
194614
199353
204109
208840
213610
218341
223105
227827
232609
237365
4758
9485
14235
18993
23692
28432
33167
37914
42730
47475
52229
56962
61716
66531
71284
76015
80792
85551
90394
95129
99875
104566
109342
114382
119294
123979
128769
133638
138338
143112
147799
152574
157256
162039
166722
171447
176110
180821
185523
190306
195019
199691
204435
209141
213870
218538
223255
227984
232703
237403
4681
9378
14122
18820
23517
28246
32990
41155
46543
51609
56332
61071
65833
70610
75316
80035
84862
89590
94287
99011
103772
108479
113173
117849
122626
127320
132017
136719
141441
146140
150922
155633
160368
165047
169784
174471
179209
183901
188580
193347
198056
202796
207473
212200
216916
221593
226319
231048
235745
240450
