272
544
851
1122
1394
1666
1962
2234
2505
2777
3048
3320
3592
3864
4136
4407
4678
4950
5222
5493
5765
6036
6307
6579
6850
7122
7393
7664
7936
8208
8480
8752
9024
9296
9568
9840
10111
10383
10654
10925
11197
11469
11741
12013
12284
12556
12828
13100
13372
13643
272
543
815
1086
1377
1668
1989
2261
2533
2805
3077
3349
3621
3893
4164
4435
4707
4978
5250
5521
5794
6140
6411
6683
6955
7227
7499
7771
8043
8315
8586
8858
9204
9476
9747
10019
10290
10565
10836
11108
11380
11655
11927
12199
12470
12751
13023
13294
13566
13838
272
544
816
1091
1363
1634
1906
2178
2450
2722
2993
3265
3537
3809
4081
4353
4624
4896
5168
5440
5711
5983
6255
6527
6799
7071
7343
7615
7887
8159
8431
8703
8975
9247
9519
9790
10061
10333
10605
10877
11149
11421
11692
11964
12239
12511
12782
13054
13329
13601
272
544
820
1092
1364
1636
1911
2182
2454
2726
3001
3272
3544
3815
4087
4359
4630
4901
5172
5443
5714
5985
6257
6529
6801
7073
7345
7617
7889
8160
8432
8703
8974
9245
9516
9788
10060
10332
10643
10915
11187
11459
11731
12003
12274
12546
12817
13089
13360
13632
272
543
815
1126
1397
1668
1940
2211
2483
2755
3027
3299
3570
3842
4113
4385
4657
5012
5284
5556
5828
6099
6439
6710
6982
7254
7526
7798
8069
8341
8613
8884
9156
9428
9726
9998
10270
10541
10851
11122
11394
11665
11937
12208
12480
12752
13023
13295
13566
13841
272
607
879
1151
1423
1718
1990
2262
2534
2806
3078
3350
3622
3894
4166
4438
4710
5063
5335
5607
5879
6151
6423
6696
6969
7241
7566
7838
8110
8382
8654
8926
9198
9470
9807
10079
10350
10622
10894
11165
11437
11709
11981
12253
12524
12796
13068
13343
13614
13886
272
544
815
1086
1358
1633
1905
2177
2449
2725
2997
3269
3541
3816
4088
4360
4631
4902
5174
5445
5716
5988
6260
6532
6804
7076
7348
7619
7890
8161
8432
8703
8975
9247
9519
9790
10061
10333
10605
10877
11148
11419
11691
11963
12235
12507
12779
13051
13323
13595
273
545
818
1090
1363
1636
1908
2180
2453
2726
2998
3270
3546
3819
4091
4364
4639
4911
5183
5456
5732
6004
6276
6549
6822
7094
7367
7640
7912
8184
8456
8729
9001
9274
9546
9819
10091
10363
10635
10908
11180
11453
11726
11998
12271
12543
12815
13087
13359
13632
272
544
815
1086
1358
1630
1901
2173
2445
2717
2989
3261
3533
3805
4077
4348
4620
4892
5163
5439
5710
5981
6253
6528
6800
7071
7343
7617
7889
8161
8433
8704
8976
9247
9519
9790
10062
10334
10606
10878
11150
11422
11694
11966
12238
12510
12781
13053
13325
13597
272
543
815
1087
1358
1630
1901
2172
2443
2714
2986
3257
3529
3800
4072
4344
4615
4887
5158
5430
5701
5973
6247
6519
6791
7062
7337
7609
7880
8152
8427
8699
8970
9242
9514
9786
10057
10328
10600
10871
11143
11415
11687
11959
12230
12501
12773
13044
13315
13587
1086
2171
3485
4571
5657
6743
7831
8917
10002
11088
12173
13337
14423
15604
16690
17775
18861
19947
21033
22118
23204
24293
25383
26472
27561
28650
29739
30828
31917
33006
34094
35180
36266
37352
38437
39522
40608
41694
42780
43866
44952
46037
47123
48209
49295
50381
51467
52553
53639
54725
1084
2168
3252
4335
5418
6501
7585
8668
9752
10835
11919
13003
14090
15177
16263
17350
18436
19523
20616
21703
22790
23877
24960
26044
27127
28210
29293
30377
31461
32545
33629
34713
35797
36881
37965
39048
40132
41216
42300
43383
44467
45551
46727
47811
48895
49978
51062
52146
53230
54314
1085
2170
3255
4340
5425
6514
7602
8690
9779
10868
11956
13046
14134
15222
16311
17396
18481
19566
20651
21736
22820
23905
24990
26075
27160
28245
29330
30415
31500
32585
33670
34755
35840
36925
38009
39095
40179
41264
42349
43434
44519
45607
46695
47783
48891
49980
51068
52156
53245
54333
1088
2176
3265
4354
5443
6527
7611
8698
9801
10906
12135
13333
14472
15732
16947
18160
19373
20521
21647
22815
23942
25091
26259
27414
28540
29635
30720
31804
33042
34221
35310
36395
37479
38564
39649
40734
41818
42903
43987
45071
46155
47239
48323
49408
50493
51577
52661
53745
54830
55915
1085
2170
3255
4340
5425
6514
7602
8689
9778
10866
11974
13063
14153
15241
16330
17415
18500
19585
20670
21754
22839
23924
25009
26094
27179
28264
29349
30434
31519
32604
33689
34774
35859
36944
38029
39114
40199
41284
42369
43454
44539
45627
46716
47804
48990
50080
51168
52256
53345
54432
1087
2176
3264
4352
5441
6528
7616
8704
9792
10876
11961
13046
14130
15214
16299
17383
18467
19551
20635
21720
22805
23890
24975
26059
27143
28228
29313
30398
31482
32567
33651
34735
35819
36904
37988
39073
40181
41288
42396
43483
44571
45659
46747
47835
48923
50010
51095
52179
53263
54347
1089
2174
3259
4344
5429
6514
7599
8684
9769
10854
11939
13024
14109
15194
16279
17364
18449
19534
20619
21704
22788
23873
24958
26043
27128
28213
29298
30383
31468
32579
33687
34776
35864
36952
38041
39129
40217
41305
42394
43478
44563
45648
46733
47818
48903
49988
51073
52158
53243
54328
1085
2169
3253
4337
5422
6506
7590
8674
9759
10844
11929
13014
14098
15182
16267
17351
18436
19520
20605
21689
22777
23865
24953
26040
27129
28216
29304
30392
31479
32564
33648
34733
35818
36903
37988
39072
40157
41241
42325
43410
44495
45579
46663
47747
48831
49915
50999
52083
53248
54332
1198
2283
3369
4454
5539
6624
7710
8795
9881
10967
12052
13138
14224
15310
16399
17487
18575
19664
20752
21841
22931
24019
25107
26196
27281
28367
29452
30537
31622
32708
33793
34878
35963
37049
38134
39220
40306
41392
42478
43563
44649
45734
46819
47904
48989
50075
51160
52245
53331
54416
1085
2170
3255
4339
5424
6513
7601
8690
9777
10865
11957
13045
14132
15220
16308
17393
18477
19562
20646
21731
22816
23901
24985
26069
27153
28237
29322
30406
31490
32574
33658
34742
35826
36910
37994
39079
40164
41248
42333
43418
44506
45595
46683
47771
48859
49947
51034
52122
53209
54296
2444
4889
7406
9926
12370
14815
17260
19701
22142
24588
27033
29482
31923
34364
36808
39253
41699
44141
46582
49023
51468
53912
56357
58798
61243
63687
66131
68576
71017
73458
75902
78347
80791
83232
85674
88120
90565
93010
95451
97892
100340
102784
105229
107673
110114
112555
115001
117445
119890
122331
2445
4890
7334
9776
12218
14685
17130
19575
22016
24457
26901
29347
31792
34233
36674
39120
41565
44009
46453
48895
51337
53782
56227
58671
61113
63554
66000
68445
70889
73330
75771
78216
80661
83106
85550
87991
90432
92877
95322
97767
100209
102791
105385
107829
110275
112716
115158
117603
120048
122492
2442
4888
7334
9779
12221
14663
17108
19553
21998
24440
26882
29327
31772
34218
36663
39105
41547
43992
46437
48881
51323
53765
56210
58655
61101
63542
65984
68429
70875
73319
75764
78206
80648
83093
85537
87983
90425
92867
95338
97783
100228
102670
105112
107557
110002
112447
114892
117334
119815
122261
2441
4883
7347
9792
12237
14678
17119
19564
22009
24453
27000
29441
31887
34331
36775
39216
41657
44101
46545
48990
51435
53876
56317
58762
61206
63650
66092
68533
70977
73421
75866
78307
80748
83193
85638
88082
90531
92972
95414
97859
100303
102749
105190
107631
110076
112521
114965
117406
119847
122287
2444
4885
7326
9771
12215
14659
17100
19541
21985
24429
26874
29319
31760
34201
36646
39094
41539
43980
46421
48865
51309
53754
56196
58637
61078
63523
65968
68413
71001
73445
75890
78334
80779
83220
85662
88106
90551
92996
95437
97878
100323
102767
105211
107652
110093
112534
114979
117425
119869
122310
2447
4895
7339
9782
12229
14676
17123
19570
22013
24456
26903
29350
31837
34281
36725
39172
41620
44067
46511
48955
51403
53850
56297
58741
61185
63632
66079
68527
70974
73417
75861
78308
80756
83203
85646
88090
90537
92984
95431
97874
100318
102765
105213
107660
110127
112571
115015
117462
119909
122353
2446
4891
7336
9778
12220
14665
17109
19554
21995
24436
26880
29325
31770
34212
36653
39094
41539
43983
46428
48909
51350
53795
56240
58685
61126
63567
66031
68475
70919
73360
75801
78242
80687
83133
85577
88019
90460
92905
95349
97794
100236
102678
105122
107567
110012
112457
114898
117340
119785
122229
2441
4886
7331
9775
12220
14661
17102
19547
21991
24436
26877
29319
31763
34208
36652
39281
41722
44167
46611
49055
51496
53937
56381
58825
61270
63712
66191
68636
71081
73553
76022
78463
80905
83350
85795
88240
90681
93123
95567
98012
100461
102903
105344
107789
110233
112677
115122
117564
120005
122449
2441
4882
7326
9770
12215
14660
17101
19542
21987
24431
26876
29317
31758
34202
36646
39090
41531
43972
46416
48884
51329
53774
56215
58656
61100
63544
65989
68430
70871
73315
75760
78205
80646
83185
85630
88075
90519
92960
95401
97845
100291
102737
105181
107623
110064
112509
114953
117397
119839
122280
2444
4885
7326
9767
12212
14656
17102
19544
21985
24429
26874
29319
31761
34203
36649
39094
41539
43985
46427
48868
51313
53758
56203
58644
61085
63530
65975
68420
70862
73303
75748
78192
80637
83082
85524
87965
90411
92856
95301
97743
100222
102667
105112
107557
109999
112440
114884
117348
119792
122237
4515
8942
13390
17731
22073
26414
30756
35101
39443
43784
48125
52467
56809
61151
65493
69840
74182
78524
82867
87208
91549
95891
100232
104573
108919
113262
117604
121946
126289
130630
134992
139335
143681
148022
152363
156705
161047
165388
169730
174132
178473
182815
187157
191498
195840
200182
204524
208866
213209
217550
4342
8685
13027
17389
21732
26079
30422
34764
39107
43449
47828
52191
56534
60877
65220
69563
73907
78250
82593
86939
91281
95625
99967
104312
108654
112997
117339
121681
126024
130366
134709
139052
143394
147737
152079
156422
160765
165108
169451
173793
178135
182479
186825
191167
195509
199852
204194
208536
212880
217222
4341
8682
13023
17364
21706
26047
30391
34733
39076
43417
47758
52100
56441
60782
65127
69468
73935
78377
82744
87084
91425
95766
100107
104448
108790
113135
117477
121819
126161
130502
134842
139184
143525
147870
152211
156553
160894
165235
169577
173918
178259
182602
186946
191288
195629
199970
204311
208651
212993
217334
4342
8689
13031
17373
21717
26081
30424
34771
39115
43458
47801
52145
56487
60829
65172
69515
73861
78203
82546
86889
91231
95575
99917
104260
108602
112949
117291
121634
125977
130320
134662
139006
143349
147695
152041
156384
160727
165069
169413
173756
178099
182442
186789
191131
195583
199926
204269
208612
212955
217297
4342
8684
13026
17367
21709
26050
30392
34734
39076
43418
47760
52102
56443
60784
65127
69469
73814
78156
82498
86839
91181
95523
99864
104205
108547
112890
117231
121573
125915
130257
134598
138940
143285
147630
151972
156314
160655
164996
169338
173680
178021
182363
186705
191047
195393
199735
204077
208418
212760
217101
4342
8684
13027
17369
21712
26054
30396
34739
39081
43423
47765
52108
56450
60792
65135
69477
73825
78167
82510
86852
91194
95537
99879
104221
108563
112909
117251
121593
125935
130277
134619
138962
143304
147688
152031
156374
160717
165058
169401
173743
178085
182428
186774
191116
195458
199801
204143
208485
212827
217169
4342
8685
13027
17369
21712
26054
30396
34738
39082
43446
47788
52131
56473
60815
65161
69542
73884
78247
82590
86932
91274
95616
99958
104303
108645
112988
117330
121672
126015
130357
134699
139042
143385
147727
152069
156412
160754
165096
169439
173781
178126
182468
186811
191153
195495
199838
204180
208522
212866
217208
4342
8684
13026
17367
21709
26051
30393
34734
39076
43417
47778
52121
56466
60808
65149
69491
73832
78174
82516
86858
91200
95545
99887
104228
108569
112911
117252
121594
125936
130282
134624
138968
143310
147651
151992
156335
160676
165018
169363
173705
178046
182387
186729
191070
195412
199753
204098
208439
212781
217124
4341
8686
13028
17370
21711
26052
30393
34734
39076
43418
47762
52104
56465
60826
65168
69510
73852
78193
82535
86877
91218
95559
99901
104242
108583
112924
117265
121610
125951
130293
134635
138976
143317
147658
151999
156341
160683
165025
169366
173708
178049
182390
186732
191073
195463
199824
204166
208534
212875
217217
4342
8685
13028
17370
21712
26054
30397
34739
39086
43429
47772
52115
56458
60802
65145
69488
73834
78176
82519
86862
91204
95547
99890
104232
108575
112921
117264
121607
125950
130295
134637
138979
143322
147664
152006
156348
160692
165035
169401
173745
178088
182431
186777
191120
195462
199805
204150
208492
212835
217178
6798
13664
20451
27239
34026
40857
47643
54431
61218
68001
74784
81566
88348
95134
101964
108751
115537
122323
129112
135899
142685
149471
156258
163041
169824
176708
183491
190278
197064
203851
210638
217425
224212
230999
237786
244573
251360
258143
264926
271710
278493
285281
292068
298856
305644
312431
319256
326094
332912
339852
6783
13567
20350
27133
33920
40708
47495
54283
61071
67859
74649
81477
88284
95068
101852
108636
115419
122207
128994
135781
142568
149355
156142
162930
169821
176604
183387
190169
196955
203741
210527
217317
224103
230889
237748
244534
251321
258145
264929
271713
278496
285279
292066
298854
305641
312428
319215
326002
332789
339576
6786
13568
20354
27136
33918
40699
47484
54269
61055
67840
74624
81409
88193
94977
101762
108547
115329
122111
128892
135673
142459
149245
156031
163012
169797
176583
183368
190154
196978
203781
210564
217346
224128
230913
237699
244486
251271
258057
264842
271627
278413
285199
291985
298767
305548
312330
319112
325896
332791
339577
6787
13573
20360
27147
33933
40716
47499
54281
61065
67848
74635
81421
88209
94995
101782
108572
115359
122145
128931
135755
142537
149319
156100
162886
169671
176457
183243
190029
196855
203641
210426
217211
223996
230778
237560
244343
251126
257908
264694
271480
278267
285054
291904
298731
305518
312304
319087
326076
332858
339645
6788
13577
20365
27153
33940
40728
47516
54308
61095
67883
74667
81471
88256
95044
101832
108621
115409
122198
128986
135774
142562
149350
156135
162920
169705
176494
183283
190072
196865
203654
210442
217231
224019
230808
237596
244380
251164
257948
264732
271520
278307
285094
291882
298669
305457
312244
319031
325818
332602
339385
6783
13566
20352
27137
33923
40708
47493
54279
61065
67850
74636
81421
88207
94989
101770
108551
115333
122117
128901
135686
142473
149982
156767
163551
170336
177117
183898
190679
197460
204241
211026
217812
224597
231383
238168
244953
251739
258524
265309
272094
278876
285658
292439
299242
306028
312813
319598
326383
333168
339954
6785
13569
20354
27136
33917
40699
47481
54266
61051
67837
74623
81409
88199
95025
101811
108597
115383
122165
128947
135729
142511
149438
156224
163009
169795
176581
183367
190153
196939
203721
210502
217283
224064
230846
237632
244443
251227
258012
264797
271582
278367
285152
291937
298722
305504
312446
319227
326014
332800
339586
6786
13571
20356
27141
33989
40775
47562
54344
61125
67907
74689
81473
88259
95044
101830
108615
115399
122184
128969
135754
142680
149462
156243
163025
169807
176638
183425
190210
196995
203780
210566
217352
224138
230923
237705
244488
251271
258053
264838
271623
278410
285196
291981
298766
305552
312337
319123
325905
332687
339469
6779
13559
20343
27126
33909
40693
47476
54260
61043
67827
74610
81393
88218
94999
101779
108559
115340
122147
128931
135776
142559
149343
156126
162911
169695
176479
183263
190042
196822
203602
210381
217163
223945
230729
237512
244295
251078
257861
264643
271426
278209
284992
291772
298551
305454
312233
319017
325800
332585
339368
6786
13572
20357
27143
33930
40716
47502
54304
61086
67868
74652
81437
88222
95006
101791
108576
115361
122145
128930
135714
142498
149279
156061
162842
169624
176409
183195
189981
196768
203554
210339
217124
223910
230696
237481
244326
251108
257891
264674
271456
278241
285026
291811
298597
305383
312169
318955
325741
332565
339351
9958
19725
29497
39268
49077
58846
68617
78389
88158
97926
107700
117473
127242
137011
146779
156557
166325
176117
185886
195658
205430
215200
224969
234738
244510
254277
264046
273815
283587
293359
303129
312897
322669
332440
342315
352083
361852
371690
381463
391231
401057
410867
420640
430408
440176
449948
459720
469488
479257
489025
9770
19625
29398
39171
48940
58748
68518
78291
88064
97833
107602
117375
127147
136916
146686
156455
166231
176000
185892
195661
205454
215226
225785
235656
245424
255236
265044
274817
284589
294358
304128
313900
323673
333442
343212
353367
363140
372912
382729
392501
402269
412043
421815
431584
441353
451130
460902
470671
480441
490214
9768
19536
29487
39258
49025
58793
68584
78356
88123
97912
107680
117452
127364
137132
146899
156671
166443
176211
185979
196119
205890
215661
225428
235195
244967
254739
264510
274278
284046
293819
303590
313358
323127
332899
342669
352436
362452
372219
381991
391762
401530
411300
421072
430843
440611
450403
460174
469946
479717
489484
9771
19539
29307
39365
49136
58909
68676
78443
88214
97985
107754
117521
127292
137063
146831
156599
166391
176185
185953
195721
205670
215441
225212
235038
244806
254580
264353
274121
283935
293706
303477
313244
323011
332816
342588
352358
362126
371894
381665
391438
401264
411031
420799
430570
440337
450104
459871
469645
479439
489207
9817
19587
29357
39150
48929
58723
68498
78269
88040
97814
107621
117393
127192
137021
146794
156568
166425
176265
186625
197115
207625
218994
228827
238601
248377
258347
268118
277889
287770
297576
307350
317123
326897
336668
346438
356596
366820
376928
387288
397058
406867
416641
426412
436183
445954
455731
465505
475276
485047
494821
9769
19539
29310
39078
48848
58995
68763
78534
88306
98073
107840
117611
127382
137149
146917
156690
166563
176484
186317
196169
206039
215859
226500
236271
246042
255889
265661
275427
285846
295639
305410
315625
325491
335259
345030
355050
364821
374588
384596
395084
404855
414627
424394
434161
443929
453700
463473
473241
483092
492859
9808
19574
29339
39111
48881
58653
68593
78360
88127
97897
107667
117477
127243
137013
146880
156682
166448
176214
185985
195756
205523
215290
225057
234828
244598
254366
264134
273905
283674
293440
303206
312976
322746
332513
342284
352071
361841
371611
381413
391201
400971
410741
420507
430273
440082
449852
459622
469389
479156
488926
9767
19538
29309
39099
48866
58633
68404
78174
87941
97709
107480
117250
127016
136785
146556
156327
166094
175899
185666
195438
205205
214972
224740
234511
244282
254068
263873
273644
283415
293183
302971
312739
322511
332282
342050
351838
361609
371379
381145
390912
400683
410455
420222
429989
439760
449530
459298
469065
478832
488603
9769
19541
29314
39083
48852
58624
68397
78166
87934
97702
107499
117268
127037
136806
146581
156354
166123
175892
185665
195438
205207
214976
224748
234520
244328
254097
263865
273638
283410
293179
302949
312722
322494
332263
342032
351805
361580
371349
381118
390888
400661
410434
420204
430014
439786
449559
459327
469096
478866
488663
9770
19543
29316
39086
48855
58628
68401
78171
87942
97716
107489
117259
127028
136797
146570
156345
166114
175884
185657
195431
205201
214999
224772
234545
244315
254085
263859
273633
283401
293171
302940
312794
322568
332337
342107
351880
361653
371423
381193
390966
400739
410508
420277
430047
439822
449591
459361
469131
478904
488677
13306
26610
39915
53219
66524
79829
93137
106442
119746
133051
146356
159661
173323
186627
199932
213236
226541
239903
253208
266513
279817
293121
306430
319734
333041
346346
359651
373025
386331
399635
412940
426244
439548
452852
466157
479461
492765
506463
519811
533117
546421
559767
573071
586375
599679
612984
626288
639592
652896
666202
13305
26610
39915
53219
66523
79828
93133
106438
119742
133047
146352
159657
173106
186411
199715
213020
226325
239630
252991
266335
279640
292944
306248
319552
332857
346169
359477
372786
386098
399407
412716
426025
439333
452641
465949
479258
492586
506269
519578
532887
546196
559508
572817
586125
599433
612741
626049
639358
652667
665978
13366
26672
39978
53284
66591
79897
93203
106513
119819
133125
146492
159799
173231
186538
199846
213152
226458
239764
253070
266376
279683
293086
306530
320121
334377
347792
361102
375031
388347
401721
415266
428634
442029
455494
469027
482543
496197
509645
523019
536325
549655
563260
576689
590102
603478
617504
631141
644578
657888
672201
13513
27078
40689
54315
67807
81324
94764
108072
121425
134800
148282
161979
175394
188760
202086
215494
228996
242342
255688
269214
282634
295969
309294
322756
336438
349798
363187
376579
389926
403303
416878
430401
444587
458036
471517
484907
498447
511779
525271
538701
552360
565773
580153
593677
607115
620505
633855
647367
660796
674228
13353
26873
40185
53695
67046
80436
93861
107168
120704
134012
147480
160787
174172
187501
200808
214410
227722
241148
254459
267771
281170
294671
308255
321732
335136
348445
361855
375162
388622
401933
415289
428714
442025
455401
468708
482017
495345
508779
522203
535632
549145
562608
576042
589376
602740
616305
629617
643171
656507
669949
13310
26780
40358
53712
67157
80551
93908
107291
120622
134391
147703
161187
174497
187869
201179
214565
227957
241348
254703
268072
281480
294786
308155
321605
334953
348286
361615
375123
388433
401859
415254
428623
441978
455312
468851
482283
495630
508941
522317
535909
549290
562660
576081
589570
602886
616545
629895
643318
656668
670000
13479
26811
40276
53584
66892
80200
93529
106837
120269
133604
146917
160229
173541
186854
200166
213478
226790
240221
253576
266888
280200
293511
306823
320135
333446
346757
360069
373496
386804
400111
413418
426726
440034
453342
466649
479957
493385
506713
520022
533330
546637
559944
573251
586558
599865
613172
626569
639877
653224
666532
13305
26610
39915
53221
66526
79834
93224
106530
119835
133141
146447
159752
173057
186363
199669
212975
226327
239632
252938
266244
279549
292856
306162
319467
332772
346077
359939
373310
386620
399931
413407
426714
440020
453406
466799
480248
493642
507020
520352
533839
547188
560501
573856
587209
600525
613841
627256
640589
653904
667278
13372
26692
40012
53408
66825
80183
93524
106919
120340
133702
147129
160441
173755
187067
200457
213772
227142
240547
253898
267292
280604
294199
307617
320936
334415
347849
361436
374742
388047
401352
414658
428024
441420
454813
468210
481603
494994
508369
521678
534987
548297
561606
574999
588393
601723
615058
628428
641737
655047
668357
13308
26617
39927
53412
66880
80277
93667
106994
120379
133719
147118
160514
173942
187254
200649
214015
227381
240687
254057
267424
280774
294088
307545
320911
334282
347656
361083
374494
387926
401358
414724
428091
441464
455020
468413
481726
495084
508478
521794
535110
548502
561817
575193
588601
601937
615252
628667
642021
655367
668725
17705
35179
52627
70236
87744
105257
122700
140207
157677
175496
193076
210556
228001
245568
263064
280591
298114
315603
333166
350612
368138
385666
403134
420581
438068
455616
473162
491137
509965
527476
544983
562484
579944
597476
615435
632965
650432
668010
685472
702937
720401
737913
755439
772886
790412
807857
825334
842927
860399
877923
17447
34894
52328
69787
87206
104653
122728
140153
157675
175202
192702
210128
227574
245075
262600
280037
297554
315051
332552
350093
367639
385162
402578
420183
437706
456267
473700
491116
508533
525945
543358
560861
578277
595691
613103
630516
647933
665350
682763
700217
717630
735382
753133
770592
788825
806320
823911
842122
859628
877314
17480
35014
52493
70006
87545
105478
123017
140586
158138
175667
193249
210796
228248
245780
263234
280862
298338
315988
333620
351325
368801
386284
404259
421761
439280
456772
474260
491827
509308
526893
544402
561873
579337
596796
614259
631790
649382
666839
684298
701820
719324
737318
754803
772269
789868
807324
824787
842250
859727
877184
17442
34873
52415
69863
87390
104842
122268
139695
157118
174551
192577
210006
227455
244896
262425
279878
297348
314770
332216
349678
367125
384552
401979
419433
436914
454336
471758
489183
506609
524034
541475
558901
576329
593780
611224
628668
646178
663631
681180
698600
716132
733558
750984
768406
785829
803250
820679
838109
855537
872956
17426
34870
52320
69742
87185
104618
122060
139560
156982
174405
191843
209281
226745
244173
261599
279109
296527
313945
331369
348788
366230
383685
401128
419165
436589
454008
471427
488851
506284
523883
541435
559021
576503
593985
611404
628844
646312
663755
681218
698790
716236
733933
751376
768799
786245
803684
821101
838603
856031
873502
17423
34862
52287
69773
87196
104669
122093
139512
156932
174437
191866
209283
226722
244162
261612
279037
296456
313934
331392
348814
366234
383732
401149
418570
435994
453414
470832
488272
505703
523120
540538
557956
575381
592825
610338
627774
645636
663096
680581
698005
715422
732840
750401
767903
785344
802764
820261
837834
855373
872897
17422
34865
52440
69904
87325
104746
122272
139699
157143
174642
192205
209627
227118
244540
262121
279593
297033
314458
332022
349444
366944
384366
401825
419272
436715
454137
471636
489276
506760
524324
541763
559186
576627
594073
611538
629072
646535
663988
682039
699516
717295
734823
752514
770002
787479
804938
822698
840118
857560
875341
17420
34841
52267
69686
87105
104523
122008
139440
156919
174338
191800
209271
226735
244156
261578
279079
296601
314023
331444
348870
366295
383741
401276
418792
436263
453684
471111
488534
505972
523412
540855
558501
575948
593369
610791
628210
645634
663055
680494
698106
715550
733013
750538
767997
785419
802864
820369
837922
855366
872806
17489
34998
52445
69898
87351
104818
122264
139712
157163
174647
192095
209583
227459
244911
262403
279872
297319
314813
332268
349849
367296
384742
402214
419666
437114
454580
472024
489557
507006
524504
541952
559502
576952
594420
611886
629333
646787
664237
681683
699128
716579
734031
751558
769066
786853
804355
821943
839414
856900
874347
17474
34929
52501
69958
87415
104869
122365
139859
157404
174865
192441
209894
227374
244832
262287
279741
297222
314684
332344
349901
367384
384862
402439
419907
437366
454822
472356
489879
507384
524837
542386
559861
577342
594824
612520
629974
647474
664954
682517
699973
717472
734956
752472
769926
787379
804837
822412
839868
857326
874782
22040
44085
66103
88146
110187
132499
154541
176804
198829
220891
243005
265023
287297
309321
331386
353445
375469
397487
419581
441699
463745
485772
507839
529902
551945
574164
596388
618437
640464
662531
685337
707355
729416
751439
773810
795854
817896
840056
862098
884120
906178
928334
950372
972581
995469
1017496
1039526
1061566
1083605
1105623
22029
44101
66213
88444
110496
132540
154603
176684
198733
220959
243020
265040
287084
309134
331158
353209
375416
397466
419509
441553
463599
485645
507690
529710
552074
574101
596235
618390
640430
662454
684519
706573
728684
750756
772827
794847
816891
838915
860964
883138
905280
927404
949474
971543
993569
1015595
1037639
1059721
1081884
1104009
22728
44966
67340
90081
113064
135331
157847
181149
203349
225370
247429
269702
291729
313756
335817
357988
380140
402161
424377
446402
468463
490507
512536
534598
557449
580155
602980
625723
648579
671282
694097
716958
739660
762400
785097
807881
830726
854018
876081
898118
920176
942217
964259
986303
1008467
1030632
1052656
1074685
1096873
1118897
22131
44197
66221
88903
111092
133111
155133
177152
199251
221288
243498
265561
287587
309690
331731
353755
375813
397854
419894
441962
464000
486019
508036
530061
552155
574182
596244
618285
641028
663126
685147
707169
729266
751286
773304
795446
817472
839498
861525
883587
905611
927696
949718
971741
993758
1015776
1037797
1059853
1081903
1103956
22061
44119
66181
88208
110260
132330
154354
176382
198561
220584
242729
264772
286793
308869
330907
353042
375286
397335
419615
442055
464142
486164
508185
530270
552292
574491
596531
618588
640634
662710
684759
706844
728868
750989
773009
795146
817168
839190
861214
883242
905288
927428
949460
971509
993534
1015597
1037716
1059852
1081923
1103988
22182
44220
66239
88281
110361
132410
154502
176526
198592
220634
242659
264755
287032
309229
331272
353391
375476
397522
419611
441755
463913
485949
508216
530235
552255
574282
596423
618774
640798
662838
684917
706939
729032
751090
773112
795230
817275
839483
861512
883574
905678
927738
949760
971926
993988
1016028
1038077
1060263
1082286
1104313
22023
44080
66363
88560
110604
132630
154700
176741
198759
220797
242854
264916
287136
309163
331186
353292
375337
397385
419528
441549
463647
485705
507745
529856
551897
573924
595966
618061
640247
662271
684313
706360
728759
750816
772873
794895
816941
838999
861046
883070
905187
927211
949254
971299
993366
1015384
1037441
1059631
1081841
1103926
22050
44110
66199
88287
110310
132371
154397
176462
198489
220987
243733
266529
289070
311334
333824
356240
378696
400829
422853
444880
466908
488996
511059
533097
555136
577175
599286
621499
643544
665567
687590
709656
731704
753730
775766
797829
819906
841944
863969
885990
908181
930198
952219
974241
996268
1018294
1040453
1062495
1084513
1106532
22047
44511
66539
88565
110609
132652
154715
176762
198787
220810
242841
264886
287046
309092
331122
353209
375232
397294
419316
441455
463501
485698
507720
529805
551832
573878
595991
618041
640066
662202
684224
706246
728269
750335
772359
794405
816452
838478
860605
882767
904815
926860
948964
971006
993026
1015049
1037196
1059252
1081338
1103363
22017
44041
66262
88289
110431
132454
154534
176573
198593
220615
242753
264912
286931
308968
331019
353045
375072
397098
419122
441166
463186
485225
507247
529267
551284
573304
595347
617530
639675
661720
683770
705868
727907
750021
772040
794103
816214
838335
860357
882576
904600
927261
949285
971325
993363
1015384
1037407
1059448
1081474
1103525
27786
55077
82261
109548
136747
163931
191194
218422
245674
272923
300287
327531
354751
381993
409184
436368
463612
490828
518033
545415
573160
600374
627684
654945
682136
709405
736647
763860
791142
818372
845587
872793
900001
927226
954426
981632
1008838
1036043
1063281
1090656
1118640
1145821
1173024
1200280
1227562
1254780
1281964
1309167
1336477
1363704
27293
54592
81798
109022
136283
163516
190805
218175
245399
272781
300077
327403
354588
381854
409154
436342
463624
490836
518027
545230
572419
599782
626988
654276
681459
708642
735928
763143
790346
817746
845034
872306
899497
926701
953984
981190
1008446
1035665
1062849
1090033
1117372
1144719
1171932
1199158
1226362
1253547
1280754
1307964
1335190
1362592
27205
54488
81737
108925
136309
163493
190777
217992
245200
272405
299590
326924
354128
381314
408506
435692
462917
490131
517340
544627
571924
599129
626338
653522
680741
707927
735266
762651
789839
817049
844251
871435
898652
925921
953112
980292
1007475
1034665
1061853
1089043
1116357
1143657
1170883
1198071
1225476
1252762
1279983
1307186
1334567
1361752
27228
54636
81914
109120
136311
163524
190729
217963
245169
272453
299695
326880
354088
381290
408540
435754
462941
490155
517379
544609
571802
599027
626227
653494
680708
707941
735320
762526
789718
816942
844254
871591
898791
925992
953181
980487
1007697
1035020
1062248
1089647
1116917
1144113
1171379
1198579
1225800
1252990
1280244
1307429
1334679
1361904
27288
54527
81713
108897
136237
163573
190769
218020
245238
272458
299805
327036
354247
381453
408660
435847
463136
490347
517629
544838
572104
599286
626494
653699
680950
708275
735597
762787
789996
817222
844451
871636
898827
926019
953303
980530
1007735
1034950
1062230
1089459
1116964
1144165
1171396
1198609
1225878
1253066
1280352
1307618
1334829
1362057
27185
54369
81557
108747
135949
163129
190315
217503
244732
272099
299308
326492
353675
380865
408135
435381
462566
489751
516936
544145
571329
598515
625698
652879
680070
707256
734559
761746
788956
816299
843716
870900
898122
925346
952549
979758
1006965
1034170
1061376
1088583
1115772
1142962
1170143
1197324
1224553
1251763
1278977
1306186
1333370
1360556
27228
54444
81629
108813
136036
163258
190508
217735
244940
272185
299373
326562
353766
380971
408177
435360
462548
490038
517260
544472
571925
599131
626320
653509
680723
708045
735322
762505
789691
816876
844081
871288
898517
925705
953056
980298
1007500
1034751
1061957
1089146
1116891
1144208
1171458
1198663
1225870
1253075
1280282
1307548
1334773
1362020
27188
54373
81566
108751
135961
163170
190595
218370
245574
272774
300188
327394
354600
381842
409047
436236
463440
490688
517940
545151
572454
599633
626973
654183
681373
708557
735839
763200
790407
817617
844989
872219
899501
926690
953900
981111
1008295
1035703
1062990
1090178
1117383
1144586
1172023
1199230
1226530
1253797
1281026
1308464
1335708
1362956
27306
54495
81718
108902
136284
163524
190756
218024
245324
272510
299694
327003
354353
381539
408723
435984
463226
490488
517697
545229
572657
599999
627281
654489
681708
708894
736177
763677
790944
818199
845407
872951
900306
927508
954719
981945
1009135
1036491
1063696
1091005
1118974
1146188
1173690
1200876
1228196
1255433
1282618
1309965
1337250
1364435
27326
54574
81929
109185
136374
163560
190843
218175
245407
272611
299928
327246
354628
381861
409073
436281
463489
490845
518051
545266
572516
599740
627133
654378
681610
708828
736153
763490
790696
817927
845313
872523
899837
927061
954245
981528
1008742
1036085
1063301
1090491
1117732
1144983
1172331
1199542
1226730
1254012
1281198
1308559
1335792
1363098
32953
65853
98877
131816
164816
197712
230659
263645
296603
329541
362446
395414
428401
461458
494610
527687
560926
593824
626963
660825
693800
726765
759756
792679
826575
859480
892388
925307
958225
992126
1025033
1058061
1091243
1124274
1158537
1191525
1224442
1257340
1290279
1324325
1357282
1390313
1423341
1456356
1490451
1523374
1556318
1589565
1622462
1655801
32960
65943
98861
131788
165021
198198
231135
264055
296977
330230
363169
396104
429109
462051
494998
527912
561010
593948
626929
659897
692836
725752
758778
791748
825653
858634
891529
924487
957416
990353
1023326
1056463
1089836
1122739
1155781
1188680
1221614
1254539
1287664
1321341
1354239
1387388
1420399
1453366
1486264
1519350
1552341
1585277
1618219
1651118
32916
65909
98995
131958
164853
197809
230749
263654
296671
329566
362508
395430
428359
461321
494222
527348
560301
593261
626198
659098
692023
725137
758062
790962
823943
856964
889962
922885
955983
988909
1021805
1054729
1087651
1120558
1153460
1186511
1219414
1252449
1285417
1318355
1351273
1384198
1417181
1450095
1482990
1515905
1548925
1582060
1615518
1648652
33083
66064
98993
131913
164988
197885
230809
263925
296961
330055
363114
396038
429189
462087
495003
527920
560883
593869
626765
659711
692628
725582
758520
791414
824316
857212
890136
923059
955975
989126
1022065
1055058
1087958
1121035
1153987
1186904
1219979
1253082
1285985
1318904
1351806
1384865
1418166
1451083
1484023
1516922
1549826
1582773
1615691
1648588
32938
65904
98847
131749
164685
197601
230524
263460
296386
329288
362182
395143
428229
461145
494059
526954
560031
592974
625892
658790
691825
724739
757662
790583
823501
856447
889473
922511
955475
988369
1021285
1054201
1087166
1120066
1153104
1186157
1219075
1252025
1284968
1317868
1350785
1383719
1416662
1449581
1482618
1515773
1548702
1581709
1614733
1647804
32916
65863
98792
131850
164752
197669
230591
263498
296460
329376
362433
395412
428315
461413
494413
527452
560373
593452
626441
659363
692305
725243
758144
791046
823965
856904
889821
922722
955938
988879
1021796
1054694
1087753
1120699
1153616
1186539
1219434
1252345
1285428
1318345
1351282
1384305
1417248
1450152
1483067
1515963
1548864
1581789
1614692
1648264
32917
65894
98796
131834
164760
197676
230640
263561
296569
329491
362409
395501
428418
461319
494242
527329
560250
593150
626172
659249
692172
725091
758010
790915
823904
856851
890026
922944
955844
989023
1022239
1055136
1088075
1120997
1153980
1186904
1219850
1252808
1285710
1318649
1351743
1384639
1417541
1450443
1483582
1516582
1549504
1582408
1615401
1648341
32906
65803
98922
131819
164784
197730
230647
263605
296500
329497
362404
395307
428872
461844
494766
527673
560597
593576
626478
659421
692341
725279
758175
791152
824073
856996
889956
923094
956036
989064
1022010
1055002
1087908
1120805
1153704
1186624
1219529
1252454
1285428
1318366
1351307
1384212
1417414
1450409
1483468
1516905
1550165
1583431
1616645
1649679
33089
66118
99113
132207
165390
198620
231836
264847
297938
331335
364461
397797
431135
464165
497392
530509
563558
596609
629873
662923
696098
729151
762235
795278
828416
861427
894483
927555
961032
994064
1027114
1060208
1093611
1127473
1160402
1193820
1226940
1260662
1294256
1327932
1361525
1395060
1428442
1461978
1495771
1529161
1562744
1596079
1629668
1663195
33545
66667
100049
133438
166947
200191
233720
267035
300637
334201
367842
401560
435091
468592
502183
535706
569178
602659
636343
670092
703997
737787
771743
805724
839208
873062
906706
940495
974177
1007814
1041319
1074840
1108366
1142160
1175565
1208955
1242684
1276298
1309211
1342120
1375015
1408131
1441093
1474121
1507178
1540154
1573217
1606180
1639293
1672201
39360
78588
117826
158750
197934
237142
276451
315630
354795
393995
433253
472621
511840
551112
590313
629474
668873
708090
747592
786774
827076
866257
905500
944659
984964
1024162
1063363
1102686
1141988
1181289
1220486
1259666
1298950
1338167
1377553
1417224
1456513
1495697
1534914
1574096
1613358
1653628
1692830
1732039
1771436
1810641
1849886
1890356
1929535
1970434
39687
79012
118206
157872
198558
237826
276980
318333
357763
397044
436269
477069
516289
555547
594851
634090
673250
712432
751698
790855
830037
869437
908614
947773
986940
1027640
1067377
1106592
1145777
1185012
1224169
1263346
1302743
1341950
1381150
1420390
1459550
1498732
1538016
1577380
1617199
1656356
1695621
1735020
1774210
1813392
1852758
1891985
1932509
1971750
39182
78367
117542
156775
196061
235217
274763
313926
354409
393649
432844
472128
511382
550772
590055
629301
668500
707819
746983
786207
825570
864796
904027
943201
982358
1022076
1061251
1101405
1140586
1179813
1218974
1258483
1297680
1336858
1376136
1415332
1454540
1493722
1532922
1572079
1611234
1650494
1689766
1728950
1768263
1808002
1847153
1886315
1925643
1964822
39187
79649
118923
158106
197287
236475
275856
315031
354346
393525
432703
471889
511061
550217
589670
628855
668077
707255
746420
785592
824768
863968
903165
942444
981619
1020960
1060213
1099372
1138578
1177755
1216907
1256064
1295438
1334637
1373821
1412985
1452180
1491453
1530766
1570158
1609460
1648680
1687834
1727014
1766198
1805384
1844641
1883819
1922995
1962230
39811
78974
119384
158582
197836
236997
276388
315606
354762
393948
433206
472557
511736
551088
590244
629483
668730
708040
747371
786574
825919
865149
904310
943580
982839
1022161
1061407
1100657
1139856
1179133
1218308
1257461
1296641
1335882
1375091
1414270
1453452
1492611
1531765
1570944
1610221
1649571
1688749
1728172
1767367
1806609
1845766
1885160
1924527
1963728
39177
78525
117836
157155
196369
236099
275305
314710
354005
393277
432434
471723
511055
550220
589658
628989
668325
707511
748339
787772
826934
866096
905293
944535
983805
1023112
1062289
1101471
1140653
1179951
1219124
1258278
1297620
1336774
1375954
1415180
1454417
1493731
1532929
1572264
1611439
1650660
1689823
1729058
1768255
1807474
1846826
1886003
1925266
1964423
39290
78451
117658
156819
196092
235252
274544
313769
352930
392171
431703
470940
510105
549449
588612
627792
666983
707160
746429
785610
824949
864343
903523
942804
982596
1021814
1061160
1100567
1139762
1178920
1218216
1257401
1296660
1335841
1375081
1414326
1453502
1492745
1531958
1571268
1610450
1649770
1688931
1728111
1767449
1806633
1845794
1884953
1924115
1963298
39217
78574
117832
156983
196181
235340
274621
313980
353312
392491
431695
470872
510130
549444
589052
628285
667624
706786
745984
785337
824616
863772
902948
942248
981411
1020567
1059743
1098964
1138121
1177821
1216981
1256161
1295447
1334670
1373835
1413032
1452210
1491368
1530531
1569801
1608977
1648161
1687454
1727247
1766407
1805755
1845119
1884339
1923599
1962858
39153
78352
117673
156850
196012
235213
274477
313652
352831
392058
431297
470461
509659
548882
588177
627352
666513
705670
744845
784045
823383
862539
901717
940957
980138
1019355
1058536
1097854
1137011
1176169
1215426
1254610
1293766
1332997
1372371
1411591
1450751
1489928
1529092
1568268
1607478
1646757
1686033
1725214
1764372
1803656
1842836
1882186
1922216
1961424
39215
78528
117708
156864
196022
235223
274460
313642
352972
392272
431430
470587
509782
548989
588287
627612
666795
706107
745320
784537
823739
862900
902160
941325
980632
1019850
1059071
1098233
1137387
1176606
1215813
1255231
1294434
1333633
1372939
1412117
1451291
1490472
1529715
1568958
1608205
1647369
1686611
1725826
1765009
1804228
1843502
1882757
1921916
1961118
45970
91949
137952
183958
229940
275962
321931
368109
414121
460187
506401
552452
598558
644655
690823
736838
782792
830092
876040
922031
968285
1014275
1060225
1106362
1153569
1199585
1246177
1292310
1338377
1384400
1430350
1477713
1523829
1569822
1616051
1662029
1708004
1753953
1800939
1846929
1893122
1939139
1985232
2031560
2077539
2124575
2170566
2216680
2262708
2308896
46023
92112
140009
186175
232332
279360
325498
378606
424891
473151
520811
566761
612722
658882
704970
751060
797528
843918
891972
939645
986641
1032676
1078793
1125638
1171614
1217732
1264728
1310822
1356826
1402973
1448927
1494887
1541051
1587206
1633434
1679445
1725406
1771459
1817426
1863410
1909498
1955477
2001514
2047674
2093708
2139682
2187324
2233421
2279479
2325626
46528
92525
138504
184580
230555
276864
322912
368883
416258
462237
508912
555026
601129
647156
693111
739069
785045
831024
877078
923088
969090
1015087
1061043
1107034
1153010
1199093
1245092
1291901
1338047
1384006
1430011
1476394
1522507
1568506
1614692
1660647
1706671
1752893
1798871
1844981
1891067
1937059
1983015
2029011
2074988
2121004
2166980
2212981
2258977
2304941
46063
92017
137998
184139
230141
276158
322121
368145
414116
460334
509443
555422
601399
647479
693551
739524
786410
835505
881602
927717
973700
1019653
1065792
1111774
1157797
1204023
1250003
1295966
1342144
1388118
1434145
1480263
1526233
1572241
1618270
1664228
1710224
1756251
1802230
1848204
1894214
1940207
1986262
2032247
2078247
2124243
2170399
2216441
2262417
2308582
46087
92666
138684
184698
230669
276623
322703
368678
414679
460714
506699
552690
598763
645092
691069
737230
783323
829299
875330
921431
967584
1013580
1059710
1105912
1151904
1198201
1244379
1290459
1336646
1382629
1428717
1474814
1520792
1566796
1612807
1658802
1704812
1750767
1796801
1842825
1888868
1934877
1980861
2026899
2072855
2118905
2165000
2210999
2256985
2302943
46003
92069
138047
184044
231828
277811
323767
369861
415835
461826
507811
553761
599796
645979
692000
737963
784113
830117
876126
922334
968368
1017224
1063372
1109318
1155385
1201455
1247426
1293422
1339544
1385632
1431582
1477643
1523772
1569746
1615701
1661677
1707766
1753854
1799895
1845867
1891823
1937940
1983914
2030031
2076038
2122089
2168042
2214110
2260066
2306084
46179
92162
138134
184108
230120
276105
322134
368205
414315
460487
506670
552618
598581
644682
690663
736636
782880
828948
874918
921088
967184
1013200
1059389
1105557
1151566
1197617
1243584
1289654
1335769
1381808
1427815
1473808
1519961
1565940
1611910
1657910
1703895
1749880
1795856
1841809
1887870
1933862
1980007
2025996
2071986
2117957
2163948
2209910
2255939
2301957
46074
92081
138076
184036
229991
279035
325067
371205
417181
463207
509292
555247
601331
647539
693544
739645
785910
831860
877955
924129
970142
1016119
1062171
1108295
1154251
1200563
1246582
1292614
1338700
1384676
1430660
1476811
1522764
1568800
1614771
1660786
1706740
1752773
1798722
1844726
1890743
1936821
1982897
2028872
2074879
2120886
2166889
2212888
2258934
2304907
46002
92066
138156
184144
230226
276230
322223
368345
414322
460454
506609
552750
598749
644915
690909
736906
783058
829123
875077
921318
968879
1014855
1060894
1106968
1152975
1198988
1245041
1291045
1337018
1383053
1429042
1474996
1521090
1567128
1613181
1659190
1705231
1751216
1797367
1843314
1889491
1935469
1983700
2029728
2075698
2121659
2167670
2213649
2259738
2305726
46131
92210
138232
184227
230358
276395
322351
368721
414921
460880
507089
553088
599216
645686
691729
737739
783791
829813
875984
922033
968059
1014027
1060097
1106128
1152082
1198057
1244029
1290165
1336161
1382273
1428677
1474751
1520703
1566745
1612764
1658925
1704898
1750864
1796829
1842950
1888940
1934928
1980900
2026926
2072880
2118830
2164910
2210930
2257084
2303150
53297
106625
160083
213479
277035
331213
384491
437773
491230
547099
601198
655204
709308
763494
817637
871643
925696
979899
1033971
1088150
1142145
1196115
1250134
1304162
1357867
1411630
1465569
1519211
1573023
1626822
1680491
1733765
1787062
1844245
1897631
1950911
2004187
2057466
2110745
2164019
2217294
2270569
2323849
2377146
2430419
2483693
2537012
2590287
2643603
2696878
53275
106559
159834
213109
266409
319685
373004
426277
479554
532850
586126
639445
692722
746048
799323
852615
905928
959205
1012482
1065862
1119136
1172416
1225694
1278970
1332246
1385540
1438819
1492094
1545369
1598643
1651922
1705201
1758474
1811749
1865348
1919093
1973048
2026838
2080669
2134551
2188134
2241479
2295081
2348417
2401870
2455380
2509353
2562886
2616168
2669682
53282
106565
159869
213148
267053
320537
374132
427470
480757
534124
587507
640810
694113
747425
800807
854133
907415
960780
1015440
1068783
1122164
1175452
1228919
1282494
1336724
1391405
1446326
1499620
1553116
1606413
1659779
1713054
1766454
1819732
1873434
1926957
1980504
2033970
2087522
2141162
2194555
2248004
2301517
2355008
2408526
2462208
2516130
2570712
2624037
2677319
53425
107107
161316
214869
268460
323963
377472
431255
484744
538243
592073
645638
699816
754246
808788
864317
919991
974940
1028277
1082380
1136538
1190145
1245451
1299600
1353113
1406392
1459697
1514177
1568427
1623525
1679004
1732871
1787068
1840730
1894331
1947764
2001088
2055222
2108698
2162232
2215898
2269400
2322722
2376039
2429371
2482710
2536450
2590318
2643897
2698443
56036
109977
163903
217206
271273
324770
378188
431640
485059
538366
595223
648673
702120
755664
810304
864913
918818
972988
1026563
1081359
1135574
1189587
1243405
1298277
1351749
1406419
1459714
1513031
1567031
1620575
1675071
1728605
1781986
1835270
1888624
1941997
1995280
2048830
2102223
2155503
2209053
2262455
2315732
2369271
2422598
2475895
2529172
2582447
2635798
2689242
53434
106733
160188
213621
267023
320946
374433
434090
487418
540864
594422
647702
701006
754350
807996
861425
914749
968133
1021606
1074950
1128612
1182037
1235455
1288910
1342342
1395671
1448973
1502255
1556415
1610068
1663729
1717189
1770615
1824172
1877758
1931172
1984726
2038204
2091572
2144856
2198464
2252097
2305388
2358965
2412364
2466088
2519669
2572954
2626541
2681211
53765
107804
161429
215011
268595
321974
375307
428627
481905
535272
588803
642088
695367
748645
801924
855218
908691
962452
1016002
1069552
1122953
1176263
1229858
1283431
1338083
1391662
1444981
1498552
1552015
1605294
1658796
1712081
1765572
1818912
1872194
1925472
1978789
2032066
2085564
2138882
2192212
2245604
2299179
2352517
2405797
2459188
2512654
2566009
2619309
2672777
53287
106697
159976
213295
266629
319907
373186
426467
479754
533061
586348
639648
692932
746205
799483
852760
906042
959361
1012640
1065942
1119351
1172712
1226006
1279280
1332566
1385850
1439375
1492817
1546515
1599874
1653484
1706941
1760226
1813506
1867322
1921398
1975524
2028814
2082432
2135979
2189461
2243389
2296984
2351487
2405986
2459706
2513398
2566957
2620426
2673789
53305
106836
160258
213567
267156
320608
374344
428506
481784
535068
588480
641990
695346
748731
802008
855355
908644
964269
1018420
1073257
1126743
1180881
1234364
1287764
1342180
1397809
1452962
1508538
1563807
1617303
1672170
1726765
1781148
1834495
1888756
1942535
1996293
2050584
2104167
2157867
2212278
2267470
2321845
2375531
2429719
2484411
2538587
2593033
2646711
2700959
53591
107252
160538
216007
270667
324853
380120
435031
490378
544651
599300
655108
709030
763895
818057
872123
925881
979354
1033308
1087439
1140721
1194151
1247426
1300699
1353981
1407259
1460980
1514280
1567560
1620840
1674114
1727388
1780665
1833944
1887219
1940521
1993795
2047076
2100349
2153625
2206898
2260173
2313451
2366725
2420121
2473396
2526675
2579968
2633242
2686576
62478
124454
186422
248133
309935
371660
433397
496677
558435
620162
681978
743739
805546
867389
929331
991082
1052790
1114542
1176288
1238040
1300905
1362740
1424465
1486266
1548028
1609800
1671574
1733464
1795296
1857249
1918976
1980707
2042461
2105649
2167409
2229130
2290885
2352620
2414378
2476163
2538043
2599844
2661732
2723456
2785303
2847054
2909831
2971546
3033227
3095108
61158
122338
183494
244654
305814
367032
428454
489611
550768
611927
673097
734254
795410
856568
917732
978888
1040173
1101329
1162492
1223649
1284806
1345962
1407126
1468288
1529443
1590634
1651835
1713042
1774199
1835358
1896519
1957696
2018855
2080011
2141191
2202349
2263641
2324797
2386133
2447289
2508447
2569605
2630765
2691925
2753081
2814257
2875417
2936621
2997781
3058998
61132
122303
183419
244531
305643
366779
427889
489004
550116
611228
672363
733476
794616
855732
916913
978025
1039182
1100297
1161436
1222548
1283660
1344772
1405889
1467002
1528140
1589256
1650369
1711504
1772617
1833779
1894893
1956186
2017302
2078417
2139532
2200646
2261761
2322875
2383990
2445107
2506219
2567331
2628447
2689561
2750698
2811810
2873509
2934632
2995796
3056914
61300
122446
183592
244739
305885
367031
428177
489324
550473
611670
672820
734013
795203
856354
917500
978646
1039793
1100942
1162114
1223261
1284472
1345618
1406873
1468020
1529171
1590322
1651474
1712626
1773778
1834943
1896089
1957301
2018450
2079672
2140818
2201966
2263117
2324266
2385412
2446562
2507710
2568855
2630070
2691216
2752409
2813629
2874782
2935936
2997088
3058238
61124
122241
183355
244469
305581
366713
427828
489108
550424
611612
672725
733844
795001
856115
917232
978343
1039459
1100572
1161685
1222803
1283917
1345032
1406165
1467277
1528458
1589572
1650757
1711868
1772980
1834154
1895271
1956389
2017503
2078618
2139734
2200847
2261962
2323077
2384191
2445369
2506482
2567648
2628762
2689877
2750990
2812104
2873263
2934377
2995488
3056602
61231
122604
183716
244830
305942
367054
428216
489329
550529
611644
672822
733935
795052
856185
917299
978414
1039527
1100639
1161788
1222903
1284020
1345132
1406244
1467423
1528536
1589715
1650829
1711943
1773054
1834165
1895305
1956420
2017536
2078648
2139760
2200875
2261989
2323109
2384288
2445400
2506578
2567689
2628808
2689927
2751041
2812157
2873268
2934405
2995542
3056653
61115
122229
183376
244496
305612
366729
427845
489021
550135
611313
672426
733545
794660
855774
917140
978256
1039376
1100641
1161761
1222881
1283996
1345112
1406266
1467379
1528553
1589671
1650810
1711946
1773065
1834180
1895297
1956438
2017574
2078691
2139805
2200921
2262035
2323171
2384287
2445442
2506558
2567731
2628846
2689961
2751074
2812256
2873370
2934485
2995624
3056738
61112
122225
183340
244451
305570
366689
427898
489015
550244
611361
672503
733617
794729
855842
916959
978097
1039214
1100329
1161443
1222559
1283671
1344897
1406011
1467223
1528336
1589469
1650586
1711699
1772817
1833931
1895046
1956160
2017301
2078417
2139529
2200653
2261767
2322878
2384176
2445372
2506696
2567870
2629088
2690277
2751469
2812662
2873852
2935040
2996212
3057583
61192
122386
183576
244766
305973
367168
428361
489735
550924
612152
673341
734551
795743
856933
918122
979316
1040490
1101681
1162878
1224071
1285261
1346435
1407666
1468836
1530116
1591308
1652519
1713713
1774907
1836025
1897326
1958439
2019555
2087981
2149092
2210203
2271315
2332429
2393629
2454782
2515893
2577098
2638212
2699346
2761434
2822566
2883680
2944794
3005904
3067020
61114
122228
183385
244498
305634
366748
427889
489008
550232
611348
672547
733664
794797
855909
917026
978819
1039956
1101103
1162217
1223380
1284495
1345606
1406745
1467898
1529010
1590190
1651301
1712433
1774397
1835534
1896647
1957878
2018989
2080106
2141307
2202418
2263532
2324644
2385799
2446962
2508116
2569232
2630391
2691502
2752633
2815729
2876859
2937972
2999089
3060201
70109
140222
210350
283095
353232
423343
493457
564002
634186
704289
774459
844578
914762
984869
1055043
1125150
1195285
1265417
1335570
1405691
1475810
1545922
1616027
1686141
1756255
1826380
1898402
1968558
2038666
2108780
2180105
2250418
2320625
2390868
2461007
2531417
2601607
2671739
2741849
2811960
2882072
2952179
3022291
3092404
3162514
3232628
3302742
3372852
3442987
3513090
70115
140220
210364
280844
351096
421235
491537
561675
632779
702910
773019
843123
914453
984566
1054720
1124826
1195135
1265247
1335356
1405466
1475579
1545713
1615818
1685925
1756040
1826147
1896264
1966495
2036611
2106758
2176868
2247598
2317755
2387947
2458054
2529047
2599154
2669267
2739371
2809702
2879912
2950017
3020123
3090235
3160363
3230471
3300575
3370684
3440798
3510907
70309
140410
210664
280769
351940
422071
492174
562277
633336
703460
773587
843709
913818
983930
1054036
1124149
1194263
1264402
1334504
1404612
1474718
1544817
1614987
1685137
1755241
1825395
1895502
1965677
2035789
2105894
2175998
2247065
2317171
2387277
2457404
2528547
2598674
2668774
2738881
2808980
2879082
2949194
3019305
3089411
3159521
3229624
3299730
3369835
3439988
3510091
70151
140262
210396
280501
351678
421811
491921
562046
632239
702371
772474
842583
912685
982790
1052903
1123014
1193305
1263415
1333527
1403761
1473941
1544111
1614245
1685693
1755803
1825949
1896064
1966193
2036320
2106424
2176555
2246663
2316767
2386877
2456989
2527091
2597194
2667301
2737403
2807512
2877626
2947738
3017844
3087947
3158058
3228165
3299361
3369467
3439705
3509807
70114
140396
210510
280636
350748
420858
490963
561075
631177
701293
771397
841512
911666
981778
1051886
1122119
1192230
1262482
1332599
1403917
1474031
1544180
1614291
1684769
1754980
1825094
1895229
1965340
2035456
2105569
2175673
2245782
2315885
2385996
2456104
2526282
2596388
2666499
2736613
2806718
2876827
2946934
3019328
3089440
3159587
3229698
3301723
3371925
3442035
3512160
70105
140214
210323
280428
350538
420648
490750
560853
630990
701103
771211
841408
911519
981711
1051818
1122861
1192977
1263130
1333264
1404240
1474374
1544489
1614616
1684792
1754923
1825040
1895156
1965283
2035397
2105508
2175615
2245722
2315833
2385943
2456111
2526225
2596370
2666476
2736802
2806910
2877060
2947168
3017312
3087446
3157560
3227688
3297792
3367900
3438010
3508112
70112
140215
210322
281822
351931
422035
492147
563333
633451
703713
773822
844047
914182
984395
1054505
1124643
1194778
1264889
1335000
1405111
1475326
1545463
1615578
1685718
1755830
1825939
1896051
1966192
2036298
2106410
2177399
2247510
2317618
2387735
2458723
2528831
2598984
2669094
2739246
2809379
2879523
2949649
3019758
3089868
3159976
3230090
3300192
3370301
3440408
3510514
70107
140214
210319
281612
351722
421869
491994
565893
636027
706166
776267
847749
917854
987984
1058096
1128325
1198430
1268535
1338643
1408749
1478855
1548961
1619068
1689181
1759286
1829392
1899501
1969616
2039722
2109825
2179926
2250034
2320176
2390282
2461144
2531266
2601439
2671568
2742589
2812695
2882845
2952951
3023144
3093247
3163356
3233461
3303568
3373668
3443771
3513977
70107
140208
210334
280504
350605
420753
490861
561013
631144
701293
771403
841509
911618
981718
1051825
1121933
1192056
1262167
1333164
1403274
1473381
1543490
1615190
1685298
1755399
1825508
1895630
1965739
2036143
2106248
2176402
2246526
2316679
2386780
2456926
2527048
2597152
2667257
2737380
2807487
2877594
2947700
3017805
3087911
3158017
3229422
3299524
3369657
3439761
3510861
70105
140254
210364
280514
350617
420767
490872
560982
631089
701219
771330
841632
911745
981849
1051987
1122096
1192210
1262384
1333327
1403437
1473572
1543701
1614976
1685093
1755244
1825355
1895629
1965761
2035941
2106054
2176202
2246311
2316420
2386531
2456640
2526746
2596860
2666970
2737075
2807212
2877317
2947964
3018073
3088218
3158348
3229392
3299502
3369605
3439710
3509874
78549
157100
237922
316466
395011
473612
552270
630969
709546
788092
866641
945189
1023737
1102283
1180915
1259729
1338273
1416820
1495370
1573922
1652473
1732682
1811227
1889816
1968507
2047161
2125709
2204259
2282814
2361363
2439935
2518523
2597069
2675614
2754158
2832703
2911250
2990964
3069534
3148209
3226759
3305312
3383860
3462407
3541022
3619610
3698177
3776875
3855421
3933966
78607
157209
235864
315497
394101
472703
551307
629975
708582
787185
867222
945827
1024431
1103034
1181777
1260379
1338981
1417756
1496359
1575021
1653655
1732260
1810905
1889526
1968132
2046738
2125398
2206019
2284647
2363251
2441855
2520539
2599143
2677749
2757755
2836384
2914989
2993601
3072307
3150910
3229518
3308127
3386731
3465385
3543984
3622596
3701198
3779803
3858449
3937052
78634
158947
237573
316279
394913
473566
552196
630838
709469
788099
866822
945602
1024402
1103029
1181658
1260424
1339055
1417693
1496422
1575078
1653710
1732386
1811163
1889785
1968613
2047393
2126030
2204752
2284813
2363441
2442095
2520750
2599391
2678024
2756750
2836292
2914921
2993736
3072367
3151264
3229944
3308598
3387232
3466327
3545000
3624118
3702774
3781405
3860051
3938685
78600
157207
235815
314442
393042
471702
550351
628948
707551
786158
864756
943418
1023454
1102053
1180697
1259296
1337976
1416615
1495259
1575194
1653797
1732396
1810996
1889777
1968372
2046993
2125617
2204214
2282859
2361488
2440093
2518693
2597294
2675915
2754514
2833163
2913786
2992411
3071011
3149618
3228369
3306964
3385569
3464301
3542899
3621497
3700097
3778775
3857372
3935975
78643
157237
235852
314446
393042
471679
551306
629896
708494
787088
865681
944271
1022865
1101654
1180249
1258861
1337456
1416049
1494691
1573285
1651878
1730472
1810514
1889107
1967698
2046294
2124937
2203528
2282124
2360737
2439327
2517921
2596520
2675116
2753752
2832972
2911566
2990162
3069480
3148122
3226717
3305312
3383947
3462540
3541136
3619728
3698317
3776955
3855968
3934563
78750
159666
238699
317464
396542
475367
554105
632817
711581
790298
869272
949827
1028691
1107369
1186260
1265216
1344064
1422772
1501522
1580233
1659195
1739045
1817802
1896722
1975454
2054372
2133220
2212005
2290900
2369584
2448705
2527556
2606232
2685075
2764560
2843777
2922453
3001401
3080217
3158950
3237922
3316673
3395587
3474339
3554837
3633841
3712675
3791421
3870283
3949021
78611
157222
235828
314538
393805
472410
551028
629630
708365
786968
865572
944319
1022960
1101673
1180278
1258883
1337480
1416494
1495405
1574001
1652619
1731221
1809830
1888476
1967088
2045707
2124339
2202945
2281585
2360197
2441258
2519940
2598543
2677142
2755777
2834383
2913092
2991722
3070331
3148944
3229091
3307835
3386450
3465062
3543725
3622334
3701068
3779687
3858302
3936927
79817
159719
239589
321450
401499
481406
561248
641142
720998
801087
881011
960822
1040663
1122114
1202208
1282019
1361895
1441718
1521579
1601435
1681368
1761208
1841366
1922725
2002573
2082455
2165093
2245154
2325003
2404864
2484762
2564598
2644468
2724520
2804380
2885715
2965680
3045538
3125441
3207879
3287948
3367777
3447657
3527535
3607437
3687439
3767450
3847274
3927200
4008185
79484
158971
241590
321254
400780
480242
559762
639244
718829
798373
877849
957313
1036790
1116406
1195899
1275847
1355323
1434838
1516230
1595752
1675254
1754743
1834691
1914366
1993829
2073285
2152787
2232274
2311868
2391414
2470906
2550401
2631402
2710922
2790407
2869944
2949434
3028908
3108454
3187953
3267439
3346897
3429040
3508593
3588052
3667576
3747111
3826593
3906084
3985598
78596
157186
236898
315543
394136
472731
551326
629963
708575
787165
865839
944429
1023828
1102425
1181012
1259654
1338241
1416827
1495418
1575295
1653908
1732502
1811145
1889805
1968396
2046987
2125581
2204232
2282820
2361412
2439998
2518585
2597216
2675809
2754399
2832991
2913322
2991909
3070498
3149123
3227855
3306445
3385053
3464443
3543088
3621678
3700286
3778881
3857469
3936081
88131
176257
264450
352580
440709
528925
617074
705202
793328
881465
969632
1057777
1145949
1234074
1322199
1410391
1498517
1588947
1677097
1765222
1853350
1941474
2029784
2117930
2206055
2294285
2382411
2470534
2558745
2646873
2734997
2823219
2911347
2999506
3087728
3175854
3263991
3352211
3440334
3529589
3617713
3705836
3795581
3883708
3971833
4061645
4149794
4237927
4328384
4416510
88121
178255
266385
354539
445093
533276
621403
711777
799920
888044
978539
1066668
1154801
1245411
1333555
1421685
1515528
1603656
1691780
1780003
1868281
1956404
2044751
2132913
2221041
2309319
2397627
2485755
2574066
2662191
2750388
2838697
2926827
3015039
3103343
3191491
3279727
3368347
3456582
3544715
3632934
3723287
3812052
3900872
3989530
4077656
4166097
4254232
4342382
4430554
88154
176277
267424
355556
443683
534641
622791
710922
800059
888393
976521
1064689
1152819
1240943
1329070
1417340
1505468
1593594
1681722
1769848
1857976
1946307
2034431
2122555
2210820
2298944
2387088
2475319
2563477
2651601
2739725
2827957
2916101
3004224
3092424
3180550
3268674
3356873
3447619
3535769
3623964
3712090
3800221
3888414
3976560
4064691
4152819
4240969
4329097
4417225
88151
176331
264657
352787
440914
529168
617323
705448
793592
881735
970085
1058209
1146345
1234976
1323105
1411233
1500817
1588954
1677078
1766373
1854505
1942641
2031886
2120024
2208156
2297621
2385760
2473885
2563091
2651236
2739375
2827614
2915753
3003882
3092236
3180402
3268532
3356747
3444939
3533076
3621347
3709534
3797664
3887085
3975232
4063371
4151512
4239662
4327803
4415986
88184
176309
265694
353854
441987
530928
619064
707197
795327
883469
971597
1059727
1147868
1236009
1324186
1412690
1500885
1589011
1677190
1765381
1853506
1960510
2049150
2137741
2225887
2314016
2402144
2492112
2581716
2670519
2758659
2846818
2934971
3023132
3111337
3199461
3287633
3376986
3465115
3553297
3641548
3729683
3817811
3906011
3994137
4082470
4170667
4260900
4350644
4438851
88138
176335
264589
352722
440918
530912
619062
708850
797143
887485
975639
1063929
1152057
1240236
1328412
1416585
1504718
1592872
1681016
1769151
1857282
1945450
2033607
2121735
2209888
2298033
2386182
2474336
2562612
2650752
2738888
2827137
2915282
3003429
3091827
3179981
3268123
3356439
3444570
3532722
3621000
3709134
3797261
3885558
3973731
4061888
4150032
4238196
4326357
4414555
88133
176259
264471
352603
440729
528856
617004
705163
793286
881415
969575
1057729
1145879
1234003
1322129
1410259
1498388
1586655
1674805
1763016
1851193
1939329
2027543
2115695
2203818
2292038
2380162
2468286
2556571
2644695
2732845
2821061
2909184
2997307
3085475
3173606
3261758
3349931
3438096
3526220
3614346
3702470
3790596
3878720
3966863
4055010
4143140
4231263
4319468
4407631
90286
178410
266537
354661
442786
530914
619058
707185
795309
883440
971635
1059796
1147947
1236130
1324254
1412382
1500569
1588693
1676816
1765007
1853134
1941256
2029494
2117621
2205745
2293870
2382005
2470134
2558260
2646387
2734517
2822644
2910772
2998900
3087051
3175197
3263327
3351479
3439610
3527809
3615934
3704086
3792270
3880461
3968659
4056847
4144973
4233176
4321437
4409564
88133
176379
264511
352659
440901
529024
617147
705383
793610
881734
970059
1058258
1146386
1234605
1322728
1410854
1498981
1587105
1675232
1763356
1851481
1939603
2027733
2115859
2204015
2292142
2380269
2468404
2556529
2644883
2733182
2821309
2909463
2997718
3085884
3174030
3262366
3350489
3438642
3526906
3615034
3703181
3791428
3879561
3967684
4055806
4143936
4232064
4320187
4408317
88147
176326
264451
352667
440837
528959
617087
705209
793336
881461
969586
1057712
1145834
1233962
1322090
1410215
1498336
1586464
1674589
1762713
1850844
1939021
2027167
2115331
2203546
2291673
2379820
2468005
2556132
2644260
2732574
2820722
2908866
2997043
3085167
3173293
3261416
3349538
3437662
3525789
3613913
3702036
3790161
3878286
3966413
4054539
4142663
4230807
4318929
4407056
99143
198503
297571
396675
498627
598050
697117
796219
895485
994772
1093866
1192985
1294394
1393785
1492900
1591966
1691137
1790523
1889611
1988681
2090057
2189415
2288634
2387704
2486925
2586205
2685290
2784456
2885755
2985066
3084228
3183262
3282437
3381757
3480827
3579938
3679014
3778282
3877373
3976573
4075686
4174931
4273987
4373108
4472166
4571508
4670605
4769680
4868824
4968133
98194
196390
294606
393159
491372
589582
687816
786191
884393
982651
1080883
1179334
1277570
1375807
1474034
1572235
1670436
1768676
1867101
1965305
2063838
2162058
2260548
2358734
2456954
2555208
2653539
2751736
2849985
2948229
3046420
3144639
3242971
3341389
3439608
3537805
3636049
3734434
3832627
3930861
4029071
4127272
4225472
4323668
4422227
4520484
4618690
4716916
4815295
4913480
98311
196560
295295
393531
491794
590034
688459
786722
884979
983315
1081703
1179945
1278199
1376524
1474918
1573248
1671495
1769775
1868341
1966583
2064835
2163148
2261382
2359656
2457982
2556413
2654707
2752930
2851150
2949592
3047797
3146041
3244297
3342698
3440930
3539220
3637540
3735935
3834232
3932537
4030904
4129268
4227564
4325805
4424136
4522449
4620713
4718954
4817524
4915820
98166
196348
294535
392796
490962
589154
687357
785524
883691
981868
1080118
1178333
1276506
1374829
1473048
1571211
1669376
1767546
1865765
1963934
2062100
2160266
2258433
2356602
2454768
2552958
2651156
2749322
2847526
2945768
3043933
3142098
3240268
3338505
3436677
3534843
3633007
3731223
3829389
3927602
4025769
4123934
4222099
4320267
4418508
4516675
4614840
4713011
4811398
4909564
98166
196324
294488
392647
490807
588979
687248
785407
883566
981755
1080056
1178218
1276376
1374539
1472808
1570968
1669134
1767321
1865483
1963641
2061821
2160046
2258210
2356370
2454533
2552875
2651041
2749204
2847360
2945594
3043751
3141914
3240078
3338549
3436708
3534868
3633031
3731192
3829352
3927511
4025757
4123918
4222078
4320287
4418540
4516698
4614855
4713011
4811266
4909427
98175
196353
294678
392913
491093
589263
687507
787225
885399
983579
1081768
1180982
1279154
1377332
1475692
1573867
1672038
1770349
1868523
1966697
2064887
2163131
2261330
2359509
2457678
2555876
2654048
2752224
2850446
2948619
3046790
3144965
3243211
3341383
3439556
3537770
3636010
3734194
3832367
3930548
4028746
4126926
4225097
4323316
4421486
4519659
4618124
4716367
4814564
4912737
98174
196440
294602
392765
490927
589188
687344
785506
883701
981938
1080100
1178261
1276420
1374596
1472772
1570932
1669165
1767327
1865489
1963690
2061925
2160087
2258249
2356539
2454804
2552969
2651132
2749297
2847460
2945619
3043777
3142020
3240185
3338345
3436508
3534760
3632940
3731104
3829266
3927513
4025669
4123836
4221993
4320253
4418413
4516577
4614734
4712910
4811090
4909251
98235
196518
294688
392858
491026
589196
687366
785540
883770
981938
1080108
1178276
1276496
1374664
1472832
1571003
1669216
1767400
1865570
1963918
2062110
2160275
2258443
2356666
2454855
2553029
2651196
2749421
2847586
2945755
3043925
3142094
3240261
3338431
3436881
3535073
3633269
3731459
3829690
3927896
4026065
4124303
4222519
4320684
4418856
4517060
4615308
4713473
4811672
4909932
98164
196326
294487
392745
490904
589068
687236
785558
883716
981876
1080032
1178238
1276417
1374577
1472738
1571034
1669216
1767376
1865540
1963704
2061963
2160121
2258328
2356511
2458486
2556652
2654883
2753066
2851222
2949383
3047585
3145747
3243907
3342075
3440285
3538442
3636602
3734762
3832965
3931151
4029307
4127491
4225651
4323813
4421973
4520209
4618367
4716526
4814684
4912977
98164
196324
294481
392701
490863
589024
687190
785403
883561
981720
1079891
1178185
1276369
1374531
1472687
1570910
1669092
1767307
1865472
1963631
2061814
2159974
2258280
2356437
2454600
2552755
2650973
2749152
2847334
2945495
3043825
3142026
3240191
3338352
3436610
3534770
3632927
3731090
3829492
3927653
4025816
4124051
4222209
4320371
4418531
4516751
4614911
4713071
4811231
4909441
108826
217610
326486
435278
544073
654429
763244
872192
982652
1091440
1200278
1310368
1419337
1528122
1638580
1747427
1856215
1966848
2075632
2184447
2294622
2403507
2512312
2622815
2731645
2840436
2949458
3058242
3167052
3275856
3384641
3493500
3602288
3711093
3819876
3928662
4037508
4146294
4255102
4363888
4472681
4581524
4690431
4799242
4908054
5016841
5125627
5234473
5343289
5452099
108820
217613
326415
435689
544474
653282
762067
870856
979745
1088532
1197323
1306111
1414903
1523885
1632669
1741457
1850243
1959029
2067986
2176818
2285605
2394409
2503196
2611985
2720902
2829691
2938493
3047307
3156091
3264947
3373777
3482646
3591432
3700293
3809145
3917951
4026757
4135566
4244388
4353240
4462069
4570853
4679661
4788446
4897237
5006071
5114858
5223663
5332502
5441293
108794
217691
326506
435292
544080
652869
761704
870528
979313
1088102
1196887
1305724
1414557
1523341
1632129
1740912
1849763
1958549
2067339
2176123
2284906
2393838
2502708
2611498
2720286
2829071
2937951
3046907
3155692
3264506
3373293
3482084
3590924
3699713
3808498
3917305
4026096
4134931
4243719
4352504
4461316
4570099
4678938
4787764
4896548
5005353
5114139
5222926
5331876
5440698
108799
217634
326420
435222
544073
652862
761672
870474
979268
1088112
1196943
1305762
1414584
1523378
1632311
1741104
1849891
1958682
2067473
2176323
2285152
2393940
2502738
2611525
2720330
2829175
2937969
3046760
3155549
3264339
3373183
3481974
3590763
3699551
3808342
3917178
4025972
4134761
4243550
4352342
4461186
4569980
4678767
4787589
4896378
5005223
5114066
5222852
5331643
5440451
108783
217907
326757
435543
544328
653128
762064
870903
979780
1088564
1197370
1306157
1414993
1523778
1632565
1741371
1850161
1959006
2067794
2176617
2285425
2394216
2503281
2612070
2720852
2829645
2938429
3047418
3156259
3265080
3373867
3482656
3591449
3700303
3809085
3917893
4026677
4135472
4244303
4353086
4461874
4570686
4679477
4788316
4897101
5005883
5114673
5223459
5332247
5441157
108793
217579
326368
435176
544005
652863
761647
870742
979546
1088346
1197216
1306001
1414787
1523597
1632393
1741237
1850024
1958837
2067621
2176431
2285279
2394069
2502920
2611711
2720519
2829389
2938228
3047017
3155803
3264614
3373432
3482338
3591123
3699918
3808725
3917509
4026358
4135143
4243977
4352769
4461559
4570405
4679192
4787982
4896769
5005559
5114420
5223256
5332086
5440890
108791
217581
326489
435315
544101
652884
761673
870457
979295
1088080
1196868
1305656
1414458
1523299
1632082
1740871
1849657
1958461
2067304
2176113
2284900
2393686
2502507
2611343
2720152
2829028
2937838
3046642
3155431
3264282
3373068
3481870
3590655
3699467
3808314
3917097
4025914
4134703
4243514
4352377
4461163
4569951
4678736
4787539
4896390
5005237
5114028
5222857
5331662
5440715
108863
217648
326436
435219
544010
652872
761708
870496
979321
1088112
1196913
1305759
1414543
1523327
1632115
1740904
1849744
1958528
2067312
2176102
2284885
2393836
2502634
2611425
2724726
2833510
2942535
3051370
3160161
3268945
3377728
3486535
3595381
3704169
3812952
3921782
4030586
4139430
4248321
4357109
4465897
4574709
4683565
4792353
4901139
5009951
5118782
5227667
5336471
5445255
108794
217580
326366
435210
543998
652785
761614
870444
979237
1088091
1196879
1305665
1414453
1523237
1632074
1740866
1849650
1958438
2067223
2176056
2284843
2393631
2502421
2611206
2720050
2828833
2937620
3046406
3155192
3264033
3372864
3481648
3590437
3699225
3808018
3916848
4025637
4134426
4243231
4352019
4460877
4569669
4678454
4787265
4896053
5005013
5113802
5222588
5331375
5440160
108789
217730
326518
435306
544109
652899
761821
870664
979454
1088244
1197037
1305850
1414715
1523505
1632295
1741133
1849925
1958792
2067584
2176372
2285160
2393952
2502819
2611615
2720403
2829239
2938055
3046923
3155754
3264545
3373335
3482136
3590930
3699816
3808603
3917397
4026185
4134978
4243868
4352659
4461448
4570235
4679026
4787907
4896696
5005506
5114300
5223364
5332403
5441214
120066
239986
360736
480738
600651
720572
840530
960443
1080380
1200432
1320614
1440527
1560465
1680384
1800312
1920225
2040140
2160064
2280117
2400100
2520103
2640175
2760095
2880012
2999926
3119842
3239761
3359706
3479621
3599650
3719656
3839599
3959518
4079433
4199351
4319267
4439180
4559094
4679078
4799076
4919077
5039019
5158942
5278883
5398796
5518712
5638627
5758862
5878843
5998862
120002
240030
359970
479910
599826
719743
839663
959583
1079501
1199416
1319411
1439411
1559359
1679279
1799200
1919138
2039057
2158976
2278900
2398903
2518883
2638891
2758810
2878730
2998646
3118563
3238483
3358406
3478347
3598287
3718271
3838253
3958178
4078115
4198037
4317977
4437899
4557815
4677732
4797709
4917741
5037726
5157664
5277606
5397529
5517445
5637361
5757283
5877208
5997185
119966
240002
360031
479953
599880
719798
839738
959683
1079807
1199726
1319690
1439715
1559695
1679641
1799578
1919499
2039425
2159345
2279263
2399243
2519210
2639184
2759162
2879107
2999046
3118967
3238885
3358802
3478734
3598655
3718626
3838603
3958577
4078522
4198566
4318483
4438431
4558354
4678275
4798192
4918179
5038168
5158145
5278065
5397986
5517930
5637853
5757772
5877697
5997621
119950
241115
370248
490361
610401
730377
850327
970274
1090223
1210168
1330116
1450136
1570235
1692402
1812520
1942040
2061997
2181947
2304602
2425626
2546238
2666260
2786329
2906386
3026343
3146292
3266259
3386206
3506174
3626123
3746090
3866166
3986307
4106259
4226233
4346196
4466148
4586097
4706042
4825985
4946117
5066255
5186266
5306219
5426187
5546156
5666102
5786047
5905995
6025945
119926
240033
360213
480299
600382
720303
840219
960166
1080085
1200010
1319921
1439948
1559980
1680007
1799922
1919834
2039770
2159710
2279653
2399570
2519489
2639497
2759519
2879532
2999543
3119480
3239437
3359384
3479299
3599218
3719136
3839139
3959299
4079369
4199285
4319218
4439132
4559084
4679032
4798977
4918890
5039364
5159508
5279541
5399468
5519391
5639321
5759282
5879199
5999121
119924
239847
359775
479774
599778
719708
839630
959569
1079487
1199410
1319333
1439268
1559207
1679362
1799402
1919342
2039266
2159211
2279132
2399050
2518968
2639028
2759090
2879223
2999341
3119409
3239488
3359546
3479623
3599698
3719758
3839849
3959930
4080041
4201546
4321607
4441761
4561844
4681945
4802029
4922103
5042176
5162101
5282178
5402205
5522239
5643571
5763858
5883780
6003718
119940
239877
359795
479723
599674
719711
839725
961394
1081327
1201244
1321183
1441107
1561033
1680954
1800873
1920880
2042790
2162721
2282638
2402561
2522483
2642404
2762513
2882495
3002582
3122773
3242788
3364292
3484224
3604144
3724063
3844208
3964180
4084102
4204020
4324003
4445695
4565633
4685551
4805513
4925447
5045409
5165347
5285303
5405221
5527030
5647034
5768716
5888671
6008635
119952
239872
359816
479766
599711
719632
839594
959606
1081633
1201570
1321486
1443028
1562944
1682885
1802808
1922724
2042662
2162664
2282671
2402589
2524094
2644014
2763932
2883854
3003799
3123753
3243675
3363676
3483693
3608951
3728866
3850565
3970481
4090399
4210361
4330309
4450229
4570229
4690238
4810157
4931905
5051889
5171840
5291806
5411740
5531657
5651581
5771600
5891604
6013378
120015
241877
361838
481837
601752
721670
841616
961558
1081533
1201538
1321583
1441503
1563407
1683325
1803248
1923270
2043210
2163128
2283047
2403179
2523210
2645110
2765027
2885005
3004927
3124844
3244762
3364705
3484628
3604619
3724691
3844612
3964676
4084595
4206363
4326283
4446204
4566150
4686069
4806714
4926708
5046773
5166690
5289688
5409603
5529838
5649777
5769714
5889640
6009652
119964
239972
360149
480065
601684
721655
843122
963042
1082964
1202904
1322869
1442909
1562918
1682869
1802786
1924311
2044231
2164199
2284134
2404074
2524002
2644014
2764045
2883961
3005486
3125405
3246230
3366147
3486066
3605994
3725919
3845985
3966010
4085937
4205856
4327678
4447594
4567515
4687436
4807354
4927406
5047427
5167445
5287362
5407287
5527204
5648713
5768651
5888567
6008505
132554
264207
395906
527677
659325
790998
922665
1054401
1186095
1317774
1449427
1581103
1712782
1844451
1976114
2107843
2239531
2371248
2502967
2634850
2766905
2898803
3030661
3162512
3294366
3426339
3558196
3690071
3821918
3954003
4085845
4217713
4349701
4481954
4613794
4745709
4877557
5009449
5141104
5272790
5404434
5536109
5667840
5799574
5931293
6063013
6194670
6326395
6458072
6589933
131731
263379
395032
526759
658410
790084
921733
1053450
1185101
1316760
1448411
1580145
1711793
1843452
1975117
2106911
2238562
2370223
2501874
2633533
2765184
2897106
3028794
3162554
3294203
3428065
3559716
3696223
3827873
3961669
4093362
4227043
4358729
4492632
4624285
4759671
4891319
5025076
5156785
5288433
5420087
5551783
5683432
5815151
5946835
6078509
6210188
6341883
6473800
6605577
131645
263296
394945
526611
658298
789940
921618
1053262
1184985
1316702
1448582
1580385
1712421
1844237
1976173
2107993
2239896
2371713
2503563
2635372
2767232
2899138
3031060
3162989
3294986
3426807
3558751
3690496
3822163
3953833
4085477
4217127
4348805
4480472
4612141
4743782
4875447
5007092
5138897
5270543
5402242
5533884
5665629
5797275
5928944
6060614
6192357
6323996
6455678
6587321
131824
263475
395147
526797
658459
790109
921955
1053599
1185274
1316925
1448690
1580342
1712075
1843772
1975509
2107185
2238957
2380706
2512440
2644090
2777808
2909457
3043182
3174837
3306491
3438145
3569799
3701485
3833250
3964954
4098705
4230361
4364157
4495806
4629508
4761205
4894989
5026655
5160625
5292534
5426467
5558287
5692503
5825335
5959413
6091308
6223145
6355063
6486874
6618771
135207
268158
404720
537551
672699
805458
942055
1074771
1209743
1342737
1477811
1610510
1745367
1878098
2011618
2144388
2277307
2410086
2542853
2675595
2808390
2941249
3073875
3206613
3339724
3472605
3605431
3738303
3871030
4003779
4161362
4294244
4427610
4560737
4694544
4827642
4965908
5100835
5236285
5372488
5506081
5639087
5772462
5910536
6043280
6176026
6311691
6444329
6576921
6709795
131670
263318
394967
529107
660762
792406
924051
1055711
1189530
1323538
1455183
1586845
1718495
1850149
1984563
2116391
2248228
2380042
2511818
2643730
2775532
2907296
3039144
3171005
3302856
3434970
3566789
3698609
3830393
3962187
4093955
4225602
4357272
4488917
4620567
4752224
4883979
5015666
5147314
5279006
5410674
5542320
5673966
5805675
5937434
6069452
6202827
6334477
6466142
6597970
132295
264174
395927
527571
659268
790915
922563
1054217
1185867
1317517
1449190
1580851
1712502
1844167
1975836
2107485
2239164
2370842
2502508
2634172
2765830
2897539
3029215
3160899
3292556
3424239
3555911
3687576
3819226
3950883
4082530
4214182
4345836
4477490
4609141
4740791
4872444
5004094
5135745
5267396
5399044
5530712
5662358
5794007
5925688
6057533
6189495
6321493
6453423
6585360
132102
264286
396313
528444
660590
792756
924893
1057183
1189555
1322013
1454593
1587153
1719633
1852029
1984544
2116909
2249268
2381656
2514010
2646275
2778860
2911137
3043471
3175896
3308171
3440941
3573203
3705404
3837819
3970158
4102257
4234324
4366387
4498913
4631039
4763694
4895788
5027855
5159849
5292278
5424359
5556384
5688387
5820694
5952686
6084988
6216968
6349384
6481287
6613215
131667
263430
395159
526894
658560
790217
921890
1060604
1192288
1324022
1455672
1587390
1719043
1850933
1982656
2114307
2246027
2377679
2509444
2641164
2772929
2904621
3036328
3168042
3299745
3431435
3563189
3694875
3826571
3958231
4089935
4221803
4353505
4485270
4616953
4748677
4880392
5012056
5143770
5275457
5407449
5539628
5671690
5803800
5935883
6067935
6199987
6332324
6464383
6596391
131704
263509
395297
527113
658935
790758
922622
1054392
1186140
1317897
1449742
1581516
1713323
1845129
1976912
2108710
2240491
2372322
2503962
2635608
2767255
2898904
3030560
3162209
3293893
3425580
3557381
3689033
3820678
3952317
4083950
4215592
4347281
4478962
4610609
4742254
4873932
5005576
5137228
5268874
5400564
5532251
5663920
5795584
5927350
6059000
6190642
6322301
6453947
6585635
144238
288421
432736
577260
721743
865918
1010168
1154372
1301651
1448906
1595669
1739847
1884325
2028910
2173374
2317698
2461874
2606078
2750252
2894424
3038599
3182795
3327206
3471807
3616072
3761494
3905730
4049934
4194154
4338339
4482507
4626916
4771282
4915629
5059805
5204024
5348194
5492383
5636555
5780736
5924921
6069309
6213674
6358062
6502237
6646406
6790602
6934794
7078970
7223167
144473
288854
433012
577247
721396
865550
1009726
1153883
1298262
1442599
1586954
1731128
1875299
2019477
2163663
2307811
2451961
2596282
2740643
2885011
3029156
3173364
3317545
3461693
3605846
3749987
3894265
4038551
4182872
4327073
4471240
4615387
4759542
4903708
5047858
5192204
5336507
5480657
5624800
5768966
5913114
6057291
6201438
6345582
6489904
6634279
6778453
6922643
7066898
7211082
143711
287609
431510
575364
719095
862817
1006692
1150396
1294101
1437809
1581676
1725547
1869401
2013115
2156873
2300604
2444309
2588041
2731748
2875478
3019358
3163241
3307070
3450791
3594535
3738244
3881955
4025659
4169391
4313241
4457103
4600984
4744700
4893330
5037068
5180796
5324504
5468244
5611975
5755927
5899799
6043596
6187350
6331123
6474848
6618553
6762257
6905964
7049926
7193831
144599
289048
433428
577791
722228
866904
1011535
1155921
1300667
1445011
1589274
1733561
1877859
2022499
2167165
2311561
2455995
2600407
2744898
2889310
3034105
3178863
3323604
3468018
3612294
3756568
3900780
4045080
4189779
4334480
4478817
4623076
4767436
4911756
5056070
5200399
5345235
5490098
5634552
5778879
5923236
6067536
6211876
6356161
6501445
6646341
6790743
6934955
7079268
7223513
144769
289479
434271
578629
722850
867195
1011392
1155576
1299805
1443996
1588204
1732747
1877257
2021921
2166262
2310489
2454692
2598899
2743123
2887331
3031537
3176001
3320604
3465115
3609355
3753595
3898060
4042255
4186485
4330726
4474882
4619092
4763650
4908184
5052862
5197158
5341454
5485688
5630406
5774652
5918921
6066511
6211286
6355916
6500202
6644436
6788623
6932774
7076981
7221152
144718
289303
433601
577884
722147
866464
1010762
1155164
1299910
1444490
1588905
1733170
1877512
2021905
2166277
2310619
2455351
2599901
2744175
2888443
3032719
3176988
3321291
3465538
3610313
3754885
3899118
4043294
4187615
4331905
4476135
4620683
4765443
4910235
5054556
5198913
5343245
5487522
5631805
5776478
5921114
6065708
6210019
6354452
6498702
6642943
6787162
6931652
7076158
7220849
144131
288289
432433
576625
720792
865311
1009938
1154520
1298680
1442848
1587028
1731185
1875360
2019502
2163675
2307906
2452370
2597412
2742185
2886365
3030501
3174676
3318858
3463022
3607176
3751325
3895738
4040189
4184718
4329093
4473303
4617462
4761643
4905809
5049956
5194104
5338321
5483207
5627718
5772287
5916472
6060661
6204847
6349023
6493208
6637398
6781620
6925785
7072606
7229635
144340
288610
432859
577072
721436
866374
1011172
1156589
1300998
1484393
1628768
1773041
1918550
2064018
2208900
2353739
2498047
2642263
2786644
2931017
3075244
3220547
3364785
3509713
3654313
3798623
3942891
4087247
4231618
4375996
4520362
4664675
4809349
4954088
5098705
5242950
5387216
5531468
5675707
5819924
5964219
6108810
6253540
6398147
6542631
6686944
6831204
6975458
7119665
7263868
144709
289627
433751
577946
722099
866284
1010437
1155114
1299724
1444372
1589131
1733316
1877548
2021682
2165821
2309980
2454150
2598609
2743143
2887789
3032049
3176371
3320637
3464809
3608960
3753477
3898003
4042805
4187097
4331365
4475499
4619731
4763863
4908016
5052143
5196737
5341195
5485573
5629755
5773988
5918222
6062384
6206526
6350641
6495255
6639799
6784079
6928221
7072416
7216547
144836
290153
435475
580691
725492
870330
1019221
1164199
1309091
1454539
1599919
1744700
1889365
2034071
2178797
2323678
2468262
2613554
2759042
2904291
3049194
3194155
3339295
3484296
3629043
3774343
3919665
4064552
4209258
4353959
4498776
4643353
4788051
4933235
5078496
5223461
5368328
5513304
5658081
5803092
5947781
6093072
6238252
6383652
6528656
6673379
6818339
6963162
7108729
7253897
157711
319375
480918
643095
804326
966121
1127448
1289508
1450507
1608740
1766589
1925212
2083624
2241582
2400066
2558676
2717287
2875115
3033041
3191086
3350113
3507804
3665699
3823596
3982130
4140211
4298032
4455882
4614328
4772606
4932335
5089988
5247837
5406336
5564359
5722054
5880151
6038451
6196323
6354110
6512007
6670416
6829001
6987027
7145724
7303907
7462698
7620701
7778750
7936645
157365
314825
472174
629969
788012
945375
1104984
1262354
1420443
1577850
1735196
1892570
2050547
2208087
2365586
2523031
2680858
2838853
2996223
3153591
3310947
3468841
3626223
3783685
3941043
4098931
4256789
4415052
4572419
4729792
4887791
5045195
5202619
5360002
5517805
5675228
5832577
5989989
6148017
6305806
6463218
6620631
6778016
6935992
7093406
7251135
7408498
7566316
7724109
7881446
158371
317224
475696
633769
792211
950943
1109227
1267837
1426216
1585546
1744015
1902993
2061212
2220547
2379622
2537901
2696114
2855022
3013566
3171987
3330359
3488383
3647674
3805790
3963617
4121616
4280321
4438489
4596163
4754225
4913278
5072004
5229666
5387684
5545685
5706784
5865029
6023070
6181368
6340689
6499017
6657060
6815286
6974875
7133348
7291787
7449741
7608707
7767931
7926788
157381
315212
472576
629973
787350
945552
1102971
1260328
1417873
1575862
1733841
1891273
2048639
2206015
2363852
2521266
2678719
2836107
2994075
3151776
3309175
3466574
3624236
3782248
3940686
4098102
4263030
4421052
4578491
4735882
4893258
5051209
5209032
5366426
5523859
5681415
5839263
5996657
6154044
6311421
6469548
6626945
6784309
6941721
7099711
7257746
7415114
7572563
7730027
7887764
157371
330985
488894
646253
803609
960962
1118867
1276684
1434237
1591595
1749000
1906727
2064091
2221535
2378976
2536749
2694182
2851589
3009009
3166935
3324773
3482137
3639493
3796863
3954684
4112030
4269469
4426854
4584607
4742428
4899789
5057200
5214618
5372498
5529851
5687202
5844586
6002294
6159941
6317331
6474740
6632099
6789735
6947092
7104482
7261855
7419492
7576850
7734734
7892130
164323
324721
485531
646905
807767
968046
1128353
1289341
1449410
1610709
1771183
1932776
2093944
2254523
2414953
2576201
2736775
2896815
3057177
3218281
3378359
3538088
3699257
3859780
4020147
4181036
4341863
4502717
4662940
4822946
4984586
5146034
5306880
5467352
5628477
5789305
5949656
6110280
6271566
6432087
6591900
6752295
6913636
7074063
7233975
7394198
7555544
7716023
7876498
8036938
157721
315421
473724
631858
790000
947542
1105249
1263161
1421249
1578907
1736386
1894635
2053800
2212628
2371121
2530612
2690392
2849034
3007509
3165845
3326087
3484631
3643209
3801824
3961451
4121008
4278614
4436184
4594732
4752853
4910333
5067914
5228989
5387519
5545053
5702722
5861167
6022691
6180427
6338008
6495422
6653592
6810983
6968490
7125999
7287816
7446042
7603833
7761295
7919351
157378
314735
472510
633356
790760
948131
1105469
1263648
1421111
1578490
1736009
1897941
2055759
2213124
2370473
2527943
2689522
2846875
3014551
3171919
3329775
3487132
3644464
3801880
3962491
4120312
4277655
4434983
4595675
4753458
4910848
5068191
5225521
5383439
5540782
5698243
5860722
6018558
6176406
6333766
6491120
6652292
6810086
6967683
7125069
7282404
7440194
7597640
7754991
7916692
157782
315167
472540
629867
787802
945131
1102430
1263188
1420978
1578519
1735853
1893167
2054227
2212077
2369450
2527291
2684618
2842634
2999991
3157399
3314935
3472806
3630230
3793121
3950446
4108333
4266226
4423855
4587532
4744882
4902884
5060191
5217573
5375615
5533589
5690918
5853770
6011065
6168897
6326270
6483612
6647480
6808881
6966754
7124092
7281450
7438853
7596633
7753990
7917676
157811
315133
472440
629731
787507
945300
1102573
1266309
1424335
1582105
1739379
1896659
2059466
2217218
2374514
2532120
2689391
2847160
3004564
3161843
3325394
3483167
3640936
3803954
3961248
4118703
4276450
4433771
4596429
4753719
4911459
5068900
5226192
5384425
5542073
5699851
5863274
6020547
6177851
6335617
6492898
6655397
6812682
6970279
7127625
7284892
7444694
7602226
7760110
7922579
173005
344990
517421
690115
861371
1035941
1208704
1381475
1555009
1734828
1907641
2080193
2260775
2433509
2606072
2780534
2952849
3124786
3297998
3481607
3655281
3826530
3999550
4172184
4344210
4517038
4696453
4868546
5041133
5220377
5392574
5564776
5738721
5912516
6084398
6257611
6430930
6603714
6777645
6958903
7131225
7304008
7478018
7651589
7823787
7996259
8168227
8340214
8513330
8693745
172433
343896
515500
688748
860296
1032776
1210536
1381670
1553804
1732543
1905195
2076845
2248432
2420573
2591658
2763170
2939850
3111573
3283902
3461372
3632834
3805030
3977238
4149323
4320662
4492386
4664468
4836016
5007796
5186449
5359117
5531572
5710592
5882019
6054215
6226768
6399146
6570945
6742767
6914824
7086119
7258267
7435083
7606698
7779008
7956850
8128432
8300492
8472300
8644413
172732
347492
527285
700826
875541
1051157
1225015
1399494
1573786
1748213
1921898
2095648
2277079
2450180
2623986
2802690
2976145
3152054
3326164
3499077
3673464
3847281
4021516
4194786
4369151
4552622
4726486
4901250
5082065
5257088
5431789
5612963
5786871
5961275
6135988
6310056
6483604
6658294
6836995
7010333
7183692
7364255
7537882
7713061
7894206
8067966
8243629
8418192
8598626
8772730
171628
342712
513688
686075
857475
1028741
1200594
1372222
1553967
1725171
1897216
2078860
2250368
2422883
2594019
2765196
2937540
3109388
3281385
3452635
3624348
3806012
3977227
4148461
4330490
4501950
4673877
4845526
5016911
5189312
5360862
5532193
5703486
5875138
6056752
6227897
6399694
6581839
6752904
6924966
7096657
7267808
7440224
7612075
7793736
7964889
8136408
8320087
8492378
8663666
171080
348564
520138
691732
869729
1042000
1213079
1393270
1564267
1735253
1906915
2078235
2250154
2421763
2592723
2764656
2936227
3115395
3286528
3457853
3636781
3808084
3979399
4151621
4322862
4494987
4666178
4837250
5009044
5180901
5357344
5528398
5700207
5871882
6042980
6213972
6386505
6557862
6730262
6902001
7081425
7253365
7424877
7602758
7773990
7945416
8124970
8296065
8467280
8639213
178116
350709
523356
700959
873160
1045673
1225279
1396729
1568354
1746557
1918084
2089691
2263675
2435327
2606802
2779410
2950732
3122270
3294021
3466728
3639755
3812173
3983964
4156834
4329428
4507668
4680208
4852145
5030807
5271274
5444023
5621905
5794237
5972278
6144583
6326822
6503607
6679489
6850547
7022366
7194007
7366083
7538130
7713720
7891235
8062445
8233682
8406131
8577407
8749054
171585
373043
544548
729600
902831
1074008
1244879
1416893
1587940
1759642
1930996
2102199
2273847
2444902
2616484
2788046
2959521
3130538
3302001
3473113
3644684
3815708
3986695
4158420
4329552
4500577
4672305
4844678
5015821
5186862
5358230
5529743
5700822
5872003
6043789
6214931
6385903
6557842
6729061
6900327
7071462
7242353
7414049
7584969
7756143
7928014
8099075
8270141
8441698
8612811
175998
351210
527075
702010
877390
1053667
1230369
1406084
1581660
1757018
1932779
2107949
2283063
2458945
2634215
2809790
2985354
3160297
3336829
3512097
3687770
3863148
4039343
4214964
4390013
4565983
4741141
4916156
5092339
5267366
5443544
5619065
5794837
5970780
6145597
6321266
6497127
6672286
6848178
7023036
7197927
7373076
7548080
7724044
7899675
8074716
8249817
8425058
8600460
8776953
171956
342993
514165
686001
857045
1028876
1199889
1370841
1542443
1713358
1884310
2056475
2227433
2399183
2570568
2742144
2913803
3084756
3255944
3427805
3598822
3770531
3941484
4112563
4284377
4455380
4626307
4797952
4968953
5140889
5311986
5482977
5654944
5825924
5996812
6168461
6339512
6511295
6682353
6853652
7025781
7196710
7368375
7539485
7711214
7883308
8054729
8225835
8397486
8568441
172799
344400
515841
688090
859886
1031072
1203418
1374857
1547243
1718723
1889993
2062016
2233441
2404911
2577410
2749293
2920799
3096950
3268286
3440045
3612525
3783658
3955951
4128471
4300372
4472847
4644027
4816082
4988640
5159927
5331336
5503966
5675666
5846798
6019258
6190372
6361717
6534232
6705639
6877941
7049405
7220987
7393421
7565324
7736578
7908758
8080263
8251743
8424033
8595994
