4 11.100000
8 37.400000
12 86.800000
16 179.600000
20 290.400000
24 264.900000
28 325.600000
32 464.000000
36 568.900000
40 605.800000
44 772.900000
48 817.800000
52 968.200000
56 1074.500000
60 1186.700000
64 1306.300000
68 1433.300000
72 1555.200000
76 1746.200000
80 1899.100000
84 2109.100000
88 2323.900000
92 2534.800000
96 2776.300000
100 2969.500000
104 3161.800000
108 3433.800000
112 3678.100000
116 4005.500000
120 4221.800000
124 4469.200000
128 4814.900000
132 5163.700000
136 5427.000000
140 5812.700000
144 6137.200000
148 6686.700000
152 6721.700000
156 7555.200000
160 7601.600000
164 7912.100000
168 8231.500000
172 8616.400000
176 9119.600000
180 9383.900000
184 9810.500000
188 10120.500000
192 10582.000000
196 11344.400000
200 11531.000000
204 11925.000000
208 12343.600000
212 13280.900000
216 13393.700000
220 13808.200000
224 14303.700000
228 15215.700000
232 15455.600000
236 15884.900000
240 16659.100000
244 17473.600000
248 17779.400000
252 18052.800000
256 18713.000000
260 19912.300000
264 20188.500000
268 20465.200000
272 21119.200000
276 22394.500000
280 22721.500000
284 22919.100000
288 24001.400000
292 25149.400000
296 25490.200000
300 25732.400000
304 26244.000000
308 27903.500000
312 28336.900000
316 28495.400000
320 29050.100000
324 31094.200000
328 31302.900000
332 31352.400000
336 32199.000000
340 34176.600000
344 34550.100000
348 34467.400000
352 35266.000000
356 37123.600000
360 37641.300000
364 37879.700000
368 38557.000000
372 40818.300000
376 41282.200000
380 41018.400000
384 42055.900000
388 44673.600000
392 44924.000000
396 44855.200000
400 45895.900000
404 48394.200000
408 48812.400000
412 48294.300000
416 49257.300000
420 52140.900000
424 52410.500000
428 52178.500000
432 53854.900000
436 56018.700000
440 56564.900000
444 56040.600000
448 57212.800000
452 60260.400000
456 60686.700000
460 60298.000000
464 61472.300000
468 64461.500000
472 65030.700000
476 64587.400000
480 65756.000000
484 69234.200000
488 71159.900000
492 68909.400000
496 70238.900000
500 74480.500000
504 74479.600000
508 73742.400000
512 74705.200000
516 78280.400000
520 79097.800000
524 79615.500000
528 83327.300000
532 83547.200000
536 84642.600000
540 83947.500000
544 85325.000000
548 88906.300000
552 90395.400000
556 89621.500000
560 90779.000000
564 94345.100000
568 95754.000000
572 95160.800000
576 96249.800000
580 100020.100000
584 102131.300000
588 100929.100000
592 102023.500000
596 106225.100000
600 107897.900000
604 106718.600000
608 107936.200000
612 110770.200000
616 113751.100000
620 112399.600000
624 113644.100000
628 119881.600000
632 119979.800000
636 118494.900000
640 119966.600000
644 129188.400000
648 137259.700000
652 136590.300000
656 157765.700000
660 163501.600000
664 149605.100000
668 148542.800000
672 152395.600000
676 169704.900000
680 163660.200000
684 169019.200000
688 156432.800000
692 170914.100000
696 167932.600000
700 171835.500000
704 170434.300000
708 187061.400000
712 160492.200000
716 157673.200000
720 158459.400000
724 169464.900000
728 187571.100000
732 180595.000000
736 179643.700000
740 191811.200000
744 192807.900000
748 185918.900000
752 192685.800000
756 205520.700000
760 208829.500000
764 189943.400000
768 197575.200000
772 203209.800000
776 221289.200000
780 197974.400000
784 191836.600000
788 206189.400000
792 219226.700000
796 196288.200000
800 208129.400000
