221
442
663
885
1106
1327
1572
1793
2014
2235
2492
2713
2934
3155
3422
3642
3863
4084
4338
4560
4781
5002
5249
5470
5691
5912
6134
6356
6577
6798
7019
7240
7461
7682
7903
8124
8345
8566
8787
9008
9229
9450
9671
9892
10113
10334
10555
10776
10997
11218
221
443
664
905
1126
1404
1644
1922
2143
2364
2585
2806
3027
3248
3469
3690
3911
4132
4353
4604
4831
5053
5274
5495
5717
5938
6159
6380
6601
6822
7043
7264
7485
7707
7928
8149
8370
8591
8813
9034
9255
9477
9698
9919
10140
10361
10582
10804
11025
11249
222
443
664
885
1106
1328
1549
1773
1994
2215
2436
2661
2882
3103
3324
3549
3770
3991
4212
4433
4655
4877
5098
5319
5540
5761
5982
6203
6424
6645
6867
7088
7309
7530
7751
7973
8194
8415
8636
8857
9078
9299
9520
9741
9962
10183
10404
10625
10846
11067
221
442
663
884
1105
1326
1548
1769
1990
2211
2433
2654
2875
3096
3321
3542
3763
3985
4209
4430
4652
4873
5094
5315
5536
5757
5978
6199
6421
6642
6863
7083
7304
7525
7746
7967
8188
8409
8630
8851
9072
9293
9514
9736
9957
10179
10400
10621
10842
11063
291
512
733
954
1213
1434
1655
1876
2097
2318
2539
2760
2982
3203
3424
3645
3866
4099
4331
4552
4773
4995
5227
5449
5670
5892
6113
6334
6555
6776
6997
7218
7439
7660
7881
8102
8323
8545
8766
8987
9208
9429
9650
9872
10093
10314
10536
10757
10978
11199
221
443
664
886
1138
1359
1580
1801
2022
2243
2464
2686
2907
3128
3349
3570
3833
4065
4287
4509
4730
4951
5173
5396
5618
5840
6084
6306
6527
6748
6970
7192
7413
7635
7857
8078
8299
8520
8741
8962
9183
9404
9626
9847
10069
10291
10512
10733
10954
11175
221
443
665
886
1107
1328
1549
1771
1992
2213
2434
2655
2876
3097
3318
3539
3760
3985
4206
4427
4648
4873
5094
5315
5536
5761
5982
6203
6424
6646
6868
7090
7311
7532
7754
7976
8198
8419
8640
8862
9083
9304
9525
9746
9968
10189
10410
10631
10853
11075
222
444
666
888
1110
1331
1552
1774
1996
2217
2438
2660
2881
3102
3324
3546
3767
3989
4211
4433
4655
4877
5099
5321
5545
5767
5989
6210
6435
6657
6878
7099
7325
7547
7769
7991
8213
8435
8657
8879
9101
9322
9543
9765
9987
10209
10431
10652
10874
11096
221
442
663
884
1105
1326
1547
1768
1989
2210
2431
2652
2873
3094
3315
3536
3757
3978
4200
4421
4642
4863
5084
5305
5526
5748
5969
6190
6411
6633
6854
7079
7300
7522
7743
7968
8189
8410
8631
8855
9076
9297
9518
9739
9960
10181
10402
10623
10844
11065
221
442
663
884
1105
1326
1547
1768
1989
2210
2431
2652
2873
3095
3316
3537
3759
3980
4201
4422
4643
4864
5086
5307
5528
5749
5970
6191
6413
6634
6855
7076
7297
7518
7742
7963
8184
8405
8629
8850
9071
9292
9517
9738
9959
10181
10402
10623
10844
11065
882
1764
2667
3550
4432
5315
6201
7083
7966
8849
9732
10615
11497
12380
13262
14144
15027
15909
16791
17673
18555
19438
20321
21203
22086
22969
23851
24734
25616
26499
27381
28267
29152
30038
30925
31810
32695
33581
34466
35349
36231
37113
37996
38878
39760
40642
41525
42408
43290
44173
880
1760
2640
3521
4402
5283
6163
7043
7923
8803
9683
10563
11444
12325
13206
14086
14967
15848
16728
17609
18490
19371
20255
21139
22023
22906
23790
24674
25557
26440
27320
28201
29081
29961
30841
31722
32603
33483
34364
35245
36126
37007
37888
38768
39773
40653
41534
42415
43296
44176
882
1763
2644
3525
4407
5289
6170
7051
7933
8815
9697
10578
11459
12341
13223
14108
14992
15877
16761
17646
18532
19417
20299
21180
22062
22944
23825
24706
25587
26469
27350
28232
29113
29994
30875
31756
32637
33519
34401
35282
36163
37044
37925
38807
39689
40570
41451
42332
43213
44095
881
1762
2642
3523
4404
5288
6172
7081
8007
9120
10024
10921
11946
12889
13866
14812
15757
16721
17666
18588
19511
20453
21376
22299
23263
24145
25026
25907
26819
27708
28594
29475
30356
31237
32118
32999
33880
34761
35642
36523
37404
38285
39205
40086
40967
41848
42729
43610
44491
45372
881
1762
2644
3526
4407
5289
6171
7052
7934
8816
9697
10579
11461
12343
13225
14110
14995
15880
16765
17649
18535
19419
20304
21186
22068
22949
23830
24711
25592
26474
27355
28237
29119
30000
30881
31763
32645
33527
34408
35290
36171
37053
37934
38816
39746
40628
41510
42392
43273
44154
881
1762
2643
3524
4405
5286
6167
7048
7929
8813
9698
10582
11467
12357
13260
14144
15029
15910
16791
17672
18553
19434
20315
21196
22078
22959
23840
24721
25602
26483
27364
28245
29126
30017
30898
31779
32660
33541
34422
35302
36183
37064
37945
38826
39707
40588
41473
42359
43243
44128
882
1766
2650
3536
4421
5305
6234
7140
8025
8907
9789
10670
11552
12433
13314
14196
15077
15958
16840
17722
18603
19484
20366
21248
22130
23012
23894
24776
25658
26540
27422
28303
29184
30065
30947
31828
32709
33591
34473
35357
36243
37127
38011
38896
39781
40666
41551
42433
43314
44196
884
1768
2649
3530
4411
5292
6173
7054
7935
8816
9697
10578
11459
12340
13221
14103
14984
15865
16746
17627
18508
19388
20269
21150
22031
22912
23793
24674
25555
26439
27324
28208
29092
29977
30861
31745
32629
33510
34391
35272
36153
37033
37914
38795
39676
40557
41438
42319
43311
44192
881
1762
2643
3525
4407
5288
6170
7052
7933
8815
9697
10579
11461
12342
13224
14106
14988
15870
16751
17632
18514
19396
20277
21159
22044
22928
23813
24698
25583
26468
27353
28238
29119
30000
30882
31763
32644
33525
34406
35288
36169
37051
37933
38815
39697
40579
41461
42343
43224
44106
881
1762
2643
3525
4406
5287
6168
7049
7930
8811
9691
10572
11453
12335
13216
14100
14986
15870
16754
17639
18523
19407
20292
21173
22054
22936
23817
24699
25580
26462
27343
28225
29106
29987
30869
31750
32631
33512
34393
35274
36155
37036
37917
38798
39679
40560
41441
42322
43204
44085
1985
3973
5964
7952
9937
11922
13911
15899
17888
19873
21857
23846
25834
27823
29808
31793
33778
35767
37755
39742
41727
43712
45700
47688
49672
51657
53642
55630
57619
59607
61592
63576
65561
67548
69535
71520
73505
75490
77478
79467
81452
83436
85421
87409
89397
91385
93369
95354
97352
99340
1985
3970
5958
7946
9935
11919
13904
15892
17881
19869
21854
23839
25824
27812
29800
31784
33769
35754
37741
39734
41722
43707
45692
47681
49669
51656
53641
55625
57610
59598
61587
63572
65557
67542
69531
71519
73507
75492
77477
79461
81449
83495
85480
87464
89452
91441
93429
95413
97398
99382
1989
3973
5957
7945
9933
11921
13905
15890
17875
19863
21851
23836
25821
27806
29795
31782
33770
35755
37740
39727
41715
43704
45689
47674
49659
51647
53635
55620
57605
59589
61576
63564
65553
67538
69523
71511
73499
75488
77473
79457
81442
83429
85417
87402
89387
91372
93360
95349
97337
99321
2023
4032
6017
8002
9986
12001
13990
15975
17960
20057
22045
24033
26018
28003
29988
31976
33965
35949
37934
39919
41908
43896
45884
47869
49854
51842
53829
55817
57801
59786
61770
63759
65747
67732
69717
71702
73690
75678
77666
79651
81636
83621
85610
87599
89584
91569
93554
95542
97530
99518
1988
3976
5964
7949
9934
11919
13907
15895
17880
19865
21850
23838
25827
27815
29800
31784
33772
35760
37749
39733
41717
43701
45689
47677
49664
51648
53632
55619
57607
59591
61576
63561
65549
67537
69525
71510
73495
75483
77470
79458
81443
83428
85413
87401
89394
91382
93367
95351
97340
99328
1987
3974
5965
7955
9942
11930
13918
15908
17899
19890
21877
23864
25854
27845
29836
31823
33810
35797
37788
39797
41784
43771
45758
47752
49744
51732
53719
55706
57697
59687
61678
63665
65652
67643
69634
71625
73613
75600
77587
79578
81568
83555
85542
87530
89521
91511
93628
95615
97602
99593
1984
3968
5960
7948
9936
11920
13904
15888
17876
19863
21848
23832
25816
27803
29791
31779
33763
35748
37736
39724
41713
43697
45681
47666
49654
51641
53626
55611
57596
59584
61572
63560
65544
67528
69516
71504
73492
75476
77461
79445
81433
83421
85406
87390
89375
91363
93351
95338
97323
99307
1988
3973
5958
7943
9931
11919
13908
15892
17877
19865
21853
23841
25826
27811
29796
31784
33772
35756
37740
39728
41715
43704
45689
47674
49659
51647
53635
55620
57604
59589
61597
63605
65594
67579
69563
71550
73539
75527
77512
79497
81482
83470
85458
87443
89428
91412
93400
95388
97376
99361
1988
3976
5961
7945
9929
11917
13905
15893
17877
19862
21850
23838
25826
27810
29794
31778
33766
35754
37739
39723
41707
43695
45683
47671
49655
51640
53628
55617
57605
59590
61574
63559
65547
67641
69625
71609
73593
75580
77569
79554
81538
83523
85511
87498
89486
91470
93455
95443
97435
99423
1985
3973
5961
7950
9934
11919
13907
15921
17909
19894
21878
23863
25850
27837
29821
31806
33791
35779
37768
39756
41740
43725
45714
47702
49690
51675
53659
55644
57633
59622
61607
63592
65577
67565
69553
71541
73526
75510
77498
79486
81474
83459
85444
87429
89417
91405
93390
95375
97359
99346
3529
7058
10587
14121
17649
21177
24706
28231
31760
35322
38851
42379
45908
49436
52964
56489
60017
63546
67074
70602
74131
77659
81188
84717
88242
91770
95337
98866
102395
105923
109452
112980
116505
120033
123562
127090
130622
134152
137680
141329
144981
148506
152034
155562
159091
162619
166147
169676
173204
176732
3530
7060
10589
14150
17680
21206
24736
28266
31835
35364
38917
42447
45976
49506
53033
56562
60092
63623
67153
70683
74213
77743
81272
84798
88328
91857
95387
98917
102447
105977
109508
113037
116567
120094
123625
127154
130683
134213
137742
141272
144802
148332
151859
155389
158920
162450
165980
169511
173040
176570
3529
7057
10585
14114
17642
21170
24695
28224
31752
35280
38810
42338
45866
49395
52920
56449
60663
64214
67747
71275
74804
78332
81860
85390
88919
92444
95998
99527
103056
106584
110113
113641
117169
120694
124223
127751
131279
134808
138336
141864
145393
148921
152446
155974
159504
163032
166561
170090
173619
177147
3530
7060
10590
14121
17650
21200
24730
28256
31807
35337
38867
42397
45927
49457
52987
56516
60042
63573
67102
70651
74182
77711
81241
84772
88302
91828
95358
98889
102419
105949
109479
113009
116538
120065
123615
127145
130674
134205
137768
141298
144829
148359
151885
156089
159616
163146
166676
170206
173736
177265
3533
7061
10589
14118
17646
21174
24703
28228
31756
35284
38813
42341
45869
49399
52927
56455
59980
63509
67037
70566
74095
77624
81153
84681
88206
91734
95263
98792
102321
105849
109378
112907
116435
119965
123494
127019
130547
134076
137605
141133
144662
148190
151718
155247
158772
162300
165828
169357
172885
176414
3531
7061
10591
14122
17671
21200
24730
28256
31785
35315
38845
42375
45904
49434
52963
56493
60019
63549
67079
70608
74138
77693
81223
84753
88282
91809
95338
98868
102397
105926
109456
112986
116518
120044
123575
127105
130634
134165
137695
141225
144755
148284
151810
155340
158870
162400
165949
169479
173008
176538
3530
7059
10588
14118
17647
21173
24702
28231
31760
35288
38836
42365
45893
49422
52948
56479
60053
63603
67132
70661
74190
77718
81248
84774
88304
91833
95362
98892
102421
105949
109479
113004
116533
120062
123591
127120
130649
134178
137707
141236
144762
148292
151820
155349
158879
162408
165936
169504
173029
176557
3529
7057
10585
14110
17639
21167
24695
28224
31752
35281
38833
42361
45886
49414
52943
56471
60000
63530
67058
70587
74116
77641
81170
84698
88227
91756
95285
98814
102342
105867
109396
112925
116454
119982
123511
127039
130567
134096
137621
141150
144679
148208
151737
155265
158794
162322
165847
169375
172904
176432
3529
7054
10583
14111
17640
21169
24697
28227
31755
35283
38809
42337
45865
49393
52922
56451
59979
63508
67033
70562
74090
77619
81147
84675
88204
91733
95261
98786
102315
105844
109374
112903
116431
119959
123488
127013
130541
134069
137598
141126
144654
148184
151712
155241
158766
162295
165824
169352
172881
176410
3529
7059
10588
14117
17646
21175
24703
28232
31758
35287
38816
42345
45874
49403
52933
56462
59987
63515
67044
70572
74101
77631
81159
84687
88216
91742
95271
98800
102329
105858
109387
112917
116446
119972
123503
127032
130560
134089
137638
141167
144695
148225
151751
155280
158809
162338
165867
169395
172925
176454
5732
11243
16753
22263
27773
33303
38814
44324
49838
55353
60867
66380
71894
77405
82916
88427
93938
99449
104960
110470
115980
121492
127006
132520
138095
143647
149162
154692
160202
165713
171223
176734
182245
187755
193265
198775
204288
209801
215315
220833
226346
231856
237366
242876
248387
253897
259408
264945
270456
276100
5517
11033
16548
22062
27573
33083
38593
44104
49615
55125
60707
66238
71752
77267
82781
88295
93808
99319
104830
110341
115852
121362
126873
132384
137899
143414
148929
154444
159956
165467
170978
176489
182001
187512
193044
198556
204068
209583
215097
220612
226127
231642
237153
242663
248173
253683
259194
264705
270216
275727
5513
11026
16539
22052
27566
33080
38590
44100
49610
55140
60649
66159
71669
77178
82692
88205
93718
99232
104745
110258
115768
121278
126787
132438
137947
143456
148965
154474
160031
165564
171076
176589
182101
187610
193118
198627
204135
209644
215152
220660
226169
231678
237191
242704
248220
253734
259247
264757
270267
275777
5510
11019
16528
22038
27550
33063
38576
44088
49604
55117
60626
66136
71646
77156
82665
88175
93685
99195
104705
110219
115732
121246
126898
132408
137918
143428
148942
154453
159963
165473
170984
176494
182007
187521
193035
198549
204067
209581
215091
220601
226111
231620
237164
242675
248185
253698
259211
264866
270378
275887
5513
11025
16537
22050
27563
33076
38588
44101
49617
55133
60731
66288
71804
77316
82829
88341
93852
99363
104875
110386
115898
121410
126925
132440
137955
143467
148978
154489
160001
165512
171025
176537
182049
187561
193077
198593
204109
209624
215139
220652
226164
231676
237189
242702
248214
253726
259430
264945
270461
275981
5512
11062
16571
22080
27589
33097
38606
44114
49622
55131
60639
66152
71666
77179
82691
88204
93717
99227
104736
110245
115755
121264
126774
132283
137797
143309
148821
154333
159845
165357
170866
176375
181884
187392
192901
198410
203919
209428
214937
220448
225960
231475
236986
242540
248048
253556
259144
264652
270160
275668
5511
11021
16535
22049
27563
33077
38591
44102
49611
55121
60631
66141
71651
77161
82671
88181
93694
99207
104720
110233
116290
121801
127310
132820
138330
143840
149350
154860
160375
165889
171403
176917
182431
187949
193461
198972
204483
209993
215504
221015
226526
232036
237589
243103
248616
254130
259644
265154
270664
276174
5509
11019
16528
22038
27548
33058
38572
44085
49599
55113
60628
66139
71651
77163
82673
88184
93695
99206
104716
110228
115742
121255
126768
132282
137795
143326
148836
154346
159855
165364
170874
176383
181893
187407
192920
198433
203946
209459
214968
220478
225987
231497
237007
242517
248320
253868
259385
264899
270413
275927
5511
11022
16529
22036
27543
33050
38556
44063
49569
55076
60584
66094
71604
77114
82624
88134
93645
99153
104660
110292
115799
121306
126813
132321
137828
143335
148846
154357
159868
165379
170890
176397
181905
187412
192920
198427
203972
209480
214990
220498
226006
231516
237027
242538
248049
253559
259066
264573
270080
275588
5509
11019
16528
22037
27546
33059
38572
44126
49639
55156
60667
66178
71688
77198
82707
88217
93726
99236
104746
110256
115769
121282
126795
132308
137821
143330
148839
154348
159857
165366
170877
176387
181896
187405
192918
198451
203963
209475
214987
220500
226008
231517
237026
242536
248045
253554
259063
264572
270081
275613
7998
15941
23883
31825
39768
47710
55652
63595
71537
79479
87421
95361
103303
111266
119208
127151
135092
143036
150978
158920
166862
174803
182744
190686
198628
206570
214513
222456
230398
238341
246284
254226
262168
270109
278050
285991
293932
301929
309870
317813
325754
333717
341659
349604
357549
365491
373435
381377
389318
397259
7943
15886
23874
31817
39760
47785
55727
63668
71610
79554
87497
95440
103383
111328
119271
127261
135204
143146
151088
159069
167011
174953
183000
190981
198949
206911
214898
222841
230783
238725
246668
254610
262553
270495
278439
286380
294322
302283
310269
318232
326175
334119
342062
350005
357948
365891
373834
381776
389719
397661
7941
15883
23830
31771
39711
47652
55592
63532
71561
79524
87465
95408
103402
111343
119284
127225
135166
143107
151048
158990
166930
174870
182811
190753
198695
206637
214617
222559
230500
238443
246385
254346
262286
270227
278168
286109
294053
301994
309936
317877
325818
333760
341701
349643
357583
365525
373465
381406
389347
397289
7940
15879
23817
31756
39695
47634
55575
63514
71453
79393
87331
95271
103210
111149
119087
127026
134966
142905
150900
158840
166957
174896
182835
190774
198713
206653
214592
222530
230469
238408
246348
254286
262229
270169
278153
286092
294031
302262
310201
318141
326079
334017
341955
349895
357854
365793
373732
381672
389612
397552
7944
15889
23834
31779
40419
48364
56310
64255
72200
80145
88129
96079
104023
112008
119952
127896
135842
144114
152127
160792
169386
177737
185767
193712
201658
210034
217979
225942
233938
242373
250318
258262
266207
274152
282097
290133
298362
306612
314730
322675
330620
338565
346511
354456
362428
370373
378318
386269
394214
402158
7942
15884
23825
31765
39711
47654
55597
63539
71479
79421
87362
95304
103245
111187
119129
127071
135077
143090
151102
159165
167152
175134
183133
191073
199014
206958
214940
222882
230872
238933
246871
254854
262817
270764
278706
286647
294584
302525
310467
318494
326435
334377
342405
350346
358289
366316
374298
382241
390182
398124
7984
15924
23884
31825
39765
47705
55649
63589
71531
79471
87454
95435
103379
111318
119321
127261
135201
143141
151081
159021
166961
174901
182841
190781
198722
206662
214601
222540
230479
238440
246381
254321
262261
270201
278143
286083
294023
301963
309946
317886
325825
333768
341708
349648
357588
365528
373468
381408
389349
397290
7941
15881
23822
31763
39704
47645
55586
63556
71496
79435
87375
95314
103255
111197
119138
127078
135019
142979
150919
158859
166799
174738
182678
190618
198557
206497
214477
222438
230398
238339
246279
254259
262199
270135
278074
286013
293952
301891
309834
317776
325717
333658
341600
349540
357480
365420
373361
381300
389239
397179
7942
15884
23826
31768
39710
47652
55594
63536
71479
79422
87365
95307
103249
111191
119134
127077
135019
142961
150902
158844
166786
174730
182673
190616
198586
206528
214470
222412
230354
238295
246236
254177
262119
270061
278005
285947
293890
301832
309813
317755
325698
333641
341582
349581
357522
365464
373406
381348
389291
397234
7944
15887
23829
31771
39714
47657
55599
63542
71485
79428
87370
95311
103252
111194
119135
127077
135019
142963
150906
158848
166791
174734
182680
190623
198565
206507
214449
222391
230335
238279
246222
254208
262151
270093
278036
285978
293921
301863
309805
317747
325689
333632
341576
349519
357462
365462
373405
381347
389290
397233
10910
21723
32536
43351
54164
64977
75790
86604
97417
108230
119043
129859
140804
151618
162431
173244
184057
194872
205686
216500
227314
238127
248940
259754
270567
281380
292193
303073
313887
324700
335515
346327
357142
367955
378768
389581
400396
411359
422173
432987
443801
454614
465428
476245
487058
497871
508684
519498
530370
541184
10815
21629
32444
43259
54074
64889
75703
86517
97331
108148
118963
129778
140592
151407
162223
173038
183870
194686
205563
216378
227193
238007
248821
259635
271134
281944
292755
303566
314378
325189
336000
346812
357623
368436
379248
390060
400872
411683
422494
433305
444117
454928
465740
476551
487362
498173
508984
519795
530605
541704
10817
21631
32447
43262
54077
64892
75707
86522
97338
108153
118968
129783
140603
151418
162233
173048
183863
194678
205493
216308
227123
238152
249069
259945
271146
282086
292897
303815
314694
325510
336536
347391
358368
369293
380503
391465
402506
413460
424317
435132
446024
456931
467851
478714
489657
500601
511475
522338
533190
544147
11268
22330
33369
44321
55228
66317
77146
87955
98767
109803
120682
131738
142616
153430
164242
175136
186192
197005
207863
218849
229742
240731
251667
262627
273537
284350
295267
306106
317067
327959
338873
349781
361354
372327
383442
394401
405238
416091
427028
437890
448807
459686
471280
482220
493291
504099
514974
525876
537519
548397
11023
21886
32978
43882
54698
65515
76397
87213
98137
108953
119770
130587
141455
152458
163274
174131
184944
195797
206610
217422
228456
239367
250326
261286
272102
282919
293848
304723
315686
326597
337410
348272
359088
369951
380806
391622
402724
413602
424536
435353
446294
457231
468110
479052
490029
500965
511784
522664
533524
544389
11043
22045
32943
43756
54612
65546
76365
87433
98254
109169
119987
130877
141698
152519
163557
174433
185555
196368
207294
218113
229103
239922
250783
261660
272479
283605
294424
305280
316147
327012
337829
348641
359597
370476
381383
392247
403069
413885
424702
435625
446529
457484
468417
479270
490083
501054
511952
522789
533734
544595
10958
21782
32707
43524
54341
65157
75974
86792
97603
108435
119246
130058
140869
151681
162492
173303
184115
194968
205780
216591
227402
238214
249025
259838
270649
281459
292270
303145
313962
324778
335593
346408
357223
368039
378854
389689
400620
411435
422250
433068
443883
454698
465514
476330
487145
497960
508989
519805
530622
541437
10815
21630
32445
43260
54075
64890
75706
86522
97377
108193
119009
129823
140638
151454
162268
173085
183905
194720
205536
216352
227167
238022
248837
259653
270468
281413
292287
303103
313918
324772
336422
347239
358080
368965
379841
390750
401566
412404
423245
434135
444958
455781
466611
477435
488278
499100
510005
520848
531673
542590
10863
21682
32503
43359
54196
65099
75939
86756
97575
108398
119279
130102
140926
151754
162577
173419
184301
195180
206012
216835
227714
239016
249854
260675
271534
282435
293320
304135
314951
325772
336608
347500
358381
369268
380148
391030
401909
412785
423597
434408
445219
456144
467022
477892
488703
499555
510371
521190
532006
542821
10821
21637
32472
43442
54338
65224
76107
86925
97780
108666
119517
130374
141227
152059
162936
173854
184777
195592
206475
217374
228194
239041
250043
260925
271816
282680
293534
304387
315239
326116
337056
347933
358829
370212
381091
391933
402816
413671
424489
435322
446140
456998
467820
478697
489512
500350
511232
522052
532874
543773
14145
28359
42634
56831
71041
85271
99441
113565
127689
141859
156175
170305
184459
198666
212799
226970
241120
255251
270034
284182
298328
312474
326626
340776
354899
369064
383224
404282
418683
432827
446983
461172
475472
489681
503968
518088
532233
547138
561263
575469
589660
603783
617945
632120
646252
660376
674500
688682
702807
717012
14146
28292
42415
56540
70706
84832
99183
113397
127525
141707
155835
170028
184336
198543
212820
227077
241283
255488
269695
283919
298123
312302
326532
340782
354917
369362
383486
397604
411742
425864
439986
454147
468265
482387
496511
510632
524751
538870
552995
567226
581438
595934
611131
625301
639501
653713
667928
682287
696687
711126
14159
28316
42460
57312
71476
85606
99771
113913
128083
142207
156399
170524
184675
198881
213005
227230
241395
255618
270192
284399
298633
312824
327273
341410
355654
369843
383985
398145
412726
426964
441188
455313
469441
483597
497748
511933
526140
540275
554410
568542
582669
596941
611148
625297
639529
653717
667869
682006
696136
710267
14175
28308
42439
56611
70799
84930
99062
113193
127440
141569
155996
170121
184265
198404
212596
226723
240848
255072
269242
283432
297607
311739
325909
340076
354226
368365
382492
396623
410756
424892
439022
453151
467281
481452
495621
509749
523911
538037
552206
566342
580467
594612
608762
622916
637050
651186
665318
679442
693611
707835
14125
28260
42393
56524
70674
84798
98928
113137
127263
141385
155514
169644
183773
197918
212060
226266
240429
254552
268675
282807
296942
311096
325220
339399
353522
367650
381781
395926
410070
424228
438395
452563
466726
480875
495004
509152
523278
537424
551547
565745
579874
594004
608127
622249
636398
650587
664731
678852
692995
707123
14143
28290
42438
56565
70687
84810
98937
113085
127256
141496
155619
169806
183957
198084
212246
226390
240519
254645
268775
282940
297070
311196
325330
339457
353581
367711
381903
396029
410234
424362
438518
452651
466774
480899
495066
509583
524073
538200
552323
566447
580573
594722
608882
623005
637268
651395
665599
679797
693919
708177
14131
28258
42421
56585
70735
84885
99031
113157
127281
141431
155579
169705
183830
197959
212199
226369
240536
254683
268829
282980
297109
311239
325363
339488
353618
367769
381919
396094
410236
424494
438643
452859
466985
481129
495930
510076
524242
538535
553037
567360
581567
595788
609971
624136
638328
652518
666646
680770
694896
709333
14149
28274
42419
56546
70696
84866
98991
113250
127419
141547
155676
169821
184024
198175
212305
226489
240613
254759
268888
283017
297144
311312
325478
339706
353932
368082
382208
396362
410534
424686
438853
453060
467185
481313
495443
509574
523720
537867
552017
566173
580297
594440
608579
622775
636905
651049
665194
679393
693580
707709
14145
28339
42468
56614
70738
84892
99059
113183
127308
141459
155588
169835
184240
198364
212584
226712
240842
255024
269187
283377
297529
311658
325781
339906
354038
368167
382291
396437
410587
424737
438866
452990
467115
481245
495394
509517
523754
537905
552078
566227
580351
594475
608681
622868
637168
651312
665452
679579
693727
707855
14128
28256
42453
56576
70767
84896
99112
113280
127405
141527
155711
169835
183956
198078
212226
226353
240476
254620
268792
282995
297123
311246
325440
339593
353739
368297
382487
396608
410730
424875
439038
453180
467406
481529
495655
509803
523930
538052
552183
566312
580457
594580
608703
622831
636986
651128
665273
679422
693571
707716
17895
35771
53650
71528
89448
107799
125672
143549
161448
179326
197205
215149
233022
250894
269773
287703
305668
323585
341586
359462
377398
395272
413264
431213
449184
467135
485013
502950
520823
539267
557210
575203
593238
611136
629009
646949
664884
682818
700764
718666
736546
754581
772461
790392
808494
826368
844239
862131
880051
898129
17876
35751
53857
71784
89677
107734
125653
143612
161486
179361
197263
215181
233061
250962
268861
286741
305826
323739
341682
359565
377465
395374
413253
431151
449159
467034
484966
502921
520822
538700
556869
575239
593135
611049
629038
646937
664891
682814
700912
718826
736699
754613
772507
790381
808276
826196
844863
862742
880748
898645
18657
36756
54827
73278
91532
109585
127907
146530
164454
182416
200337
218272
236153
254070
271942
290014
308042
326073
345512
363384
381275
399166
417059
434995
453538
471989
490535
508991
527519
545965
564415
582853
601274
619794
638229
656655
675154
693815
711768
729811
747725
765602
783480
801416
819346
837238
855110
872984
890933
908831
17893
35803
53716
71738
89698
107576
125460
143334
161208
179130
197079
214950
232823
250693
268585
286457
304418
322314
340213
358090
375966
393864
411746
429659
447531
465424
483370
501297
519173
537092
555015
572896
590848
608784
626702
644679
662552
680448
698382
716333
734207
752250
770173
788069
805986
823982
841857
859811
877685
895580
17874
35773
53670
71565
89437
107311
125185
143077
160972
178845
196751
214684
232585
250461
268358
286254
304182
322074
339974
357876
375749
393620
411605
429481
447360
465342
483306
501224
519095
536989
554905
572800
590694
608705
626603
644536
662441
680361
698234
716123
733995
751928
769800
787673
805595
823472
841364
859462
877384
895285
17908
35832
54273
72244
90147
108023
125897
143830
161705
179653
197527
215406
233410
251706
269584
287497
305444
323339
341233
359106
376982
394880
412874
430751
448632
466507
484399
502776
520785
538683
556764
574643
592519
610445
628337
646209
664103
681998
699912
717825
735702
753601
771500
789418
807331
825209
843127
861218
879121
897042
17900
35777
53780
71772
89701
107599
125473
143409
161307
179320
197198
215076
232970
250842
268713
286622
304493
322389
340306
358225
376101
394037
411934
429813
447754
465630
483502
501372
519265
537160
555037
572915
590833
608807
626858
644731
662627
680556
698451
716362
734233
752104
769975
787913
805791
823691
841644
859521
877418
895330
17878
35812
53825
71694
89564
107436
125333
143226
161390
179602
198155
216698
234770
252863
271124
289312
307383
325293
343164
361137
379106
397150
415022
432901
450778
468680
487332
505241
523110
541002
558892
576784
594656
612528
630398
648275
666174
684053
701955
719912
737805
755708
773580
791475
809558
827454
845496
863424
881296
899173
17874
35769
53783
71677
89553
107433
125373
143250
161130
179011
196883
214819
232767
250670
268544
286516
304391
322268
340188
358089
375966
393886
411790
429745
447620
465515
483410
501442
519319
537279
555156
573071
590949
608848
626728
644604
662498
680451
698346
716271
734167
752048
769973
787851
805729
823873
841747
859802
877679
895572
17898
35775
53648
71520
89468
107362
125239
143116
161218
179099
197016
214950
232847
250746
268658
286612
304485
322362
340255
358125
376062
393940
411818
429697
447574
465510
483380
501273
519165
537059
554950
572830
590707
608685
626613
644530
662426
680297
698168
716112
733984
752318
770197
788097
805975
823874
841751
859633
877526
895437
22077
44363
66426
88490
110593
134312
156518
178708
200793
223489
245649
269273
291497
313583
335658
357722
379954
403215
425300
447406
469491
491725
513841
536966
559092
581176
603487
625577
647769
670383
692448
714739
736846
758947
781011
803195
825430
847515
869580
891666
913789
935984
958088
980329
1002492
1024560
1046758
1068847
1090912
1113001
22089
44232
66317
90182
112248
134318
156481
178603
200660
224333
246483
268666
290772
312837
334982
358129
380323
402401
424500
446600
468660
491821
513880
535958
558018
580123
602401
625198
647421
669505
691612
713872
735937
758397
780598
802663
824881
846948
869119
891196
913357
935663
957828
979933
1002014
1024073
1046370
1068457
1090515
1112614
22082
45912
68057
90120
112201
134262
156403
179732
201832
223890
245947
268153
290314
312380
334444
356509
378820
400882
422944
445061
467138
489354
511414
533481
555664
577750
600022
622145
644233
666332
688390
710580
732677
754737
776799
798862
821057
843147
865232
887337
909420
931588
953730
975790
997987
1020044
1042286
1064371
1086433
1108518
22117
44377
66560
88665
110736
132844
155101
177158
199221
221283
243340
265626
287686
309756
331821
353891
376088
398168
420250
442312
464382
486557
508621
530686
552750
574835
597001
619084
641142
663225
685328
707662
729745
751855
773956
796116
818223
840333
862419
884519
906694
928778
950917
973083
995149
1017220
1039312
1061404
1083490
1105609
22067
44314
66397
88516
110631
132743
154907
177042
199165
221229
243314
265506
287570
309669
331729
353789
375926
398301
420359
442421
464481
486548
508753
530817
553035
575137
597216
619349
641449
663532
685592
707658
729725
751868
773936
795995
818059
840148
862316
884415
906538
928625
950749
972816
994924
1016988
1039085
1061292
1083438
1105597
22059
44138
66224
88289
110354
132420
154560
176659
198744
220804
242868
264926
286985
309045
331108
353170
375231
397318
419402
441464
463546
485722
507801
529890
551960
574030
596132
618329
640390
662472
684530
706590
728670
750754
772878
794964
817141
839207
861314
883415
905477
927534
949600
971669
993738
1015802
1037868
1059926
1081984
1104086
22087
44146
66323
88442
110502
132566
154632
176855
198941
221004
243066
265154
287373
309434
331493
353560
375630
397775
419841
441922
463986
486044
508104
530228
552422
574479
596581
618706
640773
662863
684926
706985
729063
751147
773262
795325
817411
839496
861561
883647
905807
927865
949945
972027
994169
1016257
1038321
1060431
1082515
1104624
22066
44131
66194
88254
110337
132398
154701
176869
198929
221012
243073
265140
287208
309296
331398
353463
375524
397663
419763
441843
463905
485969
508187
530253
552320
574407
596546
618605
640686
662787
684845
706908
728992
751077
773202
795289
817425
839483
861657
883739
905922
927987
950049
972117
994183
1016329
1038412
1060472
1082529
1104606
22061
44122
66241
88482
110618
132706
154772
176838
198944
221051
243110
265193
287332
309412
331633
353799
376044
398131
420226
442521
464584
486692
508755
530822
552984
575178
597332
619393
641547
663630
685696
707938
730102
752188
774402
796506
818571
840638
862696
884816
906912
928971
951071
973129
995250
1017315
1039379
1061467
1083568
1105647
22138
44260
66346
88430
110511
132593
154675
176833
198895
221122
243224
265308
287399
309524
331629
353695
375753
397853
419975
442119
464226
486290
508424
530603
552712
574819
597015
619118
641198
663277
685365
707454
729554
751642
773745
795873
818033
840191
862274
884374
906442
928508
950673
972758
994824
1016903
1038985
1061127
1083641
1105740
26697
53415
80151
106882
135248
161941
188655
215349
242061
270073
296762
323458
350175
376890
404882
431750
459192
485886
512634
539558
566334
593148
619939
646626
673548
700290
727150
753843
780559
807331
834145
860916
887611
914324
941156
967848
994586
1021299
1047999
1074738
1101472
1128260
1154966
1181660
1208356
1235044
1261732
1288445
1315305
1342380
26714
53564
80301
107115
133983
160744
187480
214238
241011
267799
294488
321226
348041
374935
402119
428830
455516
482346
509116
535800
562556
589249
615966
642677
669774
696466
723205
749903
776601
803297
830118
856924
883641
911237
937948
964660
991352
1018052
1046207
1072943
1099660
1126390
1153218
1179911
1206603
1233313
1260205
1286945
1313721
1340473
26866
53685
80377
107126
133921
160635
187323
214055
240787
267503
294219
320930
347641
374382
401133
427840
454540
481256
508040
534751
561439
588196
614917
641630
668338
695082
721819
748512
775252
802071
828763
855807
882637
909322
936029
962791
989644
1016363
1043091
1069802
1096513
1123213
1150018
1176714
1203408
1230101
1256862
1283659
1310388
1337080
26808
53640
80379
107066
133824
160538
187337
214027
240765
267498
294201
320912
347783
374557
401823
428532
455368
482175
508868
535691
562384
589105
615799
642500
669186
695883
722577
749303
775995
802707
829419
856134
882828
909517
936250
962946
989642
1016426
1043132
1069842
1096576
1123494
1150274
1177007
1203745
1230519
1257234
1284370
1311122
1337813
26838
53593
80402
107091
133871
160585
187437
214210
240918
267611
294326
321038
347728
374439
401130
427827
454654
481424
508117
534810
561599
588348
615039
641749
668607
695381
722092
748881
775668
802362
829551
856298
882996
909902
936706
963414
990168
1016862
1043640
1070349
1097057
1123774
1150565
1177281
1203970
1230709
1257461
1284154
1310978
1337737
26770
53458
80147
106905
133637
160327
187013
213875
240567
267260
294010
320793
347534
374977
401704
428388
455273
482008
508817
535505
562202
589031
615730
642443
669133
695962
722677
749393
776203
802935
829648
856340
883092
909864
936556
963249
990190
1016878
1043589
1070305
1097107
1123817
1150532
1177226
1204033
1230747
1258247
1284991
1311693
1338444
26734
53448
80234
106945
133700
160454
187165
213935
240669
267385
294106
320819
347535
374233
400922
427656
454382
481096
507831
534704
561414
588123
614815
641646
668363
695050
721797
748516
775213
802329
829435
856128
882822
909529
936219
962936
989649
1016341
1043388
1070106
1096823
1123514
1150304
1176993
1203733
1230445
1257197
1283909
1310703
1337457
26714
53403
80222
106937
133635
160326
187194
213888
240624
267339
294047
320824
347603
374312
401001
427735
454470
481168
507877
534586
561323
588234
614946
641633
668344
695039
721814
748723
775448
802261
828955
855729
882453
909168
935890
962762
989486
1016291
1043023
1069735
1096433
1123124
1149976
1176844
1203646
1230601
1257574
1284529
1311440
1338220
26764
53716
80518
107308
134417
161291
188100
214989
241879
268789
295619
322446
349232
376094
402898
429666
456452
483343
510228
537135
563896
590783
617779
644604
671386
698211
725105
751892
778721
805537
832362
859125
886216
913640
940323
967442
994227
1021391
1048550
1075660
1102849
1130098
1157342
1184861
1212074
1239238
1266548
1293696
1320807
1347860
27178
54463
81767
108912
136139
163316
190534
217706
245125
272319
299721
326768
353861
381011
408189
435660
462533
489623
516850
544010
571267
598415
625709
653242
680498
707958
735351
762932
789993
817116
844485
871686
899261
926399
953423
980808
1007841
1035148
1061843
1088547
1115242
1141956
1168721
1195440
1222196
1248887
1275599
1302291
1329026
1355741
31764
63598
95408
127232
159007
190804
222720
254504
286276
318042
349896
381847
413660
445637
477400
509184
540955
572783
604698
636465
668501
700721
732662
764473
796433
828284
860071
891961
925047
956932
988704
1020492
1052343
1084227
1116198
1148003
1179790
1211595
1243381
1275168
1306993
1340200
1371965
1403755
1435670
1467458
1499382
1532404
1564199
1595971
32839
64685
96540
128436
162844
194655
226423
258191
290034
321945
353709
385761
417953
449759
481643
514993
546779
578566
610518
642327
674109
706040
737807
769755
802007
833910
865990
897779
929569
961500
993328
1025094
1057046
1088917
1120704
1152510
1184303
1216111
1247882
1279766
1311571
1343365
1375130
1406896
1438664
1470469
1502257
1534024
1566271
1598222
31785
63554
95440
127232
159069
190834
222698
254466
288337
320147
351907
383711
415654
447466
479413
511173
542959
575157
606942
638843
670687
702517
734283
766164
797952
829939
861703
895075
926899
958684
990840
1023068
1054836
1086626
1118504
1150322
1182185
1214243
1246028
1277794
1309561
1341385
1373229
1404999
1436882
1468765
1500535
1532299
1564138
1596192
31852
64018
95786
127575
159623
191407
223312
255125
286896
318683
350563
382548
414332
446205
477979
509746
541638
573469
605459
637245
669032
700805
732685
764505
796433
828259
860067
891858
923783
955589
987403
1019173
1050981
1082888
1114717
1146528
1178816
1210739
1242508
1274310
1306194
1338041
1369939
1401707
1433554
1465383
1497194
1528965
1560813
1592798
31787
63624
97945
129728
161498
193324
225124
256890
288722
320488
352384
384231
416032
447814
479576
511431
543343
575189
606996
638841
670621
702385
734149
765952
798026
829790
861552
893333
925137
956942
988969
1020739
1052543
1084321
1116109
1148009
1179798
1211730
1243494
1275260
1307024
1338936
1370716
1403637
1435740
1467500
1499288
1531177
1562978
1594764
31793
63639
95425
127215
159110
190984
222754
254561
286367
318177
350077
381988
413793
445718
477500
509304
541095
572885
604832
636618
668388
700157
731919
763680
795623
827512
859298
891086
922856
954641
986405
1018351
1050171
1081936
1113708
1145556
1177344
1209125
1240973
1272736
1304635
1336449
1368257
1400044
1431828
1463714
1495616
1527423
1559190
1590998
31829
63617
95469
127237
159043
190817
222815
254601
286389
318275
350400
382183
413961
445770
477575
509461
541272
573451
605245
637051
668821
700728
732551
764367
796131
827958
859784
891617
923408
955218
987076
1018847
1050637
1082443
1114236
1146085
1177890
1209815
1241588
1273376
1305163
1336954
1368724
1400544
1432485
1464294
1496064
1527831
1559623
1591565
31897
63687
95616
127383
159170
190956
222742
254600
286393
318160
350053
381876
413643
445477
477357
509634
541401
573192
605221
637007
668856
700660
732452
764218
795999
827938
859767
891588
923354
955288
987078
1018871
1050732
1082501
1114286
1146151
1177922
1209690
1241481
1273364
1305267
1337052
1369055
1400841
1432606
1464418
1496179
1528100
1559888
1591724
31808
63596
95409
127216
159004
190810
222745
254544
286332
318148
349933
381692
413561
445520
477302
509069
540883
572775
604569
636336
668283
700053
731839
763627
795393
827164
858953
890741
922529
954294
986141
1017968
1049757
1081563
1113979
1145743
1177510
1209313
1241299
1273081
1304939
1336745
1368528
1400311
1432172
1464040
1495803
1527610
1559751
1591515
31825
63650
95418
127222
159033
190901
222688
254469
286266
318113
349939
381750
413585
445375
477199
509158
541103
572926
604739
636533
668398
700201
732118
763886
795688
827568
859380
891149
922938
954702
986491
1018256
1050198
1081990
1113777
1145552
1177317
1209106
1240911
1273381
1305284
1337052
1368883
1400725
1432533
1464308
1496154
1527976
1559744
1591512
37295
74584
111994
149330
186622
224070
263033
300329
337867
375143
412413
449836
487322
524600
562438
599751
637113
674393
711782
749176
786460
823868
861375
898773
936194
973565
1010890
1048156
1085602
1123186
1160456
1197852
1235151
1272416
1309814
1347294
1384583
1421896
1459212
1496532
1533905
1571185
1608573
1645893
1683211
1720673
1757983
1795280
1832703
1870086
37301
74589
112013
149354
186782
224402
261869
304586
341920
381775
419850
457125
494397
531759
569070
606364
645125
682786
721329
759303
796700
834636
872108
909447
946742
984237
1021542
1058869
1096308
1133579
1170875
1208345
1245620
1282931
1321645
1359036
1396420
1433769
1471059
1508334
1545785
1583097
1620412
1657683
1694986
1732283
1770728
1807999
1845366
1882645
40547
77877
115174
152452
189723
227160
264474
301770
340174
377470
418540
455885
493174
530451
567726
604997
642550
679963
717257
755185
792466
829833
867299
905337
942618
979990
1017315
1058148
1095481
1132757
1170093
1207403
1244678
1282019
1319329
1356817
1394088
1431389
1468664
1505945
1543265
1580538
1617852
1655129
1692556
1729864
1767144
1804559
1841880
1879157
37296
74611
111885
149182
186962
224241
261552
298842
336137
373653
413667
450968
488243
525704
562970
600249
637772
677807
715130
752442
789737
827059
864368
901668
938984
976323
1013596
1050915
1088186
1125457
1162798
1200129
1237444
1274784
1312060
1349332
1386732
1424066
1461459
1498809
1536108
1573404
1610684
1648007
1685362
1722726
1760000
1797340
1834611
1871947
37273
74807
112108
149525
186919
224213
261491
298990
336283
373698
411163
448457
485728
523335
560628
597983
635364
672656
710063
747420
784716
822030
859556
896890
934242
971602
1008905
1046215
1083688
1121020
1158411
1195707
1233141
1270416
1307704
1345058
1382361
1419671
1457134
1494454
1531859
1569347
1606666
1644041
1681333
1718645
1755952
1793224
1831288
1868604
37388
74765
112039
149343
187771
225086
262460
299932
337242
374516
412003
449415
486723
524114
561383
598681
635992
673333
710624
747894
785234
826555
863877
901171
938484
975774
1013087
1050355
1087767
1125037
1162334
1199671
1236960
1274389
1311685
1348980
1386366
1423640
1460957
1498258
1535551
1572848
1610144
1647452
1684808
1722104
1759379
1796668
1833941
1871249
37337
74811
112107
149424
186997
224386
261723
299206
336503
373878
411206
448545
486332
523650
560918
598288
635716
673104
710422
747696
785008
822274
859551
896992
934286
971555
1008829
1046163
1083448
1120765
1158126
1195399
1232668
1269944
1307257
1344584
1381874
1419224
1456494
1493764
1531059
1568353
1605618
1642914
1680423
1717693
1754980
1792296
1829694
1866965
37273
74743
112031
149319
186798
226718
264011
301379
338716
375987
413358
450626
487917
525203
562511
599869
637136
674409
711734
749013
786321
823736
861125
898523
935876
973147
1010427
1047743
1085038
1122349
1159689
1196983
1234255
1271528
1308849
1346259
1383553
1420848
1458309
1495580
1532871
1570220
1607548
1644843
1682135
1719403
1756670
1793960
1831392
1868699
37286
74810
112191
149558
187069
224532
261809
299119
336422
373802
411086
448396
485712
522984
560255
597575
634839
672111
709473
746832
784104
821375
858669
895957
933252
970562
1008005
1045313
1082665
1119952
1157245
1194541
1231947
1269243
1306558
1343849
1381179
1418565
1455969
1493306
1530637
1567971
1605263
1642557
1679968
1717240
1754553
1791881
1829280
1866622
37309
74751
112030
149318
186723
224054
261512
298907
336239
373666
411004
448271
485686
522977
560375
597669
634940
672254
709618
746914
784211
821529
858797
896120
933398
970686
1008003
1045320
1082615
1119922
1157282
1194668
1231959
1269228
1306701
1344120
1381450
1418750
1456042
1493354
1530634
1568041
1605470
1642854
1680155
1717429
1754742
1792136
1829529
1866942
43241
86471
132611
175940
219782
265128
308343
351571
396696
440535
484356
530428
574274
618178
663835
707622
751381
796673
840702
884459
929974
973749
1017775
1063203
1106889
1150517
1195905
1239377
1285832
1331174
1378027
1421230
1465968
1509441
1552649
1597252
1640455
1683678
1727907
1771110
1814314
1858609
1901812
1945020
1989154
2032359
2075603
2118858
2162083
2205359
45366
88564
131770
176568
219771
262974
306177
349401
392598
435823
479024
522226
565427
608653
651855
695059
738261
781460
824694
867900
911104
954345
997575
1040778
1084003
1127210
1170449
1213652
1256855
1300083
1343284
1386527
1429732
1472935
1516396
1559987
1603662
1647203
1690879
1734333
1777611
1820834
1864275
1907599
1950811
1994040
2037681
2081015
2124220
2167463
43211
86523
129773
172979
216546
259916
303228
346436
389639
432893
476368
519572
562780
606070
649343
692636
735994
779200
823117
866607
909870
953076
996406
1040400
1084064
1127764
1171314
1214526
1257733
1301074
1344281
1387489
1430697
1473902
1517258
1560708
1604068
1647427
1690801
1734256
1777613
1821045
1864382
1907758
1951098
1995054
2038950
2082844
2126067
2169299
43395
86810
131134
174587
218196
262815
306318
349697
393310
436658
480253
523534
567835
612531
657394
701662
745880
789592
832971
877591
921031
964472
1009560
1052849
1096052
1139261
1182490
1226013
1270184
1313632
1357161
1401966
1445435
1488864
1532339
1575554
1619267
1662776
1706322
1749718
1793251
1836475
1879679
1923191
1966626
2009834
2053331
2096947
2140385
2185151
45480
89584
138104
181451
224872
268311
311557
354763
398126
442630
486091
529476
572710
616963
662098
705772
749314
792784
835998
880263
923674
967472
1011005
1054443
1097793
1142070
1185473
1228688
1272321
1315530
1358763
1402213
1445476
1488832
1532114
1575432
1618644
1661916
1705569
1749234
1792620
1835870
1879239
1922469
1965941
2009215
2052442
2095764
2139064
2182422
43441
86676
129932
173143
216521
260140
304055
350967
394294
437771
481242
524450
567830
611130
654502
697855
741143
784547
827895
871097
914584
957943
1001270
1044513
1087857
1131205
1174672
1217877
1261607
1305206
1348492
1391956
1435391
1478685
1522152
1565359
1608750
1652079
1695590
1738840
1782145
1825375
1868723
1912136
1955408
1998839
2042170
2085398
2128751
2172274
43524
86934
130405
173764
217251
260498
303709
346918
390272
433648
477121
520327
563554
606758
649961
693393
736867
780384
824278
867965
911412
954971
998872
1042479
1086894
1130400
1173645
1216847
1260097
1303322
1346697
1389925
1433127
1476331
1519536
1562741
1605993
1649211
1692415
1735619
1779162
1822486
1865929
1909225
1952481
1995686
2038908
2082124
2125523
2168798
43218
86434
129642
172902
216109
259318
302548
345751
389044
432285
475625
518859
562064
605308
648520
691723
734925
778129
821374
864608
907810
951022
994223
1037425
1080653
1123951
1167321
1210651
1254160
1297861
1341882
1385357
1428615
1472304
1515947
1559789
1603189
1646417
1689750
1733343
1776840
1820309
1863631
1908049
1951700
1995176
2038560
2081797
2125370
2168575
43207
86605
129976
173251
216659
260744
304342
347687
391025
434251
477741
521554
565536
608785
652055
695443
738887
783285
827764
873033
916445
961069
1004516
1048354
1093476
1137977
1183228
1228356
1272917
1317250
1361961
1406217
1449711
1493008
1537438
1581701
1626194
1670455
1714677
1758092
1801751
1846614
1890801
1935119
1978833
2022416
2066525
2111502
2155175
2199034
43320
86685
129908
173811
218302
261821
306689
351357
395104
438952
483467
527310
570736
615248
658853
702712
746035
789484
833254
876504
919706
962929
1006131
1049334
1092535
1135738
1179061
1222262
1265462
1308687
1351890
1395156
1438358
1481560
1524790
1567992
1611279
1654477
1697680
1740883
1784086
1827327
1870533
1913735
1956937
2000139
2043340
2086542
2129744
2172947
50315
100669
150952
201440
251780
302288
352607
402897
453225
503505
553823
604115
655871
706137
756549
806928
857417
907692
958268
1008601
1058919
1109257
1159578
1209943
1260289
1312463
1362794
1413065
1463430
1513835
1564289
1614774
1665049
1715414
1765691
1816016
1866286
1916620
1968055
2018310
2068873
2119184
2169504
2221207
2272051
2322376
2372665
2422959
2473238
2523529
49589
99178
148770
198361
247949
297537
347134
396783
446371
495963
545551
595142
644734
694327
743916
793509
843109
892698
942338
991930
1041519
1091108
1140697
1190293
1239883
1289496
1339084
1388681
1438269
1487931
1537518
1587115
1636703
1686293
1735883
1785475
1835085
1884673
1934284
1983875
2033511
2083125
2132716
2182309
2231899
2281488
2331079
2380671
2430260
2479856
49615
99232
148852
200767
250388
300003
349620
399235
448853
498468
548083
597701
647317
696935
746551
796194
845812
895426
945088
994702
1044367
1093982
1143597
1193214
1242830
1292454
1342072
1391691
1441311
1490946
1540565
1590180
1639795
1689458
1739072
1788760
1838374
1887992
1937610
1987247
2036869
2086493
2136112
2185727
2235343
2284960
2334596
2384212
2433835
2483449
49597
99199
148847
198442
248038
297630
347222
396813
446409
496000
545594
595211
644803
694463
744088
793710
843304
892900
942495
992094
1041688
1091279
1140915
1190507
1240142
1289733
1339326
1388918
1438509
1488106
1537702
1587298
1636893
1686492
1736087
1785730
1835325
1884919
1934514
1985481
2035074
2084666
2134258
2183849
2233443
2283035
2332667
2382297
2431890
2481503
49646
99264
148886
198500
248120
297745
347460
397080
446836
496451
546072
595736
645358
695105
744762
794383
844020
893668
943283
992898
1042516
1092162
1141781
1191397
1241013
1290632
1340248
1389866
1439527
1489143
1538763
1588417
1638034
1687683
1737349
1786970
1836585
1886204
1935818
1985434
2035048
2084681
2134300
2184007
2233626
2283285
2332902
2382524
2432181
2481801
49871
99491
149108
198726
248341
298020
347634
397254
446868
497938
547585
597205
646887
696505
746269
795924
845544
895185
944825
994441
1044055
1093677
1143294
1192913
1242527
1292143
1341762
1391463
1441080
1490732
1540346
1589964
1639617
1689239
1738880
1788495
1838114
1887731
1937350
1986964
2036581
2086198
2135872
2185490
2235200
2284816
2334461
2384078
2433698
2483350
49624
99267
148908
198527
248143
297763
347380
397000
446620
496243
545863
595544
645165
694782
744467
794087
843847
893534
943179
992819
1042440
1092059
1141680
1191298
1240920
1290536
1340194
1389816
1439473
1489113
1538730
1588346
1637966
1687631
1737251
1786895
1836515
1886131
1935750
1985369
2034986
2084610
2134226
2183914
2233533
2283152
2332772
2382390
2432012
2481628
49659
99273
148916
198535
248149
297768
347382
397001
446624
496238
546044
595661
645347
694961
744592
794210
843825
893484
943098
992736
1042359
1091973
1141592
1191206
1240824
1290531
1340144
1389880
1439495
1489113
1538728
1588345
1637963
1687600
1737262
1786876
1836495
1886130
1935807
1985480
2035158
2084835
2134624
2184309
2234077
2283752
2333579
2383250
2432942
2482688
49674
99385
149062
198734
248429
298106
347780
397519
447199
496893
546570
596286
645963
695642
745319
794993
844691
894365
944082
993764
1043442
1093116
1142792
1192485
1242161
1291838
1341652
1391325
1441003
1490640
1540259
1589876
1639493
1708014
1757636
1807307
1856927
1906564
1956180
2005798
2055417
2105034
2154685
2204367
2253985
2303649
2353264
2402886
2453242
2502858
49615
99250
149634
199251
248866
298485
348100
397719
447336
496955
546637
596252
645914
695532
745148
794775
844392
894006
943625
993241
1042861
1092511
1142126
1191744
1241364
1290982
1340601
1390286
1439902
1489562
1539178
1588798
1639373
1688992
1738609
1788225
1837882
1887579
1937224
1986839
2036458
2086074
2135692
2185408
2235067
2284686
2334306
2383922
2433538
2484016
56491
112974
169523
226008
282561
339050
395623
452205
508694
565209
621695
678185
735554
792043
848576
905094
961581
1018226
1074713
1131216
1187703
1244191
1302016
1358507
1414990
1471538
1528025
1584572
1641055
1697600
1754087
1810600
1867200
1923772
1980336
2036901
2093388
2149877
2206360
2262844
2319356
2375840
2432343
2488826
2545333
2602877
2659366
2715849
2772333
2829984
56532
113025
169510
226068
282615
339103
395589
452076
508566
565053
621540
678029
734517
791022
847507
904015
960499
1016985
1073469
1129953
1186437
1243008
1299492
1356016
1412520
1469115
1525600
1583006
1639490
1696013
1752498
1809280
1865765
1922249
1978737
2035222
2091726
2148208
2204713
2261197
2317699
2374186
2430672
2487156
2543641
2600126
2656651
2713134
2769663
2826146
58084
114571
171060
227546
284038
340530
397016
453501
509995
566532
623021
679509
735998
792483
848969
905454
962050
1018583
1075067
1131599
1188083
1244617
1301101
1358494
1414981
1471507
1527992
1585387
1641899
1698382
1754865
1811350
1867857
1924345
1980829
2037314
2093797
2150281
2206766
2263251
2319734
2376219
2432747
2489259
2545794
2602281
2658809
2715292
2771777
2828261
57742
114256
170742
227230
283720
340206
396692
453183
509673
566162
622648
679136
735626
792156
848641
905168
961735
1018262
1074753
1131239
1187723
1244209
1300695
1357181
1413668
1470152
1526639
1583124
1639608
1696093
1752667
1809151
1865635
1922120
1978607
2035135
2091626
2148110
2204620
2261105
2317696
2374251
2431797
2488283
2544808
2601295
2657810
2714296
2770783
2827269
56490
112977
169466
225994
282490
338977
395468
451955
508444
564969
621455
678874
735365
791894
848379
905850
962341
1018826
1075334
1131825
1188339
1244823
1301307
1357796
1414281
1470765
1527250
1583735
1640220
1696707
1753217
1809701
1866190
1922675
1979159
2035651
2092177
2148723
2206888
2263375
2319905
2376389
2433705
2490219
2546707
2603221
2659706
2716192
2772679
2829164
56494
112980
169466
225955
282444
338971
395456
452768
509257
565784
622267
679688
736193
792676
849180
905664
962149
1018633
1075119
1131606
1188089
1244573
1301056
1357542
1414026
1470509
1527040
1583617
1640141
1696625
1753128
1809615
1866139
1922622
1979147
2035677
2092164
2148667
2205151
2261637
2318124
2374607
2431090
2487576
2544061
2600547
2657033
2713520
2770005
2826490
56488
113011
169499
226114
282600
339208
395694
452183
508688
565174
621681
678164
734654
791137
847620
904105
960588
1017075
1073567
1130078
1186565
1243048
1300136
1356620
1413140
1469623
1526940
1583425
1639951
1696435
1752960
1809465
1866014
1922521
1979005
2035490
2091974
2148459
2204943
2261426
2317911
2374399
2430884
2487366
2543850
2600336
2656823
2713307
2769791
2826987
56488
113017
169503
226398
282903
339391
395881
452626
509113
565599
622085
678574
735058
791542
848026
904514
960999
1017487
1074022
1130509
1187035
1243523
1300009
1356494
1412979
1469463
1525986
1582493
1639019
1695523
1752990
1809473
1865965
1922452
1979189
2035676
2092161
2148644
2205128
2261616
2318100
2374590
2431079
2487563
2544048
2600533
2657017
2713501
2769988
2826472
56503
113110
169598
226089
282580
339069
395555
452071
508556
565043
621528
678017
734502
790987
848786
905275
961802
1018289
1075090
1131574
1188058
1244572
1301057
1357560
1414088
1470592
1527263
1583746
1640300
1696784
1753270
1809774
1866263
1922747
1979232
2035718
2092203
2148786
2205272
2261757
2318266
2375882
2432367
2488851
2545341
2602110
2658616
2715100
2771604
2828131
56485
112970
169456
226021
282506
338992
395479
451967
508452
564944
622258
678747
735272
791759
849233
905723
962208
1018694
1075178
1131709
1188232
1244719
1302613
1359097
1415585
1472069
1528597
1585080
1641567
1698079
1754563
1811046
1867532
1924021
1980505
2036988
2093492
2150738
2207222
2263706
2320190
2376830
2433335
2489824
2546307
2602832
2659318
2715841
2772324
2828980
63726
127465
191335
255055
318776
384946
448666
512386
576111
639836
703599
767386
831105
894826
958606
1022330
1086049
1149769
1213643
1277362
1342389
1406108
1469831
1533578
1598326
1662137
1725899
1789624
1853344
1917062
1980780
2044507
2108269
2172006
2235770
2299490
2363212
2426932
2490652
2554416
2619265
2682986
2746747
2810496
2874241
2937962
3001682
3065441
3129154
3192877
63758
127445
193242
258023
321716
385457
449146
512833
576569
640277
703965
767653
831485
895178
958865
1022552
1086261
1150011
1213698
1277393
1342734
1406444
1470133
1533819
1597659
1661344
1725037
1788783
1852468
1916281
1979967
2043655
2107341
2171030
2234717
2298406
2362165
2425854
2489542
2553227
2616918
2680851
2744536
2808222
2873560
2937248
3000935
3064624
3128526
3192258
63754
127476
191196
254918
319608
383358
447075
510788
574636
638360
702078
765802
829529
893249
958398
1022115
1085840
1149572
1213381
1277100
1340940
1407217
1470943
1534661
1598518
1662511
1726293
1790032
1853762
1917478
1981216
2044931
2108802
2172525
2236273
2299989
2363720
2427788
2493251
2557049
2620770
2684484
2748205
2812610
2876416
2941682
3005535
3069248
3132973
3196856
63709
127417
191125
254831
318697
384391
448102
511810
575515
639335
703042
766751
830557
894269
957979
1021730
1085492
1149199
1212927
1276633
1340343
1404212
1469313
1533174
1596880
1660585
1726575
1790283
1853991
1920970
1984698
2048404
2112111
2175982
2239691
2303400
2367108
2430814
2494520
2558228
2621935
2685645
2749351
2813078
2876785
2940549
3005762
3069471
3133179
3196883
63871
127561
191255
254999
318688
382380
446070
509763
573499
638390
702082
765772
829533
893328
957017
1020706
1084445
1148136
1211827
1275518
1339208
1405103
1468795
1532487
1596177
1661075
1724914
1788604
1852291
1916032
1979722
2043448
2107212
2170941
2234654
2298366
2362060
2425751
2490079
2553819
2617513
2681206
2744948
2808639
2872336
2936104
2999836
3063547
3127258
3190948
64205
128081
191939
256007
322877
387042
450946
514801
578854
642824
706905
771023
835066
899179
965394
1029583
1093465
1157276
1221174
1285277
1349169
1413083
1476949
1541153
1607266
1671270
1735135
1799041
1863066
1926917
1990736
2054782
2118597
2182928
2248316
2312263
2376113
2440101
2504533
2568467
2632303
2696432
2760599
2824992
2889307
2953297
3017434
3081608
3146136
3210217
63755
127525
191250
254981
318843
382569
446427
512207
575935
639684
703544
767550
831276
895014
958764
1022490
1086352
1150101
1213825
1277553
1343773
1407651
1471374
1535097
1598921
1662779
1726651
1790395
1854131
1917887
1981618
2045451
2109175
2172900
2236626
2300387
2364337
2428107
2491833
2555597
2619325
2683053
2746791
2811604
2875361
2939081
3002808
3066561
3130290
3194108
65706
131326
196931
262502
328101
393839
460756
526826
592457
658125
723842
789412
855334
920972
986561
1052059
1119917
1185804
1251629
1317124
1382974
1448511
1514178
1580320
1646080
1711922
1777590
1843100
1908662
1976534
2042367
2107855
2173585
2239184
2304761
2370515
2436149
2501715
2567336
2634799
2700410
2765951
2833579
2899340
2964874
3030505
3096061
3161592
3227354
3293505
65044
130267
195474
260589
325639
390740
455935
521063
586133
651247
716330
781454
846488
911582
976661
1043765
1108958
1174043
1239380
1304502
1369537
1434629
1499713
1564833
1629876
1697064
1762152
1827265
1892421
1957625
2022762
2087948
2153000
2218241
2283310
2351639
2416776
2481883
2547181
2612363
2677439
2742591
2807719
2873038
2938102
3005225
3070351
3135427
3200748
3265955
63687
129664
193351
257038
320727
385929
449641
513328
577070
640760
704451
768141
832279
896035
959721
1023407
1087094
1150784
1214473
1278160
1341908
1405596
1469286
1532973
1596662
1660406
1724094
1787783
1851474
1916602
1980289
2043978
2107679
2171367
2235123
2301116
2364824
2428576
2492264
2555951
2619640
2683326
2747014
2810721
2874411
2938103
3003377
3067086
3130773
3194509
71394
142784
214174
285615
357007
428419
499806
571197
642674
714057
785449
856924
928311
999700
1071174
1142678
1214069
1285603
1356999
1428388
1499833
1571239
1642632
1714021
1785422
1856811
1928199
1999596
2070988
2142399
2213817
2285209
2356597
2427985
2499410
2570822
2642209
2713599
2784993
2856380
2927882
2999275
3070668
3142175
3213567
3284960
3356462
3427853
3499240
3570743
71388
142771
214233
285617
357031
428659
500047
571446
642919
714314
785764
857236
928805
1000257
1071715
1143100
1215089
1286570
1357959
1435762
1507199
1578590
1653337
1724726
1796114
1870332
1941724
2013113
2087899
2159292
2230763
2304759
2376272
2449319
2521367
2592752
2675983
2754073
2825465
2896859
2971129
3043062
3115044
3188179
3260134
3331530
3402924
3474310
3545694
3617157
71390
142777
214198
285587
356976
428727
500120
571511
645199
716594
787982
864078
935482
1006873
1080649
1152057
1223449
1298625
1370140
1441529
1514647
1586074
1657465
1728915
1800605
1872007
1943449
2014922
2086309
2157700
2229097
2300487
2371875
2443334
2514727
2586114
2657510
2728902
2800380
2871769
2943158
3014547
3085941
3157369
3228759
3300148
3371613
3442997
3514408
3585873
71387
143025
214443
285831
357272
428762
500175
571563
643218
714605
785996
857565
928984
1000481
1072034
1143447
1214863
1286474
1358662
1430056
1501491
1572880
1644275
1715658
1787060
1858456
1929855
2001258
2072780
2144176
2215571
2288427
2359821
2431212
2505080
2576484
2647880
2720739
2792137
2863545
2935042
3006442
3077842
3149411
3220814
3292209
3365218
3436646
3508042
3581092
71392
142780
214554
285949
357340
429060
500456
571845
644506
715916
787312
860154
931547
1002940
1076100
1147528
1218942
1291784
1363190
1434580
1507942
1585595
1657306
1730518
1801908
1873429
1944896
2017954
2091529
2163111
2234512
2306051
2377438
2448973
2520364
2593422
2664830
2736226
2807639
2879236
2950626
3022015
3093420
3164812
3237762
3309322
3382481
3454232
3525636
3597032
71482
143044
214445
288109
359568
430984
502532
574206
645595
717110
788530
859947
931337
1002832
1074502
1145907
1217308
1288899
1360299
1431700
1503264
1574673
1646092
1717654
1789063
1860492
1932034
2003447
2074904
2146306
2217696
2289102
2360506
2431947
2503344
2574750
2646188
2717591
2789022
2860469
2931874
3003271
3074690
3146102
3217530
3288927
3360541
3431943
3503405
3575017
71386
142794
214187
285575
356967
428459
499846
571236
642737
714131
785520
857015
928406
999797
1071414
1142872
1214261
1285643
1357027
1428417
1499813
1571231
1642621
1714011
1785429
1856819
1928206
1999601
2070987
2142376
2213802
2285191
2356578
2427973
2499413
2570829
2642224
2713703
2785090
2856479
2927968
2999357
3070745
3142236
3213626
3285014
3356491
3427876
3499266
3570655
71421
142808
214278
285665
357055
428510
499898
571286
642678
714068
785457
856848
928237
999629
1071016
1142406
1213816
1285205
1356615
1428021
1499408
1570796
1642210
1713636
1785072
1856536
1927920
1999305
2070761
2142149
2213536
2285006
2356394
2427786
2499257
2570666
2642056
2713440
2784826
2856212
2927602
2998990
3070385
3141773
3213181
3284568
3355959
3427430
3498821
3570210
71398
142789
214177
285569
356959
428350
499745
571220
642611
714036
785429
856822
928216
999613
1071007
1142423
1213944
1285336
1356732
1428276
1499690
1571133
1642658
1714049
1785444
1856968
1928361
1999751
2071141
2145279
2216668
2288117
2359510
2430966
2502357
2573749
2645144
2716535
2787929
2859316
2930703
3005665
3077088
3148479
3219873
3291406
3362850
3434264
3505803
3577205
71389
142778
214166
285558
356949
428338
499754
571199
642674
714085
785540
856928
928342
999804
1071192
1142603
1214043
1285431
1356820
1428206
1499590
1570983
1642369
1713763
1785169
1856560
1927946
1999354
2070742
2142139
2213533
2284922
2356316
2427706
2499095
2570488
2641926
2713319
2784728
2856167
2927554
2998948
3070387
3141813
3213220
3284651
3356066
3427454
3498843
3570247
81229
162399
243796
324895
406031
487087
568528
652519
733657
814811
896368
977400
1058434
1139722
1221199
1305538
1386610
1467792
1549253
1630376
1711502
1792597
1874035
1958020
2038976
2120128
2203069
2284093
2365490
2446740
2528176
2609183
2690286
2771403
2852782
2933868
3015033
3096054
3177505
3258587
3339574
3420655
3502061
3583109
3664151
3745275
3826664
3907794
3988868
4070052
79832
159397
239194
318775
398574
478129
557721
637323
717124
796730
876334
955932
1035504
1115101
1194707
1274533
1354082
1433652
1513212
1593018
1672601
1752195
1831778
1911329
1990927
2070574
2150202
2229764
2309319
2388892
2468798
2548362
2627980
2707569
2787366
2866965
2946552
3026183
3105768
3185313
3264878
3344667
3424214
3503820
3583429
3663424
3743004
3822559
3902153
3981995
79612
159316
239031
318934
398552
478148
557773
637782
717406
797146
876814
956632
1036360
1116024
1195724
1275422
1355177
1434805
1514679
1594329
1674027
1753695
1833726
1913377
1993100
2072883
2152821
2232458
2312183
2391839
2471784
2551374
2630992
2710622
2790395
2870051
2949783
3029717
3109431
3189053
3268769
3348523
3428317
3507951
3587631
3667857
3747589
3827196
3906964
3986799
79540
159073
238607
318242
397776
477309
556853
636472
716007
795545
875079
954822
1034353
1113890
1193426
1273000
1352538
1432118
1511676
1591211
1670747
1750281
1829884
1909419
1988953
2068518
2148113
2227645
2307181
2386715
2466307
2545844
2625376
2704910
2784448
2864046
2943587
3023123
3102659
3182195
3261745
3341361
3420895
3500432
3579975
3659710
3739244
3818780
3898314
3977972
79534
159070
238617
318265
397802
477335
556872
636494
716029
795562
875099
954634
1034170
1113717
1193248
1272784
1352320
1431856
1511576
1591112
1670647
1750233
1829898
1909454
1988994
2068524
2148219
2227755
2307294
2386831
2466364
2545926
2625597
2705135
2784670
2864204
2943734
3023486
3103022
3182557
3262102
3341819
3421401
3500936
3580506
3660123
3739665
3819203
3898739
3978296
79537
159078
238660
318331
397867
477403
556943
636607
716147
795722
879708
963423
1042959
1122554
1202176
1281715
1361252
1440794
1520388
1600019
1679556
1759134
1838675
1918212
1997795
2077414
2156950
2236490
2316028
2395653
2475213
2554754
2634292
2713834
2793373
2872914
2952455
3031994
3111536
3191076
3270671
3350208
3429744
3509324
3588910
3668450
3747985
3827601
3907156
3986693
79535
159072
238724
318259
397795
477330
556895
636430
715976
795550
875086
954621
1034218
1113856
1193390
1272932
1352471
1432092
1511626
1591157
1670693
1750226
1829764
1909300
1988837
2068391
2147930
2227470
2307109
2386666
2466200
2545733
2625355
2704893
2784429
2863965
2943580
3023113
3102653
3182236
3261797
3341336
3420877
3500412
3579951
3659486
3739050
3818690
3898226
3977765
79534
159109
238664
318235
397785
477404
556956
636489
716024
795609
875141
954675
1034249
1113803
1193340
1272879
1352432
1431989
1511536
1591071
1670662
1750197
1829735
1909312
1988901
2068430
2147965
2227634
2307189
2386724
2466259
2545856
2625393
2704927
2784469
2864074
2943609
3023144
3102683
3182216
3261754
3341289
3420827
3500365
3579899
3659435
3739190
3818725
3898258
3977792
79705
159262
238798
318346
398019
477572
557110
636647
716234
795767
875302
954840
1034373
1113913
1193450
1273015
1352548
1432085
1511621
1591203
1670738
1750292
1829829
1910890
2004194
2083726
2163264
2242872
2322426
2401993
2481533
2561132
2640688
2720225
2799761
2879299
2958832
3038363
3117931
3197465
3277011
3356550
3436135
3515685
3595223
3674757
3754341
3833878
3913412
3992970
79634
159171
238705
318266
397867
477424
556958
636502
716347
795898
875430
954967
1034504
1114038
1193605
1273139
1352676
1432213
1511746
1591431
1670962
1750499
1830086
1909679
1989214
2068749
2148285
2227888
2307455
2386990
2466528
2546086
2625640
2705173
2784792
2864324
2943858
3023392
3102983
3182523
3262057
3341592
3421220
3500774
3580317
3659858
3739445
3818999
3898534
3978069
88292
176438
267134
355258
443400
531860
620050
708169
796315
884455
972588
1060924
1149044
1237187
1325328
1413457
1501643
1589761
1677904
1766027
1854153
1942277
2030518
2118636
2206756
2294883
2383002
2471198
2559317
2647442
2735562
2823681
2911899
3000018
3088140
3176261
3264383
3352592
3440733
3528884
3617005
3705127
3793250
3881462
3969584
4057729
4145855
4234008
4322190
4410312
88123
176270
264402
352522
440701
528902
617044
705164
793288
881553
969805
1057948
1146069
1234194
1322385
1410507
1498649
1586770
1674890
1763021
1851209
1939331
2027471
2115620
2203744
2291932
2380060
2468202
2556361
2644495
2732695
2820820
2908960
2997139
3085270
3173452
3261574
3349697
3437819
3525939
3614127
3702284
3790405
3878524
3966645
4054769
4142939
4231063
4319182
4407307
88132
176314
264509
352636
440757
528909
617037
705225
793351
881473
969597
1057728
1145912
1234031
1322151
1410296
1498423
1586603
1674722
1762849
1850990
1939115
2027243
2115415
2203539
2291689
2379807
2467929
2556111
2644278
2732421
2820574
2908726
2996994
3085158
3173280
3261426
3349548
3437740
3525905
3614025
3702169
3790290
3878421
3966541
4054662
4142805
4230927
4319111
4407302
88165
176289
264412
352533
440657
528838
616963
705084
793208
881329
969516
1057646
1145769
1233924
1322046
1410225
1498346
1586467
1674593
1762716
1850920
1939044
2027168
2115295
2203417
2291558
2379738
2467861
2555983
2644125
2732251
2820430
2908555
2996676
3084819
3172946
3261127
3349249
3437370
3525512
3613635
3701842
3789968
3878090
3966233
4054354
4142480
4230603
4318752
4406878
88142
176262
264411
352533
440652
528776
616896
705030
793317
881479
969627
1057747
1145878
1234061
1322184
1410303
1498422
1586543
1674733
1762856
1850976
1939099
2027230
2115434
2203556
2293384
2381548
2469669
2557846
2646025
2734145
2822267
2910389
2998513
3086683
3174807
3262930
3351050
3439175
3527349
3615472
3703591
3791714
3879861
3968037
4056160
4144280
4232399
4320544
4408673
88224
176346
264466
352588
440729
528852
617032
705205
793327
881470
969597
1057787
1145907
1234029
1322169
1410292
1498480
1586599
1674764
1762884
1851010
1939190
2027319
2115441
2203563
2291689
2379823
2467989
2556168
2644287
2732408
2820535
2908746
2996873
3085017
3173136
3261255
3349529
3437648
3525791
3613912
3702034
3790239
3878358
3966480
4054599
4142721
4230881
4319009
4407131
88121
176243
264384
352529
440650
528770
617007
705152
793286
881497
969616
1057738
1145857
1233997
1322199
1410317
1498462
1586581
1674727
1762908
1851029
1939152
2027273
2115415
2203587
2291766
2379889
2468047
2556187
2644315
2732484
2820603
2908723
2996845
3084968
3173143
3261330
3349486
3437608
3525728
3613928
3702049
3790170
3878289
3966408
4055295
4143468
4231593
4319713
4407899
88131
176329
264448
352572
440694
528824
616966
705125
793247
881366
969520
1057662
1145868
1233988
1322108
1410261
1498401
1586577
1674697
1762816
1850936
1939081
2027380
2115500
2203660
2291802
2379925
2468089
2556208
2644329
2732472
2820592
2908736
2996941
3085066
3173186
3261310
3349450
3437642
3525765
3613885
3702008
3790128
3878339
3966463
4054583
4142744
4230868
4319047
4407167
88126
176249
264410
352529
440717
528907
617030
705179
793300
881423
969592
1057714
1145834
1233959
1322081
1410252
1498374
1586495
1674622
1762741
1850929
1939067
2027189
2115312
2203432
2291631
2379752
2467872
2555996
2644125
2732270
2820434
2908554
2996675
3084847
3172989
3261159
3349284
3437409
3525530
3613653
3701850
3789975
3878311
3966472
4054592
4142792
4230935
4319055
4407178
88125
176245
264449
352569
440688
528860
616996
705165
793284
881403
969522
1057641
1145762
1234038
1322160
1410279
1498402
1586527
1674850
1762978
1851114
1939234
2027354
2115614
2203735
2291855
2379978
2468098
2556287
2644407
2732528
2820651
2908770
2996891
3085098
3173220
3261348
3349469
3437597
3525813
3613933
3702056
3790174
3878350
3966547
4054667
4142806
4230928
4319123
4407320
97149
194425
291734
391581
488726
585891
683038
782593
879743
976894
1074045
1173687
1271083
1368229
1465377
1564564
1661713
1758862
1857068
1960250
2057457
2154701
2251978
2351688
2448839
2546011
2643157
2740303
2837453
2934649
3031797
3129024
3226261
3323410
3420559
3517704
3614858
3712009
3809161
3906508
4003660
4100893
4198140
4295329
4392477
4489630
4586777
4683926
4781122
4878316
97150
194299
291549
388832
486009
583160
680305
777455
874606
971759
1068907
1166056
1263285
1360512
1457668
1554838
1651988
1749137
1846283
1943429
2040578
2137765
2234989
2332220
2429391
2526560
2623732
2720877
2818027
2915178
3012328
3109474
3206718
3303963
3401139
3498286
3595436
3692626
3789775
3886921
3984071
4081322
4178560
4275783
4372932
4470105
4567273
4664419
4761565
4858715
97151
194300
291471
388678
485921
583091
680262
777409
874596
971753
1068900
1166047
1263195
1360431
1457648
1554847
1651995
1749148
1846297
1943447
2040594
2137748
2234898
2332114
2429333
2526486
2623636
2720785
2817936
2915110
3012521
3109672
3206821
3304027
3401276
3498434
3595601
3692749
3789901
3887048
3984195
4081341
4178508
4275731
4372919
4470085
4567259
4664407
4761752
4858923
97187
194344
291505
388656
485946
583398
680556
777708
874879
972038
1069198
1166355
1263594
1360867
1458260
1557137
1654292
1751464
1852297
1949645
2047213
2144364
2241527
2338687
2435942
2533195
2630349
2727524
2824675
2921824
3018980
3116137
3213289
3310546
3407937
3505090
3602261
3699415
3796572
3893731
3990883
4088035
4185195
4282535
4379728
4476887
4574068
4671222
4768397
4865547
97151
194311
291469
388618
486077
583441
680639
777806
874975
972130
1069280
1166453
1263599
1360749
1458145
1555474
1652628
1749777
1846927
1944086
2041234
2138385
2235540
2332715
2430009
2527344
2624632
2721785
2818935
2916104
3013252
3110415
3207562
3304721
3402026
3499255
3596402
3693556
3790731
3887906
3985057
4082209
4179361
4276712
4374072
4471220
4568540
4665698
4762877
4860028
97155
194303
291456
388612
485773
583056
680325
777486
874632
971782
1068948
1166104
1263252
1360406
1459755
1557036
1654284
1751435
1848590
1945760
2042933
2140222
2237488
2334800
2432069
2529415
2626767
2724104
2821372
2918642
3015909
3113345
3210619
3307901
3405177
3502578
3599940
3697300
3794611
3891877
3989145
4086437
4183586
4280818
4377966
4475119
4573482
4670744
4768801
4865957
97153
194303
291454
388604
485753
582907
680082
777417
874667
973946
1071114
1168259
1265406
1362584
1459759
1556908
1654057
1751323
1850976
1948138
2045289
2142483
2239656
2336833
2433981
2531149
2628307
2725560
2822833
2922119
3019307
3116456
3213603
3310754
3407911
3505059
3602208
3699654
3799012
3896171
3993363
4090511
4187667
4284878
4382047
4479195
4576352
4673546
4770793
4869913
97272
194422
291590
388740
485893
583076
680236
777387
874534
971817
1069103
1166259
1263405
1362707
1459854
1557004
1654172
1751321
1848470
1945725
2042996
2140142
2239316
2336465
2433613
2530778
2627948
2725132
2822283
2919930
3017165
3114401
3211550
3310691
3407838
3504984
3602137
3699284
3796430
3893677
3990941
4088088
4187224
4284414
4381590
4478739
4575888
4673127
4770277
4867547
97152
194436
291695
391276
488492
585638
682786
779933
877094
974245
1071412
1168664
1266000
1363169
1462837
1560024
1658663
1759642
1856824
1954031
2051180
2148667
2245936
2345228
2442374
2539699
2636846
2733992
2831180
2928352
3025506
3122742
3220045
3317196
3414372
3511522
3610881
3708032
3805203
3902355
3999502
4096780
4194024
4293998
4391147
4490479
4587671
4684885
4782033
4879185
97165
194342
291546
388820
486111
583265
680673
777819
876776
973923
1071078
1168227
1265401
1362724
1459993
1557152
1654300
1753706
1850856
1948064
2045212
2142358
2239542
2336812
2434116
2531263
2629574
2726723
2823870
2921018
3018165
3115335
3212501
3309798
3407180
3504335
3601484
3700649
3797795
3895057
3992230
4089404
4186585
4283856
4381163
4478310
4575461
4672642
4772043
4869236
110441
217071
326701
433343
542855
649497
758888
865567
974989
1081628
1191139
1297767
1407354
1513980
1623425
1730116
1836791
1943449
2050066
2156729
2263377
2370015
2476655
2583299
2689931
2796560
2903204
3009894
3116596
3223247
3329872
3436588
3543313
3649950
3756585
3863235
3969891
4076737
4183660
4290731
4397641
4504796
4611861
4718776
4825700
4932682
5039572
5146494
5253383
5360416
106627
213413
320176
427091
533809
640592
747345
854240
960984
1067761
1174535
1281343
1388058
1494820
1601445
1708065
1814686
1921303
2027919
2134616
2241236
2347857
2454480
2561196
2667821
2774466
2881084
2989891
3096510
3203139
3309758
3416647
3523263
3629897
3736536
3843169
3949797
4056574
4163196
4272247
4378894
4488082
4594702
4703680
4810295
4919270
5025932
5135039
5241661
5350705
106619
215831
322451
431621
538242
647377
753999
863366
969989
1079157
1185778
1295106
1401765
1508822
1615444
1724671
1831291
1940308
2047112
2156275
2262950
2372275
2478955
2588180
2694815
2801435
2908059
3014737
3121640
3228479
3335357
3442200
3549083
3655948
3763003
3869862
3976816
4083684
4190615
4297449
4404334
4511197
4617980
4724608
4831248
4937889
5044518
5151144
5258023
5364670
106944
213805
320976
427690
534322
640950
747597
854240
960970
1067594
1174234
1280871
1387508
1494420
1601039
1707687
1814315
1922340
2028965
2135589
2242279
2348906
2455581
2562200
2668857
2775483
2882131
2988752
3095419
3202044
3308695
3415328
3521981
3628602
3735233
3841883
3948783
4055404
4162062
4268695
4375339
4481961
4588582
4695425
4802160
4908801
5018202
5124831
5233861
5340506
107507
215173
322620
430606
538355
646187
753739
861181
968924
1076355
1183935
1291749
1399594
1507148
1616931
1724505
1835173
1942874
2054430
2162036
2272597
2380229
2490723
2598533
2709083
2816764
2927274
3034983
3145544
3257957
3372638
3481064
3591179
3705241
3813277
3921332
4031481
4139265
4248617
4356485
4464282
4572059
4688271
4796092
4904084
5012183
5120196
5231956
5341487
5449234
106817
213468
320128
426759
536864
643493
750147
856771
963430
1070348
1179945
1286566
1393236
1499869
1606491
1713155
1819825
1926453
2033110
2139734
2246353
2352977
2459596
2566213
2672832
2779450
2886069
2992696
3099326
3205954
3312732
3419728
3526597
3633478
3740266
3847036
3956071
4062921
4169728
4276561
4383328
4490102
4597127
4704155
4811077
4943555
5063674
5170526
5277307
5384389
107314
213970
320725
427555
534607
641423
748189
854962
961792
1068569
1175337
1282125
1389387
1496203
1603083
1709704
1816323
1922943
2029568
2136187
2242892
2349510
2456127
2562747
2669366
2775984
2882608
2989232
3095888
3202583
3309225
3415852
3522474
3629129
3735772
3842399
3949020
4055668
4162309
4268940
4375569
4482206
4588831
4695462
4802083
4908712
5015340
5121960
5228582
5335205
107199
214483
321563
428789
535825
643107
750185
857547
964688
1071982
1179373
1286456
1393679
1500850
1607891
1715015
1822394
1929520
2036590
2143769
2250829
2358021
2465296
2572409
2679663
2786836
2893999
3001382
3108813
3216248
3323863
3431410
3539176
3646718
3754324
3861993
3969782
4077387
4184884
4292596
4400684
4508320
4615859
4723293
4830754
4938296
5045672
5153316
5260516
5367739
107070
214126
321100
428082
535072
642015
748987
856090
963127
1070051
1176739
1283388
1390011
1497014
1603652
1710659
1817299
1923990
2030669
2137345
2244036
2350683
2457313
2564104
2670736
2777440
2884103
2990744
3097376
3203991
3310640
3417337
3524029
3630674
3737362
3844050
3950728
4057384
4164114
4270834
4377537
4484166
4590857
4697536
4804165
4910852
5017526
5124198
5230904
5337618
106663
213309
319959
426596
533279
639954
746579
853205
959855
1066498
1173126
1279744
1386371
1492991
1599623
1706266
1812910
1919675
2026510
2133350
2240201
2347070
2453943
2560826
2667803
2774637
2881455
2988274
3095093
3201923
3308726
3415590
3522229
3628851
3735480
3842099
3948732
4055349
4161971
4268592
4375213
4481846
4588471
4695095
4801741
4908368
5015162
5121777
5228427
5335086
120995
238369
355786
472767
589794
706752
823784
940745
1057701
1174676
1291944
1412479
1532436
1652606
1769563
1886603
2003558
2120559
2237516
2354807
2472097
2589350
2706450
2823412
2940405
3064620
3181574
3298529
3415499
3532739
3649982
3766981
3883965
4000950
4117923
4234928
4351884
4468841
4585805
4702988
4820261
4937236
5054241
5171202
5288182
5405145
5522097
5639048
5756002
5873197
116970
233973
350920
467872
584826
701773
819006
936201
1053165
1170118
1287097
1404064
1521012
1637952
1754898
1872101
1989285
2106251
2223215
2340181
2457172
2574119
2691061
2808001
2925145
3042277
3159228
3276177
3393171
3510140
3627081
3744025
3860982
3978121
4095254
4212217
4329187
4446153
4563101
4680040
4796985
4913924
5031123
5148280
5265230
5382178
5499127
5616134
5733168
5850115
116931
233485
350268
466843
583555
700117
816667
933226
1049997
1166704
1283271
1399839
1516399
1632986
1749544
1866096
1982640
2099188
2215933
2332703
2449251
2565853
2682542
2799089
2915637
3032185
3148735
3265482
3382198
3498746
3615312
3731858
3848406
3964957
4081505
4198050
4314716
4431672
4548396
4664988
4781735
4898336
5014880
5131463
5248019
5364570
5481382
5598147
5714699
5831301
117374
234883
352232
470407
588328
705720
824102
941399
1058734
1175949
1293185
1411385
1529096
1646345
1764079
1881213
1998669
2115986
2233430
2351162
2468994
2586617
2704033
2821465
2938785
3056095
3173756
3291542
3408882
3526229
3643471
3760929
3878200
3995469
4113364
4231226
4348524
4465964
4583222
4700634
4817969
4935304
5053243
5171059
5288460
5405660
5522927
5640085
5757389
5874683
117166
234272
351279
468354
585389
702382
819418
936482
1053779
1171218
1288529
1405846
1522857
1639837
1756821
1873829
1990837
2107855
2224887
2342257
2459771
2576845
2693844
2810842
2927823
3044783
3161807
3278819
3395858
3513207
3630558
3747930
3864968
3982027
4098998
4215977
4332932
4449902
4566919
4684039
4811447
4939043
5056109
5173211
5290227
5407188
5524166
5641148
5758120
5875384
117341
234582
351842
469081
586300
703549
821270
939102
1056384
1173598
1290933
1408256
1525462
1642744
1760552
1878731
1996071
2113290
2230423
2347601
2464858
2582167
2699765
2817579
2934801
3052274
3169713
3286987
3404227
3521442
3639144
3756593
3873834
3990989
4108276
4225584
4342849
4460046
4577680
4695048
4812243
4929593
5046819
5164259
5281639
5399010
5516614
5633922
5751114
5868415
118738
235691
352787
470079
587364
704378
821338
938282
1055242
1172262
1289258
1406207
1523164
1640462
1757830
1875075
1992052
2109067
2226029
2342990
2459981
2576968
2693913
2810868
2928168
3045574
3162561
3279552
3396504
3513463
3630425
3747386
3864360
3981319
4098270
4215992
4333340
4450275
4567414
4684363
4801386
4918334
5035380
5152334
5269297
5386690
5504047
5621407
5738397
5855674
118007
235272
352368
470341
587827
705288
822641
943609
1060846
1186310
1303409
1420883
1538929
1656819
1773964
1891028
2008718
2125955
2243088
2360456
2477729
2595442
2712967
2830166
2947328
3064456
3181647
3298891
3416190
3533473
3651119
3768659
3885856
4003044
4120269
4237395
4354565
4471734
4589019
4706568
4824112
4941578
5058756
5175983
5293212
5410309
5527394
5644519
5761614
5879288
117081
234316
351418
468439
585445
702424
819977
937494
1054597
1171633
1288603
1405617
1522879
1640053
1757102
1874608
1992341
2109419
2226497
2343488
2460542
2577538
2694619
2811612
2929026
3046534
3163641
3280668
3397766
3514859
3631949
3748987
3865992
3983625
4101105
4218195
4335192
4452203
4569168
4686182
4803214
4920338
5038136
5155827
5272871
5389845
5506859
5623836
5740820
5857785
118743
236478
354316
471978
589768
710681
828738
947277
1066182
1184185
1302119
1420294
1538063
1655895
1773629
1892435
2011183
2129110
2246771
2364607
2482380
2600616
2718775
2837625
2956667
3074552
3192962
3311307
3430550
3548482
3666883
3785449
3904156
4021966
4140317
4258259
4376141
4493861
4611649
4730092
4849295
4967870
5085744
5204026
5321836
5439600
5557227
5675301
5793738
5911938
134026
263194
392647
521515
650102
778680
908212
1036838
1165452
1293990
1423586
1552691
1681971
1810704
1940176
2068792
2197312
2325816
2454350
2583946
2712552
2841032
2969575
3099087
3228186
3356779
3485399
3614616
3743185
3871862
4001519
4130231
4260034
4388550
4517285
4646191
4776105
4904731
5033947
5163222
5292958
5421709
5550535
5679167
5809219
5938514
6067250
6195996
6324709
6454816
128243
256362
385346
513438
641528
769615
898042
1027139
1155224
1283337
1411443
1540105
1668203
1796634
1924747
2053666
2181795
2309913
2438064
2566231
2695121
2823309
2951454
3079621
3208175
3336304
3464425
3592528
3721291
3849981
3978101
4106186
4234432
4363101
4491197
4619285
4747374
4876068
5004204
5132323
5260409
5388552
5517229
5645692
5773800
5901881
6030560
6158665
6286764
6414842
130331
259023
388148
517746
648510
777811
907328
1036602
1166643
1296461
1425749
1554900
1684937
1814625
1943422
2072180
2201271
2331160
2459801
2588433
2717035
2847166
2976027
3104619
3233367
3364002
3492815
3623179
3751825
3882012
4011005
4140133
4269120
4399046
4529128
4658771
4788436
4917676
5048117
5177102
5306324
5436914
5567024
5697651
5826770
5955419
6085938
6214317
6343842
6472224
128667
256879
385074
513179
642133
770267
898370
1026474
1155371
1293165
1421269
1549390
1677605
1806166
1934278
2062477
2190679
2319329
2447513
2575627
2703755
2832410
2960902
3088992
3217100
3345352
3478982
3607078
3735155
3863335
3992321
4120502
4248592
4376693
4505311
4633832
4761965
4890063
5018249
5146788
5274886
5402979
5531060
5659833
5788062
5916282
6044489
6172619
6301299
6429438
128114
270431
398532
526640
654812
783259
911729
1040050
1168176
1296733
1425243
1553324
1681422
1809530
1938261
2066344
2194472
2322615
2451167
2579500
2707614
2835707
2963861
3092375
3220984
3349072
3477183
3606145
3734243
3862438
3990620
4118720
4247649
4375847
4503940
4632170
4760560
4888648
5016764
5144869
5273402
5401855
5529945
5658118
5786200
5914705
6042787
6170880
6299015
6427379
131698
263479
395830
527472
658403
790376
923760
1055383
1187872
1319912
1452859
1584840
1716908
1848002
1981014
2112640
2244061
2375705
2508983
2640479
2771866
2908379
3042334
3173738
3305345
3438004
3571457
3704218
3836009
3968360
4100248
4231863
4363055
4496194
4627215
4758563
4889811
5022128
5154205
5285889
5417347
5553947
5685399
5817546
5948990
6081440
6213041
6344831
6476720
6609324
128427
256587
385952
514106
642419
770655
899458
1028048
1156246
1284516
1426711
1556676
1686653
1815784
1945470
2075694
2205415
2334670
2465752
2596537
2726254
2855935
2986096
3117404
3247192
3377241
3506125
3635434
3764064
3892315
4020413
4149743
4277922
4406311
4534544
4666745
4795775
4924260
5052554
5180809
5313676
5442389
5570567
5698719
5827445
5956122
6084294
6212933
6346705
6475037
128727
259758
388306
516426
644559
772840
905889
1034069
1162202
1290274
1419017
1547179
1675263
1803448
1931562
2060249
2188345
2316423
2445199
2577759
2705916
2834013
2962094
3090875
3219253
3347382
3479375
3608039
3736946
3865063
3993193
4125480
4254313
4382531
4510670
4638789
4767548
4895707
5023795
5158124
5286259
5415072
5543178
5671295
5804371
5933133
6061258
6189385
6317470
6446287
128077
256155
388611
517351
645455
773597
901906
1030900
1159025
1287130
1419662
1548334
1676468
1804603
1932688
2065160
2193916
2322046
2450250
2578319
2707353
2842521
2970736
3099003
3227749
3355828
3483904
3611950
3740745
3869422
3997557
4133680
4261740
4390447
4518556
4646604
4774794
4903401
5031543
5159630
5287729
5416744
5545048
5673135
5808677
5937521
6066393
6194470
6322539
6450711
128025
256114
390662
519287
647351
775374
903401
1031988
1160601
1288638
1423867
1551903
1680469
1808497
1936557
2071008
2199502
2327551
2455579
2583603
2712126
2840229
2968254
3097160
3225312
3354201
3482230
3610300
3738395
3866982
3995048
4132534
4260560
4389114
4517156
4645186
4773414
4901442
5030136
5158214
5286288
5414309
5542986
5671006
5804868
5932892
6061314
6189370
6317397
6446683
141221
281640
423949
572638
712613
855344
1006323
1148231
1290522
1432709
1573248
1714061
1857807
2007549
2148990
2290539
2442208
2585818
2726645
2867482
3008319
3148914
3291234
3439969
3581135
3723498
3867655
4010174
4151104
4292461
4434227
4574202
4717489
4867976
5017277
5160826
5313211
5455836
5596475
5738396
5880921
6023415
6166580
6315581
6457090
6598985
6749136
6891021
7032781
7174891
150531
290481
431741
580004
721058
860917
1001494
1142130
1282058
1422360
1562962
1702885
1843705
1989972
2129988
2271149
2411415
2552710
2692485
2832660
2973383
3113245
3253940
3401858
3541545
3682832
3830376
3970635
4111812
4252733
4394308
4534210
4674411
4820329
4960710
5101044
5246981
5387053
5527907
5674359
5814261
5954845
6095473
6236040
6376179
6516312
6658033
6797966
6938342
7086167
142043
285256
429226
573744
717025
859720
1010608
1152697
1296807
1445962
1589289
1733605
1876785
2019429
2161497
2306444
2450587
2593488
2736356
2887917
3036659
3179887
3330307
3473362
3616894
3761169
3904214
4047635
4193262
4337427
4479915
4623259
4772108
4914189
5057112
5207090
5350243
5496687
5642485
5784754
5929139
6073082
6217203
6359341
6502634
6646664
6789698
6932523
7076000
7218858
139806
280364
432567
572438
712814
865260
1005800
1147035
1287090
1427514
1569557
1710378
1850599
1990875
2132001
2285554
2425760
2566116
2719750
2859345
3001012
3140783
3280888
3422500
3562819
3702700
3842460
3982616
4134410
4274257
4414278
4566730
4706625
4847631
4988438
5128314
5269574
5410346
5549812
5689635
5830040
5983917
6124145
6263832
6404366
6544052
6685316
6825600
6965596
7106765
139303
281022
420543
560247
700022
839387
979948
1120011
1259674
1400297
1541218
1690959
1830297
1969778
2118254
2258341
2397908
2537937
2677529
2818128
2958242
3097798
3238976
3379011
3525783
3665265
3804665
3953153
4092752
4232396
4373236
4512757
4653984
4793999
4941465
5082852
5223475
5373626
5513311
5653424
5794916
5934584
6074536
6215309
6354959
6495202
6635137
6774581
6915406
7055319
140912
281021
420886
562333
702657
842709
982690
1122610
1263839
1404120
1544273
1685536
1826329
1971347
2112850
2253408
2401058
2542278
2682868
2833032
2973187
3112870
3261879
3401785
3541401
3683137
3823795
3963653
4105071
4274132
4415120
4562073
4713242
4853072
4997377
5138152
5277564
5419716
5560706
5700310
5839759
5985297
6130239
6271550
6412784
6552565
6693770
6834135
6977859
7123141
144302
288806
428606
572512
713572
853943
994325
1133961
1273399
1412791
1552242
1692491
1831931
1971316
2111684
2251277
2390624
2531201
2670470
2809825
2949346
3088846
3229366
3368864
3508410
3648775
3788523
3928286
4068837
4208363
4347931
4487688
4626945
4767209
4906765
5046266
5186653
5326429
5465855
5605943
5745323
5884908
6024572
6164802
6304930
6444655
6583896
6723990
6863483
7002966
144896
289837
434917
579516
725318
870877
1015737
1162113
1306859
1452350
1598053
1743234
1889148
2033954
2179634
2324484
2469365
2615121
2760072
2905688
3050526
3195329
3340545
3485599
3630631
3775789
3920465
4066238
4211136
4356302
4501440
4646351
4791978
4936739
5081280
5226531
5372425
5518305
5663470
5808258
5953650
6098500
6244105
6390022
6535447
6681610
6826479
6972492
7117710
7262702
139700
279130
419810
559424
698880
838611
977962
1118462
1258052
1397556
1538098
1677600
1817082
1957196
2096744
2236943
2376614
2516487
2657342
2797095
2936567
3076270
3215779
3356443
3495927
3635312
3775536
3914934
4054568
4194225
4333920
4474366
4613716
4753599
4894139
5033582
5173862
5313829
5453340
5593656
5733628
5873182
6015213
6154702
6295088
6435065
6574621
6715492
6854895
6994386
140305
280036
422053
561661
701302
842067
982765
1122479
1262907
1403037
1543671
1683315
1823899
1965456
2105464
2247693
2388915
2528524
2670497
2812107
2952102
3093428
3234045
3374238
3515163
3655498
3794990
3936500
4076200
4216247
4357621
4497452
4637235
4778129
4917935
5057647
5201440
5341499
5481416
5621116
5760611
5901309
6040925
6181134
6322417
6462524
6602393
6743520
6883896
7024969
