8 8.857000
16 38.366000
24 99.779000
32 183.956999
40 287.463995
48 412.883002
56 578.557001
64 752.907996
72 965.864996
80 1200.898987
88 1458.647998
96 1746.080005
104 2052.294995
112 2393.603027
120 2761.081958
128 3105.667969
136 3562.373022
144 4002.915991
152 4469.275000
160 4956.425000
168 5489.338037
176 6009.150049
184 6534.164014
192 7077.673975
200 7708.204004
208 8321.866992
216 9037.360059
224 9690.794043
232 10423.464941
240 11155.149023
248 11951.858984
256 12785.844043
264 13582.287891
272 14432.318066
280 15389.068945
288 16228.365039
296 17123.253906
304 18091.739844
312 19061.701953
320 20113.256055
328 21599.839062
336 22371.682812
344 23347.395313
352 24330.563281
360 25489.829883
368 27022.899805
376 28034.303906
384 29098.744727
392 30344.388867
400 31781.408203
 21546.632627
