288
576
864
1152
1440
1729
2017
2306
2595
2884
3172
3461
3749
4038
4326
4614
4903
5191
5479
5767
6055
6344
6632
6921
7210
7498
7787
8075
8363
8652
8940
9229
9517
9806
10094
10383
10672
10960
11248
11539
11827
12116
12404
12697
12985
13273
13562
13853
14141
14430
288
580
868
1157
1446
1738
2046
2335
2624
2935
3223
3511
3800
4117
4405
4693
4982
5295
5583
5872
6161
6489
6777
7066
7354
7667
7956
8244
8533
8826
9115
9403
9711
10002
10290
10578
10866
11154
11442
11730
12018
12306
12594
12882
13170
13458
13746
14035
14323
14611
288
577
866
1155
1444
1733
2021
2310
2603
2892
3180
3469
3757
4046
4335
4624
4912
5201
5489
5777
6065
6353
6641
6930
7218
7507
7796
8085
8377
8665
8954
9243
9535
9824
10113
10401
10692
10980
11269
11558
11851
12139
12428
12716
13005
13293
13581
13870
14158
14447
288
576
864
1152
1440
1728
2017
2305
2593
2881
3169
3458
3746
4034
4322
4610
4899
5188
5477
5765
6054
6342
6630
6918
7207
7496
7785
8073
8361
8649
8937
9226
9515
9804
10092
10383
10671
11000
11288
11582
11870
12158
12446
12738
13027
13315
13604
13896
14185
14473
288
580
869
1157
1446
1818
2106
2395
2683
2997
3285
3573
3862
4154
4443
4731
5019
5311
5599
5887
6175
6466
6792
7080
7368
7660
7948
8236
8525
8817
9105
9393
9682
9973
10331
10664
10952
11244
11532
11820
12108
12400
12688
12976
13265
13556
13844
14132
14420
14708
289
579
868
1166
1455
1840
2129
2422
2711
3000
3289
3582
3871
4160
4450
4742
5031
5320
5609
5901
6190
6479
6811
7108
7399
7690
7980
8273
8562
8851
9140
9432
9721
10010
10384
10678
10967
11256
11545
11837
12126
12415
12704
13015
13304
13593
13882
14172
14461
14750
289
581
870
1159
1448
1737
2026
2315
2604
2893
3182
3471
3760
4049
4338
4627
4916
5205
5494
5783
6072
6361
6650
6939
7228
7517
7806
8095
8384
8672
8960
9248
9537
9826
10115
10404
10693
10982
11274
11563
11852
12141
12433
12722
13011
13300
13593
13882
14171
14459
292
582
871
1161
1453
1743
2033
2323
2616
2906
3196
3485
3775
4065
4355
4644
4934
5224
5513
5803
6093
6382
6672
6961
7251
7541
7830
8120
8410
8699
8988
9278
9568
9858
10148
10438
10728
11017
11307
11596
11886
12175
12465
12755
13044
13334
13624
13914
14204
14496
288
576
864
1153
1441
1730
2019
2311
2599
2888
3177
3468
3757
4045
4333
4624
4912
5201
5490
5778
6066
6355
6643
6931
7219
7507
7795
8083
8371
8659
8947
9235
9523
9811
10099
10388
10676
10964
11252
11541
11830
12118
12406
12695
12983
13272
13561
13849
14137
14425
288
577
865
1153
1442
1730
2018
2307
2595
2884
3176
3465
3753
4042
4333
4621
4909
5197
5490
5778
6067
6355
6643
6931
7220
7509
7797
8086
8375
8663
8951
9239
9527
9816
10104
10393
10682
10971
11259
11548
11836
12125
12413
12701
12989
13277
13565
13854
14142
14430
1151
2302
3453
4682
5834
7133
8355
9506
10660
11814
13008
14188
15343
16499
17653
18808
19963
21118
22273
23429
24583
25734
26885
28036
29187
30338
31490
32641
33793
34944
36095
37246
38397
39548
40699
41850
43001
44152
45303
46454
47605
48757
49908
51059
52210
53361
54512
55667
56822
57976
1147
2295
3446
4597
5748
6899
8051
9202
10353
11505
12656
13807
14955
16103
17251
18398
19546
20694
21842
22990
24138
25286
26434
27581
28729
29877
31024
32172
33320
34468
35616
36763
37911
39059
40207
41355
42503
43655
44806
45957
47108
48259
49420
50572
51723
52874
54025
55176
56327
57479
1153
2306
3460
4614
5767
6917
8066
9215
10365
11515
12665
13815
14964
16113
17263
18413
19563
20713
21862
23013
24162
25312
26462
27612
28762
29912
31062
32211
33360
34510
35664
36817
37971
39125
40283
41436
42590
43743
44896
46050
47203
48353
49503
50653
51803
52952
54102
55252
56402
57552
1150
2299
3448
4597
5746
6895
8044
9252
10441
11630
12874
14093
15346
16528
17794
19033
20272
21525
22741
23964
25198
26431
27632
28818
30052
31268
32437
33587
34756
36020
37174
38349
39498
40647
41796
42945
44095
45244
46394
47547
48701
49853
51006
52184
53359
54531
55684
56837
57995
59148
1154
2307
3461
4614
5766
6916
8065
9215
10365
11515
12665
13815
14965
16115
17265
18415
19564
20714
21864
23013
24163
25313
26463
27613
28763
29913
31063
32213
33363
34513
35663
36816
37969
39123
40276
41429
42583
43736
44889
46043
47196
48346
49496
50646
51796
53036
54186
55381
56531
57681
1149
2298
3448
4598
5748
6897
8047
9196
10346
11496
12645
13795
14944
16093
17243
18393
19543
20693
21842
22991
24140
25289
26438
27587
28737
29890
31043
32195
33347
34500
35653
36806
37960
39113
40285
41458
42607
43756
44906
46056
47206
48355
49504
50653
51802
52952
54101
55251
56401
57551
1150
2300
3449
4599
5749
6899
8049
9198
10348
11498
12648
13798
14948
16098
17248
18398
19548
20702
21856
23010
24163
25316
26470
27668
28845
30026
31199
32372
33560
34709
35859
37009
38158
39308
40458
41609
42759
43909
45059
46208
47358
48508
49658
50808
51958
53108
54258
55408
56558
57708
1149
2299
3449
4599
5748
6898
8047
9196
10345
11494
12646
13798
14951
16103
17255
18408
19561
20713
21866
23019
24168
25318
26468
27617
28767
29916
31065
32214
33363
34512
35661
36810
37959
39108
40257
41406
42555
43705
44854
46003
47152
48301
49451
50600
51750
52905
54058
55211
56363
57605
1151
2302
3453
4604
5758
6913
8067
9220
10374
11528
12681
13835
14988
16141
17291
18442
19592
20743
21894
23045
24195
25346
26497
27648
28799
29949
31100
32250
33400
34551
35702
36853
38003
39154
40305
41455
42605
43755
44905
46060
47214
48367
49521
50675
51829
52983
54137
55290
56444
57638
1172
2355
3507
4660
5813
6962
8111
9260
10409
11559
12709
13859
15008
16158
17308
18457
19606
20755
21905
23054
24203
25352
26501
27651
28801
29951
31100
32250
33400
34549
35702
36855
38008
39160
40313
41466
42618
43771
44924
46076
47225
48374
49523
50672
51821
52971
54121
55271
56420
57569
2586
5252
7882
10645
13235
15821
18408
20998
23588
26178
28764
31350
33941
36531
39120
41710
44296
46885
49475
52065
54655
57241
59827
62514
65103
67692
70279
72866
75455
78044
80634
83220
85806
88396
91024
93614
96203
98789
101379
103969
106558
109148
111735
114321
116910
119500
122089
124675
127299
129889
2590
5175
7760
10349
12937
15525
18110
20696
23284
25873
28463
31049
33634
36222
38812
41401
43989
46574
49159
51747
54336
56925
59511
62097
64686
67276
69865
72450
75036
77625
80214
82802
85391
87977
90562
93150
95740
98329
100914
103500
106090
108678
111289
113874
116459
119048
121636
124225
126811
129397
2591
5182
7769
10356
12947
15538
18129
20716
23303
25894
28484
31074
33665
36252
38839
41429
44042
46632
49219
51807
54398
56988
59578
62165
64753
67343
69934
72525
75120
77707
80294
82885
85475
88065
90652
93239
95829
98421
101012
103600
106187
108777
111368
113958
116549
119136
121723
124314
126904
129495
2637
5247
7857
10444
13031
15621
18211
20807
23397
25984
28650
31241
33830
36417
39003
41594
44184
46774
49365
51951
54538
57128
59719
62309
64896
67482
70073
72663
75252
77843
80430
83020
85610
88200
90790
93376
95963
98554
101144
103734
106321
108908
111499
114089
116680
119270
121857
124447
127038
129628
2586
5176
7766
10355
12945
15569
18160
20750
23340
25930
28517
31103
33692
36282
38872
41459
44045
46635
49224
51813
54403
56989
59578
62167
64758
67348
69934
72520
75170
77759
80348
82935
85521
88110
90699
93290
95877
98463
101052
103642
106231
108821
111408
113998
116587
119176
121767
124353
126940
129530
2589
5178
7770
10362
12955
15547
18136
20725
23318
25911
28503
31092
33682
36275
38868
41462
44052
46641
49234
51827
54419
57012
59601
62194
64787
67380
69973
72563
75152
77744
80337
82929
85519
88109
90702
93295
95887
98476
101065
103657
106250
108843
111435
114024
116613
119206
121798
124494
127084
129677
2590
5176
7762
10352
12941
15531
18117
20703
23292
25882
28473
31062
33648
36237
38827
41416
44006
46593
49179
51768
54357
56947
59533
62119
64709
67299
69888
72478
75065
77656
80246
82835
85429
88015
90601
93190
95780
98369
100955
103541
106131
108721
111310
113900
116487
119073
121663
124253
126843
129429
2588
5177
7765
10350
12936
15526
18115
20703
23289
25875
28463
31056
33646
36232
38818
41555
44144
46733
49319
51904
54494
57082
59671
62260
64846
67435
70024
72614
75203
77789
80375
82985
85594
88183
90769
93355
95944
98533
101122
103708
106293
108882
111472
114061
116649
119234
121820
124409
126998
129588
2590
5179
7767
10356
12942
15527
18116
20706
23295
25881
28466
31055
33644
36232
38818
41403
43992
46581
49171
51760
54346
56932
59522
62111
64700
67286
69872
72461
75050
77640
80225
82810
85399
87988
90598
93184
95769
98359
100948
103537
106126
108711
111296
113884
116474
119062
121648
124234
126823
129412
2586
5175
7766
10355
12945
15531
18117
20706
23295
25886
28472
31058
33648
36238
38827
41417
44003
46590
49180
51770
54360
56947
59533
62143
64734
67324
69911
72497
75087
77677
80266
82856
85442
88028
90617
93208
95797
98383
100969
103559
106149
108739
111325
113911
116500
119090
121681
124271
126857
129443
4599
9340
13941
18654
23253
27853
32456
37055
41655
46256
50856
55455
60055
64655
69258
73858
78458
83057
87656
92256
96859
101458
106058
110662
115261
119860
124460
129060
133659
138260
142860
147463
152063
156664
161263
165862
170462
175062
179662
184262
188885
193488
198087
202688
207287
211886
216486
221086
225685
230289
4600
9200
13801
18435
23082
27683
32285
36887
41488
46089
50735
55356
59958
64563
69166
73767
78368
82968
87568
92169
96769
101370
105975
110576
115177
119778
124379
128980
134294
138994
143594
148194
152799
157403
162004
166604
171206
175807
180408
185009
189609
194213
198814
203415
208015
212616
217218
221818
226418
231019
4599
9198
13803
18403
23003
27607
32208
36808
41407
46008
50608
55208
59808
64411
69011
73611
78213
82813
87413
92013
96613
101213
105814
110414
115018
119618
124218
128818
133418
138019
142619
147219
151823
156424
161024
165628
170229
174829
179429
184030
188630
193233
197833
202433
207033
211632
216233
220833
225433
230037
4602
9204
13808
18410
23015
28358
32964
37566
42168
46770
51372
55974
60577
65180
69783
74390
78993
83595
88197
92800
97403
102005
106613
111219
115825
120427
125030
129633
134235
138838
143441
148064
152670
157273
161875
166477
171080
175721
180324
184947
189550
194156
198759
203362
207964
212585
217188
221790
226392
230995
4600
9200
13801
18402
23002
27604
32209
36812
41412
46013
50613
55213
59814
64415
69015
73619
78220
82823
87424
92064
96665
101265
105866
110470
115074
119674
124276
128876
133477
138078
142678
147279
152911
157512
162115
166719
171320
175920
180521
185122
189722
194322
198923
203527
208126
212727
217328
221929
226529
231130
4601
9241
13843
18444
23045
27647
32253
36857
41458
46060
50662
55263
59865
64466
69067
73672
78307
82908
87509
92111
96713
101314
105917
110518
115123
119724
124327
128928
133530
138132
142733
147334
151940
156543
161145
165746
170348
174949
179550
184152
188753
193357
197959
202562
207164
211765
216367
220969
225571
230178
4601
9202
13803
18403
23006
27610
32211
36812
41412
46013
50613
55213
59814
64418
69018
73618
78220
82844
87465
92066
96666
101266
105871
110473
115074
119674
124275
128875
133476
138077
142681
147285
151887
156488
161088
165688
170289
174889
179489
184094
188695
193295
197895
202496
207096
211696
216297
220901
225505
230105
4599
9199
13803
18406
23006
27606
32207
36807
41407
46007
50607
55251
59851
64451
69051
73651
78252
82852
87452
92052
96655
101255
105855
110456
115056
119656
124256
128856
133459
138059
142660
147261
151861
156481
161082
165682
170283
174886
179486
184086
188687
193287
197887
202489
207089
211691
216291
220892
225492
230091
4605
9206
13806
18408
23008
27608
32209
36810
41412
46016
50617
55218
59838
64440
69042
73662
78264
82868
87472
92073
96674
101274
105875
110475
115075
119675
124279
128881
133482
138082
142683
147283
151883
156485
161089
165693
170293
174894
179495
184095
188697
193298
197899
202503
207145
211767
216368
220971
225572
230172
4603
9205
13807
18409
23011
27612
32214
36820
41422
46024
50627
55229
59832
64434
69036
73641
78243
82845
87447
92049
96652
101253
105854
110457
115063
119665
124305
128908
133510
138112
142714
147315
151920
156525
161127
165728
170330
174932
179554
184156
188759
193365
197967
202569
207172
211773
216375
220978
225580
230182
7748
14967
22159
29352
36544
43793
50981
58188
65376
72569
79761
86954
94147
101339
108531
115723
122916
130108
137300
144492
151681
158870
166060
173253
180446
187638
194832
202024
209216
216413
223606
230798
237990
245182
252371
259559
266748
273940
281131
288323
295514
302705
309896
317087
324279
331472
338663
345856
353064
360252
7197
14391
21584
28777
35970
43162
50355
57548
64742
71935
79128
86338
93547
100739
107932
115125
122317
129510
136703
143895
151087
158282
165474
172666
180554
187747
194940
202133
209326
216519
223712
230906
238099
245292
252497
259687
266877
274067
281261
288474
295667
302860
310057
317250
324443
331637
338830
346023
353215
360545
7187
14378
21569
28760
35951
43143
50335
57526
64718
71909
79100
86291
93482
100670
107858
115046
122238
129429
136621
143813
151004
158195
165386
172576
179767
186958
194144
201331
208519
215753
222944
230134
237323
244513
251706
258897
266087
273277
280467
287657
294844
302030
309217
316408
323598
330789
337980
345170
352865
360095
7193
14386
21574
28763
35952
43144
50336
57528
64720
71912
79104
86296
93489
100681
107873
115065
122298
129486
136674
143862
151056
158267
165460
172652
179845
187038
194234
201427
208620
215813
223002
230191
237380
244573
251766
258959
266152
273346
280539
287732
294984
302177
309434
316653
323842
331031
338223
345419
352611
359803
7194
14389
21583
28777
35971
43166
50361
57552
64742
71933
79127
86365
93560
100755
107950
115144
122339
129533
136731
143925
151115
158306
166094
173288
180481
187675
194869
202062
209255
216449
223643
230876
238066
245256
252447
259642
266836
274031
281225
288424
295619
302814
310008
317202
324396
331589
338780
345971
353187
360381
7190
14380
21571
28780
35970
43160
50351
57541
64731
71919
79106
86293
93480
100671
107861
115053
122244
129436
136626
143817
151008
158199
165425
172613
179800
186991
194182
201373
208563
215754
222945
230140
237331
244522
251713
258905
266097
273284
280471
287658
294848
302038
309228
316460
323651
330841
338427
345617
352807
359997
7189
14378
21567
28759
35952
43144
50337
57529
64721
71913
79105
86298
93490
100683
107876
115064
122252
129443
136634
143825
151016
158253
165445
172640
179832
187024
194211
201399
208587
215779
222993
230185
237377
244569
251762
258955
266147
273340
280532
287724
294916
302105
309294
316483
323678
330870
338185
345378
352570
359763
7190
14381
21572
28762
35949
43137
50324
57516
64708
71900
79092
86284
93496
100687
107879
115074
122266
129458
136650
143838
151078
158269
165460
172652
179844
187189
194381
201572
208764
215956
223147
230335
237523
244710
251901
259092
266306
273497
280687
287877
295068
302259
309450
316641
323832
331101
338289
345481
352672
359863
7188
14376
21564
28753
35942
43130
50318
57511
64698
71882
79066
86250
93434
100621
107809
114997
122223
129411
136599
143886
151074
158261
165449
172636
179821
187005
194189
201377
208569
215757
222945
230134
237322
244510
251699
258887
266075
273264
280473
287658
294843
302028
309216
316404
323751
330940
338128
345317
352505
359696
7191
14381
21572
28759
35948
43136
50323
57610
64803
71994
79185
86376
93568
100759
107951
115142
122334
129525
136713
143901
151092
158283
165475
172666
179858
187050
194242
201434
208627
215819
223010
230202
237393
244581
251768
258955
266145
273336
280526
287717
294908
302101
309291
316483
323674
330865
338056
345243
352431
359619
10470
20924
31278
41636
51994
62351
72704
83058
93419
103776
114130
124484
134841
145200
155557
165911
176269
186998
197376
207729
218083
228442
238799
249156
259510
269868
280227
290622
300975
311328
321689
332047
342401
352756
363363
373721
384080
394435
404789
415146
425503
435856
446211
456569
466927
477281
487635
497992
508350
518707
10364
21001
31356
41712
52070
62428
72863
83218
93574
103936
114295
124650
135004
145363
155721
166079
176435
186794
197431
207790
218147
228503
239073
249752
260110
270530
280889
291244
301599
311959
322319
332675
343030
353388
363786
374224
384580
394935
405452
415811
426170
436584
446943
457302
467661
478018
488374
498733
509131
519487
10359
20716
31315
41690
52066
62423
72777
83151
93511
103888
114246
124600
135008
145387
155744
166098
176452
186813
197215
207573
217927
228281
238638
248995
259354
269707
280063
290442
300799
311153
321507
331865
342222
352576
362930
373288
383646
394004
404357
414714
425072
435430
445784
456140
466497
476854
487211
497565
507922
518279
10354
20711
31068
41421
51774
62131
72488
82845
93198
103550
113908
124265
134618
144972
155329
165686
176039
186393
196753
207188
217545
228004
238357
248714
259071
269424
279817
290174
300531
310886
321239
331596
341953
352309
362682
373039
383396
393753
404213
414566
424926
435283
445661
456014
466371
476728
487148
497501
507918
518275
10362
20723
31084
41464
51821
62399
72757
83117
93478
103835
114194
124557
134941
145301
155659
166039
176400
187380
198503
209577
221063
232109
242893
253289
263823
274215
284637
295203
305661
316064
326422
336802
347163
357530
367891
378528
389494
400232
410947
421308
431668
442025
452386
462747
473108
483466
493823
504184
514545
524903
10360
20721
31076
41434
51794
62794
73154
83509
93864
104222
114580
124934
135288
145645
156003
166359
176713
187188
197755
208300
218723
229211
239639
249994
260348
270705
281063
291421
301973
312348
322706
333726
344105
354463
364841
375196
385554
395912
406270
416625
426980
437550
447908
458266
468830
479183
489538
500105
510467
520825
10460
20819
31178
41590
51944
62302
73699
84057
94441
104796
115155
125557
135917
146272
156951
167372
177731
188090
198444
208798
219157
229515
239873
250229
260588
270974
281332
291692
302047
312405
322763
333118
343472
353830
364188
374547
384902
395257
405616
416032
426387
436743
447101
457459
467818
478173
488527
498885
509243
519603
10361
20717
31098
41498
51858
62217
72577
82937
93298
103658
114015
124372
134732
145092
155474
165830
176190
186550
196911
207267
217627
227987
238347
248704
259061
269421
279781
290157
300515
310875
321235
331595
341953
352313
362673
373033
383389
393745
404105
414465
424821
435177
445537
455896
466252
476608
487026
497386
507746
518102
10358
20711
31065
41423
51780
62134
72489
82849
93206
103563
113954
124311
134668
145025
155379
165732
176090
186449
196803
207157
217515
227872
238225
248579
258937
269294
279651
290005
300358
310717
321074
331428
341782
352139
362497
372850
383203
393561
403919
414278
424633
434987
445345
455845
466198
476552
486909
497266
507623
517976
10361
20716
31072
41432
51791
62145
72500
82859
93221
103577
113933
124292
134651
145010
155366
165724
176083
186501
196856
207212
217571
227930
238286
248641
259000
269359
279714
290069
300427
310787
321146
331501
341856
352217
362576
372932
383288
393648
404007
414363
424718
435077
445436
455795
466150
476508
486868
497227
507583
517939
14635
28756
42871
56986
71102
85217
99332
113505
127620
141735
155849
169964
184078
198193
212308
226423
240538
254657
268772
282887
297001
311115
325230
339345
353460
367731
381846
395960
410076
424191
438307
452422
466537
480656
494771
508886
523001
537116
551258
565373
579487
593602
607717
621832
635947
650061
664220
678335
692450
706570
14261
28374
42528
56642
70759
84875
98992
113112
127228
141384
155501
169617
184000
198114
212227
226340
240453
254566
268679
282792
296909
311023
325137
339250
353363
367606
381720
395833
409947
424060
438175
452288
466402
480516
494629
508742
522858
537360
551474
565587
579759
593872
607984
622098
636212
650325
664438
678553
692666
706779
14116
28231
42352
56467
70584
84699
98815
112931
127047
141162
155372
169488
184785
198901
213018
227134
241250
255366
269485
283601
297717
311834
326286
340539
355419
369626
383743
398045
412159
426277
440595
454844
469187
483388
497702
512129
526434
541065
555304
569422
583574
597810
612098
626477
640641
655340
669675
684083
698195
712560
14483
28867
43585
58162
72363
86663
101155
115265
129439
143591
157815
171930
186128
200439
214643
229126
243261
257459
271609
285927
300201
314416
328561
342895
357070
371308
385418
399555
413706
427939
442176
456380
470752
485061
499530
513820
528255
542472
556627
570827
585183
599503
614044
628482
642740
657058
671233
685454
699743
714077
14268
28540
42656
57016
71193
85417
99587
113713
127832
141953
156312
170612
184982
199098
213233
227348
241523
255838
269954
284171
298353
312473
326593
340775
355107
369306
383864
398057
412279
426436
440694
454912
469027
483308
497428
511548
525667
540005
554124
568285
582505
596627
611020
625158
639399
653597
667763
681963
696084
710526
14253
28491
42735
56911
71307
85520
99834
113955
128216
142355
156526
170890
185036
199252
213409
227596
241798
256056
270171
284456
298866
313046
327262
341425
355658
369816
383931
398047
412203
426542
440983
455209
469364
483520
497719
511857
526197
540317
554649
568770
583097
597358
611513
625743
639861
654000
668166
682528
696671
710881
14180
28301
42662
56796
70951
85065
99239
113354
127661
141774
155888
170002
184116
198231
212347
226461
240575
254727
268925
283039
297153
311266
325380
339514
353628
367743
381857
396092
410211
424330
438447
452565
466683
480801
494922
509079
523198
537343
551500
565618
579737
593855
607973
622092
636210
650328
664627
678834
692971
707089
14122
28239
42356
56472
70589
84706
98990
113107
127224
141342
155458
169576
183693
197810
211927
226044
240312
254429
268545
282700
296817
310934
325052
339169
353287
367403
381751
395940
410055
424169
438749
452940
467102
481309
495510
510176
524624
538819
552993
567194
581417
595543
609689
623895
638045
652230
666360
680549
694695
708919
14233
28416
42535
56684
70804
84950
99070
113271
127413
141606
155768
169892
184018
198222
212404
226529
240730
254895
269118
283346
297511
311714
325853
340031
354183
368361
382657
396774
410891
425007
439123
453259
467567
481705
495845
509980
524094
538230
552343
566457
580575
594689
608804
622985
637139
651273
665388
679521
693635
707769
14114
28229
42344
56989
71236
85475
99683
113864
128017
142172
156349
170524
184699
198904
213088
227311
241509
255629
269809
284022
298169
312294
326427
340633
354835
369075
383996
398219
412432
426645
440866
455087
469340
483607
497837
511957
526157
540333
554451
568572
582750
596869
610986
625130
639247
653366
667484
681661
695779
709970
18988
37501
55998
75185
93739
112194
130707
149266
167723
186625
205081
223576
242056
260574
279058
297519
316069
334547
353010
371468
389962
408517
426997
445498
463997
482516
500961
519409
538520
557103
575586
594139
612721
631275
649840
668340
686851
705307
723762
742276
760753
779282
797864
816352
834848
853303
871814
890888
909377
927905
18532
37021
55557
74089
92565
111015
129457
147908
166401
184879
203417
221891
240386
258892
277467
295917
314685
333236
351788
370315
388843
407482
425954
444614
463225
481736
500186
518628
537072
555524
573994
592437
610881
629332
647779
666225
684736
703186
721633
740220
758757
777433
796412
815070
833753
852242
870734
889345
907820
926425
18478
36958
55448
73957
92472
111076
129538
148011
166493
184980
203459
222059
240529
259655
278130
297135
315577
334139
352836
371475
389928
408422
426898
445423
463966
482445
500904
519535
538032
556702
575230
593725
612855
631312
649769
668251
686722
705225
723702
742261
760719
779190
797679
816137
834603
853082
871554
890014
908479
927014
18474
37079
55693
74154
92665
111156
129697
148195
166659
185173
204129
222584
241034
259535
278053
296510
314971
333485
352133
370616
389292
407790
426265
444828
463366
481845
500399
518853
537310
555771
574233
592687
611182
629638
648194
666673
685151
703604
722066
740571
759199
777675
796270
814752
833209
851668
870121
888571
907047
925508
18455
36954
55409
73977
92474
110926
129401
147886
166362
184815
203267
221718
240258
258748
277199
295652
314111
332602
351051
369502
388047
406522
425000
443471
461925
480411
498887
517339
535799
554268
572763
591236
609694
628240
646710
665263
683715
702163
720632
739182
757656
776110
794559
813028
831482
849936
868412
886984
905454
923919
18471
36967
55442
73898
92348
110918
129367
147825
166301
184772
203240
221733
240187
258699
277169
295645
314098
332571
351045
369516
387970
406522
424974
443422
461871
480324
498779
517256
535703
554215
572733
591213
609684
628176
646629
665082
683535
702009
720458
738930
757381
775854
794303
812814
831267
849722
868331
886900
905348
923837
18456
36953
55466
73918
92453
110929
129572
148145
166596
185190
203675
222132
240681
259132
277592
296136
314651
333107
351807
370265
388876
407436
425997
444448
462943
481426
500037
518698
537214
555729
574187
592643
611160
629619
648230
666839
685299
703802
722318
740890
759402
777949
796615
815109
833611
852086
870630
889084
907654
926128
18456
36978
55451
73927
92404
110859
129330
147781
166295
184750
203203
221652
240124
258601
277138
295596
314108
332558
351014
369471
387923
406374
424949
443426
461882
480438
498890
517348
535805
554280
572749
591981
610451
628927
647385
665837
684287
702891
721478
739956
758412
776940
795433
813891
832366
850816
869269
887835
906291
924747
18571
37022
55473
73920
92368
110975
129464
147959
166407
184900
203352
221805
240253
258802
277250
295701
314155
332645
351114
369693
388166
406677
425209
443682
462136
480605
499101
517627
536100
554749
573228
591700
610145
628595
647055
665508
683977
702533
721066
739539
757986
776431
794889
813362
832288
850744
869322
887810
906336
924810
18523
37034
55508
73984
92435
110908
129359
147867
166335
184803
203257
221709
240161
258608
277059
295514
314067
332515
350975
369602
388053
406504
424970
443416
461932
480426
499019
517468
535936
554484
572972
591424
609871
628338
646986
665518
683968
702414
720885
739337
757810
776259
794818
813289
831761
850228
868695
887150
905602
924056
24426
47798
71172
94655
118051
141430
164946
189519
212889
236341
259714
283104
306590
329980
353374
376845
400221
423703
447133
470568
493941
517319
541513
564940
588317
611874
635268
658640
682033
705447
728933
752398
775769
799270
822644
846145
869593
893744
917249
940622
964100
987471
1010901
1034270
1057642
1081032
1104443
1127815
1151186
1174576
23395
46794
70194
93624
117024
141352
164726
188099
211494
236270
259643
283016
306493
329866
353264
376763
400302
423670
447231
470603
493978
517417
540828
564199
588442
611852
635280
658709
682163
705576
729082
752527
775902
799293
822681
846133
869528
893020
916395
940212
963684
987241
1010678
1034197
1057636
1081032
1104464
1128017
1151603
1175189
23781
47478
71416
94965
119240
143253
166896
191308
215511
238921
262406
286319
309692
333065
356489
379948
403318
426689
450081
473500
496865
520230
543642
567130
591944
616089
641118
665336
689447
713727
737847
761944
786072
810935
835050
859517
883772
907975
931358
954727
978326
1001795
1025322
1048695
1072151
1095566
1118956
1142328
1165766
1189134
23394
46850
70260
93631
117000
140413
163786
187181
210625
234131
257520
280990
304362
327755
351296
374681
398077
421469
444842
468237
491709
515079
538471
562119
585513
608887
632258
655630
678996
702458
725831
749226
772602
796011
819441
842812
866183
889556
912991
936476
959863
983229
1006602
1029976
1053346
1076715
1100108
1123499
1147014
1170410
23370
46746
70134
94104
117668
141041
164411
187819
211380
234745
258188
281561
304934
328404
351834
375361
398789
422166
445561
468951
492342
515705
539078
562543
585941
609448
632817
656225
679719
703225
726616
750090
773455
796846
820237
843878
867256
890629
914024
937412
960781
984172
1007564
1030936
1054304
1077711
1101096
1124503
1147928
1171366
23414
46782
70151
93519
117010
140408
163841
187211
210727
234159
257625
281139
304556
328032
351422
374812
398295
421747
445132
468522
491912
515442
538811
562179
585739
609133
632549
655919
679325
702735
726128
749500
772991
796492
820013
843538
866979
890391
913780
937187
960563
984107
1007501
1030935
1054309
1077679
1101049
1124421
1147883
1171255
23372
46764
70441
93809
117173
140538
163905
187297
210784
234179
257626
280999
304474
327847
351217
374606
398055
421446
444814
468205
491615
515081
538669
562060
585431
608905
632334
656416
679785
703264
726655
750144
773558
797008
820415
843784
867175
890587
913961
937333
960807
984209
1007577
1030949
1054327
1077699
1101107
1124689
1148077
1171449
23372
46769
70349
93867
117236
140749
164139
187511
210879
234852
258453
282677
306988
330815
354778
378917
402660
428131
451519
474914
498285
521654
545160
568530
591920
615312
638685
662059
685487
708857
732248
755618
779075
802443
826048
849500
872869
896237
919628
943021
966415
989808
1013176
1036546
1059917
1083288
1106701
1130085
1153473
1176842
23416
46791
70282
93651
117029
140420
163842
187254
210689
234278
257698
281110
304503
328012
351383
374886
398277
421650
445024
468417
491817
515273
538693
562072
585520
608910
632726
656096
679472
702983
726355
749747
773120
796495
820038
843499
866917
890289
913659
937144
960667
984064
1007515
1030888
1054260
1077634
1101255
1124630
1148001
1171374
23389
47070
70557
93953
117319
140703
164091
187459
210835
234207
257581
280969
304338
327730
351274
374746
398140
421574
444979
468365
491756
515383
538900
562312
585745
609135
632590
656009
679403
702920
726287
749713
773122
796550
819942
843315
866736
890184
913555
936925
960318
983748
1007200
1030595
1053968
1077335
1100880
1124298
1147750
1171122
29025
57887
86747
115625
144507
173502
202361
231226
260145
289050
317903
346759
375662
404603
433485
462359
491331
520189
549160
578126
607008
635863
664739
694022
722963
752485
781380
810291
839185
868120
897009
925927
954823
983678
1012587
1041481
1070549
1099540
1128493
1157441
1186342
1215226
1244108
1273186
1302202
1331061
1359943
1388819
1417742
1446713
28920
57897
86752
115714
144764
173621
202546
231401
260437
289378
318818
347718
376593
405619
434568
463425
492344
521220
550174
579047
607946
636915
665795
694825
723837
752698
781562
810579
839561
868546
897966
926872
955753
984828
1013762
1042657
1071972
1100890
1129785
1158740
1187676
1216806
1245707
1274563
1303486
1332363
1361291
1390171
1419279
1448356
29324
58224
87104
116061
145021
173898
202752
231612
260511
289392
318248
347101
376021
405025
433921
462797
491808
520723
549671
578843
608328
637203
666146
695031
723930
752846
781725
810629
839586
868446
897436
926569
955484
984363
1013280
1042181
1071084
1100032
1129001
1157882
1187305
1216237
1245113
1274144
1303429
1332408
1361417
1390271
1419170
1448036
28885
57766
86686
115549
144525
173404
202282
231160
260076
289166
318820
347677
376553
405480
434380
463242
492118
520996
549897
578870
607750
636610
665647
694559
723616
752499
781476
810333
839252
868130
897455
926366
955303
984162
1013037
1041897
1070863
1099739
1128655
1157550
1186511
1215411
1244417
1273399
1302436
1331315
1360279
1389272
1418168
1447049
29678
58582
87459
116339
145278
174157
203081
231963
260882
289751
318632
347514
376511
405369
434308
463317
492533
521454
550458
579319
608930
637816
666702
695583
724481
753337
782256
811278
840203
869082
897940
926797
955700
984563
1013519
1042396
1071275
1100186
1129107
1158147
1187589
1216470
1245391
1274252
1303262
1332163
1361042
1389977
1418937
1447818
28938
57795
86732
115631
144516
173540
202435
231329
260227
289204
318787
347743
376616
405496
434439
463320
492256
521197
550181
579040
607938
636815
665774
694641
723540
752445
781321
810327
839240
868138
897546
926422
955425
984344
1013264
1042124
1071045
1100173
1129086
1158102
1187056
1215973
1245002
1273863
1302895
1331799
1360726
1389752
1418667
1447603
29556
58479
87414
116269
145142
174220
203146
232120
261035
289893
318773
347789
376835
405748
434692
463554
492546
521597
550660
579534
609094
637947
666997
695994
724952
753889
782770
811956
840857
869714
898593
927470
956503
985476
1014494
1043496
1072420
1101451
1130343
1159242
1188158
1217014
1246001
1274854
1303851
1332737
1361634
1390620
1419495
1448564
28977
57892
86923
115777
144714
173600
202486
231539
260459
289400
319046
347985
377019
405930
434870
463728
492605
521671
550610
579470
608372
637349
666339
695220
724176
753034
781930
810928
839887
868868
898153
927013
955980
984893
1013827
1042728
1071645
1100610
1129505
1158402
1187354
1216265
1245144
1273997
1302968
1331904
1360809
1389685
1418585
1447464
29550
58434
87447
116364
145403
174476
203402
232422
261361
290276
319173
348108
377153
406032
434952
463854
492968
521925
550921
579846
609190
638107
667073
696064
725187
754084
783021
812020
841055
869917
898805
927720
956670
985742
1014692
1043643
1072544
1101495
1130475
1159353
1188249
1217107
1246129
1275006
1304020
1332979
1361835
1390694
1419620
1448537
29054
58010
86985
115867
144784
173641
202641
231660
260607
289514
318984
347887
376840
405697
434615
463533
492452
521329
550242
579122
608030
636890
665861
694791
723688
752548
781444
810301
839227
868186
897548
926414
955429
984408
1013283
1042143
1071003
1099866
1128786
1157719
1186660
1215520
1244477
1273332
1302209
1331066
1359969
1388888
1417792
1446666
35732
70696
105665
140678
175678
210622
245686
280774
315743
350774
385926
421029
456108
491183
526301
561303
596266
631255
666221
701272
736309
771328
806313
841389
876395
911426
946434
981488
1016499
1051687
1086655
1121761
1156892
1192556
1227658
1262879
1297939
1332882
1367871
1403004
1437955
1473055
1508189
1543403
1578435
1613495
1648440
1683552
1718560
1754501
34946
70027
104990
139961
176383
211348
246352
281334
316358
353070
388109
423076
458041
493127
528226
563437
598472
633457
668651
703641
738612
773679
808703
843745
879838
914881
949992
984978
1019942
1054907
1090080
1125171
1160136
1195108
1230118
1265202
1300225
1335198
1370187
1405213
1440191
1475131
1510097
1545066
1580036
1615094
1650079
1685227
1720439
1755451
34945
69949
104909
139878
174821
209829
244769
279733
314805
349807
384835
419797
454765
489896
524841
560483
595699
630815
665835
700773
735734
770677
805646
840591
875589
910537
945480
980474
1015435
1050372
1085400
1120386
1155395
1190333
1225277
1260243
1295191
1330141
1365178
1400163
1435129
1470140
1505309
1540426
1575414
1610475
1645523
1680525
1715625
1750590
35132
70138
105225
140391
175339
210302
245286
281149
316132
351115
386097
421125
456096
491066
526051
561000
596045
631042
666061
701021
735964
771082
806075
841013
875972
911071
946061
981034
1015996
1051147
1086090
1121582
1156557
1191497
1226604
1261644
1296639
1331604
1366548
1401513
1436477
1471468
1506530
1541536
1576497
1611441
1646446
1681457
1716402
1751365
34945
70105
105053
139997
175025
209994
244940
279897
315308
350412
385455
420423
455491
490458
526096
561040
596004
631107
666054
701019
735965
770958
805910
840908
875895
910839
945799
980793
1015838
1050915
1085875
1120902
1155893
1190899
1225940
1260887
1295832
1330986
1365938
1400880
1435868
1470985
1506067
1541083
1576061
1611004
1646001
1681495
1716459
1751405
35008
69971
105089
140039
175024
210075
245039
280022
314971
349980
385257
420257
455292
490258
525202
560210
595236
630262
665210
700169
735256
770221
805169
840117
875207
910232
945236
980224
1015221
1050289
1085845
1120814
1155776
1190975
1225937
1260907
1295875
1330816
1365807
1400888
1435876
1470837
1505783
1540773
1575719
1610757
1645858
1680898
1715873
1751072
35050
70169
105113
140175
175145
210222
245190
280357
315304
350271
385256
420336
455283
490617
525564
560634
595867
630839
665802
700835
735798
770747
805716
840704
875653
910633
945631
980578
1015647
1050614
1085632
1120576
1155727
1190706
1225650
1260599
1295775
1330719
1365705
1400693
1435757
1470722
1505662
1540623
1575570
1610711
1646365
1681326
1716269
1751277
35005
70088
105031
139995
174961
210043
245034
279982
314945
349999
384966
419938
454900
489846
524807
559877
594863
629824
664824
699980
734969
769959
804902
839939
875044
909993
944944
979928
1014896
1050507
1085588
1120529
1155488
1190432
1225420
1260387
1295445
1330426
1365489
1400453
1435437
1470596
1505721
1541027
1576164
1611298
1646525
1681766
1716996
1752134
35160
70352
105737
140840
176149
211493
246812
282011
317133
352311
387609
422869
458090
493270
528392
563525
598608
633664
669209
704349
740447
775605
810704
845817
880959
916044
951136
986190
1021674
1056795
1092158
1127235
1162758
1198421
1233721
1268810
1304213
1342097
1377508
1413117
1448616
1484418
1519954
1555809
1591682
1627418
1663100
1698910
1734494
1770174
35533
71083
106753
142388
178146
213949
249163
284692
320203
355876
391737
427413
462903
498636
534355
569912
605646
640980
676796
712364
747993
783721
819311
855168
891015
926938
962636
998339
1034018
1069764
1105524
1141096
1176837
1212378
1247778
1283115
1318490
1354021
1389177
1424133
1459119
1494107
1529070
1564418
1599489
1634534
1669669
1704653
1739642
1774633
42787
84625
126313
168739
210419
252300
294057
335782
377611
419309
461126
502947
545763
587483
629558
671238
714199
756131
797834
839691
881568
923425
965129
1006863
1048813
1090609
1132311
1174155
1215872
1257656
1299354
1341257
1383177
1424972
1466707
1508426
1550139
1591882
1633607
1675538
1717256
1760657
1802380
1844086
1885765
1929275
1970976
2012818
2054642
2097079
41727
84923
126660
169977
211994
253944
295666
337372
379100
420806
462674
504424
546182
587919
629650
671456
713140
754835
796736
838637
880315
922014
963966
1005791
1047628
1089815
1131556
1173230
1214905
1256807
1298533
1340207
1381934
1423606
1465318
1506990
1548828
1590569
1632389
1674128
1715857
1757705
1799409
1841122
1882793
1924554
1966296
2008028
2049838
2091514
41674
83572
125267
167190
209098
250769
292481
334197
376243
418058
459916
501597
543485
585399
627116
669103
710822
752524
794202
835915
877632
919429
961308
1003240
1045128
1087840
1129534
1171604
1213346
1255096
1296872
1338618
1380310
1422124
1464145
1505862
1547565
1589367
1631330
1673001
1714705
1756656
1798353
1840028
1881825
1923593
1965336
2007025
2048861
2090610
41703
83687
126694
168398
210099
251974
293689
335367
377308
419480
461310
503015
544761
586583
628265
670147
711880
753576
795282
836960
878683
920366
962237
1003909
1045727
1087457
1129306
1171099
1212842
1254609
1296289
1338090
1379775
1421623
1463519
1505297
1547037
1588782
1630505
1672353
1714088
1755857
1797765
1839577
1881277
1923021
1964789
2006463
2048195
2089955
41665
83345
125459
167322
209064
250719
292337
333989
375622
417301
458993
500890
542600
584217
626407
668020
709720
751424
793178
834798
876597
918361
959993
1001610
1043222
1085054
1126738
1168685
1210372
1251987
1293638
1335254
1376910
1418528
1460397
1502193
1543837
1585534
1627148
1668862
1710497
1752305
1793941
1835585
1878114
1919795
1961460
2003180
2045020
2086653
41724
83470
125213
166933
208685
250363
292067
333972
375804
417521
459263
500966
542759
584478
626160
668069
709841
751525
793874
836338
878033
919711
961600
1003387
1045209
1086970
1128668
1170364
1212106
1253953
1295741
1337428
1379273
1421705
1463379
1505122
1546984
1588679
1630360
1672065
1713760
1755455
1797172
1838970
1880708
1922436
1964141
2005934
2047607
2089350
41676
83353
125123
166997
208698
250379
292063
333760
375457
417277
459171
500942
542624
584327
626137
667814
709575
751328
793230
834990
876720
918407
960212
1002123
1043872
1085718
1127633
1169372
1211055
1252772
1294473
1336244
1377992
1419687
1461542
1503267
1544966
1586741
1629148
1670824
1712528
1754396
1796150
1837948
1879764
1921516
1963195
2004875
2046770
2088727
41697
83413
125173
166854
208568
250326
292161
333853
375595
417278
458984
500683
542364
584330
626241
668155
709872
751602
793338
835181
877077
918788
960653
1002351
1044049
1085767
1127450
1169155
1210918
1252782
1294489
1336192
1377905
1419605
1461309
1503032
1544985
1586664
1628343
1670096
1711774
1753474
1795250
1837085
1878803
1920735
1962432
2004129
2045865
2087661
41719
83440
125146
166989
208706
250381
292178
333988
375661
417337
459219
500972
542648
584358
626153
667859
709577
751446
793195
834869
876577
918256
959959
1001656
1043394
1085200
1126913
1168660
1210340
1252023
1293741
1335482
1377195
1418989
1460734
1502440
1544115
1585903
1627584
1669282
1711096
1752918
1794680
1836395
1878201
1920024
1961754
2003566
2045419
2087151
41750
83663
125463
167156
208888
250680
292560
334259
375941
417724
459424
501100
543524
585225
627149
668905
710648
752375
794076
835829
877507
919180
960925
1002645
1044330
1086034
1127783
1169457
1211168
1252969
1294664
1336347
1378073
1419784
1461602
1503296
1545139
1586835
1628537
1670241
1711961
1753701
1795424
1837324
1879153
1921000
1962695
2004366
2046108
2087787
48845
97724
146587
197054
245948
294962
343785
392633
441788
490611
540649
589522
638394
687280
736185
785436
834369
883278
932213
981212
1030160
1079119
1128049
1176966
1225928
1274948
1323977
1372895
1421809
1472001
1520883
1570185
1619207
1668042
1716990
1766167
1815043
1863876
1913206
1962062
2011047
2060074
2109632
2158522
2207350
2256183
2305349
2354309
2403242
2453006
48853
97957
146901
195867
244857
294120
343032
395502
446565
495879
547296
596993
645837
694750
743808
792630
841599
891294
940443
989551
1041153
1090346
1139587
1188630
1237671
1286585
1335410
1384279
1433191
1482057
1530882
1579775
1628731
1677555
1726410
1775372
1824344
1873337
1922254
1971258
2020157
2068993
2117949
2166798
2215638
2264724
2313617
2362558
2411497
2460346
48846
97839
146897
195776
244755
293805
342658
391612
442021
490871
539815
588780
637811
686674
735571
784533
833453
882314
931306
980197
1029054
1077956
1126828
1175686
1226221
1275221
1324184
1373042
1421905
1470736
1519767
1568973
1617827
1666654
1715558
1764383
1813345
1862344
1911193
1960338
2009380
2058344
2107292
2156895
2205749
2254698
2303757
2352656
2401604
2450668
48859
97777
146669
195506
244375
293377
342214
391102
440060
489042
538159
587017
635888
684730
733643
782558
831438
880574
929490
978563
1027522
1076372
1125270
1174105
1222969
1271844
1320741
1369580
1418957
1467818
1516676
1565525
1614382
1663233
1712167
1761000
1809855
1858850
1907708
1956576
2005720
2054574
2103464
2152514
2201398
2250245
2299308
2348199
2397181
2446345
48966
98011
146883
195894
244845
293670
342566
391537
440460
489292
538130
587004
635874
685073
734033
782891
831879
880708
929560
978414
1027345
1076256
1125303
1174138
1223112
1272834
1321747
1370795
1419663
1468574
1517413
1566314
1615339
1664316
1713282
1762171
1811026
1860090
1908957
1957824
2006833
2055680
2104506
2153521
2202484
2251396
2300487
2349368
2398214
2447294
48856
97791
146637
195556
246211
295039
343866
392765
441649
490648
539552
588379
637204
686080
734935
783893
832769
881642
930567
979417
1028288
1077312
1126142
1174999
1223992
1272948
1321791
1370617
1419699
1468565
1517472
1566496
1615369
1664216
1713224
1762140
1811084
1860098
1908990
1957858
2006873
2055824
2104745
2153739
2202669
2251599
2300544
2349386
2398374
2447243
48851
97745
146762
195723
244574
293452
342438
391352
440332
489326
538175
587010
635883
686138
734993
783960
832910
881767
930611
979439
1028319
1077319
1126190
1175083
1223951
1272871
1321760
1370653
1419731
1468579
1517566
1566587
1615411
1664280
1713329
1762195
1811081
1860126
1909017
1957863
2006873
2055887
2104848
2153870
2202726
2251731
2300784
2349673
2398532
2447357
48912
97750
146594
195418
244272
293155
342010
390982
439827
488684
537506
586331
635235
684100
733391
782277
831229
880058
928960
977820
1026672
1075543
1124487
1173450
1222296
1271251
1320168
1369042
1418203
1467223
1516282
1566685
1615723
1664571
1713588
1762412
1811382
1860431
1909321
1958263
2007170
2056026
2104871
2153733
2202629
2251464
2300290
2349115
2397990
2446975
48843
97725
146553
195539
244404
293299
342123
390948
439819
488723
537611
586495
635353
684175
732999
781927
830821
879765
928743
977713
1027825
1076672
1125653
1174523
1223446
1272609
1321741
1370667
1419687
1468809
1517697
1566701
1615585
1664506
1713740
1762642
1811621
1860655
1909642
1958550
2007454
2056412
2106917
2155791
2204734
2253747
2302653
2351518
2400620
2449496
48988
97809
146641
195511
244408
293388
342267
391484
440370
489217
538095
587053
636079
685076
734163
783091
832016
880845
929768
978764
1027651
1076525
1125573
1174403
1223236
1272248
1321196
1370041
1419263
1468147
1516975
1566051
1614925
1663815
1712807
1761639
1810640
1859525
1908369
1957276
2006154
2055020
2103901
2152813
2201646
2250494
2299426
2348468
2397322
2446184
56677
113451
170091
226748
285967
344208
400879
457498
514122
571907
629409
686957
744419
801944
859280
916626
974115
1031523
1088921
1146330
1203940
1261547
1318965
1376338
1433404
1490450
1547729
1604974
1661716
1721119
1781607
1838438
1895060
1951677
2008297
2064934
2121598
2178215
2234831
2291448
2348226
2404883
2461500
2518118
2574735
2631383
2688039
2744660
2801280
2857903
56671
113328
169949
226566
283189
339831
396445
453064
509681
566301
623079
679695
736313
792933
849553
906169
962824
1019443
1076066
1132724
1189342
1245958
1302580
1359199
1415855
1472475
1529094
1585715
1642330
1698986
1755602
1812221
1868838
1925455
1982655
2039933
2097129
2154471
2211639
2268984
2326361
2383011
2439653
2496283
2553124
2610038
2666787
2723887
2780780
2837403
56642
113265
170012
226642
284302
343699
400343
457814
514476
571265
627891
684596
741312
797936
854637
911309
967943
1024962
1081653
1139751
1196473
1253096
1309860
1366636
1423714
1480901
1538102
1595112
1652026
1708650
1765374
1822002
1879008
1935725
1992348
2049182
2106164
2163030
2220176
2276984
2333828
2390445
2447427
2504257
2561114
2617875
2675072
2733153
2789779
2846396
57351
114922
171979
229182
286371
343298
400457
458254
514878
571768
628796
685614
742715
800766
859881
918203
975042
1033428
1090106
1148493
1207302
1264049
1320749
1379331
1435972
1492599
1549217
1606931
1664945
1722703
1780579
1837791
1895561
1952518
2009473
2066862
2123512
2180912
2238185
2295223
2352280
2409598
2466215
2522896
2579568
2636211
2693418
2750398
2807266
2863886
59098
120977
178766
235527
294655
351418
408331
465124
521774
578541
639014
695970
752923
809905
867364
926047
984036
1040977
1098122
1155299
1214015
1271246
1331153
1388979
1445963
1503080
1559704
1616330
1673733
1731677
1789321
1846148
1902927
1959628
2016960
2073723
2130481
2187192
2243817
2300707
2358238
2415034
2471673
2528425
2585069
2641732
2698371
2755039
2814604
2871237
56993
113773
170526
227389
284012
340902
397981
456481
513419
570371
627334
684007
740932
797618
854239
911091
967759
1024835
1081473
1138135
1195118
1251950
1308673
1365435
1422197
1478875
1535685
1592316
1648979
1706026
1763002
1819750
1876398
1933339
1990210
2046972
2103797
2160621
2217577
2274209
2331236
2387923
2444710
2501747
2558397
2615346
2672019
2728641
2785641
2843342
57022
114275
171238
228163
285048
341675
398302
454948
511721
568391
625062
681890
738626
795328
851947
908572
965539
1022350
1079257
1136373
1193303
1250005
1307542
1364450
1421495
1479777
1536787
1593528
1650360
1706999
1763689
1820354
1877086
1933745
1990410
2047034
2103747
2160378
2217110
2273759
2330397
2387237
2443875
2500515
2557140
2613808
2670592
2727490
2784110
2840739
56651
113431
170065
226689
283311
340092
396824
453473
510115
566759
623402
680118
736742
793365
850009
906672
963354
1020081
1076706
1133331
1189959
1246912
1303645
1360261
1416886
1473509
1530262
1587039
1643916
1701049
1757864
1814811
1871514
1928179
1985802
2043298
2100955
2157601
2214523
2271397
2328416
2385758
2443021
2500444
2558068
2615028
2671880
2729488
2786112
2843119
56768
113672
170460
227093
284087
340712
398372
455223
512048
568717
625624
682601
739716
796342
853058
909678
966299
1023441
1080707
1139270
1196082
1254582
1312248
1369087
1427790
1486290
1544377
1603043
1661058
1718733
1775745
1834749
1893736
1951327
2008823
2067310
2124823
2182406
2240473
2297508
2354854
2413433
2471867
2528910
2586231
2644367
2701797
2760528
2817780
2875414
56721
113578
170236
227774
286474
343293
401453
459688
517862
576156
634351
692860
750895
808359
865888
923229
980333
1037028
1094360
1152544
1209161
1265780
1322397
1379016
1435640
1492257
1548873
1605512
1662129
1718803
1775422
1832042
1888660
1945338
2001997
2058615
2115233
2171872
2228537
2285192
2341812
2398430
2455045
2511667
2568286
2624904
2681522
2738142
2794762
2851400
65450
131083
197689
263055
328440
393838
459439
524845
590267
655679
721987
787403
852893
918281
983712
1050500
1115879
1181400
1246789
1312214
1377633
1443068
1508453
1574161
1639604
1705079
1770473
1835903
1902228
1967633
2033030
2098429
2163991
2229387
2294875
2360249
2425757
2491155
2556651
2622079
2687497
2754202
2819622
2884988
2950422
3015866
3081297
3146690
3212060
3277591
65030
130108
195137
260293
325324
390348
455372
520394
585439
650463
715749
780781
845891
910920
975990
1041013
1106087
1171117
1236140
1301184
1366211
1431268
1496292
1561360
1626404
1691491
1756516
1821541
1886567
1951597
2016621
2081644
2146669
2211697
2276768
2341795
2406820
2471850
2536875
2601903
2666927
2731955
2796978
2862021
2927086
2992160
3057187
3122214
3187237
3252263
65179
130353
195527
260704
325886
391060
456233
521408
586583
651761
716986
782202
847420
912615
977794
1042968
1108144
1173319
1238492
1303670
1368843
1434043
1499217
1564393
1629566
1694782
1759961
1825176
1890391
1955565
2020762
2085959
2151135
2216310
2281488
2346662
2411839
2477011
2542211
2607388
2672563
2737744
2802959
2868199
2933417
2998629
3063808
3129010
3194278
3259453
65043
130090
195131
260172
325215
390282
455331
520448
585494
650539
715623
780666
845706
910751
975793
1040837
1105884
1170923
1236008
1301049
1366093
1431139
1496183
1561228
1626274
1691318
1756359
1821400
1886441
1951524
2016602
2081642
2146731
2211775
2276818
2341862
2406907
2471950
2537013
2602053
2667163
2732208
2797256
2862301
2927350
2992390
3057431
3122500
3187539
3252603
65177
130352
195528
260754
325936
391164
456339
521581
586760
652006
717180
782357
847531
912735
977908
1043086
1108261
1173438
1238621
1303795
1369012
1434185
1499422
1564601
1629777
1694950
1760127
1825304
1890483
1955660
2020832
2086004
2151177
2216381
2281559
2346804
2411975
2477196
2542372
2607570
2672744
2737921
2803094
2868321
2933495
2998673
3063850
3129026
3194206
3259379
65218
130431
195605
260784
326029
391206
456440
521613
586792
652471
717648
782821
847994
913166
978342
1043516
1108691
1173870
1239046
1304319
1369493
1434819
1499995
1565168
1630344
1695558
1760732
1825930
1891103
1956281
2021455
2086628
2151800
2216973
2282214
2347387
2412647
2477827
2543000
2608268
2673446
2738620
2803793
2868964
2934139
2999311
3064485
3129657
3194831
3260028
65179
130358
195538
260785
325961
391178
456356
521534
586712
651887
717100
782277
847452
912632
977808
1042986
1108164
1173339
1238585
1303761
1369021
1434198
1499374
1564552
1629732
1694909
1760087
1825269
1890448
1955624
2020805
2085980
2151156
2216332
2281507
2346748
2411925
2477143
2542320
2607499
2672679
2737857
2803037
2868211
2933391
2998567
3063743
3128922
3194097
3259278
65174
130353
195615
260791
326051
391223
456405
521576
586749
651921
717120
782296
847468
912647
977823
1042999
1108172
1173402
1238576
1303833
1369026
1434202
1499375
1564556
1629728
1694906
1760080
1825255
1890428
1955603
2020778
2085970
2151146
2216318
2281544
2346721
2411976
2477183
2549469
2614723
2679976
2745247
2810539
2875789
2941065
3006335
3071612
3136866
3202226
3267534
65255
130513
195770
261093
326344
391636
456889
522145
587394
652694
717967
783222
848472
913754
979028
1044279
1109531
1174808
1240097
1305391
1370706
1435977
1501231
1566488
1631742
1696997
1762254
1827508
1892760
1957932
2023125
2088301
2153474
2218687
2283888
2349106
2414284
2479504
2544680
2609854
2676096
2741270
2806444
2871646
2936819
3001992
3067171
3132347
3197523
3262696
65198
130372
195588
260770
325987
391160
456439
521615
586794
651966
717159
782837
848011
913187
978628
1043802
1108984
1174158
1239376
1304589
1369784
1435001
1500174
1565378
1631327
1696502
1761676
1826857
1892031
1957205
2022383
2087555
2152731
2217903
2283078
2348411
2413626
2478802
2544092
2609268
2674444
2740544
2805718
2870891
2936069
3001243
3066419
3131595
3196767
3261940
76253
150399
226654
302947
377071
451190
525307
602244
676367
752621
828897
903861
980131
1059175
1135469
1211717
1288016
1364382
1438562
1512681
1588980
1665230
1741483
1817735
1894123
1970375
2046625
2122875
2199130
2273251
2347433
2421548
2495793
2570438
2651368
2725488
2802634
2878928
2956102
3030281
3104425
3180721
3256978
3331153
3407426
3481545
3555665
3629835
3703958
3780254
74141
150387
226705
303604
379857
453972
530224
604342
680632
754749
831038
907290
983581
1057696
1134088
1210338
1287423
1361544
1435663
1511914
1588797
1665044
1741294
1817566
1893815
1970063
2044178
2120429
2194545
2270811
2347062
2423318
2499577
2573764
2647886
2724179
2800482
2874746
2950997
3025719
3099840
3176091
3252341
3329268
3403395
3477562
3553832
3630161
3704387
3780634
76268
152533
228798
305064
381372
457637
534051
610317
686673
760807
837152
911286
986168
1060299
1136567
1210697
1285537
1361821
1438088
1514372
1588508
1664772
1741036
1817299
1893563
1969829
2046097
2120228
2194381
2268557
2344828
2421134
2495294
2569472
2643607
2719914
2796185
2872453
2946605
3023542
3097704
3171836
3248125
3322982
3397307
3471444
3545577
3619714
3693845
3770108
76254
150374
226666
302917
379289
453403
529747
606005
683420
759671
835926
910044
987030
1063301
1139553
1215824
1292075
1366190
1440307
1514420
1588538
1662654
1738927
1813040
1887156
1963405
2037519
2112536
2188785
2265080
2339225
2414325
2490581
2564734
2638851
2715134
2791489
2865612
2941886
3018144
3092264
3166383
3242636
3318893
3393008
3469262
3545514
3621771
3698251
3774505
77215
151417
225736
301990
377044
453296
529549
605802
682057
756198
832446
906589
980705
1056951
1133206
1207327
1283606
1357729
1431848
1508103
1582242
1658492
1732610
1809371
1883495
1957724
2031844
2108907
2183024
2259315
2335568
2410643
2486919
2561042
2637317
2711525
2787781
2864036
2938158
3014415
3090670
3164795
3241051
3315376
3391629
3467883
3542076
3618330
3693957
3770206
77033
153285
229535
305789
382039
458309
534561
610815
687065
761186
837438
911560
987809
1064059
1140309
1216561
1290679
1364802
1441051
1515213
1589334
1663500
1739755
1814687
1890934
1965096
2039213
2116187
2190336
2266588
2342841
2419093
2495346
2569464
2645717
2719914
2796164
2872418
2949392
3025672
3099796
3176047
3253235
3327357
3401561
3477813
3554135
3630384
3704543
3780792
74119
150369
226623
302874
379110
455358
529482
603599
677857
751977
826101
900938
977188
1053440
1129711
1204545
1278670
1352941
1429216
1505597
1581869
1656095
1730213
1804338
1878478
1954725
2028847
2105097
2181350
2255466
2331718
2405840
2482092
2556211
2630335
2704486
2780739
2854862
2929797
3003920
3080214
3156466
3233386
3309643
3385937
3460060
3536438
3612708
3688957
3765233
74134
148271
224524
300799
374999
449170
523310
597466
671620
747871
824124
898259
972583
1046755
1120911
1195854
1272106
1346283
1420420
1497349
1573597
1647735
1723988
1798170
1874422
1950674
2024808
2099066
2173203
2247342
2323594
2397754
2474010
2548147
2622331
2698594
2774888
2849027
2925322
3001578
3075865
3150062
3224940
3301249
3375436
3449577
3524547
3600804
3677059
3753308
74862
151167
225298
300456
376720
450851
524978
599203
673331
749593
825882
900058
974185
1050602
1124756
1198950
1275213
1349384
1425651
1499783
1573911
1650185
1726451
1802716
1878978
1953103
2029973
2106239
2182505
2258789
2335663
2409797
2483967
2560255
2634390
2710658
2786966
2861100
2935279
3009428
3083601
3157733
3234063
3308192
3382324
3456456
3530592
3606882
3683146
3759441
76250
152501
228748
305724
382001
456117
532386
608682
682805
759095
833215
907378
981494
1057785
1134036
1208159
1284406
1358530
1434780
1511126
1587381
1663634
1741331
1815452
1891702
1967950
2045639
2121913
2196035
2270176
2346512
2422765
2496926
2571052
2647350
2721474
2795630
2869750
2946046
3020164
3096423
3172678
3246805
3323055
3399311
3473466
3549721
3625977
3702232
3778986
83724
167430
251136
334841
418585
502290
586001
669707
753432
837199
920899
1004602
1088342
1172042
1255761
1339488
1423194
1506939
1591705
1675433
1759177
1842948
1926651
2010357
2094065
2177815
2261520
2345244
2428986
2512694
2596402
2680107
2763854
2847622
2932254
3015959
3099701
3183404
3267114
3350820
3434542
3518308
3602010
3685715
3769417
3853123
3936825
4021032
4104773
4188518
84605
168198
251770
335354
418975
502547
586119
669809
753396
837017
920591
1004191
1087761
1171380
1254971
1338543
1422162
1506527
1590098
1673670
1757242
1840904
1924476
2008050
2092562
2176132
2259702
2343274
2426954
2510526
2594122
2677735
2761304
2844917
2928515
3012085
3095657
3179254
3262872
3346443
3430021
3514607
3598198
3681769
3765345
3848989
3932563
4016135
4100582
4184173
83687
167314
250941
334563
418185
501971
585605
669232
753717
837338
920961
1004585
1088349
1172008
1255655
1339283
1422908
1506585
1591445
1675179
1758815
1842461
1926159
2009776
2093459
2178333
2262010
2345634
2429250
2512969
2596595
2680251
2763873
2847495
2931122
3015202
3098886
3182508
3266131
3349753
3433401
3517208
3601697
3685322
3768942
3852568
3936367
4019992
4103614
4187446
83633
167311
252000
335639
419276
503007
586641
670273
753976
838668
922330
1005968
1089603
1173328
1256984
1340618
1424256
1507911
1591553
1675185
1758886
1842520
1926157
2009927
2093563
2177243
2263871
2347504
2431143
2514780
2598462
2682137
2765794
2849774
2933407
3017039
3100672
3184351
3267991
3351650
3435421
3519057
3602796
3687283
3770943
3854579
3938219
4021850
4105486
4189307
83835
167505
251338
336047
419717
503394
587109
670803
754474
838148
921902
1005574
1089246
1172916
1256595
1340309
1423979
1507650
1591473
1676990
1760712
1844383
1928057
2011772
2095445
2179117
2262859
2346551
2430285
2513961
2597632
2681363
2765722
2849589
2933261
3017457
3101171
3184841
3268509
3352257
3435928
3519622
3603295
3686969
3770682
3854877
3938597
4022268
4106667
4190386
84080
168216
252471
336549
420619
504796
588843
673006
758085
842239
926308
1010390
1094551
1178569
1262645
1346733
1430793
1514922
1599066
1683095
1767142
1851909
1936157
2020187
2104248
2188302
2272387
2356587
2440655
2524675
2608723
2693770
2777934
2861955
2945988
3030189
3114292
3199660
3283707
3367740
3451798
3537121
3621386
3705462
3789487
3873504
3957610
4041658
4125802
4209822
84123
168159
252185
336206
421035
505314
589361
673388
757433
841486
925571
1009601
1093625
1177650
1261676
1345749
1429772
1514861
1598889
1682915
1766982
1851021
1935061
2019155
2103187
2187215
2271254
2356244
2440347
2524377
2608408
2692437
2776460
2860575
2944611
3028648
3112670
3198727
3282865
3366916
3450943
3534972
3619003
3703137
3787174
3871207
3955241
4040286
4124412
4208443
85555
170041
254337
338705
423218
507507
591954
676299
760576
844902
930254
1014666
1098962
1183373
1267720
1352012
1436303
1520623
1604930
1689343
1773667
1857959
1942272
2030049
2114653
2198953
2283329
2367633
2451954
2536272
2620646
2704920
2789321
2873647
2957958
3042255
3127898
3212317
3296639
3380998
3465332
3549662
3634094
3718466
3802769
3887084
3971590
4055891
4140201
4225273
84342
168599
252901
337174
421420
505761
590063
674325
758591
842861
927239
1011505
1096919
1181183
1265447
1349786
1434060
1518319
1602584
1686855
1771197
1855453
1940555
2024846
2109117
2193467
2277741
2361982
2446294
2530593
2614976
2699243
2783513
2867771
2952074
3036478
3120770
3205019
3289286
3374209
3458557
3542850
3627141
3711405
3795704
3880065
3964345
4048608
4132862
4218066
83664
167283
251439
335055
418672
502330
585950
669570
753194
837833
921449
1005065
1088724
1172338
1255960
1339598
1423239
1506904
1590522
1674142
1757761
1841380
1925016
2008672
2092337
2175954
2260503
2344141
2427759
2511422
2595043
2678658
2762278
2846734
2930416
3014036
3097676
3181312
3264929
3348545
3432162
3515830
3599448
3683618
3767237
3850850
3934511
4018129
4101786
4185403
93692
187332
280969
374611
468311
561951
656178
749998
843637
937279
1031097
1124739
1218400
1312102
1405735
1499376
1593107
1686743
1780383
1874082
1967721
2061518
2155221
2248860
2343615
2437260
2530905
2626797
2720457
2814095
2908739
3002378
3096022
3191082
3284739
3378404
3473101
3566743
3660385
3754573
3848235
3941904
4035693
4129332
4222978
4316688
4410328
4503965
4597679
4691319
93648
187339
281002
374651
468347
562028
655671
749380
843022
936663
1030354
1124052
1217698
1311407
1405060
1498711
1592396
1687204
1780851
1874494
1968386
2062032
2155715
2249388
2343034
2436680
2530401
2624042
2719136
2812840
2906483
3000129
3093885
3187634
3281300
3374948
3468800
3565124
3659444
3753085
3846754
3941061
4035351
4129766
4223858
4317566
4412322
4505968
4599672
4693322
93660
187305
280943
374591
468235
561874
655516
749248
844518
938302
1031998
1125636
1219308
1313002
1406667
1500432
1594121
1687763
1781406
1875133
1968795
2062512
2156205
2249844
2343545
2437241
2530884
2624565
2718244
2811888
2905529
2999172
3092815
3186646
3280287
3373929
3467605
3561245
3654884
3749455
3843100
3936744
4031127
4124787
4218428
4312941
4406583
4500224
4594852
4688517
93644
188279
281942
375589
470201
563864
657528
752091
845730
939365
1034016
1127676
1221323
1315754
1409442
1503080
1596958
1690658
1784298
1878087
1971738
2065381
2159019
2252681
2346331
2439972
2533612
2627253
2720895
2814539
2908200
3001845
3095523
3189157
3282796
3376476
3470183
3563823
3657535
3751244
3844884
3938522
4032259
4125921
4219564
4313271
4406912
4500551
4594258
4688865
93658
187404
281051
374820
468551
562211
655911
749602
843246
936914
1030602
1124268
1217911
1311599
1405240
1498936
1592616
1686279
1779925
1873569
1967218
2070727
2164875
2258910
2352802
2446510
2540153
2633955
2728974
2825375
2931223
3024910
3118557
3212292
3305930
3399593
3493239
3586882
3680533
3775005
3868642
3963496
4057143
4150787
4244430
4338070
4431714
4525361
4619129
4712773
95166
188815
282492
376163
469811
563450
657103
750750
844399
939486
1033166
1126984
1220634
1314352
1408016
1501691
1595414
1689068
1782723
1876451
1970150
2063803
2157518
2251160
2344800
2438521
2532191
2625969
2719617
2813274
2906931
3000567
3094243
3187889
3281532
3375178
3468826
3562832
3656499
3750153
3843851
3937526
4031248
4124895
4218543
4312313
4405952
4499587
4593441
4687078
93661
187323
280964
374606
468312
561952
655594
749309
842948
936584
1030283
1123926
1217564
1311262
1404898
1498536
1592228
1685868
1779562
1873206
1968460
2062120
2155757
2249393
2343030
2436704
2530368
2624031
2717673
2811345
2904985
2998628
3092293
3186126
3279769
3373407
3467108
3560743
3654381
3748086
3841725
3935361
4029064
4122703
4216338
4310039
4403673
4497319
4590958
4684598
93641
187337
280975
374619
468314
561954
655597
749290
842931
936600
1030239
1123876
1217512
1311149
1404787
1498429
1592068
1685729
1779372
1873007
1966644
2060323
2153976
2247633
2341326
2434984
2528618
2622309
2715967
2809631
2903321
2997005
3090644
3184336
3277973
3371611
3465299
3558946
3652590
3746233
3839874
3933541
4027181
4120820
4214486
4308131
4401803
4495459
4589230
4682888
93660
187319
280986
374650
468313
561976
655669
749333
842996
936661
1030354
1125262
1219121
1312788
1406452
1500182
1593848
1687530
1781272
1874934
1968601
2062350
2156061
2249741
2343477
2437140
2530868
2624598
2718261
2811946
2905618
2999285
3092950
3186608
3280272
3373935
3467594
3561257
3654918
3748578
3842289
3935968
4029655
4123324
4217074
4310785
4404476
4498226
4591887
4685548
93663
187302
280968
374657
468295
561936
655619
749309
842997
936733
1030371
1124011
1217694
1311332
1404986
1498669
1592343
1685979
1779659
1873548
1967208
2060849
2154509
2248145
2341787
2435428
2529066
2622710
2716348
2809991
2903652
2997293
3090958
3184597
3278234
3371937
3465574
3559213
3652896
3746536
3840198
3933895
4027530
4121190
4214877
4308555
4402219
4495901
4589541
4683246
105281
212607
317955
423058
528309
633470
740368
845513
950890
1058119
1163223
1268377
1373582
1478684
1583862
1688961
1794296
1901112
2006211
2111364
2216631
2321796
2427099
2532228
2637509
2744812
2850071
2955335
3060472
3165573
3270670
3375718
3480940
3586020
3691094
3796237
3901495
4006617
4111740
4216812
4322082
4427174
4532289
4637424
4742652
4847758
4952901
5057966
5163171
5268266
104371
208753
313120
417487
521858
626310
730962
835331
939757
1044191
1148704
1253115
1357493
1461952
1566603
1670978
1775346
1879711
1984185
2088670
2193055
2297540
2401955
2506328
2610716
2715304
2819694
2924067
3028442
3132910
3237269
3341661
3446110
3550543
3654918
3759280
3863774
3968156
4072519
4176884
4281359
4385730
4490167
4594548
4698930
4803301
4907673
5012331
5116714
5221868
104492
208981
313500
417978
522465
627136
731588
836088
940597
1045202
1149716
1254237
1358710
1463348
1567824
1672301
1776796
1881388
1985898
2090346
2194890
2299747
2404199
2508734
2613246
2717739
2822207
2926711
3031218
3135786
3240261
3344721
3449329
3553788
3658361
3762853
3867483
3971979
4076427
4180934
4285587
4390084
4494585
4599084
4703698
4808338
4912977
5017482
5121996
5226481
104430
208863
313355
417812
522243
626681
731221
835652
940086
1044518
1148950
1253384
1357866
1462465
1566894
1671328
1775782
1880280
1984708
2089138
2193572
2298183
2402614
2507044
2611495
2715970
2820401
2924860
3029331
3133768
3238199
3342634
3447117
3551566
3655997
3760428
3864906
3969337
4073773
4178200
4282704
4387131
4491567
4595995
4700426
4804860
4909287
5013731
5118160
5222595
104455
208879
313349
417765
522186
626640
731051
835464
939889
1044392
1148858
1253281
1357740
1462306
1566724
1671143
1775556
1880064
1984481
2088898
2193310
2297780
2402199
2506613
2611043
2715458
2819882
2924305
3028937
3133352
3237774
3342210
3446706
3551159
3655572
3759990
3864534
3968970
4073383
4177804
4282215
4386628
4491098
4595565
4699984
4804402
4908821
5013421
5117836
5222254
104357
208717
313056
417399
521793
626224
730567
834912
939252
1043681
1148152
1252580
1356931
1461319
1565665
1670068
1774460
1878867
1983212
2087563
2191972
2296322
2400665
2505008
2609401
2713743
2818088
2922432
3026775
3131125
3235472
3339864
3444208
3548557
3652900
3757290
3861633
3965982
4070325
4174714
4279061
4383405
4487799
4592161
4696504
4800849
4905240
5009608
5114077
5218436
104472
208891
313335
417760
522233
626659
731076
835508
940109
1044525
1148945
1253387
1357862
1462279
1566722
1671136
1775548
1879965
1984377
2088849
2193284
2297702
2402123
2506596
2611009
2715428
2819847
2924324
3028743
3133156
3237617
3342090
3446507
3550926
3655360
3759803
3864218
3968634
4073102
4177543
4281958
4386408
4490920
4595331
4699750
4804164
4908665
5013074
5117493
5221910
104416
208772
313124
417483
521884
626234
730586
834945
939318
1043673
1148031
1252477
1356857
1461209
1565569
1669974
1774327
1878681
1983040
2087455
2191813
2296172
2400661
2505038
2609397
2713753
2818158
2922513
3026868
3131225
3235633
3339989
3444344
3548777
3653148
3757507
3861865
3966270
4070627
4175006
4279370
4383771
4488135
4592506
4696919
4801319
4905672
5010033
5114432
5218812
104436
208856
313274
417765
522178
626621
731078
835510
939955
1044373
1148838
1253283
1357698
1462113
1566691
1671109
1775527
1879983
1984439
2088858
2193276
2297701
2402114
2506531
2610942
2715360
2819822
2924392
3028811
3133337
3237753
3342171
3446588
3551044
3655485
3759903
3864324
3968824
4073258
4177671
4282088
4386543
4490954
4595469
4699889
4804306
4908728
5013145
5117670
5222104
104439
208859
313284
417701
522138
626555
731018
835438
939854
1044294
1148805
1253239
1357676
1462099
1566569
1671002
1775416
1879829
1984320
2088737
2193174
2297631
2402049
2506470
2610886
2715349
2819763
2924181
3028595
3133062
3237477
3341910
3446326
3550809
3655252
3759670
3864087
3968549
4072981
4177423
4281982
4386418
4490852
4595270
4699767
4804186
4908606
5013020
5117539
5221976
115687
233027
348646
464389
581370
696989
812616
929184
1044808
1160475
1276244
1391873
1507491
1623120
1738820
1854447
1970066
2085685
2201312
2316980
2432606
2548233
2663989
2779613
2895235
3010909
3127411
3243194
3358814
3474427
3590095
3705717
3821357
3936980
4052601
4168279
4283906
4399554
4515171
4630793
4746461
4862174
4977826
5093445
5209068
5324694
5440363
5555981
5671624
5787272
115633
231320
347037
462660
578330
693950
809573
925241
1040860
1156510
1272131
1387760
1503466
1619192
1734819
1850435
1966059
2081727
2197356
2312978
2428600
2544227
2659898
2775595
2891219
3006859
3122481
3238104
3354467
3471856
3587475
3703215
3818843
3934512
4050133
4165761
4281388
4397012
4512679
4628295
4743917
4859554
4975177
5090840
5206503
5322151
5437795
5553418
5669039
5784703
115721
231347
346981
462636
578264
693936
809559
925197
1040839
1156464
1272162
1387822
1503487
1619109
1734731
1850406
1966023
2081644
2197293
2312916
2428593
2544250
2659877
2775501
2891119
3006798
3122467
3238087
3353712
3469335
3584958
3700625
3816247
3931901
4047548
4163196
4278857
4394489
4510109
4625733
4741352
4857024
4972680
5088303
5203957
5319577
5435351
5551019
5666637
5782381
115636
231255
346938
462608
578293
693943
809563
925179
1040843
1156519
1272151
1387790
1503408
1619073
1734714
1850330
1966002
2081617
2197281
2312922
2428539
2544184
2659803
2775465
2891132
3006753
3122396
3238014
3353644
3469313
3584958
3700602
3816226
3931847
4047508
4163124
4278753
4394376
4509999
4625664
4741323
4856945
4972568
5088180
5203892
5319507
5435133
5550755
5666368
5782044
115709
231325
346944
462568
578211
694001
809666
925287
1040909
1156548
1272174
1387950
1503567
1619181
1734818
1850442
1966103
2081721
2197379
2313022
2428640
2544307
2659928
2775547
2891189
3006829
3122504
3238242
3353880
3469499
3585136
3700781
3816449
3932081
4047707
4163446
4279071
4394728
4510350
4626016
4741653
4857281
4972949
5088576
5204196
5319817
5435462
5551128
5666792
5782504
115624
231257
346880
462585
578282
693908
809534
925150
1040779
1156446
1272069
1387695
1503320
1618951
1734620
1850239
1965861
2081490
2197136
2312803
2428424
2544048
2659689
2775334
2891018
3006644
3122269
3237923
3353564
3469240
3584936
3700559
3816192
3931835
4047458
4163230
4278852
4394514
4510159
4625804
4741564
4857185
4972813
5088434
5204079
5319771
5435414
5551057
5666678
5782323
115621
231293
346912
462527
578145
693766
809427
925119
1040777
1156440
1272061
1387684
1503346
1618964
1734585
1850226
1965851
2081553
2197168
2312811
2428431
2544080
2659833
2775460
2891078
3006693
3122316
3237975
3353641
3469260
3584883
3700507
3816148
3931815
4047435
4163057
4278681
4394319
4509987
4625610
4741235
4856859
4972495
5088158
5203776
5320309
5435960
5551622
5667297
5782913
115621
231248
346870
462513
578178
693800
809427
925095
1040720
1156392
1272062
1387701
1503321
1618943
1734561
1850223
1965845
2081511
2197162
2312778
2428677
2544322
2659947
2776297
2891919
3007598
3123329
3238953
3354596
3470221
3586060
3701725
3817350
3932975
4048600
4164228
4279893
4395518
4511133
4626750
4742367
4858036
4973662
5089274
5204945
5320597
5436308
5551937
5667551
5783174
115618
231259
346957
462629
578250
694144
809765
925455
1041115
1156735
1272358
1388009
1503655
1619317
1734934
1850550
1966216
2081857
2197521
2313146
2428767
2544395
2660017
2775684
2891306
3006922
3122583
3238205
3353874
3469496
3585122
3700748
3816373
3932037
4047697
4163317
4278975
4394591
4510211
4625881
4741502
4857122
4972746
5088372
5204260
5319888
5435512
5551137
5666758
5782486
115692
231307
346926
462545
578195
693881
809502
925119
1040740
1156359
1272048
1387723
1503349
1618964
1734630
1850273
1965966
2081591
2197215
2312837
2428462
2544156
2659791
2775407
2891070
3006688
3122378
3237998
3353617
3469233
3584853
3700548
3816238
3931855
4047473
4163130
4278757
4394443
4510055
4625668
4741287
4856908
4972727
5088345
5203966
5319635
5435253
5550914
5666539
5782252
127571
255141
384142
511777
639407
767003
896035
1023684
1151464
1279039
1408132
1535710
1663279
1790884
1919940
2047511
2175146
2302790
2431624
2559213
2686794
2814369
2943530
3071102
3198678
3326264
3453893
3581565
3709186
3836756
3964344
4091911
4219541
4347116
4474687
4602256
4729884
4857549
4985160
5112749
5240326
5368045
5495621
5623193
5750774
5878348
6005972
6133617
6261206
6388792
127593
255169
382759
510319
637887
765459
893042
1020737
1148367
1276071
1403634
1531190
1658770
1786350
1913912
2041476
2169088
2296835
2424450
2552061
2679638
2807205
2934764
3062324
3189887
3317489
3445064
3572681
3700297
3827930
3955514
4083099
4210668
4338237
4465815
4593373
4720956
4848574
4976186
5103771
5231336
5358904
5486466
5614028
5741591
5869160
5996725
6124342
6251958
6379520
127627
255210
382795
510477
638037
765601
893164
1020798
1148415
1276200
1403837
1531428
1658995
1786564
1914126
2041686
2169251
2296824
2424502
2552112
2679737
2807306
2934878
3062437
3190002
3317569
3445138
3572726
3700385
3828023
3955591
4083156
4210739
4338296
4465863
4593429
4720996
4848595
4976280
5103900
5231459
5359042
5486629
5614212
5741773
5869364
5996928
6124532
6252155
6379765
127546
255088
382580
510136
637905
765395
892899
1020393
1147879
1275407
1402961
1530516
1658111
1785797
1913288
2056679
2187306
2314803
2442289
2570175
2698062
2825934
2955169
3082676
3210170
3337654
3465174
3592658
3720159
3847700
3975527
4103017
4230527
4358037
4485526
4613044
4740528
4868010
4995561
5123165
5250656
5378161
5505656
5633140
5760628
5888116
6015611
6143225
6270809
6398400
127724
255284
382869
510457
638041
765692
893255
1020851
1148409
1276066
1403713
1531295
1658856
1786433
1914000
2041562
2169124
2296704
2424275
2551941
2679581
2807141
2934706
3062268
3189832
3317402
3444966
3572534
3700107
3827741
3955395
4082962
4210524
4338077
4465661
4593227
4720795
4848359
4975925
5103568
5231244
5358803
5486370
5613955
5741554
5869119
5996683
6124252
6251835
6379494
127627
255320
382997
510564
638153
765720
893301
1020868
1148431
1275994
1403624
1531286
1658917
1786484
1914071
2041659
2169247
2296810
2424374
2551940
2679563
2807345
2935122
3062887
3190609
3318346
3446069
3573788
3701517
3829237
3957024
4084850
4212632
4340356
4468099
4597859
4725601
4853550
4981268
5108989
5236762
5364541
5492175
5645849
5773412
5900978
6028769
6156571
6284139
6411966
127606
255252
382881
511512
639171
767908
895532
1023098
1150662
1278253
1405821
1533544
1661190
1788834
1917672
2045338
2172901
2300466
2428296
2555880
2683439
2811010
2938621
3067455
3195092
3323496
3451068
3578640
3706218
3833778
3961349
4088978
4216776
4344453
4473149
4600744
4728303
4855883
4983447
5111015
5238676
5366314
5493892
5622810
5750436
5878027
6005592
6133157
6260724
6388308
127576
255134
382697
510288
639395
767019
896034
1023722
1151330
1278999
1406595
1534162
1661816
1789394
1917017
2044643
2172273
2299879
2428568
2556134
2683701
2811286
2938865
3066433
3194057
3321679
3449302
3577960
3705525
3833104
3960659
4088240
4215805
4343374
4470996
4598612
4726246
4853808
4984074
5111637
5239203
5366771
5494329
5621891
5749661
5877290
6004903
6133737
6261304
6388871
127573
255216
382773
510353
637915
765478
893147
1020763
1149596
1277180
1405826
1533496
1661062
1788660
1916251
2044078
2171714
2299433
2427109
2557812
2685439
2813031
2940600
3068168
3195835
3323416
3451045
3578661
3706279
3833855
3962621
4090183
4218839
4346426
4474009
4601574
4729190
4856915
4984544
5116024
5243587
5372320
5499885
5627450
5755022
5882589
6010275
6137900
6265553
6393112
127702
255261
383855
511420
639018
766601
894184
1021753
1149374
1277034
1404652
1532217
1659778
1788473
1916075
2043636
2171197
2298756
2426427
2554054
2681713
2809277
2938071
3065671
3193232
3320800
3448358
3575946
3703595
3831232
3958856
4086796
4214356
4342875
4470445
4598005
4725646
4853226
4980886
5108511
5236228
5363791
5491362
5618922
5747606
5875172
6002757
6130324
6257951
6385703
140100
280198
420299
560427
700495
840580
980625
1120709
1260779
1400991
1541041
1681128
1821294
1961574
2101626
2241709
2381767
2521942
2661958
2801964
2941918
3082120
3222245
3362216
3502274
3642385
3782342
3922515
4062462
4202538
4342511
4482500
4622466
4763341
4903314
5044427
5184381
5325434
5465393
5606649
5746650
5887765
6027765
6168928
6308912
6452552
6593909
6735169
6875173
7016357
139941
281072
421005
560953
700887
840990
980970
1121966
1261905
1403169
1543103
1684200
1824136
1965247
2105287
2246444
2386378
2527511
2667440
2808621
2948560
3089840
3229781
3369816
3509754
3649689
3789630
3929611
4069571
4209689
4349727
4489778
4629908
4769915
4910110
5050175
5190224
5330234
5470360
5610423
5750458
5890475
6030542
6170564
6310682
6450689
6590744
6730758
6870695
7010627
140070
280125
420180
560212
700311
840365
980424
1120458
1260522
1400544
1540502
1680459
1820423
1960369
2100469
2240414
2380368
2520306
2660394
2800565
2940527
3080480
3220688
3360639
3500635
3640591
3780622
3920564
4060674
4200618
4340645
4480598
4620552
4760503
4900494
5040444
5180459
5320411
5460361
5600306
5741181
5881124
6022231
6162171
6303380
6443366
6584515
6724463
6865548
7005519
140441
280382
421652
561589
702740
842682
983828
1123765
1266782
1406711
1547873
1687847
1828909
1968842
2110066
2250006
2393716
2541015
2682149
2822237
2962183
3102302
3242397
3382470
3522634
3662669
3803793
3943845
4085108
4225163
4365172
4505195
4645240
4785290
4925309
5065358
5205381
5345425
5485412
5625384
5765339
5905299
6045245
6185238
6325219
6465181
6605142
6745101
6885086
7025030
140284
280688
421020
561430
701709
841998
982354
1122648
1263034
1403390
1543676
1683970
1824216
1964504
2104811
2245093
2385354
2525652
2665951
2806266
2946564
3086840
3227077
3367350
3507572
3647837
3788146
3928407
4068652
4208925
4365932
4506556
4647054
4787520
4929119
5069612
5209962
5350422
5492552
5633047
5774838
5916690
6059062
6199727
6340482
6483474
6624207
6764947
6905651
7046387
140129
282370
424482
564540
704634
844802
984903
1126638
1266706
1406772
1546819
1686853
1826895
1968951
2109041
2249025
2388991
2528928
2668863
2809097
2949056
3088991
3228924
3368880
3508834
3648770
3788705
3928672
4068636
4208601
4348548
4488512
4628470
4768447
4908503
5048464
5196073
5336078
5476049
5616134
5756077
5896029
6035970
6175941
6315884
6456405
6596927
6736903
6876851
7019480
140457
281201
423040
562992
702953
842925
982885
1122830
1262765
1402720
1542677
1682614
1822554
1962491
2102427
2242367
2382305
2522243
2662176
2802142
2942095
3082028
3221962
3361927
3501863
3641800
3781765
3921706
4061648
4201776
4341789
4481798
4621907
4761911
4901932
5041962
5182003
5322060
5462142
5602179
5742219
5882404
6022450
6162491
6302506
6442467
6582435
6722364
6862297
7002237
140372
280870
421360
561891
702294
842873
983178
1123378
1263542
1403710
1543928
1684184
1824407
1964627
2104804
2245046
2385258
2525406
2665637
2805838
2946000
3086290
3226453
3366716
3506863
3647035
3787189
3927392
4067602
4207904
4348281
4488502
4628777
4769261
4909542
5049827
5190117
5330324
5470534
5610803
5751056
5891255
6031539
6171692
6311943
6452147
6592366
6732553
6872788
7013021
139965
279930
419982
559942
699948
840034
980050
1121794
1261761
1401706
1541846
1681810
1821777
1961728
2101720
2241671
2381618
2521560
2661530
2801502
2941440
3081396
3221529
3361488
3501581
3641643
3781711
3921807
4061895
4202017
4342083
4482158
4622252
4762332
4902430
5042511
5182597
5322827
5462895
5602943
5742928
5882882
6022829
6162826
6302795
6442758
6582887
6722833
6862774
7002716
140031
280032
419991
559950
699910
839861
979865
1119822
1259790
1399797
1539745
1679696
1819673
1959630
2099584
2239542
2379518
2519518
2659468
2799421
2939371
3079334
3219283
3359245
3499287
3639267
3779223
3919193
4059148
4199134
4339110
4479076
4619032
4759010
4898987
5038954
5178943
5318929
5458926
5598882
5738833
5878814
6018793
6158753
6298744
6438727
6578701
6718686
6858732
6998804
153674
307330
460917
614543
768163
924107
1080122
1235955
1389752
1543377
1697025
1850667
2004310
2157947
2311553
2465318
2619112
2772961
2928846
3084696
3238347
3392005
3545649
3699308
3853003
4006800
4160622
4314242
4468063
4621729
4775382
4929136
5082775
5236402
5390143
5543914
5697830
5851461
6005088
6158712
6312306
6465943
6619594
6773241
6927016
7080775
7234562
7388190
7541823
7695922
153919
307811
461850
615900
770079
923995
1077909
1231848
1385791
1539666
1693571
1847643
2001690
2155713
2309645
2463572
2617494
2771444
2925338
3079203
3233246
3387303
3541254
3695169
3849057
4002964
4156872
4310784
4464678
4618681
4772698
4926611
5080511
5234399
5388289
5542197
5696084
5850052
6004035
6158048
6311972
6465883
6619836
6773789
6927681
7081611
7235623
7389639
7543954
7697834
153410
306771
460141
613553
767138
920658
1074027
1227443
1380844
1534208
1687604
1840965
1994326
2147816
2301287
2454764
2608131
2761491
2914862
3068220
3221587
3374949
3528360
3681837
3835306
3988694
4142054
4295428
4448791
4602152
4755557
4909086
5062598
5216076
5369589
5522973
5676390
5829790
5983147
6136584
6289942
6443579
6597059
6750574
6903972
7057351
7210719
7364085
7517441
7670802
154383
308722
462888
616983
771223
925375
1079495
1233837
1388203
1542368
1696530
1850731
2004884
2159093
2313289
2467772
2622370
2776848
2931027
3085128
3239190
3393294
3547465
3701837
3856352
4010496
4164781
4318878
4472977
4627156
4781510
4935887
5090358
5244471
5398639
5552730
5706909
5861036
6015359
6169651
6323999
6478150
6632416
6786491
6940739
7094842
7249247
7403655
7557899
7712096
153652
307331
460970
614852
768674
922602
1076343
1230079
1383713
1537346
1690966
1844609
1998262
2151890
2305692
2459725
2613517
2767137
2920784
3074395
3228016
3381672
3535323
3688956
3842768
3996627
4150389
4304032
4457850
4611528
4765152
4918776
5072465
5226128
5379779
5533546
5687402
5841236
5994913
6148528
6302207
6455834
6609477
6763311
6917108
7070926
7224813
7378610
7532399
7686060
154155
308214
462463
616887
771022
925103
1079107
1233179
1387236
1541263
1695483
1849716
2003812
2157939
2312050
2466110
2620116
2774136
2928374
3082601
3236692
3390754
3544837
3698846
3852829
4006873
4161053
4315358
4469395
4623383
4777408
4931433
5085463
5239493
5393696
5547967
5702020
5856078
6010095
6164136
6318137
6472160
6626369
6780789
6934747
7088775
7242780
7396831
7550897
7705057
154069
307768
461441
615126
768842
922543
1076223
1229918
1383854
1537672
1691496
1845254
1999089
2152798
2306540
2460275
2613971
2767652
2921313
3075311
3229191
3383055
3536756
3690463
3844171
3997895
4151629
4305307
4459042
4612938
4766950
4920812
5074654
5228367
5382386
5536089
5689806
5843522
5997264
6150968
6304820
6458671
6612510
6766226
6919932
7073647
7227520
7381238
7534978
7688672
154317
308314
462416
616350
770309
924220
1078131
1232211
1386647
1544358
1707743
1861690
2021972
2176494
2331506
2487545
2641717
2795893
2950085
3103999
3257971
3411919
3565867
3719804
3873680
4027730
4181815
4336054
4489993
4643963
4797928
4951833
5105736
5259679
5413573
5567774
5721979
5876085
6029997
6183940
6337892
6491839
6645755
6799671
6953769
7107830
7262049
7416034
7569918
7723829
153878
307778
461914
616212
770327
924274
1078145
1232024
1385952
1540072
1693960
1848022
2002214
2156361
2310254
2464121
2618013
2771883
2925765
3079658
3233739
3388384
3542278
3696200
3850098
4003955
4157831
4312086
4466154
4620326
4774464
4928384
5082282
5236176
5390076
5543963
5697860
5852089
6006198
6160296
6314190
6468069
6622296
6776387
6930324
7084513
7238629
7392718
7546847
7700732
154307
308660
463056
617665
772237
926935
1081124
1235391
1389738
1544010
1698181
1852681
2007250
2161779
2315971
2470304
2624642
2778942
2933237
3087759
3242348
3396913
3551370
3705638
3860108
4014378
4168772
4323257
4477844
4632406
4786706
4940973
5095224
5249583
5403931
5558412
5713031
5867644
6022001
6176280
6330458
6484740
6638941
6793191
6947695
7102246
7256602
7410946
7565214
7719552
170906
341503
512024
682601
853456
1024517
1195061
1365609
1536567
1709513
1882172
2054992
2228246
2401468
2574363
2747713
2920955
3094315
3265047
3435722
3606404
3777309
3948131
4118884
4289403
4460457
4631358
4801996
4972622
5143158
5314081
5484648
5655255
5825785
5996653
6167190
6337831
6508252
6679203
6849994
7020617
7191095
7361606
7532615
7703143
7873946
8044510
8215365
8385957
8556399
170710
341570
511924
682283
852932
1023496
1193795
1366581
1536950
1707607
1877993
2048455
2218770
2389439
2560163
2730541
2900840
3071108
3241671
3411991
3582316
3752676
3923326
4093858
4264116
4434480
4604789
4775445
4945768
5116304
5286629
5457237
5627599
5797922
5968136
6138714
6309385
6479710
6650063
6820337
6990925
7161289
7331588
7501884
7672419
7843025
8013295
8183530
8353835
8524399
170643
341293
512359
682998
853782
1024441
1195645
1366949
1537731
1708440
1879471
2050521
2221176
2391844
2562949
2734199
2905410
3076252
3247190
3418612
3589526
3760266
3931267
4102458
4273800
4444819
4615606
4787005
4957928
5128652
5299270
5469956
5641069
5811818
5982410
6153303
6324402
6495368
6666161
6837313
7008765
7179881
7351201
7521829
7692793
7864162
8034818
8205610
8376590
8547812
170359
341058
511645
683641
853998
1024320
1195003
1365595
1536145
1706430
1876777
2047378
2217744
2388048
2558367
2728971
2899556
3069888
3240188
3410721
3581432
3751741
3922099
4092396
4263063
4433395
4604697
4775054
4945676
5116282
5286670
5457024
5627516
5798095
5968442
6138826
6309210
6479835
6650192
6820535
6990871
7161475
7332463
7502775
7673106
7843487
8014209
8184511
8354823
8525122
170580
353141
523483
694040
864492
1034770
1204981
1375314
1546401
1716623
1886963
2057238
2227680
2398224
2568508
2738732
2909359
3079933
3250171
3420419
3590716
3761318
3931588
4101869
4272216
4442801
4614142
4784373
4954700
5125007
5295583
5465844
5636126
5806432
5977025
6147487
6317718
6488016
6658289
6828987
6999263
7169567
7339866
7510259
7680569
7850867
8021175
8191643
8362061
8532355
172453
348358
520258
692063
864061
1036666
1208596
1380481
1552857
1724947
1896596
2068484
2240533
2412734
2584464
2756307
2928581
3100984
3272955
3445044
3617586
3789530
3961662
4133351
4305447
4477306
4649365
4821087
4993540
5165194
5336937
5508490
5680848
5852358
6024067
6196204
6368391
6540263
6712274
6884509
7056624
7228470
7400154
7572706
7744691
7916581
8088404
8260799
8432606
8604308
171510
342346
512720
683147
854128
1025038
1195535
1366106
1536564
1707466
1877886
2049147
2220383
2391825
2563424
2734576
2905975
3078065
3249596
3420917
3592296
3764078
3935807
4107026
4278225
4449589
4620499
4790852
4961298
5135770
5306505
5476885
5647294
5817728
5990433
6160884
6331388
6501859
6672584
6843157
7013504
7184091
7356809
7527870
7698412
7868808
8040525
8219183
8389587
8559986
172317
342558
512882
683124
853526
1024467
1194783
1365077
1537787
1708581
1879078
2049379
2219694
2394345
2564675
2734926
2905134
3075661
3248579
3418808
3589163
3761417
3931942
4102204
4272460
4442942
4613473
4783720
4953966
5124159
5294984
5465450
5635690
5808310
5978829
6149552
6319832
6490115
6662640
6833069
7003484
7173771
7344078
7514639
7685305
7855564
8028007
8198543
8369185
8539489
170277
340803
511076
681397
853671
1024136
1194741
1365057
1535331
1707883
1878445
2048769
2219159
2389433
2560117
2730414
2900656
3073067
3243576
3414761
3585250
3755508
3926092
4096688
4267196
4442642
4613009
4783656
4953934
5124205
5298447
5468904
5639248
5813612
5983974
6154607
6325246
6495526
6671128
6841632
7012410
7182692
7352967
7523504
7694053
7864373
8039081
8209345
8379888
8550137
170223
340713
511227
681464
857061
1027261
1197752
1367989
1538316
1712866
1883367
2053689
2223957
2394233
2564838
2735342
2905588
3081263
3251716
3422295
3592544
3762835
3933147
4103586
4273827
4448239
4618434
4788895
4959381
5129617
5305114
5475600
5646479
5821439
5991727
6162092
6332603
6502851
6677187
6847408
7018106
7188525
7358733
7534075
7704400
7874938
8048983
8219239
8389556
8559940
184291
369463
560341
744631
929833
1122375
1307439
1492846
1677637
1862764
2047543
2232684
2417248
2601579
2787151
2978601
3164193
3348836
3533769
3718985
3903482
4089188
4279935
4464612
4649577
4841983
5027040
5211910
5396302
5581853
5766263
5951590
6141335
6326343
6511454
6703130
6888490
7072656
7257811
7442846
7627367
7812660
8003345
8187993
8373138
8564379
8749748
8933891
9119123
9303884
184513
369068
557632
742179
926241
1114904
1299403
1483454
1667667
1852183
2036287
2220752
2410484
2594704
2779303
2963796
3148178
3332542
3516667
3701240
3885252
4069309
4257932
4441908
4626519
4814839
4998985
5183592
5371741
5556292
5740492
5924962
6109818
6293922
6478178
6667989
6852184
7036829
7226454
7410685
7595034
7784469
7968827
8152786
8336933
8521796
8705868
8889943
9079242
9263157
185655
371330
556498
741066
926383
1117683
1302916
1488404
1679027
1863754
2049120
2234075
2419141
2604502
2789435
2974730
3159426
3345269
3534782
3720405
3905638
4097519
4282420
4467849
4657427
4842874
5028600
5214133
5399734
5584757
5770054
5955346
6140295
6325536
6516936
6702400
6887939
7078595
7263852
7449818
7634843
7820237
8004986
8190213
8375603
8560540
8745634
8931613
9116198
9301470
184154
375389
559004
742854
934605
1118380
1302388
1493507
1677599
1861697
2045603
2229347
2413645
2597773
2788675
2972354
3155991
3346580
3530226
3714596
3905489
4089086
4273343
4457060
4640861
4825022
5009132
5200608
5384478
5568363
5759718
5943520
6127627
6318527
6502271
6686379
6870205
7054246
7238682
7422606
7606973
7790568
7974337
8159288
8342987
8527094
8711010
8894643
9078769
9262711
190830
374500
558074
742119
925712
1109891
1293726
1479322
1663481
1847203
2035848
2219602
2403374
2592555
2776278
2960035
3148818
3332409
3516628
3700713
3884580
4068851
4252933
4441869
4625873
4809905
5000555
5184269
5367803
5557455
5741066
5925146
6108992
6293303
6477545
6661468
6850213
7034556
7218569
7407421
7591203
7774942
7959522
8143225
8327300
8511186
8695097
8879323
9063253
9252580
183716
367386
551456
734879
918427
1102485
1286028
1470118
1653936
1837582
2021705
2205816
2393500
2577429
2761261
2949443
3133520
3317225
3505837
3689693
3873139
4062390
4245976
4430043
4618937
4802453
4985963
5170251
5353968
5542466
5726743
5921588
6108153
6291802
6480485
6665078
6848573
7032720
7219128
7405575
7589588
7772911
7957463
8141066
8327229
8513999
8700311
8883742
9067469
9250991
184263
381205
565278
748840
933700
1118912
1302567
1486208
1670045
1853496
2037288
2220840
2404413
2588193
2771668
2955078
3138919
3322357
3506082
3689993
3873468
4057376
4240826
4424287
4608089
4791695
4975138
5159014
5342550
5526554
5710170
5893605
6077549
6261162
6444731
6628735
6812248
6995798
7179568
7363088
7546949
7730496
7914256
8098036
8281547
8464923
8648885
8832573
9016060
9199915
185512
371735
557482
743587
929662
1115328
1301820
1487528
1673682
1859393
2045109
2231287
2416785
2602663
2788688
2974460
3160590
3346239
3532035
3718139
3903992
4090131
4276613
4462438
4648460
4834060
5019974
5206063
5391988
5577953
5763724
5952261
6138215
6323935
6509992
6696112
6882290
7068115
7253928
7440176
7625797
7811788
7997472
8183316
8369648
8555596
8741430
8927234
9112968
9298965
183823
367964
551739
735592
919863
1103561
1287687
1471641
1655412
1839660
2023416
2207136
2391295
2575291
2759500
2943283
3127000
3311403
3495269
3679047
3863476
4047302
4231507
4415542
4599270
4783522
4967233
5151025
5335710
5519419
5703591
5887280
6071000
6255333
6439088
6622889
6806839
6990563
7174694
7358628
7542450
7726753
7910575
8094689
8278614
8462544
8646867
8831302
9015212
9199612
183290
367421
551295
734876
918903
1102214
1285510
1469885
1653157
1836892
2020484
2203798
2387733
2571294
2754462
2938292
3121703
3305227
3489516
3672963
3856364
4040369
4223822
4407499
4591173
4774714
4958762
5142307
5325550
5509600
5692806
5876258
6060154
6243599
6427135
6611277
6794561
6977767
7163894
7347193
7531247
7714692
7898069
8082128
8265270
8448648
8632364
8815794
9000173
9184666
