8 12.247000
16 38.230000
24 91.547998
32 169.315997
40 274.748001
48 440.793997
56 589.826007
64 778.692004
72 1003.566998
80 1254.870996
88 1531.626990
96 1750.348010
104 2036.551001
112 2378.698975
120 2702.057007
128 3138.858984
136 3503.365967
144 4027.894995
152 4464.051953
160 4925.415039
168 5423.772998
176 5918.913965
184 6478.945068
192 7223.591992
200 7813.151025
208 8590.562988
216 9189.822168
224 9962.547070
232 10618.327051
240 11399.015918
248 12253.919043
256 13184.516992
264 13911.704004
272 15184.849023
280 16104.429883
288 16951.079883
296 17635.287109
304 18699.750977
312 19922.955078
320 21449.282031
328 22247.115039
336 23595.429102
344 24208.223828
352 25210.340039
360 26270.020117
368 27239.405078
376 28938.760156
384 30407.388867
392 31710.363086
400 33038.408984
 22235.783459
