4 9.110000
8 37.180000
12 56.580000
16 102.960000
20 142.240002
24 190.400000
28 239.130000
32 297.990002
36 367.669998
40 452.200000
44 545.619995
48 645.889996
52 760.029999
56 887.279999
60 1009.670001
64 1164.680005
68 1371.569995
72 1461.079980
76 1630.469995
80 1797.659998
84 2010.920007
88 2176.580005
92 2385.519971
96 2590.629980
100 2851.860034
104 3043.940015
108 3295.519995
112 3563.270020
116 3832.980005
120 4046.550000
124 4317.980078
128 4616.550000
132 4970.939941
136 5195.429980
140 5521.720020
144 5940.450049
148 6254.829980
152 6501.480029
156 6833.300000
160 7233.769922
164 7692.510059
168 8001.270020
172 8453.240039
176 8930.179980
180 9398.449902
184 9838.829980
188 10188.779980
192 10443.889941
196 11036.089941
200 11294.970020
