4 10.100000
8 34.700000
12 81.800000
16 178.500000
20 277.700000
24 380.300000
28 504.100000
32 387.000000
36 567.600000
40 612.100000
44 680.000000
48 829.700000
52 930.900000
56 1016.500000
60 1149.600000
64 1265.900000
68 1372.000000
72 1460.800000
76 1607.300000
80 1784.300000
84 1920.700000
88 2138.200000
92 2336.400000
96 2552.600000
100 2769.200000
104 2918.600000
108 3131.400000
112 3380.900000
116 3644.600000
120 3861.900000
124 4184.100000
128 4379.900000
132 4698.600000
136 4986.000000
140 5285.200000
144 5576.100000
148 5935.900000
152 6188.100000
156 6605.300000
160 7206.300000
164 7234.700000
168 7539.300000
172 7868.000000
176 8244.300000
180 8751.200000
184 8993.600000
188 9450.200000
192 9816.900000
196 10136.700000
200 10684.400000
204 10971.900000
208 11502.500000
212 11935.800000
216 12616.900000
220 12855.500000
224 13284.300000
228 13750.000000
232 14223.700000
236 14730.200000
240 15273.700000
244 15754.900000
248 16229.800000
252 16780.200000
256 17315.600000
260 17890.600000
264 18535.600000
268 18916.400000
272 19499.000000
276 20135.400000
280 20710.000000
284 21342.300000
288 21947.200000
292 22620.200000
296 23083.400000
300 23855.400000
304 24487.500000
308 25102.100000
312 25635.800000
316 26448.400000
320 27011.800000
324 27703.600000
328 28626.600000
332 28981.900000
336 29876.700000
340 30557.800000
344 31320.000000
348 31887.700000
352 32525.900000
356 33684.300000
360 34181.600000
364 34839.900000
368 35791.800000
372 36520.000000
376 37494.800000
380 38015.000000
384 38849.700000
388 39673.500000
392 40510.400000
396 41313.000000
400 42758.800000
404 43042.500000
408 43865.900000
412 44720.500000
416 45609.900000
420 46637.200000
424 47428.600000
428 48363.700000
432 49353.200000
436 50144.500000
440 51001.700000
444 52026.700000
448 52929.000000
452 53977.900000
456 54860.500000
460 55941.200000
464 56845.900000
468 58106.900000
472 58792.500000
476 60084.600000
480 60933.300000
484 61988.800000
488 63331.300000
492 64333.800000
496 65137.000000
500 66258.500000
504 67466.200000
508 68513.900000
512 69780.700000
516 71337.800000
520 71605.000000
524 72741.900000
528 73737.500000
532 75142.500000
536 76032.100000
540 77186.400000
544 78356.400000
548 79768.400000
552 81490.700000
556 82048.300000
560 83338.900000
564 84693.800000
568 85815.600000
572 87241.600000
576 88963.800000
580 89635.700000
584 91093.500000
588 97319.800000
592 93642.200000
596 95108.800000
600 96301.800000
604 98088.900000
608 98825.900000
612 100095.900000
616 101685.300000
620 102817.000000
624 104253.500000
628 106059.800000
632 107528.600000
636 110672.400000
640 111089.500000
644 121003.500000
648 134275.000000
652 130891.100000
656 132820.000000
660 143088.900000
664 140195.500000
668 141680.500000
672 144368.400000
676 145095.200000
680 151944.200000
684 152918.300000
688 157313.000000
692 150937.500000
696 150519.900000
700 160371.500000
704 161735.700000
708 163324.300000
712 160488.700000
716 160651.500000
720 159335.300000
724 173046.800000
728 157297.300000
732 153084.200000
736 163151.500000
740 170231.300000
744 173386.600000
748 186778.200000
752 176326.800000
756 180382.700000
760 182396.400000
764 185586.200000
768 184973.300000
772 194560.300000
776 193365.900000
780 193502.900000
784 200901.900000
788 186866.800000
792 192432.200000
796 196492.800000
800 200296.900000
