4 8.450000
8 31.550000
12 69.190000
16 87.780000
20 124.720000
24 165.529999
28 215.100003
32 264.690002
36 310.909998
40 358.260004
44 415.930002
48 496.559998
52 583.600006
56 688.440002
60 783.860004
64 877.539996
68 1009.129993
72 1107.059998
76 1238.430005
80 1370.640002
84 1558.440002
88 1787.169995
92 1811.019995
96 1979.740002
100 2130.640015
104 2307.430005
108 2498.929956
112 2698.989990
116 2885.060034
120 3092.440015
124 3289.110034
128 3527.760010
132 3713.869971
136 4094.930054
140 4219.800000
144 4421.649951
148 4696.469971
152 4990.250000
156 5191.879932
160 5522.460059
164 5749.309961
168 6011.629980
172 6330.879980
176 6609.819971
180 6986.819971
184 7222.830078
188 7571.360059
192 7876.640039
196 8300.409961
200 8640.290137
