4 7.000000
8 18.800000
12 44.300000
16 86.300000
20 138.200000
24 200.100000
28 263.200000
32 310.800000
36 249.700000
40 421.300000
44 466.100000
48 533.500000
52 622.400000
56 686.900000
60 720.900000
64 830.600000
68 863.600000
72 938.900000
76 1015.100000
80 1092.600000
84 1184.000000
88 1280.700000
92 1372.500000
96 1506.000000
100 1647.900000
104 1780.700000
108 1931.700000
112 2080.700000
116 2229.800000
120 2343.800000
124 2514.300000
128 2685.100000
132 2848.900000
136 2998.500000
140 3234.600000
144 3364.400000
148 3613.700000
152 3760.100000
156 4016.300000
160 4183.700000
164 4413.500000
168 4620.400000
172 4989.600000
176 5085.000000
180 5621.500000
184 5676.900000
188 5791.300000
192 6052.000000
196 6279.800000
200 6578.900000
