4 4.620000
8 16.790000
12 26.520000
16 51.350000
20 72.830000
24 99.960001
28 128.440002
32 160.319998
36 199.870000
40 248.399998
44 299.439999
48 359.800000
52 421.959998
56 493.270001
60 563.700000
64 650.750000
68 756.519995
72 818.280005
76 912.370001
80 1011.379999
84 1116.750000
88 1225.659998
92 1344.850000
96 1461.340002
100 1590.430017
104 1722.449988
108 1860.960010
112 1998.800012
116 2148.169995
120 2300.050073
124 2455.549976
128 2622.210010
132 2791.030005
136 2959.209985
140 3138.350024
144 3332.309961
148 3513.180005
152 3714.920020
156 3912.500024
160 4114.390063
164 4320.330029
168 4538.390039
172 4801.310059
176 5020.600000
180 5283.530029
184 5624.230029
188 5901.450000
192 6025.480029
196 6217.910010
200 6496.880029
