8 9.755000
16 39.893000
24 92.354000
32 171.274001
40 274.982001
48 412.179001
56 573.948999
64 749.371002
72 962.693011
80 1182.460974
88 1470.499988
96 1772.958997
104 2148.592969
112 2429.464014
120 2824.075977
128 3175.981006
136 3586.669019
144 4005.243970
152 4731.515918
160 5197.730029
168 5500.838965
176 5942.201025
184 6515.247949
192 7308.646094
200 7842.657031
208 8918.948145
216 9241.148926
224 10232.403906
232 10762.432031
240 11498.900879
248 12473.765918
256 12857.505078
264 13846.441016
272 15280.091895
280 15892.866113
288 16721.925781
296 17464.602930
304 18105.690234
312 19080.045117
320 20101.751953
328 21298.697070
336 22270.762109
344 23280.576758
352 24455.858008
360 25397.527930
368 26818.650195
376 28325.901367
384 29211.888086
392 30407.606055
400 32751.600195
 21824.752865
