4 4.600000
8 17.970000
12 42.060000
16 52.230000
20 94.280000
24 125.460001
28 157.890001
32 189.190001
36 226.379999
40 269.710001
44 308.739996
48 364.069998
52 424.080005
56 507.189993
60 568.330005
64 649.839996
68 753.570001
72 831.080005
76 919.360004
80 1016.669989
84 1127.229980
88 1234.570020
92 1369.310010
96 1505.939990
100 1599.180005
104 1731.549988
108 1875.780005
112 2010.550000
116 2154.010010
120 2311.910010
124 2465.060010
128 2632.199976
132 2792.190015
136 2969.499976
140 3146.100000
144 3338.880005
148 3516.280005
152 3723.530005
156 3915.530005
160 4118.239941
164 4332.329980
168 4562.380029
172 4767.630029
176 4994.299951
180 5219.749951
184 5457.870020
188 5706.659961
192 5944.119922
196 6200.739893
200 6463.059961
