8 19.988000
16 63.481000
24 132.469004
32 256.327002
40 365.469003
48 515.581003
56 691.156000
64 923.783002
72 1148.671997
80 1451.812988
88 1765.121021
96 2116.400037
104 2426.474023
112 2845.917017
120 3208.755005
128 3673.916992
136 4141.810010
144 4807.984033
152 5245.065967
160 5774.273047
168 6450.690967
176 7365.791992
184 8123.245020
192 8553.940918
200 9500.402051
208 10405.036133
216 10995.929102
224 11954.945117
232 13056.584180
240 13865.138965
248 15369.957227
256 18277.218066
264 19828.995703
272 20837.922266
280 21393.689258
288 22854.915820
296 24388.163672
304 25042.012109
312 26321.612891
320 28308.770117
328 30199.416992
336 31705.619727
344 33244.620313
352 34953.723437
360 36409.922266
368 38496.172656
376 40182.126172
384 43416.668359
392 45708.406250
400 49200.636328
 29919.469209
